[  1017][E][esp32-hal-adc.c:158] __analogRead(): Pin 20 is not ADC pin!
[  2017][E][esp32-hal-adc.c:158] __analogRead(): Pin 20 is not ADC pin!
[  3017][E][esp32-hal-adc.c:158] __analogRead(): Pin 20 is not ADC pin!
[  4017][E][esp32-hal-adc.c:158] __analogRead(): Pin 20 is not ADC pin!
[  5017][E][esp32-hal-adc.c:158] __analogRead(): Pin 20 is not ADC pin!
[  6017][E][esp32-hal-adc.c:158] __analogRead(): Pin 20 is not ADC pin!
[  7017][E][esp32-hal-adc.c:158] __analogRead(): Pin 20 is not ADC pin!
[  8017][E][esp32-hal-adc.c:158] __analogRead(): Pin 20 is not ADC pin!
[  9017][E][esp32-hal-adc.c:158] __analogRead(): Pin 20 is not ADC pin!
[ 10017][E][esp32-hal-adc.c:158] __analogRead(): Pin 20 is not ADC pin!
[ 11017][E][esp32-hal-adc.c:158] __analogRead(): Pin 20 is not ADC pin!
[ 12017][E][esp32-hal-adc.c:158] __analogRead(): Pin 20 is not ADC pin!
[ 13017][E][esp32-hal-adc.c:158] __analogRead(): Pin 20 is not ADC pin!
[ 14017][E][esp32-hal-adc.c:158] __analogRead(): Pin 20 is not ADC pin!
[ 15017][E][esp32-hal-adc.c:158] __analogRead(): Pin 20 is not ADC pin!
[ 16017][E][esp32-hal-adc.c:158] __analogRead(): Pin 20 is not ADC pin!
[ 17017][E][esp32-hal-adc.c:158] __analogRead(): Pin 20 is not ADC pin!
[ 18017][E][esp32-hal-adc.c:158] __analogRead(): Pin 20 is not ADC pin!
[ 19017][E][esp32-hal-adc.c:158] __analogRead(): Pin 20 is not ADC pin!
[ 20017][E][esp32-hal-adc.c:158] __analogRead(): Pin 20 is not ADC pin!
[ 21017][E][esp32-hal-adc.c:158] __analogRead(): Pin 20 is not ADC pin!
[ 22017][E][esp32-hal-adc.c:158] __analogRead(): Pin 20 is not ADC pin!
[ 23017][E][esp32-hal-adc.c:158] __analogRead(): Pin 20 is not ADC pin!
[ 24017][E][esp32-hal-adc.c:158] __analogRead(): Pin 20 is not ADC pin!
[ 25017][E][esp32-hal-adc.c:158] __analogRead(): Pin 20 is not ADC pin!
[ 26017][E][esp32-hal-adc.c:158] __analogRead(): Pin 20 is not ADC pin!
[ 27017][E][esp32-hal-adc.c:158] __analogRead(): Pin 20 is not ADC pin!
[ 28017][E][esp32-hal-adc.c:158] __analogRead(): Pin 20 is not ADC pin!
[ 29017][E][esp32-hal-adc.c:158] __analogRead(): Pin 20 is not ADC pin!
[ 30017][E][esp32-hal-adc.c:158] __analogRead(): Pin 20 is not ADC pin!
[ 31017][E][esp32-hal-adc.c:158] __analogRead(): Pin 20 is not ADC pin!
[ 32017][E][esp32-hal-adc.c:158] __analogRead(): Pin 20 is not ADC pin!
[ 33017][E][esp32-hal-adc.c:158] __analogRead(): Pin 20 is not ADC pin!
[ 34017][E][esp32-hal-adc.c:158] __analogRead(): Pin 20 is not ADC pin!
[ 35017][E][esp32-hal-adc.c:158] __analogRead(): Pin 20 is not ADC pin!
[ 36017][E][esp32-hal-adc.c:158] __analogRead(): Pin 20 is not ADC pin!
[ 37017][E][esp32-hal-adc.c:158] __analogRead(): Pin 20 is not ADC pin!
[ 38017][E][esp32-hal-adc.c:158] __analogRead(): Pin 20 is not ADC pin!
[ 39017][E][esp32-hal-adc.c:158] __analogRead(): Pin 20 is not ADC pin!
[ 40017][E][esp32-hal-adc.c:158] __analogRead(): Pin 20 is not ADC pin!
[ 41017][E][esp32-hal-adc.c:158] __analogRead(): Pin 20 is not ADC pin!
[ 42017][E][esp32-hal-adc.c:158] __analogRead(): Pin 20 is not ADC pin!
[ 43017][E][esp32-hal-adc.c:158] __analogRead(): Pin 20 is not ADC pin!
[ 44017][E][esp32-hal-adc.c:158] __analogRead(): Pin 20 is not ADC pin!
[ 45017][E][esp32-hal-adc.c:158] __analogRead(): Pin 20 is not ADC pin!
[ 46017][E][esp32-hal-adc.c:158] __analogRead(): Pin 20 is not ADC pin!
[ 47017][E][esp32-hal-adc.c:158] __analogRead(): Pin 20 is not ADC pin!
[ 48017][E][esp32-hal-adc.c:158] __analogRead(): Pin 20 is not ADC pin!
[ 49017][E][esp32-hal-adc.c:158] __analogRead(): Pin 20 is not ADC pin!
[ 50017][E][esp32-hal-adc.c:158] __analogRead(): Pin 20 is not ADC pin!
[ 51017][E][esp32-hal-adc.c:158] __analogRead(): Pin 20 is not ADC pin!
[ 52017][E][esp32-hal-adc.c:158] __analogRead(): Pin 20 is not ADC pin!
[ 53017][E][esp32-hal-adc.c:158] __analogRead(): Pin 20 is not ADC pin!
[ 54017][E][esp32-hal-adc.c:158] __analogRead(): Pin 20 is not ADC pin!
[ 55017][E][esp32-hal-adc.c:158] __analogRead(): Pin 20 is not ADC pin!
[ 56017][E][esp32-hal-adc.c:158] __analogRead(): Pin 20 is not ADC pin!
[ 57017][E][esp32-hal-adc.c:158] __analogRead(): Pin 20 is not ADC pin!
[ 58017][E][esp32-hal-adc.c:158] __analogRead(): Pin 20 is not ADC pin!
[ 59017][E][esp32-hal-adc.c:158] __analogRead(): Pin 20 is not ADC pin!
[ 60017][E][esp32-hal-adc.c:158] __analogRead(): Pin 20 is not ADC pin!
[ 61017][E][esp32-hal-adc.c:158] __analogRead(): Pin 20 is not ADC pin!
[ 62017][E][esp32-hal-adc.c:158] __analogRead(): Pin 20 is not ADC pin!
[ 63017][E][esp32-hal-adc.c:158] __analogRead(): Pin 20 is not ADC pin!
[ 64017][E][esp32-hal-adc.c:158] __analogRead(): Pin 20 is not ADC pin!
[ 65017][E][esp32-hal-adc.c:158] __analogRead(): Pin 20 is not ADC pin!
[ 66017][E][esp32-hal-adc.c:158] __analogRead(): Pin 20 is not ADC pin!
[ 67017][E][esp32-hal-adc.c:158] __analogRead(): Pin 20 is not ADC pin!
[ 68017][E][esp32-hal-adc.c:158] __analogRead(): Pin 20 is not ADC pin!
[ 69017][E][esp32-hal-adc.c:158] __analogRead(): Pin 20 is not ADC pin!
[ 70017][E][esp32-hal-adc.c:158] __analogRead(): Pin 20 is not ADC pin!
[ 71017][E][esp32-hal-adc.c:158] __analogRead(): Pin 20 is not ADC pin!
[ 72017][E][esp32-hal-adc.c:158] __analogRead(): Pin 20 is not ADC pin!
[ 73017][E][esp32-hal-adc.c:158] __analogRead(): Pin 20 is not ADC pin!
[ 74017][E][esp32-hal-adc.c:158] __analogRead(): Pin 20 is not ADC pin!
[ 75017][E][esp32-hal-adc.c:158] __analogRead(): Pin 20 is not ADC pin!
[ 76017][E][esp32-hal-adc.c:158] __analogRead(): Pin 20 is not ADC pin!
[ 77017][E][esp32-hal-adc.c:158] __analogRead(): Pin 20 is not ADC pin!
[ 78017][E][esp32-hal-adc.c:158] __analogRead(): Pin 20 is not ADC pin!
[ 79017][E][esp32-hal-adc.c:158] __analogRead(): Pin 20 is not ADC pin!
[ 80017][E][esp32-hal-adc.c:158] __analogRead(): Pin 20 is not ADC pin!
[ 81017][E][esp32-hal-adc.c:158] __analogRead(): Pin 20 is not ADC pin!
[ 82017][E][esp32-hal-adc.c:158] __analogRead(): Pin 20 is not ADC pin!
[ 83017][E][esp32-hal-adc.c:158] __analogRead(): Pin 20 is not ADC pin!
[ 84017][E][esp32-hal-adc.c:158] __analogRead(): Pin 20 is not ADC pin!
[ 85017][E][esp32-hal-adc.c:158] __analogRead(): Pin 20 is not ADC pin!
[ 86017][E][esp32-hal-adc.c:158] __analogRead(): Pin 20 is not ADC pin!
[ 87017][E][esp32-hal-adc.c:158] __analogRead(): Pin 20 is not ADC pin!
[ 88017][E][esp32-hal-adc.c:158] __analogRead(): Pin 20 is not ADC pin!
[ 89017][E][esp32-hal-adc.c:158] __analogRead(): Pin 20 is not ADC pin!
[ 90017][E][esp32-hal-adc.c:158] __analogRead(): Pin 20 is not ADC pin!
[ 91017][E][esp32-hal-adc.c:158] __analogRead(): Pin 20 is not ADC pin!
[ 92017][E][esp32-hal-adc.c:158] __analogRead(): Pin 20 is not ADC pin!
[ 93017][E][esp32-hal-adc.c:158] __analogRead(): Pin 20 is not ADC pin!
[ 94017][E][esp32-hal-adc.c:158] __analogRead(): Pin 20 is not ADC pin!
[ 95017][E][esp32-hal-adc.c:158] __analogRead(): Pin 20 is not ADC pin!
[ 96017][E][esp32-hal-adc.c:158] __analogRead(): Pin 20 is not ADC pin!
[ 97017][E][esp32-hal-adc.c:158] __analogRead(): Pin 20 is not ADC pin!
[ 98017][E][esp32-hal-adc.c:158] __analogRead(): Pin 20 is not ADC pin!
[ 99017][E][esp32-hal-adc.c:158] __analogRead(): Pin 20 is not ADC pin!
[100017][E][esp32-hal-adc.c:158] __analogRead(): Pin 20 is not ADC pin!
[101017][E][esp32-hal-adc.c:158] __analogRead(): Pin 20 is not ADC pin!
[102017][E][esp32-hal-adc.c:158] __analogRead(): Pin 20 is not ADC pin!
[103017][E][esp32-hal-adc.c:158] __analogRead(): Pin 20 is not ADC pin!
[104017][E][esp32-hal-adc.c:158] __analogRead(): Pin 20 is not ADC pin!
[105017][E][esp32-hal-adc.c:158] __analogRead(): Pin 20 is not ADC pin!
[106017][E][esp32-hal-adc.c:158] __analogRead(): Pin 20 is not ADC pin!
[107017][E][esp32-hal-adc.c:158] __analogRead(): Pin 20 is not ADC pin!
[108017][E][esp32-hal-adc.c:158] __analogRead(): Pin 20 is not ADC pin!
[109017][E][esp32-hal-adc.c:158] __analogRead(): Pin 20 is not ADC pin!
[110017][E][esp32-hal-adc.c:158] __analogRead(): Pin 20 is not ADC pin!
[111017][E][esp32-hal-adc.c:158] __analogRead(): Pin 20 is not ADC pin!
[112017][E][esp32-hal-adc.c:158] __analogRead(): Pin 20 is not ADC pin!
[113017][E][esp32-hal-adc.c:158] __analogRead(): Pin 20 is not ADC pin!
[114017][E][esp32-hal-adc.c:158] __analogRead(): Pin 20 is not ADC pin!
[115017][E][esp32-hal-adc.c:158] __analogRead(): Pin 20 is not ADC pin!
[116017][E][esp32-hal-adc.c:158] __analogRead(): Pin 20 is not ADC pin!
[117017][E][esp32-hal-adc.c:158] __analogRead(): Pin 20 is not ADC pin!
[118017][E][esp32-hal-adc.c:158] __analogRead(): Pin 20 is not ADC pin!
[119017][E][esp32-hal-adc.c:158] __analogRead(): Pin 20 is not ADC pin!
[120017][E][esp32-hal-adc.c:158] __analogRead(): Pin 20 is not ADC pin!
[121017][E][esp32-hal-adc.c:158] __analogRead(): Pin 20 is not ADC pin!
[122017][E][esp32-hal-adc.c:158] __analogRead(): Pin 20 is not ADC pin!
[123017][E][esp32-hal-adc.c:158] __analogRead(): Pin 20 is not ADC pin!
[124017][E][esp32-hal-adc.c:158] __analogRead(): Pin 20 is not ADC pin!
[125017][E][esp32-hal-adc.c:158] __analogRead(): Pin 20 is not ADC pin!
[126017][E][esp32-hal-adc.c:158] __analogRead(): Pin 20 is not ADC pin!
[127017][E][esp32-hal-adc.c:158] __analogRead(): Pin 20 is not ADC pin!
[128017][E][esp32-hal-adc.c:158] __analogRead(): Pin 20 is not ADC pin!
[129017][E][esp32-hal-adc.c:158] __analogRead(): Pin 20 is not ADC pin!
[130017][E][esp32-hal-adc.c:158] __analogRead(): Pin 20 is not ADC pin!
[131017][E][esp32-hal-adc.c:158] __analogRead(): Pin 20 is not ADC pin!
[132017][E][esp32-hal-adc.c:158] __analogRead(): Pin 20 is not ADC pin!
[133017][E][esp32-hal-adc.c:158] __analogRead(): Pin 20 is not ADC pin!
[134017][E][esp32-hal-adc.c:158] __analogRead(): Pin 20 is not ADC pin!
[135017][E][esp32-hal-adc.c:158] __analogRead(): Pin 20 is not ADC pin!
[136017][E][esp32-hal-adc.c:158] __analogRead(): Pin 20 is not ADC pin!
[137017][E][esp32-hal-adc.c:158] __analogRead(): Pin 20 is not ADC pin!
[138017][E][esp32-hal-adc.c:158] __analogRead(): Pin 20 is not ADC pin!
[139017][E][esp32-hal-adc.c:158] __analogRead(): Pin 20 is not ADC pin!
[140017][E][esp32-hal-adc.c:158] __analogRead(): Pin 20 is not ADC pin!
[141017][E][esp32-hal-adc.c:158] __analogRead(): Pin 20 is not ADC pin!
[142017][E][esp32-hal-adc.c:158] __analogRead(): Pin 20 is not ADC pin!
[143017][E][esp32-hal-adc.c:158] __analogRead(): Pin 20 is not ADC pin!
[144017][E][esp32-hal-adc.c:158] __analogRead(): Pin 20 is not ADC pin!
[145017][E][esp32-hal-adc.c:158] __analogRead(): Pin 20 is not ADC pin!
[146017][E][esp32-hal-adc.c:158] __analogRead(): Pin 20 is not ADC pin!
[147017][E][esp32-hal-adc.c:158] __analogRead(): Pin 20 is not ADC pin!
[148017][E][esp32-hal-adc.c:158] __analogRead(): Pin 20 is not ADC pin!
[149017][E][esp32-hal-adc.c:158] __analogRead(): Pin 20 is not ADC pin!
[150017][E][esp32-hal-adc.c:158] __analogRead(): Pin 20 is not ADC pin!
[151017][E][esp32-hal-adc.c:158] __analogRead(): Pin 20 is not ADC pin!
[152017][E][esp32-hal-adc.c:158] __analogRead(): Pin 20 is not ADC pin!
[153017][E][esp32-hal-adc.c:158] __analogRead(): Pin 20 is not ADC pin!
[154017][E][esp32-hal-adc.c:158] __analogRead(): Pin 20 is not ADC pin!
[155017][E][esp32-hal-adc.c:158] __analogRead(): Pin 20 is not ADC pin!
[156017][E][esp32-hal-adc.c:158] __analogRead(): Pin 20 is not ADC pin!
[157017][E][esp32-hal-adc.c:158] __analogRead(): Pin 20 is not ADC pin!
[158017][E][esp32-hal-adc.c:158] __analogRead(): Pin 20 is not ADC pin!
[159017][E][esp32-hal-adc.c:158] __analogRead(): Pin 20 is not ADC pin!
[160017][E][esp32-hal-adc.c:158] __analogRead(): Pin 20 is not ADC pin!
[161017][E][esp32-hal-adc.c:158] __analogRead(): Pin 20 is not ADC pin!
[162017][E][esp32-hal-adc.c:158] __analogRead(): Pin 20 is not ADC pin!
[163017][E][esp32-hal-adc.c:158] __analogRead(): Pin 20 is not ADC pin!
[164017][E][esp32-hal-adc.c:158] __analogRead(): Pin 20 is not ADC pin!
[165017][E][esp32-hal-adc.c:158] __analogRead(): Pin 20 is not ADC pin!
[166017][E][esp32-hal-adc.c:158] __analogRead(): Pin 20 is not ADC pin!
[167017][E][esp32-hal-adc.c:158] __analogRead(): Pin 20 is not ADC pin!
[168017][E][esp32-hal-adc.c:158] __analogRead(): Pin 20 is not ADC pin!
[169017][E][esp32-hal-adc.c:158] __analogRead(): Pin 20 is not ADC pin!
[170017][E][esp32-hal-adc.c:158] __analogRead(): Pin 20 is not ADC pin!
[171017][E][esp32-hal-adc.c:158] __analogRead(): Pin 20 is not ADC pin!
[172017][E][esp32-hal-adc.c:158] __analogRead(): Pin 20 is not ADC pin!
[173017][E][esp32-hal-adc.c:158] __analogRead(): Pin 20 is not ADC pin!
[174017][E][esp32-hal-adc.c:158] __analogRead(): Pin 20 is not ADC pin!
[175017][E][esp32-hal-adc.c:158] __analogRead(): Pin 20 is not ADC pin!
[176017][E][esp32-hal-adc.c:158] __analogRead(): Pin 20 is not ADC pin!
[177017][E][esp32-hal-adc.c:158] __analogRead(): Pin 20 is not ADC pin!
[178017][E][esp32-hal-adc.c:158] __analogRead(): Pin 20 is not ADC pin!
[179017][E][esp32-hal-adc.c:158] __analogRead(): Pin 20 is not ADC pin!
[180017][E][esp32-hal-adc.c:158] __analogRead(): Pin 20 is not ADC pin!
[181017][E][esp32-hal-adc.c:158] __analogRead(): Pin 20 is not ADC pin!
[182017][E][esp32-hal-adc.c:158] __analogRead(): Pin 20 is not ADC pin!
[183017][E][esp32-hal-adc.c:158] __analogRead(): Pin 20 is not ADC pin!
[184017][E][esp32-hal-adc.c:158] __analogRead(): Pin 20 is not ADC pin!
[185017][E][esp32-hal-adc.c:158] __analogRead(): Pin 20 is not ADC pin!
[186017][E][esp32-hal-adc.c:158] __analogRead(): Pin 20 is not ADC pin!
[187017][E][esp32-hal-adc.c:158] __analogRead(): Pin 20 is not ADC pin!
[188017][E][esp32-hal-adc.c:158] __analogRead(): Pin 20 is not ADC pin!
[189017][E][esp32-hal-adc.c:158] __analogRead(): Pin 20 is not ADC pin!
[190017][E][esp32-hal-adc.c:158] __analogRead(): Pin 20 is not ADC pin!
[191017][E][esp32-hal-adc.c:158] __analogRead(): Pin 20 is not ADC pin!
[192017][E][esp32-hal-adc.c:158] __analogRead(): Pin 20 is not ADC pin!
[193017][E][esp32-hal-adc.c:158] __analogRead(): Pin 20 is not ADC pin!
[194017][E][esp32-hal-adc.c:158] __analogRead(): Pin 20 is not ADC pin!
[195017][E][esp32-hal-adc.c:158] __analogRead(): Pin 20 is not ADC pin!
[196017][E][esp32-hal-adc.c:158] __analogRead(): Pin 20 is not ADC pin!
[197017][E][esp32-hal-adc.c:158] __analogRead(): Pin 20 is not ADC pin!
[198017][E][esp32-hal-adc.c:158] __analogRead(): Pin 20 is not ADC pin!
[199017][E][esp32-hal-adc.c:158] __analogRead(): Pin 20 is not ADC pin!
[200017][E][esp32-hal-adc.c:158] __analogRead(): Pin 20 is not ADC pin!
[201017][E][esp32-hal-adc.c:158] __analogRead(): Pin 20 is not ADC pin!
[202017][E][esp32-hal-adc.c:158] __analogRead(): Pin 20 is not ADC pin!
[203017][E][esp32-hal-adc.c:158] __analogRead(): Pin 20 is not ADC pin!
[204017][E][esp32-hal-adc.c:158] __analogRead(): Pin 20 is not ADC pin!
[205017][E][esp32-hal-adc.c:158] __analogRead(): Pin 20 is not ADC pin!
[206017][E][esp32-hal-adc.c:158] __analogRead(): Pin 20 is not ADC pin!
[207017][E][esp32-hal-adc.c:158] __analogRead(): Pin 20 is not ADC pin!
[208017][E][esp32-hal-adc.c:158] __analogRead(): Pin 20 is not ADC pin!
[209017][E][esp32-hal-adc.c:158] __analogRead(): Pin 20 is not ADC pin!
[210017][E][esp32-hal-adc.c:158] __analogRead(): Pin 20 is not ADC pin!
[211017][E][esp32-hal-adc.c:158] __analogRead(): Pin 20 is not ADC pin!
[212017][E][esp32-hal-adc.c:158] __analogRead(): Pin 20 is not ADC pin!
[213017][E][esp32-hal-adc.c:158] __analogRead(): Pin 20 is not ADC pin!
[214017][E][esp32-hal-adc.c:158] __analogRead(): Pin 20 is not ADC pin!
[215017][E][esp32-hal-adc.c:158] __analogRead(): Pin 20 is not ADC pin!
[216017][E][esp32-hal-adc.c:158] __analogRead(): Pin 20 is not ADC pin!
[217017][E][esp32-hal-adc.c:158] __analogRead(): Pin 20 is not ADC pin!
[218017][E][esp32-hal-adc.c:158] __analogRead(): Pin 20 is not ADC pin!
[219017][E][esp32-hal-adc.c:158] __analogRead(): Pin 20 is not ADC pin!
[220017][E][esp32-hal-adc.c:158] __analogRead(): Pin 20 is not ADC pin!
[221017][E][esp32-hal-adc.c:158] __analogRead(): Pin 20 is not ADC pin!
[222017][E][esp32-hal-adc.c:158] __analogRead(): Pin 20 is not ADC pin!
[223017][E][esp32-hal-adc.c:158] __analogRead(): Pin 20 is not ADC pin!
[224017][E][esp32-hal-adc.c:158] __analogRead(): Pin 20 is not ADC pin!
[225017][E][esp32-hal-adc.c:158] __analogRead(): Pin 20 is not ADC pin!
[226017][E][esp32-hal-adc.c:158] __analogRead(): Pin 20 is not ADC pin!
[227017][E][esp32-hal-adc.c:158] __analogRead(): Pin 20 is not ADC pin!
[228017][E][esp32-hal-adc.c:158] __analogRead(): Pin 20 is not ADC pin!
[229017][E][esp32-hal-adc.c:158] __analogRead(): Pin 20 is not ADC pin!
[230017][E][esp32-hal-adc.c:158] __analogRead(): Pin 20 is not ADC pin!
[231017][E][esp32-hal-adc.c:158] __analogRead(): Pin 20 is not ADC pin!
[232017][E][esp32-hal-adc.c:158] __analogRead(): Pin 20 is not ADC pin!
[233017][E][esp32-hal-adc.c:158] __analogRead(): Pin 20 is not ADC pin!
[234017][E][esp32-hal-adc.c:158] __analogRead(): Pin 20 is not ADC pin!
[235017][E][esp32-hal-adc.c:158] __analogRead(): Pin 20 is not ADC pin!
[236017][E][esp32-hal-adc.c:158] __analogRead(): Pin 20 is not ADC pin!
[237017][E][esp32-hal-adc.c:158] __analogRead(): Pin 20 is not ADC pin!
[238017][E][esp32-hal-adc.c:158] __analogRead(): Pin 20 is not ADC pin!
[239017][E][esp32-hal-adc.c:158] __analogRead(): Pin 20 is not ADC pin!
[240017][E][esp32-hal-adc.c:158] __analogRead(): Pin 20 is not ADC pin!
[241017][E][esp32-hal-adc.c:158] __analogRead(): Pin 20 is not ADC pin!
[242017][E][esp32-hal-adc.c:158] __analogRead(): Pin 20 is not ADC pin!
[243017][E][esp32-hal-adc.c:158] __analogRead(): Pin 20 is not ADC pin!
[244017][E][esp32-hal-adc.c:158] __analogRead(): Pin 20 is not ADC pin!
[245017][E][esp32-hal-adc.c:158] __analogRead(): Pin 20 is not ADC pin!
[246017][E][esp32-hal-adc.c:158] __analogRead(): Pin 20 is not ADC pin!
[247017][E][esp32-hal-adc.c:158] __analogRead(): Pin 20 is not ADC pin!
[248017][E][esp32-hal-adc.c:158] __analogRead(): Pin 20 is not ADC pin!
[249017][E][esp32-hal-adc.c:158] __analogRead(): Pin 20 is not ADC pin!
[250017][E][esp32-hal-adc.c:158] __analogRead(): Pin 20 is not ADC pin!
[251017][E][esp32-hal-adc.c:158] __analogRead(): Pin 20 is not ADC pin!
[252017][E][esp32-hal-adc.c:158] __analogRead(): Pin 20 is not ADC pin!
[253017][E][esp32-hal-adc.c:158] __analogRead(): Pin 20 is not ADC pin!
[254017][E][esp32-hal-adc.c:158] __analogRead(): Pin 20 is not ADC pin!
[255017][E][esp32-hal-adc.c:158] __analogRead(): Pin 20 is not ADC pin!
[256017][E][esp32-hal-adc.c:158] __analogRead(): Pin 20 is not ADC pin!
[257017][E][esp32-hal-adc.c:158] __analogRead(): Pin 20 is not ADC pin!
[258017][E][esp32-hal-adc.c:158] __analogRead(): Pin 20 is not ADC pin!
[259017][E][esp32-hal-adc.c:158] __analogRead(): Pin 20 is not ADC pin!
[260017][E][esp32-hal-adc.c:158] __analogRead(): Pin 20 is not ADC pin!
[261017][E][esp32-hal-adc.c:158] __analogRead(): Pin 20 is not ADC pin!
[262017][E][esp32-hal-adc.c:158] __analogRead(): Pin 20 is not ADC pin!
[263017][E][esp32-hal-adc.c:158] __analogRead(): Pin 20 is not ADC pin!
264017][E][esp32-hal-adc.c:158] __analogRead(): Pin 20 is not ADC pin!
[265017][E][esp32-hal-adc.c:158] __analogRead(): Pin 20 is not ADC pin!
[266017][E][esp32-hal-adc.c:158] __analogRead(): Pin 20 is not ADC pin!
[267017][E][esp32-hal-adc.c:158] __analogRead(): Pin 20 is not ADC pin!
[268017][E][esp32-hal-adc.c:158] __analogRead(): Pin 20 is not ADC pin!
[269017][E][esp32-hal-adc.c:158] __analogRead(): Pin 20 is not ADC pin!
[270017][E][esp32-hal-adc.c:158] __analogRead(): Pin 20 is not ADC pin!
[271017][E][esp32-hal-adc.c:158] __analogRead(): Pin 20 is not ADC pin!
[272017][E][esp32-hal-adc.c:158] __analogRead(): Pin 20 is not ADC pin!
[273017][E][esp32-hal-adc.c:158] __analogRead(): Pin 20 is not ADC pin!
[274017][E][esp32-hal-adc.c:158] __analogRead(): Pin 20 is not ADC pin!
[275017][E][esp32-hal-adc.c:158] __analogRead(): Pin 20 is not ADC pin!
[276017][E][esp32-hal-adc.c:158] __analogRead(): Pin 20 is not ADC pin!
[277017][E][esp32-hal-adc.c:158] __analogRead(): Pin 20 is not ADC pin!
[278017][E][esp32-hal-adc.c:158] __analogRead(): Pin 20 is not ADC pin!
[279017][E][esp32-hal-adc.c:158] __analogRead(): Pin 20 is not ADC pin!
[280017][E][esp32-hal-adc.c:158] __analogRead(): Pin 20 is not ADC pin!
[281017][E][esp32-hal-adc.c:158] __analogRead(): Pin 20 is not ADC pin!
[282017][E][esp32-hal-adc.c:158] __analogRead(): Pin 20 is not ADC pin!
[283017][E][esp32-hal-adc.c:158] __analogRead(): Pin 20 is not ADC pin!
[284017][E][esp32-hal-adc.c:158] __analogRead(): Pin 20 is not ADC pin!
[285017][E][esp32-hal-adc.c:158] __analogRead(): Pin 20 is not ADC pin!
[286017][E][esp32-hal-adc.c:158] __analogRead(): Pin 20 is not ADC pin!
[287017][E][esp32-hal-adc.c:158] __analogRead(): Pin 20 is not ADC pin!
[288017][E][esp32-hal-adc.c:158] __analogRead(): Pin 20 is not ADC pin!
[289017][E][esp32-hal-adc.c:158] __analogRead(): Pin 20 is not ADC pin!
[290017][E][esp32-hal-adc.c:158] __analogRead(): Pin 20 is not ADC pin!
[291017][E][esp32-hal-adc.c:158] __analogRead(): Pin 20 is not ADC pin!
[292017][E][esp32-hal-adc.c:158] __analogRead(): Pin 20 is not ADC pin!
[293017][E][esp32-hal-adc.c:158] __analogRead(): Pin 20 is not ADC pin!
[294017][E][esp32-hal-adc.c:158] __analogRead(): Pin 20 is not ADC pin!
[295017][E][esp32-hal-adc.c:158] __analogRead(): Pin 20 is not ADC pin!
[296017][E][esp32-hal-adc.c:158] __analogRead(): Pin 20 is not ADC pin!
[297017][E][esp32-hal-adc.c:158] __analogRead(): Pin 20 is not ADC pin!
[298017][E][esp32-hal-adc.c:158] __analogRead(): Pin 20 is not ADC pin!
[299017][E][esp32-hal-adc.c:158] __analogRead(): Pin 20 is not ADC pin!
[300017][E][esp32-hal-adc.c:158] __analogRead(): Pin 20 is not ADC pin!
[301017][E][esp32-hal-adc.c:158] __analogRead(): Pin 20 is not ADC pin!
[302017][E][esp32-hal-adc.c:158] __analogRead(): Pin 20 is not ADC pin!
[303017][E][esp32-hal-adc.c:158] __analogRead(): Pin 20 is not ADC pin!
[304017][E][esp32-hal-adc.c:158] __analogRead(): Pin 20 is not ADC pin!
[305017][E][esp32-hal-adc.c:158] __analogRead(): Pin 20 is not ADC pin!
[306017][E][esp32-hal-adc.c:158] __analogRead(): Pin 20 is not ADC pin!
[307017][E][esp32-hal-adc.c:158] __analogRead(): Pin 20 is not ADC pin!
[308017][E][esp32-hal-adc.c:158] __analogRead(): Pin 20 is not ADC pin!
[309017][E][esp32-hal-adc.c:158] __analogRead(): Pin 20 is not ADC pin!
[310017][E][esp32-hal-adc.c:158] __analogRead(): Pin 20 is not ADC pin!
[311017][E][esp32-hal-adc.c:158] __analogRead(): Pin 20 is not ADC pin!
[312017][E][esp32-hal-adc.c:158] __analogRead(): Pin 20 is not ADC pin!
[313017][E][esp32-hal-adc.c:158] __analogRead(): Pin 20 is not ADC pin!
[314017][E][esp32-hal-adc.c:158] __analogRead(): Pin 20 is not ADC pin!
[315017][E][esp32-hal-adc.c:158] __analogRead(): Pin 20 is not ADC pin!
[316017][E][esp32-hal-adc.c:158] __analogRead(): Pin 20 is not ADC pin!
[317017][E][esp32-hal-adc.c:158] __analogRead(): Pin 20 is not ADC pin!
[318017][E][esp32-hal-adc.c:158] __analogRead(): Pin 20 is not ADC pin!
[319017][E][esp32-hal-adc.c:158] __analogRead(): Pin 20 is not ADC pin!
[320017][E][esp32-hal-adc.c:158] __analogRead(): Pin 20 is not ADC pin!
[321017][E][esp32-hal-adc.c:158] __analogRead(): Pin 20 is not ADC pin!
[322017][E][esp32-hal-adc.c:158] __analogRead(): Pin 20 is not ADC pin!
[323017][E][esp32-hal-adc.c:158] __analogRead(): Pin 20 is not ADC pin!
[324017][E][esp32-hal-adc.c:158] __analogRead(): Pin 20 is not ADC pin!
[325017][E][esp32-hal-adc.c:158] __analogRead(): Pin 20 is not ADC pin!
[326017][E][esp32-hal-adc.c:158] __analogRead(): Pin 20 is not ADC pin!
[327017][E][esp32-hal-adc.c:158] __analogRead(): Pin 20 is not ADC pin!
[328017][E][esp32-hal-adc.c:158] __analogRead(): Pin 20 is not ADC pin!
[329017][E][esp32-hal-adc.c:158] __analogRead(): Pin 20 is not ADC pin!
[330017][E][esp32-hal-adc.c:158] __analogRead(): Pin 20 is not ADC pin!
[331017][E][esp32-hal-adc.c:158] __analogRead(): Pin 20 is not ADC pin!
[332017][E][esp32-hal-adc.c:158] __analogRead(): Pin 20 is not ADC pin!
[333017][E][esp32-hal-adc.c:158] __analogRead(): Pin 20 is not ADC pin!
[334017][E][esp32-hal-adc.c:158] __analogRead(): Pin 20 is not ADC pin!
[335017][E][esp32-hal-adc.c:158] __analogRead(): Pin 20 is not ADC pin!
[336017][E][esp32-hal-adc.c:158] __analogRead(): Pin 20 is not ADC pin!
[337017][E][esp32-hal-adc.c:158] __analogRead(): Pin 20 is not ADC pin!
[338017][E][esp32-hal-adc.c:158] __analogRead(): Pin 20 is not ADC pin!
[339017][E][esp32-hal-adc.c:158] __analogRead(): Pin 20 is not ADC pin!
[340017][E][esp32-hal-adc.c:158] __analogRead(): Pin 20 is not ADC pin!
[341017][E][esp32-hal-adc.c:158] __analogRead(): Pin 20 is not ADC pin!
[342017][E][esp32-hal-adc.c:158] __analogRead(): Pin 20 is not ADC pin!
[343017][E][esp32-hal-adc.c:158] __analogRead(): Pin 20 is not ADC pin!
[344017][E][esp32-hal-adc.c:158] __analogRead(): Pin 20 is not ADC pin!
[345017][E][esp32-hal-adc.c:158] __analogRead(): Pin 20 is not ADC pin!
[346017][E][esp32-hal-adc.c:158] __analogRead(): Pin 20 is not ADC pin!
[347017][E][esp32-hal-adc.c:158] __analogRead(): Pin 20 is not ADC pin!
[348017][E][esp32-hal-adc.c:158] __analogRead(): Pin 20 is not ADC pin!
[349017][E][esp32-hal-adc.c:158] __analogRead(): Pin 20 is not ADC pin!
[350017][E][esp32-hal-adc.c:158] __analogRead(): Pin 20 is not ADC pin!
[351017][E][esp32-hal-adc.c:158] __analogRead(): Pin 20 is not ADC pin!
[352017][E][esp32-hal-adc.c:158] __analogRead(): Pin 20 is not ADC pin!
[353017][E][esp32-hal-adc.c:158] __analogRead(): Pin 20 is not ADC pin!
[354017][E][esp32-hal-adc.c:158] __analogRead(): Pin 20 is not ADC pin!
[355017][E][esp32-hal-adc.c:158] __analogRead(): Pin 20 is not ADC pin!
[356017][E][esp32-hal-adc.c:158] __analogRead(): Pin 20 is not ADC pin!
[357017][E][esp32-hal-adc.c:158] __analogRead(): Pin 20 is not ADC pin!
[358017][E][esp32-hal-adc.c:158] __analogRead(): Pin 20 is not ADC pin!
[359017][E][esp32-hal-adc.c:158] __analogRead(): Pin 20 is not ADC pin!
[360017][E][esp32-hal-adc.c:158] __analogRead(): Pin 20 is not ADC pin!
[361017][E][esp32-hal-adc.c:158] __analogRead(): Pin 20 is not ADC pin!
[362017][E][esp32-hal-adc.c:158] __analogRead(): Pin 20 is not ADC pin!
[363017][E][esp32-hal-adc.c:158] __analogRead(): Pin 20 is not ADC pin!
[364017][E][esp32-hal-adc.c:158] __analogRead(): Pin 20 is not ADC pin!
[365017][E][esp32-hal-adc.c:158] __analogRead(): Pin 20 is not ADC pin!
[366017][E][esp32-hal-adc.c:158] __analogRead(): Pin 20 is not ADC pin!
[367017][E][esp32-hal-adc.c:158] __analogRead(): Pin 20 is not ADC pin!
[368017][E][esp32-hal-adc.c:158] __analogRead(): Pin 20 is not ADC pin!
[369017][E][esp32-hal-adc.c:158] __analogRead(): Pin 20 is not ADC pin!
[370017][E][esp32-hal-adc.c:158] __analogRead(): Pin 20 is not ADC pin!
[371017][E][esp32-hal-adc.c:158] __analogRead(): Pin 20 is not ADC pin!
[372017][E][esp32-hal-adc.c:158] __analogRead(): Pin 20 is not ADC pin!
[373017][E][esp32-hal-adc.c:158] __analogRead(): Pin 20 is not ADC pin!
[374017][E][esp32-hal-adc.c:158] __analogRead(): Pin 20 is not ADC pin!
[375017][E][esp32-hal-adc.c:158] __analogRead(): Pin 20 is not ADC pin!
[376017][E][esp32-hal-adc.c:158] __analogRead(): Pin 20 is not ADC pin!
[377017][E][esp32-hal-adc.c:158] __analogRead(): Pin 20 is not ADC pin!
[378017][E][esp32-hal-adc.c:158] __analogRead(): Pin 20 is not ADC pin!
[379017][E][esp32-hal-adc.c:158] __analogRead(): Pin 20 is not ADC pin!
[380017][E][esp32-hal-adc.c:158] __analogRead(): Pin 20 is not ADC pin!
[381017][E][esp32-hal-adc.c:158] __analogRead(): Pin 20 is not ADC pin!
[382017][E][esp32-hal-adc.c:158] __analogRead(): Pin 20 is not ADC pin!
[383017][E][esp32-hal-adc.c:158] __analogRead(): Pin 20 is not ADC pin!
[384017][E][esp32-hal-adc.c:158] __analogRead(): Pin 20 is not ADC pin!
[385017][E][esp32-hal-adc.c:158] __analogRead(): Pin 20 is not ADC pin!
[386017][E][esp32-hal-adc.c:158] __analogRead(): Pin 20 is not ADC pin!
[387017][E][esp32-hal-adc.c:158] __analogRead(): Pin 20 is not ADC pin!
[388017][E][esp32-hal-adc.c:158] __analogRead(): Pin 20 is not ADC pin!
[389017][E][esp32-hal-adc.c:158] __analogRead(): Pin 20 is not ADC pin!
[390017][E][esp32-hal-adc.c:158] __analogRead(): Pin 20 is not ADC pin!
[391017][E][esp32-hal-adc.c:158] __analogRead(): Pin 20 is not ADC pin!
[392017][E][esp32-hal-adc.c:158] __analogRead(): Pin 20 is not ADC pin!
[393017][E][esp32-hal-adc.c:158] __analogRead(): Pin 20 is not ADC pin!
[394017][E][esp32-hal-adc.c:158] __analogRead(): Pin 20 is not ADC pin!
[395017][E][esp32-hal-adc.c:158] __analogRead(): Pin 20 is not ADC pin!
[396017][E][esp32-hal-adc.c:158] __analogRead(): Pin 20 is not ADC pin!
[397017][E][esp32-hal-adc.c:158] __analogRead(): Pin 20 is not ADC pin!
[398017][E][esp32-hal-adc.c:158] __analogRead(): Pin 20 is not ADC pin!
[399017][E][esp32-hal-adc.c:158] __analogRead(): Pin 20 is not ADC pin!
[400017][E][esp32-hal-adc.c:158] __analogRead(): Pin 20 is not ADC pin!
[401017][E][esp32-hal-adc.c:158] __analogRead(): Pin 20 is not ADC pin!
[402017][E][esp32-hal-adc.c:158] __analogRead(): Pin 20 is not ADC pin!
[403017][E][esp32-hal-adc.c:158] __analogRead(): Pin 20 is not ADC pin!
[404017][E][esp32-hal-adc.c:158] __analogRead(): Pin 20 is not ADC pin!
[405017][E][esp32-hal-adc.c:158] __analogRead(): Pin 20 is not ADC pin!
[406017][E][esp32-hal-adc.c:158] __analogRead(): Pin 20 is not ADC pin!
[407017][E][esp32-hal-adc.c:158] __analogRead(): Pin 20 is not ADC pin!
[408017][E][esp32-hal-adc.c:158] __analogRead(): Pin 20 is not ADC pin!
[409017][E][esp32-hal-adc.c:158] __analogRead(): Pin 20 is not ADC pin!
[410017][E][esp32-hal-adc.c:158] __analogRead(): Pin 20 is not ADC pin!
[411017][E][esp32-hal-adc.c:158] __analogRead(): Pin 20 is not ADC pin!
[412017][E][esp32-hal-adc.c:158] __analogRead(): Pin 20 is not ADC pin!
[413017][E][esp32-hal-adc.c:158] __analogRead(): Pin 20 is not ADC pin!
[414017][E][esp32-hal-adc.c:158] __analogRead(): Pin 20 is not ADC pin!
[415017][E][esp32-hal-adc.c:158] __analogRead(): Pin 20 is not ADC pin!
[416017][E][esp32-hal-adc.c:158] __analogRead(): Pin 20 is not ADC pin!
[417017][E][esp32-hal-adc.c:158] __analogRead(): Pin 20 is not ADC pin!
[418017][E][esp32-hal-adc.c:158] __analogRead(): Pin 20 is not ADC pin!
[419017][E][esp32-hal-adc.c:158] __analogRead(): Pin 20 is not ADC pin!
[420017][E][esp32-hal-adc.c:158] __analogRead(): Pin 20 is not ADC pin!
[421017][E][esp32-hal-adc.c:158] __analogRead(): Pin 20 is not ADC pin!
[422017][E][esp32-hal-adc.c:158] __analogRead(): Pin 20 is not ADC pin!
[423017][E][esp32-hal-adc.c:158] __analogRead(): Pin 20 is not ADC pin!
[424017][E][esp32-hal-adc.c:158] __analogRead(): Pin 20 is not ADC pin!
[425017][E][esp32-hal-adc.c:158] __analogRead(): Pin 20 is not ADC pin!
[426017][E][esp32-hal-adc.c:158] __analogRead(): Pin 20 is not ADC pin!
[427017][E][esp32-hal-adc.c:158] __analogRead(): Pin 20 is not ADC pin!
[428017][E][esp32-hal-adc.c:158] __analogRead(): Pin 20 is not ADC pin!
[429017][E][esp32-hal-adc.c:158] __analogRead(): Pin 20 is not ADC pin!
[430017][E][esp32-hal-adc.c:158] __analogRead(): Pin 20 is not ADC pin!
[431017][E][esp32-hal-adc.c:158] __analogRead(): Pin 20 is not ADC pin!
[432017][E][esp32-hal-adc.c:158] __analogRead(): Pin 20 is not ADC pin!
[433017][E][esp32-hal-adc.c:158] __analogRead(): Pin 20 is not ADC pin!
[434017][E][esp32-hal-adc.c:158] __analogRead(): Pin 20 is not ADC pin!
[435017][E][esp32-hal-adc.c:158] __analogRead(): Pin 20 is not ADC pin!
[436017][E][esp32-hal-adc.c:158] __analogRead(): Pin 20 is not ADC pin!
[437017][E][esp32-hal-adc.c:158] __analogRead(): Pin 20 is not ADC pin!
[438017][E][esp32-hal-adc.c:158] __analogRead(): Pin 20 is not ADC pin!
[439017][E][esp32-hal-adc.c:158] __analogRead(): Pin 20 is not ADC pin!
[440017][E][esp32-hal-adc.c:158] __analogRead(): Pin 20 is not ADC pin!
[441017][E][esp32-hal-adc.c:158] __analogRead(): Pin 20 is not ADC pin!
[442017][E][esp32-hal-adc.c:158] __analogRead(): Pin 20 is not ADC pin!
[443017][E][esp32-hal-adc.c:158] __analogRead(): Pin 20 is not ADC pin!
[444017][E][esp32-hal-adc.c:158] __analogRead(): Pin 20 is not ADC pin!
[445017][E][esp32-hal-adc.c:158] __analogRead(): Pin 20 is not ADC pin!
[446017][E][esp32-hal-adc.c:158] __analogRead(): Pin 20 is not ADC pin!
[447017][E][esp32-hal-adc.c:158] __analogRead(): Pin 20 is not ADC pin!
[448017][E][esp32-hal-adc.c:158] __analogRead(): Pin 20 is not ADC pin!
[449017][E][esp32-hal-adc.c:158] __analogRead(): Pin 20 is not ADC pin!
[450017][E][esp32-hal-adc.c:158] __analogRead(): Pin 20 is not ADC pin!
[451017][E][esp32-hal-adc.c:158] __analogRead(): Pin 20 is not ADC pin!
[452017][E][esp32-hal-adc.c:158] __analogRead(): Pin 20 is not ADC pin!
[453017][E][esp32-hal-adc.c:158] __analogRead(): Pin 20 is not ADC pin!
[454017][E][esp32-hal-adc.c:158] __analogRead(): Pin 20 is not ADC pin!
[455017][E][esp32-hal-adc.c:158] __analogRead(): Pin 20 is not ADC pin!
[456017][E][esp32-hal-adc.c:158] __analogRead(): Pin 20 is not ADC pin!
[457017][E][esp32-hal-adc.c:158] __analogRead(): Pin 20 is not ADC pin!
[458017][E][esp32-hal-adc.c:158] __analogRead(): Pin 20 is not ADC pin!
[459017][E][esp32-hal-adc.c:158] __analogRead(): Pin 20 is not ADC pin!
[460017][E][esp32-hal-adc.c:158] __analogRead(): Pin 20 is not ADC pin!
[461017][E][esp32-hal-adc.c:158] __analogRead(): Pin 20 is not ADC pin!
[462017][E][esp32-hal-adc.c:158] __analogRead(): Pin 20 is not ADC pin!
[463017][E][esp32-hal-adc.c:158] __analogRead(): Pin 20 is not ADC pin!
[464017][E][esp32-hal-adc.c:158] __analogRead(): Pin 20 is not ADC pin!
[465017][E][esp32-hal-adc.c:158] __analogRead(): Pin 20 is not ADC pin!
[466017][E][esp32-hal-adc.c:158] __analogRead(): Pin 20 is not ADC pin!
[467017][E][esp32-hal-adc.c:158] __analogRead(): Pin 20 is not ADC pin!
[468017][E][esp32-hal-adc.c:158] __analogRead(): Pin 20 is not ADC pin!
[469017][E][esp32-hal-adc.c:158] __analogRead(): Pin 20 is not ADC pin!
[470017][E][esp32-hal-adc.c:158] __analogRead(): Pin 20 is not ADC pin!
[471017][E][esp32-hal-adc.c:158] __analogRead(): Pin 20 is not ADC pin!
[472017][E][esp32-hal-adc.c:158] __analogRead(): Pin 20 is not ADC pin!
[473017][E][esp32-hal-adc.c:158] __analogRead(): Pin 20 is not ADC pin!
[474017][E][esp32-hal-adc.c:158] __analogRead(): Pin 20 is not ADC pin!
[475017][E][esp32-hal-adc.c:158] __analogRead(): Pin 20 is not ADC pin!
[476017][E][esp32-hal-adc.c:158] __analogRead(): Pin 20 is not ADC pin!
[477017][E][esp32-hal-adc.c:158] __analogRead(): Pin 20 is not ADC pin!
[478017][E][esp32-hal-adc.c:158] __analogRead(): Pin 20 is not ADC pin!
[479017][E][esp32-hal-adc.c:158] __analogRead(): Pin 20 is not ADC pin!
[480017][E][esp32-hal-adc.c:158] __analogRead(): Pin 20 is not ADC pin!
[481017][E][esp32-hal-adc.c:158] __analogRead(): Pin 20 is not ADC pin!
[482017][E][esp32-hal-adc.c:158] __analogRead(): Pin 20 is not ADC pin!
[483017][E][esp32-hal-adc.c:158] __analogRead(): Pin 20 is not ADC pin!
[484017][E][esp32-hal-adc.c:158] __analogRead(): Pin 20 is not ADC pin!
[485017][E][esp32-hal-adc.c:158] __analogRead(): Pin 20 is not ADC pin!
[486017][E][esp32-hal-adc.c:158] __analogRead(): Pin 20 is not ADC pin!
[487017][E][esp32-hal-adc.c:158] __analogRead(): Pin 20 is not ADC pin!
[488017][E][esp32-hal-adc.c:158] __analogRead(): Pin 20 is not ADC pin!
[489017][E][esp32-hal-adc.c:158] __analogRead(): Pin 20 is not ADC pin!
[490017][E][esp32-hal-adc.c:158] __analogRead(): Pin 20 is not ADC pin!
[491017][E][esp32-hal-adc.c:158] __analogRead(): Pin 20 is not ADC pin!
[492017][E][esp32-hal-adc.c:158] __analogRead(): Pin 20 is not ADC pin!
[493017][E][esp32-hal-adc.c:158] __analogRead(): Pin 20 is not ADC pin!
[494017][E][esp32-hal-adc.c:158] __analogRead(): Pin 20 is not ADC pin!
[495017][E][esp32-hal-adc.c:158] __analogRead(): Pin 20 is not ADC pin!
[496017][E][esp32-hal-adc.c:158] __analogRead(): Pin 20 is not ADC pin!
[497017][E][esp32-hal-adc.c:158] __analogRead(): Pin 20 is not ADC pin!
[498017][E][esp32-hal-adc.c:158] __analogRead(): Pin 20 is not ADC pin!
[499017][E][esp32-hal-adc.c:158] __analogRead(): Pin 20 is not ADC pin!
[500017][E][esp32-hal-adc.c:158] __analogRead(): Pin 20 is not ADC pin!
[501017][E][esp32-hal-adc.c:158] __analogRead(): Pin 20 is not ADC pin!
[502017][E][esp32-hal-adc.c:158] __analogRead(): Pin 20 is not ADC pin!
[503017][E][esp32-hal-adc.c:158] __analogRead(): Pin 20 is not ADC pin!
[504017][E][esp32-hal-adc.c:158] __analogRead(): Pin 20 is not ADC pin!
[505017][E][esp32-hal-adc.c:158] __analogRead(): Pin 20 is not ADC pin!
[506017][E][esp32-hal-adc.c:158] __analogRead(): Pin 20 is not ADC pin!
[507017][E][esp32-hal-adc.c:158] __analogRead(): Pin 20 is not ADC pin!
[508017][E][esp32-hal-adc.c:158] __analogRead(): Pin 20 is not ADC pin!
[509017][E][esp32-hal-adc.c:158] __analogRead(): Pin 20 is not ADC pin!
[510017][E][esp32-hal-adc.c:158] __analogRead(): Pin 20 is not ADC pin!
[511017][E][esp32-hal-adc.c:158] __analogRead(): Pin 20 is not ADC pin!
[512017][E][esp32-hal-adc.c:158] __analogRead(): Pin 20 is not ADC pin!
[513017][E][esp32-hal-adc.c:158] __analogRead(): Pin 20 is not ADC pin!
[514017][E][esp32-hal-adc.c:158] __analogRead(): Pin 20 is not ADC pin!
[515017][E][esp32-hal-adc.c:158] __analogRead(): Pin 20 is not ADC pin!
[516017][E][esp32-hal-adc.c:158] __analogRead(): Pin 20 is not ADC pin!
[517017][E][esp32-hal-adc.c:158] __analogRead(): Pin 20 is not ADC pin!
[518017][E][esp32-hal-adc.c:158] __analogRead(): Pin 20 is not ADC pin!
[519017][E][esp32-hal-adc.c:158] __analogRead(): Pin 20 is not ADC pin!
[520017][E][esp32-hal-adc.c:158] __analogRead(): Pin 20 is not ADC pin!
[521017][E][esp32-hal-adc.c:158] __analogRead(): Pin 20 is not ADC pin!
[522017][E][esp32-hal-adc.c:158] __analogRead(): Pin 20 is not ADC pin!
[523017][E][esp32-hal-adc.c:158] __analogRead(): Pin 20 is not ADC pin!
[524017][E][esp32-hal-adc.c:158] __analogRead(): Pin 20 is not ADC pin!
[525017][E][esp32-hal-adc.c:158] __analogRead(): Pin 20 is not ADC pin!
[526017][E][esp32-hal-adc.c:158] __analogRead(): Pin 20 is not ADC pin!
[527017][E][esp32-hal-adc.c:158] __analogRead(): Pin 20 is not ADC pin!
[528017][E][esp32-hal-adc.c:158] __analogRead(): Pin 20 is not ADC pin!
[529017][E][esp32-hal-adc.c:158] __analogRead(): Pin 20 is not ADC pin!
[530017][E][esp32-hal-adc.c:158] __analogRead(): Pin 20 is not ADC pin!
[531017][E][esp32-hal-adc.c:158] __analogRead(): Pin 20 is not ADC pin!
[532017][E][esp32-hal-adc.c:158] __analogRead(): Pin 20 is not ADC pin!
[533017][E][esp32-hal-adc.c:158] __analogRead(): Pin 20 is not ADC pin!
[534017][E][esp32-hal-adc.c:158] __analogRead(): Pin 20 is not ADC pin!
[535017][E][esp32-hal-adc.c:158] __analogRead(): Pin 20 is not ADC pin!
[536017][E][esp32-hal-adc.c:158] __analogRead(): Pin 20 is not ADC pin!
[537017][E][esp32-hal-adc.c:158] __analogRead(): Pin 20 is not ADC pin!
[538017][E][esp32-hal-adc.c:158] __analogRead(): Pin 20 is not ADC pin!
[539017][E][esp32-hal-adc.c:158] __analogRead(): Pin 20 is not ADC pin!
[540017][E][esp32-hal-adc.c:158] __analogRead(): Pin 20 is not ADC pin!
[541017][E][esp32-hal-adc.c:158] __analogRead(): Pin 20 is not ADC pin!
[542017][E][esp32-hal-adc.c:158] __analogRead(): Pin 20 is not ADC pin!
[543017][E][esp32-hal-adc.c:158] __analogRead(): Pin 20 is not ADC pin!
[544017][E][esp32-hal-adc.c:158] __analogRead(): Pin 20 is not ADC pin!
[545017][E][esp32-hal-adc.c:158] __analogRead(): Pin 20 is not ADC pin!
[546017][E][esp32-hal-adc.c:158] __analogRead(): Pin 20 is not ADC pin!
[547017][E][esp32-hal-adc.c:158] __analogRead(): Pin 20 is not ADC pin!
[548017][E][esp32-hal-adc.c:158] __analogRead(): Pin 20 is not ADC pin!
[549017][E][esp32-hal-adc.c:158] __analogRead(): Pin 20 is not ADC pin!
[550017][E][esp32-hal-adc.c:158] __analogRead(): Pin 20 is not ADC pin!
[551017][E][esp32-hal-adc.c:158] __analogRead(): Pin 20 is not ADC pin!
[552017][E][esp32-hal-adc.c:158] __analogRead(): Pin 20 is not ADC pin!
[553017][E][esp32-hal-adc.c:158] __analogRead(): Pin 20 is not ADC pin!
[554017][E][esp32-hal-adc.c:158] __analogRead(): Pin 20 is not ADC pin!
[555017][E][esp32-hal-adc.c:158] __analogRead(): Pin 20 is not ADC pin!
[556017][E][esp32-hal-adc.c:158] __analogRead(): Pin 20 is not ADC pin!
[557017][E][esp32-hal-adc.c:158] __analogRead(): Pin 20 is not ADC pin!
[558017][E][esp32-hal-adc.c:158] __analogRead(): Pin 20 is not ADC pin!
[559017][E][esp32-hal-adc.c:158] __analogRead(): Pin 20 is not ADC pin!
[560017][E][esp32-hal-adc.c:158] __analogRead(): Pin 20 is not ADC pin!
[561017][E][esp32-hal-adc.c:158] __analogRead(): Pin 20 is not ADC pin!
[562017][E][esp32-hal-adc.c:158] __analogRead(): Pin 20 is not ADC pin!
[563017][E][esp32-hal-adc.c:158] __analogRead(): Pin 20 is not ADC pin!
[564017][E][esp32-hal-adc.c:158] __analogRead(): Pin 20 is not ADC pin!
[565017][E][esp32-hal-adc.c:158] __analogRead(): Pin 20 is not ADC pin!
[566017][E][esp32-hal-adc.c:158] __analogRead(): Pin 20 is not ADC pin!
[567017][E][esp32-hal-adc.c:158] __analogRead(): Pin 20 is not ADC pin!
[568017][E][esp32-hal-adc.c:158] __analogRead(): Pin 20 is not ADC pin!
[569017][E][esp32-hal-adc.c:158] __analogRead(): Pin 20 is not ADC pin!
[570017][E][esp32-hal-adc.c:158] __analogRead(): Pin 20 is not ADC pin!
[571017][E][esp32-hal-adc.c:158] __analogRead(): Pin 20 is not ADC pin!
[572017][E][esp32-hal-adc.c:158] __analogRead(): Pin 20 is not ADC pin!
[573017][E][esp32-hal-adc.c:158] __analogRead(): Pin 20 is not ADC pin!
[574017][E][esp32-hal-adc.c:158] __analogRead(): Pin 20 is not ADC pin!
[575017][E][esp32-hal-adc.c:158] __analogRead(): Pin 20 is not ADC pin!
[576017][E][esp32-hal-adc.c:158] __analogRead(): Pin 20 is not ADC pin!
[577017][E][esp32-hal-adc.c:158] __analogRead(): Pin 20 is not ADC pin!
[578017][E][esp32-hal-adc.c:158] __analogRead(): Pin 20 is not ADC pin!
[579017][E][esp32-hal-adc.c:158] __analogRead(): Pin 20 is not ADC pin!
[580017][E][esp32-hal-adc.c:158] __analogRead(): Pin 20 is not ADC pin!
[581017][E][esp32-hal-adc.c:158] __analogRead(): Pin 20 is not ADC pin!
[582017][E][esp32-hal-adc.c:158] __analogRead(): Pin 20 is not ADC pin!
[583017][E][esp32-hal-adc.c:158] __analogRead(): Pin 20 is not ADC pin!
[584017][E][esp32-hal-adc.c:158] __analogRead(): Pin 20 is not ADC pin!
[585017][E][esp32-hal-adc.c:158] __analogRead(): Pin 20 is not ADC pin!
[586017][E][esp32-hal-adc.c:158] __analogRead(): Pin 20 is not ADC pin!
[587017][E][esp32-hal-adc.c:158] __analogRead(): Pin 20 is not ADC pin!
[588017][E][esp32-hal-adc.c:158] __analogRead(): Pin 20 is not ADC pin!
[589017][E][esp32-hal-adc.c:158] __analogRead(): Pin 20 is not ADC pin!
[590017][E][esp32-hal-adc.c:158] __analogRead(): Pin 20 is not ADC pin!
[591017][E][esp32-hal-adc.c:158] __analogRead(): Pin 20 is not ADC pin!
[592017][E][esp32-hal-adc.c:158] __analogRead(): Pin 20 is not ADC pin!
[593017][E][esp32-hal-adc.c:158] __analogRead(): Pin 20 is not ADC pin!
[594017][E][esp32-hal-adc.c:158] __analogRead(): Pin 20 is not ADC pin!
[595017][E][esp32-hal-adc.c:158] __analogRead(): Pin 20 is not ADC pin!
[596017][E][esp32-hal-adc.c:158] __analogRead(): Pin 20 is not ADC pin!
[597017][E][esp32-hal-adc.c:158] __analogRead(): Pin 20 is not ADC pin!
[598017][E][esp32-hal-adc.c:158] __analogRead(): Pin 20 is not ADC pin!
[599017][E][esp32-hal-adc.c:158] __analogRead(): Pin 20 is not ADC pin!
[600017][E][esp32-hal-adc.c:158] __analogRead(): Pin 20 is not ADC pin!
[601017][E][esp32-hal-adc.c:158] __analogRead(): Pin 20 is not ADC pin!
[602017][E][esp32-hal-adc.c:158] __analogRead(): Pin 20 is not ADC pin!
[603017][E][esp32-hal-adc.c:158] __analogRead(): Pin 20 is not ADC pin!
[604017][E][esp32-hal-adc.c:158] __analogRead(): Pin 20 is not ADC pin!
[605017][E][esp32-hal-adc.c:158] __analogRead(): Pin 20 is not ADC pin!
[606017][E][esp32-hal-adc.c:158] __analogRead(): Pin 20 is not ADC pin!
[607017][E][esp32-hal-adc.c:158] __analogRead(): Pin 20 is not ADC pin!
[608017][E][esp32-hal-adc.c:158] __analogRead(): Pin 20 is not ADC pin!
[609017][E][esp32-hal-adc.c:158] __analogRead(): Pin 20 is not ADC pin!
[610017][E][esp32-hal-adc.c:158] __analogRead(): Pin 20 is not ADC pin!
[611017][E][esp32-hal-adc.c:158] __analogRead(): Pin 20 is not ADC pin!
[612017][E][esp32-hal-adc.c:158] __analogRead(): Pin 20 is not ADC pin!
[613017][E][esp32-hal-adc.c:158] __analogRead(): Pin 20 is not ADC pin!
[614017][E][esp32-hal-adc.c:158] __analogRead(): Pin 20 is not ADC pin!
[615017][E][esp32-hal-adc.c:158] __analogRead(): Pin 20 is not ADC pin!
[616017][E][esp32-hal-adc.c:158] __analogRead(): Pin 20 is not ADC pin!
[617017][E][esp32-hal-adc.c:158] __analogRead(): Pin 20 is not ADC pin!
[618017][E][esp32-hal-adc.c:158] __analogRead(): Pin 20 is not ADC pin!
[619017][E][esp32-hal-adc.c:158] __analogRead(): Pin 20 is not ADC pin!
[620017][E][esp32-hal-adc.c:158] __analogRead(): Pin 20 is not ADC pin!
[621017][E][esp32-hal-adc.c:158] __analogRead(): Pin 20 is not ADC pin!
[622017][E][esp32-hal-adc.c:158] __analogRead(): Pin 20 is not ADC pin!
[623017][E][esp32-hal-adc.c:158] __analogRead(): Pin 20 is not ADC pin!
[624017][E][esp32-hal-adc.c:158] __analogRead(): Pin 20 is not ADC pin!
[625017][E][esp32-hal-adc.c:158] __analogRead(): Pin 20 is not ADC pin!
[626017][E][esp32-hal-adc.c:158] __analogRead(): Pin 20 is not ADC pin!
[627017][E][esp32-hal-adc.c:158] __analogRead(): Pin 20 is not ADC pin!
[628017][E][esp32-hal-adc.c:158] __analogRead(): Pin 20 is not ADC pin!
[629017][E][esp32-hal-adc.c:158] __analogRead(): Pin 20 is not ADC pin!
[630017][E][esp32-hal-adc.c:158] __analogRead(): Pin 20 is not ADC pin!
[631017][E][esp32-hal-adc.c:158] __analogRead(): Pin 20 is not ADC pin!
[632017][E][esp32-hal-adc.c:158] __analogRead(): Pin 20 is not ADC pin!
[633017][E][esp32-hal-adc.c:158] __analogRead(): Pin 20 is not ADC pin!
[634017][E][esp32-hal-adc.c:158] __analogRead(): Pin 20 is not ADC pin!
[635017][E][esp32-hal-adc.c:158] __analogRead(): Pin 20 is not ADC pin!
[636017][E][esp32-hal-adc.c:158] __analogRead(): Pin 20 is not ADC pin!
[637017][E][esp32-hal-adc.c:158] __analogRead(): Pin 20 is not ADC pin!
[638017][E][esp32-hal-adc.c:158] __analogRead(): Pin 20 is not ADC pin!
[639017][E][esp32-hal-adc.c:158] __analogRead(): Pin 20 is not ADC pin!
[640017][E][esp32-hal-adc.c:158] __analogRead(): Pin 20 is not ADC pin!
[641017][E][esp32-hal-adc.c:158] __analogRead(): Pin 20 is not ADC pin!
[642017][E][esp32-hal-adc.c:158] __analogRead(): Pin 20 is not ADC pin!
[643017][E][esp32-hal-adc.c:158] __analogRead(): Pin 20 is not ADC pin!
[644017][E][esp32-hal-adc.c:158] __analogRead(): Pin 20 is not ADC pin!
[645017][E][esp32-hal-adc.c:158] __analogRead(): Pin 20 is not ADC pin!
[646017][E][esp32-hal-adc.c:158] __analogRead(): Pin 20 is not ADC pin!
[647017][E][esp32-hal-adc.c:158] __analogRead(): Pin 20 is not ADC pin!
[648017][E][esp32-hal-adc.c:158] __analogRead(): Pin 20 is not ADC pin!
[649017][E][esp32-hal-adc.c:158] __analogRead(): Pin 20 is not ADC pin!
[650017][E][esp32-hal-adc.c:158] __analogRead(): Pin 20 is not ADC pin!
[651017][E][esp32-hal-adc.c:158] __analogRead(): Pin 20 is not ADC pin!
[652017][E][esp32-hal-adc.c:158] __analogRead(): Pin 20 is not ADC pin!
[653017][E][esp32-hal-adc.c:158] __analogRead(): Pin 20 is not ADC pin!
[654017][E][esp32-hal-adc.c:158] __analogRead(): Pin 20 is not ADC pin!
[655017][E][esp32-hal-adc.c:158] __analogRead(): Pin 20 is not ADC pin!
[656017][E][esp32-hal-adc.c:158] __analogRead(): Pin 20 is not ADC pin!
[657017][E][esp32-hal-adc.c:158] __analogRead(): Pin 20 is not ADC pin!
[658017][E][esp32-hal-adc.c:158] __analogRead(): Pin 20 is not ADC pin!
[659017][E][esp32-hal-adc.c:158] __analogRead(): Pin 20 is not ADC pin!
[660017][E][esp32-hal-adc.c:158] __analogRead(): Pin 20 is not ADC pin!
[661017][E][esp32-hal-adc.c:158] __analogRead(): Pin 20 is not ADC pin!
[662017][E][esp32-hal-adc.c:158] __analogRead(): Pin 20 is not ADC pin!
[663017][E][esp32-hal-adc.c:158] __analogRead(): Pin 20 is not ADC pin!
[664017][E][esp32-hal-adc.c:158] __analogRead(): Pin 20 is not ADC pin!
[665017][E][esp32-hal-adc.c:158] __analogRead(): Pin 20 is not ADC pin!
[666017][E][esp32-hal-adc.c:158] __analogRead(): Pin 20 is not ADC pin!
[667017][E][esp32-hal-adc.c:158] __analogRead(): Pin 20 is not ADC pin!
[668017][E][esp32-hal-adc.c:158] __analogRead(): Pin 20 is not ADC pin!
[669017][E][esp32-hal-adc.c:158] __analogRead(): Pin 20 is not ADC pin!
[670017][E][esp32-hal-adc.c:158] __analogRead(): Pin 20 is not ADC pin!
[671017][E][esp32-hal-adc.c:158] __analogRead(): Pin 20 is not ADC pin!
[672017][E][esp32-hal-adc.c:158] __analogRead(): Pin 20 is not ADC pin!
[673017][E][esp32-hal-adc.c:158] __analogRead(): Pin 20 is not ADC pin!
[674017][E][esp32-hal-adc.c:158] __analogRead(): Pin 20 is not ADC pin!
[675017][E][esp32-hal-adc.c:158] __analogRead(): Pin 20 is not ADC pin!
[676017][E][esp32-hal-adc.c:158] __analogRead(): Pin 20 is not ADC pin!
[677017][E][esp32-hal-adc.c:158] __analogRead(): Pin 20 is not ADC pin!
[678017][E][esp32-hal-adc.c:158] __analogRead(): Pin 20 is not ADC pin!
[679017][E][esp32-hal-adc.c:158] __analogRead(): Pin 20 is not ADC pin!
[680017][E][esp32-hal-adc.c:158] __analogRead(): Pin 20 is not ADC pin!
[681017][E][esp32-hal-adc.c:158] __analogRead(): Pin 20 is not ADC pin!
[682017][E][esp32-hal-adc.c:158] __analogRead(): Pin 20 is not ADC pin!
[683017][E][esp32-hal-adc.c:158] __analogRead(): Pin 20 is not ADC pin!
[684017][E][esp32-hal-adc.c:158] __analogRead(): Pin 20 is not ADC pin!
[685017][E][esp32-hal-adc.c:158] __analogRead(): Pin 20 is not ADC pin!
[686017][E][esp32-hal-adc.c:158] __analogRead(): Pin 20 is not ADC pin!
[687017][E][esp32-hal-adc.c:158] __analogRead(): Pin 20 is not ADC pin!
[688017][E][esp32-hal-adc.c:158] __analogRead(): Pin 20 is not ADC pin!
[689017][E][esp32-hal-adc.c:158] __analogRead(): Pin 20 is not ADC pin!
[690017][E][esp32-hal-adc.c:158] __analogRead(): Pin 20 is not ADC pin!
[691017][E][esp32-hal-adc.c:158] __analogRead(): Pin 20 is not ADC pin!
[692017][E][esp32-hal-adc.c:158] __analogRead(): Pin 20 is not ADC pin!
[693017][E][esp32-hal-adc.c:158] __analogRead(): Pin 20 is not ADC pin!
[694017][E][esp32-hal-adc.c:158] __analogRead(): Pin 20 is not ADC pin!
[695017][E][esp32-hal-adc.c:158] __analogRead(): Pin 20 is not ADC pin!
[696017][E][esp32-hal-adc.c:158] __analogRead(): Pin 20 is not ADC pin!
[697017][E][esp32-hal-adc.c:158] __analogRead(): Pin 20 is not ADC pin!
[698017][E][esp32-hal-adc.c:158] __analogRead(): Pin 20 is not ADC pin!
[699017][E][esp32-hal-adc.c:158] __analogRead(): Pin 20 is not ADC pin!
[700017][E][esp32-hal-adc.c:158] __analogRead(): Pin 20 is not ADC pin!
[701017][E][esp32-hal-adc.c:158] __analogRead(): Pin 20 is not ADC pin!
[702017][E][esp32-hal-adc.c:158] __analogRead(): Pin 20 is not ADC pin!
[703017][E][esp32-hal-adc.c:158] __analogRead(): Pin 20 is not ADC pin!
[704017][E][esp32-hal-adc.c:158] __analogRead(): Pin 20 is not ADC pin!
[705017][E][esp32-hal-adc.c:158] __analogRead(): Pin 20 is not ADC pin!
[706017][E][esp32-hal-adc.c:158] __analogRead(): Pin 20 is not ADC pin!
[707017][E][esp32-hal-adc.c:158] __analogRead(): Pin 20 is not ADC pin!
[708017][E][esp32-hal-adc.c:158] __analogRead(): Pin 20 is not ADC pin!
[709017][E][esp32-hal-adc.c:158] __analogRead(): Pin 20 is not ADC pin!
[710017][E][esp32-hal-adc.c:158] __analogRead(): Pin 20 is not ADC pin!
[711017][E][esp32-hal-adc.c:158] __analogRead(): Pin 20 is not ADC pin!
[712017][E][esp32-hal-adc.c:158] __analogRead(): Pin 20 is not ADC pin!
[713017][E][esp32-hal-adc.c:158] __analogRead(): Pin 20 is not ADC pin!
[714017][E][esp32-hal-adc.c:158] __analogRead(): Pin 20 is not ADC pin!
[715017][E][esp32-hal-adc.c:158] __analogRead(): Pin 20 is not ADC pin!
[716017][E][esp32-hal-adc.c:158] __analogRead(): Pin 20 is not ADC pin!
[717017][E][esp32-hal-adc.c:158] __analogRead(): Pin 20 is not ADC pin!
[718017][E][esp32-hal-adc.c:158] __analogRead(): Pin 20 is not ADC pin!
[719017][E][esp32-hal-adc.c:158] __analogRead(): Pin 20 is not ADC pin!
[720017][E][esp32-hal-adc.c:158] __analogRead(): Pin 20 is not ADC pin!
[721017][E][esp32-hal-adc.c:158] __analogRead(): Pin 20 is not ADC pin!
[722017][E][esp32-hal-adc.c:158] __analogRead(): Pin 20 is not ADC pin!
[723017][E][esp32-hal-adc.c:158] __analogRead(): Pin 20 is not ADC pin!
[724017][E][esp32-hal-adc.c:158] __analogRead(): Pin 20 is not ADC pin!
[725017][E][esp32-hal-adc.c:158] __analogRead(): Pin 20 is not ADC pin!
[726017][E][esp32-hal-adc.c:158] __analogRead(): Pin 20 is not ADC pin!
[727017][E][esp32-hal-adc.c:158] __analogRead(): Pin 20 is not ADC pin!
[728017][E][esp32-hal-adc.c:158] __analogRead(): Pin 20 is not ADC pin!
[729017][E][esp32-hal-adc.c:158] __analogRead(): Pin 20 is not ADC pin!
[730017][E][esp32-hal-adc.c:158] __analogRead(): Pin 20 is not ADC pin!
[731017][E][esp32-hal-adc.c:158] __analogRead(): Pin 20 is not ADC pin!
[732017][E][esp32-hal-adc.c:158] __analogRead(): Pin 20 is not ADC pin!
[733017][E][esp32-hal-adc.c:158] __analogRead(): Pin 20 is not ADC pin!
[734017][E][esp32-hal-adc.c:158] __analogRead(): Pin 20 is not ADC pin!
[735017][E][esp32-hal-adc.c:158] __analogRead(): Pin 20 is not ADC pin!
[736017][E][esp32-hal-adc.c:158] __analogRead(): Pin 20 is not ADC pin!
[737017][E][esp32-hal-adc.c:158] __analogRead(): Pin 20 is not ADC pin!
[738017][E][esp32-hal-adc.c:158] __analogRead(): Pin 20 is not ADC pin!
[739017][E][esp32-hal-adc.c:158] __analogRead(): Pin 20 is not ADC pin!
[740017][E][esp32-hal-adc.c:158] __analogRead(): Pin 20 is not ADC pin!
[741017][E][esp32-hal-adc.c:158] __analogRead(): Pin 20 is not ADC pin!
[742017][E][esp32-hal-adc.c:158] __analogRead(): Pin 20 is not ADC pin!
[743017][E][esp32-hal-adc.c:158] __analogRead(): Pin 20 is not ADC pin!
[744017][E][esp32-hal-adc.c:158] __analogRead(): Pin 20 is not ADC pin!
[745017][E][esp32-hal-adc.c:158] __analogRead(): Pin 20 is not ADC pin!
[746017][E][esp32-hal-adc.c:158] __analogRead(): Pin 20 is not ADC pin!
[747017][E][esp32-hal-adc.c:158] __analogRead(): Pin 20 is not ADC pin!
[748017][E][esp32-hal-adc.c:158] __analogRead(): Pin 20 is not ADC pin!
[749017][E][esp32-hal-adc.c:158] __analogRead(): Pin 20 is not ADC pin!
[750017][E][esp32-hal-adc.c:158] __analogRead(): Pin 20 is not ADC pin!
[751017][E][esp32-hal-adc.c:158] __analogRead(): Pin 20 is not ADC pin!
[752017][E][esp32-hal-adc.c:158] __analogRead(): Pin 20 is not ADC pin!
[753017][E][esp32-hal-adc.c:158] __analogRead(): Pin 20 is not ADC pin!
[754017][E][esp32-hal-adc.c:158] __analogRead(): Pin 20 is not ADC pin!
[755017][E][esp32-hal-adc.c:158] __analogRead(): Pin 20 is not ADC pin!
[756017][E][esp32-hal-adc.c:158] __analogRead(): Pin 20 is not ADC pin!
[757017][E][esp32-hal-adc.c:158] __analogRead(): Pin 20 is not ADC pin!
[758017][E][esp32-hal-adc.c:158] __analogRead(): Pin 20 is not ADC pin!
[759017][E][esp32-hal-adc.c:158] __analogRead(): Pin 20 is not ADC pin!
[760017][E][esp32-hal-adc.c:158] __analogRead(): Pin 20 is not ADC pin!
[761017][E][esp32-hal-adc.c:158] __analogRead(): Pin 20 is not ADC pin!
[762017][E][esp32-hal-adc.c:158] __analogRead(): Pin 20 is not ADC pin!
[763017][E][esp32-hal-adc.c:158] __analogRead(): Pin 20 is not ADC pin!
[764017][E][esp32-hal-adc.c:158] __analogRead(): Pin 20 is not ADC pin!
[765017][E][esp32-hal-adc.c:158] __analogRead(): Pin 20 is not ADC pin!
[766017][E][esp32-hal-adc.c:158] __analogRead(): Pin 20 is not ADC pin!
[767017][E][esp32-hal-adc.c:158] __analogRead(): Pin 20 is not ADC pin!
[768017][E][esp32-hal-adc.c:158] __analogRead(): Pin 20 is not ADC pin!
[769017][E][esp32-hal-adc.c:158] __analogRead(): Pin 20 is not ADC pin!
[770017][E][esp32-hal-adc.c:158] __analogRead(): Pin 20 is not ADC pin!
[771017][E][esp32-hal-adc.c:158] __analogRead(): Pin 20 is not ADC pin!
[772017][E][esp32-hal-adc.c:158] __analogRead(): Pin 20 is not ADC pin!
[773017][E][esp32-hal-adc.c:158] __analogRead(): Pin 20 is not ADC pin!
[774017][E][esp32-hal-adc.c:158] __analogRead(): Pin 20 is not ADC pin!
[775017][E][esp32-hal-adc.c:158] __analogRead(): Pin 20 is not ADC pin!
[776017][E][esp32-hal-adc.c:158] __analogRead(): Pin 20 is not ADC pin!
[777017][E][esp32-hal-adc.c:158] __analogRead(): Pin 20 is not ADC pin!
[778017][E][esp32-hal-adc.c:158] __analogRead(): Pin 20 is not ADC pin!
[779017][E][esp32-hal-adc.c:158] __analogRead(): Pin 20 is not ADC pin!
[780017][E][esp32-hal-adc.c:158] __analogRead(): Pin 20 is not ADC pin!
[781017][E][esp32-hal-adc.c:158] __analogRead(): Pin 20 is not ADC pin!
[782017][E][esp32-hal-adc.c:158] __analogRead(): Pin 20 is not ADC pin!
[783017][E][esp32-hal-adc.c:158] __analogRead(): Pin 20 is not ADC pin!
[784017][E][esp32-hal-adc.c:158] __analogRead(): Pin 20 is not ADC pin!
[785017][E][esp32-hal-adc.c:158] __analogRead(): Pin 20 is not ADC pin!
[786017][E][esp32-hal-adc.c:158] __analogRead(): Pin 20 is not ADC pin!
[787017][E][esp32-hal-adc.c:158] __analogRead(): Pin 20 is not ADC pin!
[788017][E][esp32-hal-adc.c:158] __analogRead(): Pin 20 is not ADC pin!
[789017][E][esp32-hal-adc.c:158] __analogRead(): Pin 20 is not ADC pin!
[790017][E][esp32-hal-adc.c:158] __analogRead(): Pin 20 is not ADC pin!
[791017][E][esp32-hal-adc.c:158] __analogRead(): Pin 20 is not ADC pin!
[792017][E][esp32-hal-adc.c:158] __analogRead(): Pin 20 is not ADC pin!
[793017][E][esp32-hal-adc.c:158] __analogRead(): Pin 20 is not ADC pin!
[794017][E][esp32-hal-adc.c:158] __analogRead(): Pin 20 is not ADC pin!
[795017][E][esp32-hal-adc.c:158] __analogRead(): Pin 20 is not ADC pin!
[796017][E][esp32-hal-adc.c:158] __analogRead(): Pin 20 is not ADC pin!
[797017][E][esp32-hal-adc.c:158] __analogRead(): Pin 20 is not ADC pin!
[798017][E][esp32-hal-adc.c:158] __analogRead(): Pin 20 is not ADC pin!
[799017][E][esp32-hal-adc.c:158] __analogRead(): Pin 20 is not ADC pin!
[800017][E][esp32-hal-adc.c:158] __analogRead(): Pin 20 is not ADC pin!
[801017][E][esp32-hal-adc.c:158] __analogRead(): Pin 20 is not ADC pin!
[802017][E][esp32-hal-adc.c:158] __analogRead(): Pin 20 is not ADC pin!
[803017][E][esp32-hal-adc.c:158] __analogRead(): Pin 20 is not ADC pin!
[804017][E][esp32-hal-adc.c:158] __analogRead(): Pin 20 is not ADC pin!
[805017][E][esp32-hal-adc.c:158] __analogRead(): Pin 20 is not ADC pin!
[806017][E][esp32-hal-adc.c:158] __analogRead(): Pin 20 is not ADC pin!
[807017][E][esp32-hal-adc.c:158] __analogRead(): Pin 20 is not ADC pin!
[808017][E][esp32-hal-adc.c:158] __analogRead(): Pin 20 is not ADC pin!
[809017][E][esp32-hal-adc.c:158] __analogRead(): Pin 20 is not ADC pin!
[810017][E][esp32-hal-adc.c:158] __analogRead(): Pin 20 is not ADC pin!
[811017][E][esp32-hal-adc.c:158] __analogRead(): Pin 20 is not ADC pin!
[812017][E][esp32-hal-adc.c:158] __analogRead(): Pin 20 is not ADC pin!
[813017][E][esp32-hal-adc.c:158] __analogRead(): Pin 20 is not ADC pin!
[814017][E][esp32-hal-adc.c:158] __analogRead(): Pin 20 is not ADC pin!
[815017][E][esp32-hal-adc.c:158] __analogRead(): Pin 20 is not ADC pin!
[816017][E][esp32-hal-adc.c:158] __analogRead(): Pin 20 is not ADC pin!
[817017][E][esp32-hal-adc.c:158] __analogRead(): Pin 20 is not ADC pin!
[818017][E][esp32-hal-adc.c:158] __analogRead(): Pin 20 is not ADC pin!
[819017][E][esp32-hal-adc.c:158] __analogRead(): Pin 20 is not ADC pin!
[820017][E][esp32-hal-adc.c:158] __analogRead(): Pin 20 is not ADC pin!
[821017][E][esp32-hal-adc.c:158] __analogRead(): Pin 20 is not ADC pin!
[822017][E][esp32-hal-adc.c:158] __analogRead(): Pin 20 is not ADC pin!
[823017][E][esp32-hal-adc.c:158] __analogRead(): Pin 20 is not ADC pin!
[824017][E][esp32-hal-adc.c:158] __analogRead(): Pin 20 is not ADC pin!
[825017][E][esp32-hal-adc.c:158] __analogRead(): Pin 20 is not ADC pin!
[826017][E][esp32-hal-adc.c:158] __analogRead(): Pin 20 is not ADC pin!
[827017][E][esp32-hal-adc.c:158] __analogRead(): Pin 20 is not ADC pin!
[828017][E][esp32-hal-adc.c:158] __analogRead(): Pin 20 is not ADC pin!
[829017][E][esp32-hal-adc.c:158] __analogRead(): Pin 20 is not ADC pin!
[830017][E][esp32-hal-adc.c:158] __analogRead(): Pin 20 is not ADC pin!
[831017][E][esp32-hal-adc.c:158] __analogRead(): Pin 20 is not ADC pin!
[832017][E][esp32-hal-adc.c:158] __analogRead(): Pin 20 is not ADC pin!
[833017][E][esp32-hal-adc.c:158] __analogRead(): Pin 20 is not ADC pin!
[834017][E][esp32-hal-adc.c:158] __analogRead(): Pin 20 is not ADC pin!
[835017][E][esp32-hal-adc.c:158] __analogRead(): Pin 20 is not ADC pin!
[836017][E][esp32-hal-adc.c:158] __analogRead(): Pin 20 is not ADC pin!
[837017][E][esp32-hal-adc.c:158] __analogRead(): Pin 20 is not ADC pin!
[838017][E][esp32-hal-adc.c:158] __analogRead(): Pin 20 is not ADC pin!
[839017][E][esp32-hal-adc.c:158] __analogRead(): Pin 20 is not ADC pin!
[840017][E][esp32-hal-adc.c:158] __analogRead(): Pin 20 is not ADC pin!
[841017][E][esp32-hal-adc.c:158] __analogRead(): Pin 20 is not ADC pin!
[842017][E][esp32-hal-adc.c:158] __analogRead(): Pin 20 is not ADC pin!
[843017][E][esp32-hal-adc.c:158] __analogRead(): Pin 20 is not ADC pin!
[844017][E][esp32-hal-adc.c:158] __analogRead(): Pin 20 is not ADC pin!
[845017][E][esp32-hal-adc.c:158] __analogRead(): Pin 20 is not ADC pin!
[846017][E][esp32-hal-adc.c:158] __analogRead(): Pin 20 is not ADC pin!
[847017][E][esp32-hal-adc.c:158] __analogRead(): Pin 20 is not ADC pin!
[848017][E][esp32-hal-adc.c:158] __analogRead(): Pin 20 is not ADC pin!
[849017][E][esp32-hal-adc.c:158] __analogRead(): Pin 20 is not ADC pin!
[850017][E][esp32-hal-adc.c:158] __analogRead(): Pin 20 is not ADC pin!
[851017][E][esp32-hal-adc.c:158] __analogRead(): Pin 20 is not ADC pin!
[852017][E][esp32-hal-adc.c:158] __analogRead(): Pin 20 is not ADC pin!
[853017][E][esp32-hal-adc.c:158] __analogRead(): Pin 20 is not ADC pin!
[854017][E][esp32-hal-adc.c:158] __analogRead(): Pin 20 is not ADC pin!
[855017][E][esp32-hal-adc.c:158] __analogRead(): Pin 20 is not ADC pin!
[856017][E][esp32-hal-adc.c:158] __analogRead(): Pin 20 is not ADC pin!
[857017][E][esp32-hal-adc.c:158] __analogRead(): Pin 20 is not ADC pin!
[858017][E][esp32-hal-adc.c:158] __analogRead(): Pin 20 is not ADC pin!
[859017][E][esp32-hal-adc.c:158] __analogRead(): Pin 20 is not ADC pin!
[860017][E][esp32-hal-adc.c:158] __analogRead(): Pin 20 is not ADC pin!
[861017][E][esp32-hal-adc.c:158] __analogRead(): Pin 20 is not ADC pin!
[862017][E][esp32-hal-adc.c:158] __analogRead(): Pin 20 is not ADC pin!
[863017][E][esp32-hal-adc.c:158] __analogRead(): Pin 20 is not ADC pin!
[864017][E][esp32-hal-adc.c:158] __analogRead(): Pin 20 is not ADC pin!
[865017][E][esp32-hal-adc.c:158] __analogRead(): Pin 20 is not ADC pin!
[866017][E][esp32-hal-adc.c:158] __analogRead(): Pin 20 is not ADC pin!
[867017][E][esp32-hal-adc.c:158] __analogRead(): Pin 20 is not ADC pin!
[868017][E][esp32-hal-adc.c:158] __analogRead(): Pin 20 is not ADC pin!
[869017][E][esp32-hal-adc.c:158] __analogRead(): Pin 20 is not ADC pin!
[870017][E][esp32-hal-adc.c:158] __analogRead(): Pin 20 is not ADC pin!
[871017][E][esp32-hal-adc.c:158] __analogRead(): Pin 20 is not ADC pin!
[872017][E][esp32-hal-adc.c:158] __analogRead(): Pin 20 is not ADC pin!
[873017][E][esp32-hal-adc.c:158] __analogRead(): Pin 20 is not ADC pin!
[874017][E][esp32-hal-adc.c:158] __analogRead(): Pin 20 is not ADC pin!
[875017][E][esp32-hal-adc.c:158] __analogRead(): Pin 20 is not ADC pin!
[876017][E][esp32-hal-adc.c:158] __analogRead(): Pin 20 is not ADC pin!
[877017][E][esp32-hal-adc.c:158] __analogRead(): Pin 20 is not ADC pin!
[878017][E][esp32-hal-adc.c:158] __analogRead(): Pin 20 is not ADC pin!
[879017][E][esp32-hal-adc.c:158] __analogRead(): Pin 20 is not ADC pin!
[880017][E][esp32-hal-adc.c:158] __analogRead(): Pin 20 is not ADC pin!
[881017][E][esp32-hal-adc.c:158] __analogRead(): Pin 20 is not ADC pin!
[882017][E][esp32-hal-adc.c:158] __analogRead(): Pin 20 is not ADC pin!
[883017][E][esp32-hal-adc.c:158] __analogRead(): Pin 20 is not ADC pin!
[884017][E][esp32-hal-adc.c:158] __analogRead(): Pin 20 is not ADC pin!
[885017][E][esp32-hal-adc.c:158] __analogRead(): Pin 20 is not ADC pin!
[886017][E][esp32-hal-adc.c:158] __analogRead(): Pin 20 is not ADC pin!
[887017][E][esp32-hal-adc.c:158] __analogRead(): Pin 20 is not ADC pin!
[888017][E][esp32-hal-adc.c:158] __analogRead(): Pin 20 is not ADC pin!
[889017][E][esp32-hal-adc.c:158] __analogRead(): Pin 20 is not ADC pin!
[890017][E][esp32-hal-adc.c:158] __analogRead(): Pin 20 is not ADC pin!
[891017][E][esp32-hal-adc.c:158] __analogRead(): Pin 20 is not ADC pin!
[892017][E][esp32-hal-adc.c:158] __analogRead(): Pin 20 is not ADC pin!
[893017][E][esp32-hal-adc.c:158] __analogRead(): Pin 20 is not ADC pin!
[894017][E][esp32-hal-adc.c:158] __analogRead(): Pin 20 is not ADC pin!
[895017][E][esp32-hal-adc.c:158] __analogRead(): Pin 20 is not ADC pin!
[896017][E][esp32-hal-adc.c:158] __analogRead(): Pin 20 is not ADC pin!
[897017][E][esp32-hal-adc.c:158] __analogRead(): Pin 20 is not ADC pin!
[898017][E][esp32-hal-adc.c:158] __analogRead(): Pin 20 is not ADC pin!
[899017][E][esp32-hal-adc.c:158] __analogRead(): Pin 20 is not ADC pin!
[900017][E][esp32-hal-adc.c:158] __analogRead(): Pin 20 is not ADC pin!
[901017][E][esp32-hal-adc.c:158] __analogRead(): Pin 20 is not ADC pin!
[902017][E][esp32-hal-adc.c:158] __analogRead(): Pin 20 is not ADC pin!
[903017][E][esp32-hal-adc.c:158] __analogRead(): Pin 20 is not ADC pin!
[904017][E][esp32-hal-adc.c:158] __analogRead(): Pin 20 is not ADC pin!
[905017][E][esp32-hal-adc.c:158] __analogRead(): Pin 20 is not ADC pin!
[906017][E][esp32-hal-adc.c:158] __analogRead(): Pin 20 is not ADC pin!
[907017][E][esp32-hal-adc.c:158] __analogRead(): Pin 20 is not ADC pin!
[908017][E][esp32-hal-adc.c:158] __analogRead(): Pin 20 is not ADC pin!
[909017][E][esp32-hal-adc.c:158] __analogRead(): Pin 20 is not ADC pin!
[910017][E][esp32-hal-adc.c:158] __analogRead(): Pin 20 is not ADC pin!
[911017][E][esp32-hal-adc.c:158] __analogRead(): Pin 20 is not ADC pin!
[912017][E][esp32-hal-adc.c:158] __analogRead(): Pin 20 is not ADC pin!
[913017][E][esp32-hal-adc.c:158] __analogRead(): Pin 20 is not ADC pin!
[914017][E][esp32-hal-adc.c:158] __analogRead(): Pin 20 is not ADC pin!
[915017][E][esp32-hal-adc.c:158] __analogRead(): Pin 20 is not ADC pin!
[916017][E][esp32-hal-adc.c:158] __analogRead(): Pin 20 is not ADC pin!
[917017][E][esp32-hal-adc.c:158] __analogRead(): Pin 20 is not ADC pin!
[918017][E][esp32-hal-adc.c:158] __analogRead(): Pin 20 is not ADC pin!
[919017][E][esp32-hal-adc.c:158] __analogRead(): Pin 20 is not ADC pin!
[920017][E][esp32-hal-adc.c:158] __analogRead(): Pin 20 is not ADC pin!
[921017][E][esp32-hal-adc.c:158] __analogRead(): Pin 20 is not ADC pin!
[922017][E][esp32-hal-adc.c:158] __analogRead(): Pin 20 is not ADC pin!
[923017][E][esp32-hal-adc.c:158] __analogRead(): Pin 20 is not ADC pin!
[924017][E][esp32-hal-adc.c:158] __analogRead(): Pin 20 is not ADC pin!
[925017][E][esp32-hal-adc.c:158] __analogRead(): Pin 20 is not ADC pin!
[926017][E][esp32-hal-adc.c:158] __analogRead(): Pin 20 is not ADC pin!
[927017][E][esp32-hal-adc.c:158] __analogRead(): Pin 20 is not ADC pin!
[928017][E][esp32-hal-adc.c:158] __analogRead(): Pin 20 is not ADC pin!
[929017][E][esp32-hal-adc.c:158] __analogRead(): Pin 20 is not ADC pin!
[930017][E][esp32-hal-adc.c:158] __analogRead(): Pin 20 is not ADC pin!
[931017][E][esp32-hal-adc.c:158] __analogRead(): Pin 20 is not ADC pin!
[932017][E][esp32-hal-adc.c:158] __analogRead(): Pin 20 is not ADC pin!
[933017][E][esp32-hal-adc.c:158] __analogRead(): Pin 20 is not ADC pin!
[934017][E][esp32-hal-adc.c:158] __analogRead(): Pin 20 is not ADC pin!
[935017][E][esp32-hal-adc.c:158] __analogRead(): Pin 20 is not ADC pin!
[936017][E][esp32-hal-adc.c:158] __analogRead(): Pin 20 is not ADC pin!
[937017][E][esp32-hal-adc.c:158] __analogRead(): Pin 20 is not ADC pin!
[938017][E][esp32-hal-adc.c:158] __analogRead(): Pin 20 is not ADC pin!
[939017][E][esp32-hal-adc.c:158] __analogRead(): Pin 20 is not ADC pin!
[940017][E][esp32-hal-adc.c:158] __analogRead(): Pin 20 is not ADC pin!
[941017][E][esp32-hal-adc.c:158] __analogRead(): Pin 20 is not ADC pin!
[942017][E][esp32-hal-adc.c:158] __analogRead(): Pin 20 is not ADC pin!
[943017][E][esp32-hal-adc.c:158] __analogRead(): Pin 20 is not ADC pin!
[944017][E][esp32-hal-adc.c:158] __analogRead(): Pin 20 is not ADC pin!
[945017][E][esp32-hal-adc.c:158] __analogRead(): Pin 20 is not ADC pin!
[946017][E][esp32-hal-adc.c:158] __analogRead(): Pin 20 is not ADC pin!
[947017][E][esp32-hal-adc.c:158] __analogRead(): Pin 20 is not ADC pin!
[948017][E][esp32-hal-adc.c:158] __analogRead(): Pin 20 is not ADC pin!
[949017][E][esp32-hal-adc.c:158] __analogRead(): Pin 20 is not ADC pin!
[950017][E][esp32-hal-adc.c:158] __analogRead(): Pin 20 is not ADC pin!
[951017][E][esp32-hal-adc.c:158] __analogRead(): Pin 20 is not ADC pin!
[952017][E][esp32-hal-adc.c:158] __analogRead(): Pin 20 is not ADC pin!
[953017][E][esp32-hal-adc.c:158] __analogRead(): Pin 20 is not ADC pin!
[954017][E][esp32-hal-adc.c:158] __analogRead(): Pin 20 is not ADC pin!
[955017][E][esp32-hal-adc.c:158] __analogRead(): Pin 20 is not ADC pin!
[956017][E][esp32-hal-adc.c:158] __analogRead(): Pin 20 is not ADC pin!
[957017][E][esp32-hal-adc.c:158] __analogRead(): Pin 20 is not ADC pin!
[958017][E][esp32-hal-adc.c:158] __analogRead(): Pin 20 is not ADC pin!
[959017][E][esp32-hal-adc.c:158] __analogRead(): Pin 20 is not ADC pin!
[960017][E][esp32-hal-adc.c:158] __analogRead(): Pin 20 is not ADC pin!
[961017][E][esp32-hal-adc.c:158] __analogRead(): Pin 20 is not ADC pin!
[962017][E][esp32-hal-adc.c:158] __analogRead(): Pin 20 is not ADC pin!
[963017][E][esp32-hal-adc.c:158] __analogRead(): Pin 20 is not ADC pin!
[964017][E][esp32-hal-adc.c:158] __analogRead(): Pin 20 is not ADC pin!
[965017][E][esp32-hal-adc.c:158] __analogRead(): Pin 20 is not ADC pin!
[966017][E][esp32-hal-adc.c:158] __analogRead(): Pin 20 is not ADC pin!
[967017][E][esp32-hal-adc.c:158] __analogRead(): Pin 20 is not ADC pin!
[968017][E][esp32-hal-adc.c:158] __analogRead(): Pin 20 is not ADC pin!
[969017][E][esp32-hal-adc.c:158] __analogRead(): Pin 20 is not ADC pin!
[970017][E][esp32-hal-adc.c:158] __analogRead(): Pin 20 is not ADC pin!
[971017][E][esp32-hal-adc.c:158] __analogRead(): Pin 20 is not ADC pin!
[972017][E][esp32-hal-adc.c:158] __analogRead(): Pin 20 is not ADC pin!
[973017][E][esp32-hal-adc.c:158] __analogRead(): Pin 20 is not ADC pin!
[974017][E][esp32-hal-adc.c:158] __analogRead(): Pin 20 is not ADC pin!
[975017][E][esp32-hal-adc.c:158] __analogRead(): Pin 20 is not ADC pin!
[976017][E][esp32-hal-adc.c:158] __analogRead(): Pin 20 is not ADC pin!
[977017][E][esp32-hal-adc.c:158] __analogRead(): Pin 20 is not ADC pin!
[978017][E][esp32-hal-adc.c:158] __analogRead(): Pin 20 is not ADC pin!
[979017][E][esp32-hal-adc.c:158] __analogRead(): Pin 20 is not ADC pin!
[980017][E][esp32-hal-adc.c:158] __analogRead(): Pin 20 is not ADC pin!
[981017][E][esp32-hal-adc.c:158] __analogRead(): Pin 20 is not ADC pin!
[982017][E][esp32-hal-adc.c:158] __analogRead(): Pin 20 is not ADC pin!
[983017][E][esp32-hal-adc.c:158] __analogRead(): Pin 20 is not ADC pin!
[984017][E][esp32-hal-adc.c:158] __analogRead(): Pin 20 is not ADC pin!
[985017][E][esp32-hal-adc.c:158] __analogRead(): Pin 20 is not ADC pin!
[986017][E][esp32-hal-adc.c:158] __analogRead(): Pin 20 is not ADC pin!
[987017][E][esp32-hal-adc.c:158] __analogRead(): Pin 20 is not ADC pin!
[988017][E][esp32-hal-adc.c:158] __analogRead(): Pin 20 is not ADC pin!
[989017][E][esp32-hal-adc.c:158] __analogRead(): Pin 20 is not ADC pin!
[990017][E][esp32-hal-adc.c:158] __analogRead(): Pin 20 is not ADC pin!
[991017][E][esp32-hal-adc.c:158] __analogRead(): Pin 20 is not ADC pin!
[992017][E][esp32-hal-adc.c:158] __analogRead(): Pin 20 is not ADC pin!
[993017][E][esp32-hal-adc.c:158] __analogRead(): Pin 20 is not ADC pin!
[994017][E][esp32-hal-adc.c:158] __analogRead(): Pin 20 is not ADC pin!
[995017][E][esp32-hal-adc.c:158] __analogRead(): Pin 20 is not ADC pin!
[996017][E][esp32-hal-adc.c:158] __analogRead(): Pin 20 is not ADC pin!
[997017][E][esp32-hal-adc.c:158] __analogRead(): Pin 20 is not ADC pin!
[998017][E][esp32-hal-adc.c:158] __analogRead(): Pin 20 is not ADC pin!
[999017][E][esp32-hal-adc.c:158] __analogRead(): Pin 20 is not ADC pin!
[1000017][E][esp32-hal-adc.c:158] __analogRead(): Pin 20 is not ADC pin!
[1001017][E][esp32-hal-adc.c:158] __analogRead(): Pin 20 is not ADC pin!
[1002017][E][esp32-hal-adc.c:158] __analogRead(): Pin 20 is not ADC pin!
[1003017][E][esp32-hal-adc.c:158] __analogRead(): Pin 20 is not ADC pin!
[1004017][E][esp32-hal-adc.c:158] __analogRead(): Pin 20 is not ADC pin!
[1005017][E][esp32-hal-adc.c:158] __analogRead(): Pin 20 is not ADC pin!
[1006017][E][esp32-hal-adc.c:158] __analogRead(): Pin 20 is not ADC pin!
[1007017][E][esp32-hal-adc.c:158] __analogRead(): Pin 20 is not ADC pin!
[1008017][E][esp32-hal-adc.c:158] __analogRead(): Pin 20 is not ADC pin!
[1009017][E][esp32-hal-adc.c:158] __analogRead(): Pin 20 is not ADC pin!
[1010017][E][esp32-hal-adc.c:158] __analogRead(): Pin 20 is not ADC pin!
[1011017][E][esp32-hal-adc.c:158] __analogRead(): Pin 20 is not ADC pin!
[1012017][E][esp32-hal-adc.c:158] __analogRead(): Pin 20 is not ADC pin!
[1013017][E][esp32-hal-adc.c:158] __analogRead(): Pin 20 is not ADC pin!
[1014017][E][esp32-hal-adc.c:158] __analogRead(): Pin 20 is not ADC pin!
[1015017][E][esp32-hal-adc.c:158] __analogRead(): Pin 20 is not ADC pin!
[1016017][E][esp32-hal-adc.c:158] __analogRead(): Pin 20 is not ADC pin!
[1017017][E][esp32-hal-adc.c:158] __analogRead(): Pin 20 is not ADC pin!
[1018017][E][esp32-hal-adc.c:158] __analogRead(): Pin 20 is not ADC pin!
[1019017][E][esp32-hal-adc.c:158] __analogRead(): Pin 20 is not ADC pin!
[1020017][E][esp32-hal-adc.c:158] __analogRead(): Pin 20 is not ADC pin!
[1021017][E][esp32-hal-adc.c:158] __analogRead(): Pin 20 is not ADC pin!
[1022017][E][esp32-hal-adc.c:158] __analogRead(): Pin 20 is not ADC pin!
[1023017][E][esp32-hal-adc.c:158] __analogRead(): Pin 20 is not ADC pin!
[1024017][E][esp32-hal-adc.c:158] __analogRead(): Pin 20 is not ADC pin!
[1025017][E][esp32-hal-adc.c:158] __analogRead(): Pin 20 is not ADC pin!
[1026017][E][esp32-hal-adc.c:158] __analogRead(): Pin 20 is not ADC pin!
[1027017][E][esp32-hal-adc.c:158] __analogRead(): Pin 20 is not ADC pin!
[1028017][E][esp32-hal-adc.c:158] __analogRead(): Pin 20 is not ADC pin!
[1029017][E][esp32-hal-adc.c:158] __analogRead(): Pin 20 is not ADC pin!
[1030017][E][esp32-hal-adc.c:158] __analogRead(): Pin 20 is not ADC pin!
[1031017][E][esp32-hal-adc.c:158] __analogRead(): Pin 20 is not ADC pin!
[1032017][E][esp32-hal-adc.c:158] __analogRead(): Pin 20 is not ADC pin!
[1033017][E][esp32-hal-adc.c:158] __analogRead(): Pin 20 is not ADC pin!
[1034017][E][esp32-hal-adc.c:158] __analogRead(): Pin 20 is not ADC pin!
[1035017][E][esp32-hal-adc.c:158] __analogRead(): Pin 20 is not ADC pin!
[1036017][E][esp32-hal-adc.c:158] __analogRead(): Pin 20 is not ADC pin!
[1037017][E][esp32-hal-adc.c:158] __analogRead(): Pin 20 is not ADC pin!
[1038017][E][esp32-hal-adc.c:158] __analogRead(): Pin 20 is not ADC pin!
[1039017][E][esp32-hal-adc.c:158] __analogRead(): Pin 20 is not ADC pin!
[1040017][E][esp32-hal-adc.c:158] __analogRead(): Pin 20 is not ADC pin!
[1041017][E][esp32-hal-adc.c:158] __analogRead(): Pin 20 is not ADC pin!
[1042017][E][esp32-hal-adc.c:158] __analogRead(): Pin 20 is not ADC pin!
[1043017][E][esp32-hal-adc.c:158] __analogRead(): Pin 20 is not ADC pin!
[1044017][E][esp32-hal-adc.c:158] __analogRead(): Pin 20 is not ADC pin!
[1045017][E][esp32-hal-adc.c:158] __analogRead(): Pin 20 is not ADC pin!
[1046017][E][esp32-hal-adc.c:158] __analogRead(): Pin 20 is not ADC pin!
[1047017][E][esp32-hal-adc.c:158] __analogRead(): Pin 20 is not ADC pin!
[1048017][E][esp32-hal-adc.c:158] __analogRead(): Pin 20 is not ADC pin!
[1049017][E][esp32-hal-adc.c:158] __analogRead(): Pin 20 is not ADC pin!
[1050017][E][esp32-hal-adc.c:158] __analogRead(): Pin 20 is not ADC pin!
[1051017][E][esp32-hal-adc.c:158] __analogRead(): Pin 20 is not ADC pin!
[1052017][E][esp32-hal-adc.c:158] __analogRead(): Pin 20 is not ADC pin!
[1053017][E][esp32-hal-adc.c:158] __analogRead(): Pin 20 is not ADC pin!
[1054017][E][esp32-hal-adc.c:158] __analogRead(): Pin 20 is not ADC pin!
[1055017][E][esp32-hal-adc.c:158] __analogRead(): Pin 20 is not ADC pin!
[1056017][E][esp32-hal-adc.c:158] __analogRead(): Pin 20 is not ADC pin!
[1057017][E][esp32-hal-adc.c:158] __analogRead(): Pin 20 is not ADC pin!
[1058017][E][esp32-hal-adc.c:158] __analogRead(): Pin 20 is not ADC pin!
[1059017][E][esp32-hal-adc.c:158] __analogRead(): Pin 20 is not ADC pin!
[1060017][E][esp32-hal-adc.c:158] __analogRead(): Pin 20 is not ADC pin!
[1061017][E][esp32-hal-adc.c:158] __analogRead(): Pin 20 is not ADC pin!
[1062017][E][esp32-hal-adc.c:158] __analogRead(): Pin 20 is not ADC pin!
[1063017][E][esp32-hal-adc.c:158] __analogRead(): Pin 20 is not ADC pin!
[1064017][E][esp32-hal-adc.c:158] __analogRead(): Pin 20 is not ADC pin!
[1065017][E][esp32-hal-adc.c:158] __analogRead(): Pin 20 is not ADC pin!
[1066017][E][esp32-hal-adc.c:158] __analogRead(): Pin 20 is not ADC pin!
[1067017][E][esp32-hal-adc.c:158] __analogRead(): Pin 20 is not ADC pin!
[1068017][E][esp32-hal-adc.c:158] __analogRead(): Pin 20 is not ADC pin!
[1069017][E][esp32-hal-adc.c:158] __analogRead(): Pin 20 is not ADC pin!
[1070017][E][esp32-hal-adc.c:158] __analogRead(): Pin 20 is not ADC pin!
[1071017][E][esp32-hal-adc.c:158] __analogRead(): Pin 20 is not ADC pin!
[1072017][E][esp32-hal-adc.c:158] __analogRead(): Pin 20 is not ADC pin!
[1073017][E][esp32-hal-adc.c:158] __analogRead(): Pin 20 is not ADC pin!
[1074017][E][esp32-hal-adc.c:158] __analogRead(): Pin 20 is not ADC pin!
[1075017][E][esp32-hal-adc.c:158] __analogRead(): Pin 20 is not ADC pin!
[1076017][E][esp32-hal-adc.c:158] __analogRead(): Pin 20 is not ADC pin!
[1077017][E][esp32-hal-adc.c:158] __analogRead(): Pin 20 is not ADC pin!
[1078017][E][esp32-hal-adc.c:158] __analogRead(): Pin 20 is not ADC pin!
[1079017][E][esp32-hal-adc.c:158] __analogRead(): Pin 20 is not ADC pin!
[1080017][E][esp32-hal-adc.c:158] __analogRead(): Pin 20 is not ADC pin!
[1081017][E][esp32-hal-adc.c:158] __analogRead(): Pin 20 is not ADC pin!
[1082017][E][esp32-hal-adc.c:158] __analogRead(): Pin 20 is not ADC pin!
[1083017][E][esp32-hal-adc.c:158] __analogRead(): Pin 20 is not ADC pin!
[1084017][E][esp32-hal-adc.c:158] __analogRead(): Pin 20 is not ADC pin!
[1085017][E][esp32-hal-adc.c:158] __analogRead(): Pin 20 is not ADC pin!
[1086017][E][esp32-hal-adc.c:158] __analogRead(): Pin 20 is not ADC pin!
[1087017][E][esp32-hal-adc.c:158] __analogRead(): Pin 20 is not ADC pin!
[1088017][E][esp32-hal-adc.c:158] __analogRead(): Pin 20 is not ADC pin!
[1089017][E][esp32-hal-adc.c:158] __analogRead(): Pin 20 is not ADC pin!
[1090017][E][esp32-hal-adc.c:158] __analogRead(): Pin 20 is not ADC pin!
[1091017][E][esp32-hal-adc.c:158] __analogRead(): Pin 20 is not ADC pin!
[1092017][E][esp32-hal-adc.c:158] __analogRead(): Pin 20 is not ADC pin!
[1093017][E][esp32-hal-adc.c:158] __analogRead(): Pin 20 is not ADC pin!
[1094017][E][esp32-hal-adc.c:158] __analogRead(): Pin 20 is not ADC pin!
[1095017][E][esp32-hal-adc.c:158] __analogRead(): Pin 20 is not ADC pin!
[1096017][E][esp32-hal-adc.c:158] __analogRead(): Pin 20 is not ADC pin!
[1097017][E][esp32-hal-adc.c:158] __analogRead(): Pin 20 is not ADC pin!
[1098017][E][esp32-hal-adc.c:158] __analogRead(): Pin 20 is not ADC pin!
[1099017][E][esp32-hal-adc.c:158] __analogRead(): Pin 20 is not ADC pin!
[1100017][E][esp32-hal-adc.c:158] __analogRead(): Pin 20 is not ADC pin!
[1101017][E][esp32-hal-adc.c:158] __analogRead(): Pin 20 is not ADC pin!
[1102017][E][esp32-hal-adc.c:158] __analogRead(): Pin 20 is not ADC pin!
[1103017][E][esp32-hal-adc.c:158] __analogRead(): Pin 20 is not ADC pin!
[1104017][E][esp32-hal-adc.c:158] __analogRead(): Pin 20 is not ADC pin!
[1105017][E][esp32-hal-adc.c:158] __analogRead(): Pin 20 is not ADC pin!
[1106017][E][esp32-hal-adc.c:158] __analogRead(): Pin 20 is not ADC pin!
[1107017][E][esp32-hal-adc.c:158] __analogRead(): Pin 20 is not ADC pin!
[1108017][E][esp32-hal-adc.c:158] __analogRead(): Pin 20 is not ADC pin!
[1109017][E][esp32-hal-adc.c:158] __analogRead(): Pin 20 is not ADC pin!
[1110017][E][esp32-hal-adc.c:158] __analogRead(): Pin 20 is not ADC pin!
[1111017][E][esp32-hal-adc.c:158] __analogRead(): Pin 20 is not ADC pin!
[1112017][E][esp32-hal-adc.c:158] __analogRead(): Pin 20 is not ADC pin!
[1113017][E][esp32-hal-adc.c:158] __analogRead(): Pin 20 is not ADC pin!
[1114017][E][esp32-hal-adc.c:158] __analogRead(): Pin 20 is not ADC pin!
[1115017][E][esp32-hal-adc.c:158] __analogRead(): Pin 20 is not ADC pin!
[1116017][E][esp32-hal-adc.c:158] __analogRead(): Pin 20 is not ADC pin!
[1117017][E][esp32-hal-adc.c:158] __analogRead(): Pin 20 is not ADC pin!
[1118017][E][esp32-hal-adc.c:158] __analogRead(): Pin 20 is not ADC pin!
[1119017][E][esp32-hal-adc.c:158] __analogRead(): Pin 20 is not ADC pin!
[1120017][E][esp32-hal-adc.c:158] __analogRead(): Pin 20 is not ADC pin!
[1121017][E][esp32-hal-adc.c:158] __analogRead(): Pin 20 is not ADC pin!
[1122017][E][esp32-hal-adc.c:158] __analogRead(): Pin 20 is not ADC pin!
[1123017][E][esp32-hal-adc.c:158] __analogRead(): Pin 20 is not ADC pin!
