Robot state:1
Robot x:4095
Robot y:1858
wepon state:1
wepon pot:0
Robot state:1
Robot x:4095
Robot y:1867
wepon state:1
wepon pot:0
Robot state:1
Robot x:4095
Robot y:1867
wepon state:1
wepon pot:0
Robot state:1
Robot x:4095
Robot y:1867
wepon state:1
wepon pot:0
Robot state:1
Robot x:4095
Robot y:1870
wepon state:1
wepon pot:0
Robot state:1
Robot x:4095
Robot y:4095
wepon state:1
wepon pot:0
Robot state:1
Robot x:4095
Robot y:4095
wepon state:1
wepon pot:0
Robot state:1
Robot x:4095
Robot y:0
wepon state:1
wepon pot:0
Robot state:1
Robot x:4095
Robot y:1871
wepon state:1
wepon pot:0
Robot state:1
Robot x:4095
Robot y:1294
wepon state:1
wepon pot:0
Robot state:1
Robot x:4095
Robot y:1864
wepon state:1
wepon pot:0
Robot state:1
Robot x:4095
Robot y:1862
wepon state:0
wepon pot:0
Robot state:1
Robot x:4095
Robot y:1867
wepon state:1
wepon pot:0
Robot state:1
Robot x:4095
Robot y:1868
wepon state:1
wepon pot:0
Robot state:1
Robot x:4095
Robot y:1871
wepon state:1
wepon pot:0
Robot state:1
Robot x:4095
Robot y:1840
wepon state:1
wepon pot:0
Robot state:1
Robot x:4095
Robot y:4095
wepon state:1
wepon pot:0
Robot state:1
Robot x:4095
Robot y:4095
wepon state:1
wepon pot:0
Robot state:1
Robot x:4095
Robot y:1870
wepon state:1
wepon pot:0
Robot state:1
Robot x:4095
Robot y:1863
wepon state:1
wepon pot:0
Robot state:1
Robot x:4095
Robot y:1867
wepon state:0
wepon pot:0
Robot state:1
Robot x:0
Robot y:1733
wepon state:1
wepon pot:338
Robot state:0
Robot x:0
Robot y:621
wepon state:1
wepon pot:336
Robot state:0
Robot x:0
Robot y:629
wepon state:1
wepon pot:338
Robot state:0
Robot x:0
Robot y:633
wepon state:1
wepon pot:325
Robot state:0
Robot x:0
Robot y:637
wepon state:1
wepon pot:334
Robot state:0
Robot x:0
Robot y:637
wepon state:1
wepon pot:335
Robot state:0
Robot x:0
Robot y:639
wepon state:1
wepon pot:337
Robot state:0
Robot x:0
Robot y:635
wepon state:1
wepon pot:337
Robot state:0
Robot x:0
Robot y:633
wepon state:1
wepon pot:336
Robot state:0
Robot x:0
Robot y:630
wepon state:1
wepon pot:327
Robot state:0
Robot x:0
Robot y:626
wepon state:1
wepon pot:330
Robot state:0
Robot x:0
Robot y:627
wepon state:1
wepon pot:336
Robot state:0
Robot x:0
Robot y:650
wepon state:1
wepon pot:336
Robot state:0
Robot x:0
Robot y:661
wepon state:1
wepon pot:343
Robot state:0
Robot x:0
Robot y:650
wepon state:1
wepon pot:336
Robot state:0
Robot x:0
Robot y:639
wepon state:1
wepon pot:336
Robot state:0
Robot x:0
Robot y:635
wepon state:1
wepon pot:329
Robot state:0
Robot x:0
Robot y:628
wepon state:1
wepon pot:336
Robot state:0
Robot x:0
Robot y:595
wepon state:1
wepon pot:323
Robot state:0
Robot x:0
Robot y:606
wepon state:1
wepon pot:336
Robot state:0
Robot x:0
Robot y:623
wepon state:1
wepon pot:337
Robot state:0
Robot x:0
Robot y:630
wepon state:1
wepon pot:337
Robot state:0
Robot x:0
Robot y:642
wepon state:1
wepon pot:344
Robot state:0
Robot x:0
Robot y:656
wepon state:1
wepon pot:339
Robot state:0
Robot x:0
Robot y:666
wepon state:1
wepon pot:336
Robot state:0
Robot x:0
Robot y:645
wepon state:1
wepon pot:336
Robot state:0
Robot x:0
Robot y:628
wepon state:1
wepon pot:336
Robot state:0
Robot x:0
Robot y:602
wepon state:1
wepon pot:327
Robot state:0
Robot x:0
Robot y:594
wepon state:1
wepon pot:332
Robot state:0
Robot x:0
Robot y:591
wepon state:1
wepon pot:327
Robot state:0
Robot x:0
Robot y:603
wepon state:1
wepon pot:336
Robot state:0
Robot x:0
Robot y:621
wepon state:1
wepon pot:338
Robot state:0
Robot x:0
Robot y:642
wepon state:1
wepon pot:349
Robot state:0
Robot x:0
Robot y:661
wepon state:1
wepon pot:343
Robot state:0
Robot x:0
Robot y:666
wepon state:1
wepon pot:345
Robot state:0
Robot x:0
Robot y:627
wepon state:1
wepon pot:336
Robot state:0
Robot x:0
Robot y:624
wepon state:1
wepon pot:326
Robot state:0
Robot x:0
Robot y:624
wepon state:1
wepon pot:336
Robot state:0
Robot x:0
Robot y:629
wepon state:1
wepon pot:333
Robot state:0
Robot x:0
Robot y:624
wepon state:1
wepon pot:338
Robot state:0
Robot x:0
Robot y:624
wepon state:1
wepon pot:336
Robot state:0
Robot x:0
Robot y:624
wepon state:1
wepon pot:335
Robot state:0
Robot x:0
Robot y:624
wepon state:1
wepon pot:336
Robot state:0
Robot x:0
Robot y:625
wepon state:1
wepon pot:333
Robot state:0
Robot x:0
Robot y:624
wepon state:1
wepon pot:331
Robot state:0
Robot x:0
Robot y:624
wepon state:1
wepon pot:336
Robot state:0
Robot x:0
Robot y:624
wepon state:1
wepon pot:337
Robot state:0
Robot x:0
Robot y:624
wepon state:1
wepon pot:331
Robot state:0
Robot x:0
Robot y:624
wepon state:1
wepon pot:332
Robot state:0
Robot x:0
Robot y:627
wepon state:1
wepon pot:335
Robot state:0
Robot x:0
Robot y:627
wepon state:1
wepon pot:333
Robot state:0
Robot x:0
Robot y:622
wepon state:1
wepon pot:326
Robot state:0
Robot x:0
Robot y:623
wepon state:1
wepon pot:337
Robot state:0
Robot x:0
Robot y:624
wepon state:1
wepon pot:335
Robot state:0
Robot x:0
Robot y:643
wepon state:1
wepon pot:340
Robot state:0
Robot x:0
Robot y:622
wepon state:1
wepon pot:331
Robot state:0
Robot x:0
Robot y:624
wepon state:1
wepon pot:331
Robot state:0
Robot x:0
Robot y:624
wepon state:1
wepon pot:339
Robot state:0
Robot x:0
Robot y:625
wepon state:1
wepon pot:335
Robot state:0
Robot x:0
Robot y:631
wepon state:1
wepon pot:336
Robot state:0
Robot x:0
Robot y:627
wepon state:1
wepon pot:337
Robot state:0
Robot x:0
Robot y:625
wepon state:1
wepon pot:333
Robot state:0
Robot x:0
Robot y:626
wepon state:1
wepon pot:336
Robot state:0
Robot x:0
Robot y:625
wepon state:1
wepon pot:335
Robot state:0
Robot x:0
Robot y:624
wepon state:1
wepon pot:337
Robot state:1
Robot x:195
Robot y:674
wepon state:1
wepon pot:336
Robot state:1
Robot x:4095
Robot y:833
wepon state:1
wepon pot:0
Robot state:1
Robot x:4095
Robot y:778
wepon state:1
wepon pot:0
Robot state:1
Robot x:4095
Robot y:2407
wepon state:1
wepon pot:0
Robot state:1
Robot x:4095
Robot y:791
wepon state:1
wepon pot:0
Robot state:1
Robot x:4095
Robot y:1659
wepon state:1
wepon pot:0
Robot state:1
Robot x:4095
Robot y:1552
wepon state:1
wepon pot:0
Robot state:1
Robot x:4095
Robot y:2117
wepon state:1
wepon pot:0
Robot state:1
Robot x:4095
Robot y:769
wepon state:1
wepon pot:0
Robot state:1
Robot x:4095
Robot y:831
wepon state:1
wepon pot:0
Robot state:1
Robot x:4095
Robot y:823
wepon state:1
wepon pot:0
Robot state:1
Robot x:4095
Robot y:963
wepon state:1
wepon pot:0
Robot state:1
Robot x:4095
Robot y:975
wepon state:1
wepon pot:0
Robot state:1
Robot x:4095
Robot y:767
wepon state:1
wepon pot:0
Robot state:1
Robot x:4095
Robot y:885
wepon state:1
wepon pot:0
Robot state:1
Robot x:4095
Robot y:854
wepon state:1
wepon pot:0
Robot state:1
Robot x:4095
Robot y:587
wepon state:1
wepon pot:0
Robot state:1
Robot x:4095
Robot y:892
wepon state:1
wepon pot:0
Robot state:1
Robot x:4095
Robot y:1894
wepon state:1
wepon pot:0
Robot state:1
Robot x:4095
Robot y:1906
wepon state:1
wepon pot:0
Robot state:1
Robot x:4095
Robot y:1899
wepon state:1
wepon pot:0
Robot state:1
Robot x:4095
Robot y:1901
wepon state:1
wepon pot:0
Robot state:1
Robot x:4095
Robot y:1907
wepon state:1
wepon pot:0
Robot state:1
Robot x:4095
Robot y:4095
wepon state:1
wepon pot:0
Robot state:1
Robot x:4095
Robot y:4095
wepon state:1
wepon pot:0
Robot state:1
Robot x:4095
Robot y:1846
wepon state:0
wepon pot:0
Robot state:1
Robot x:4095
Robot y:0
wepon state:1
wepon pot:0
Robot state:1
Robot x:4095
Robot y:0
wepon state:1
wepon pot:0
Robot state:1
Robot x:4095
Robot y:1906
wepon state:1
wepon pot:0
Robot state:1
Robot x:4095
Robot y:4095
wepon state:1
wepon pot:0
Robot state:1
Robot x:4095
Robot y:1907
wepon state:1
wepon pot:0
Robot state:1
Robot x:4095
Robot y:0
wepon state:1
wepon pot:0
Robot state:1
Robot x:4095
Robot y:0
wepon state:1
wepon pot:0
Robot state:1
Robot x:4095
Robot y:0
wepon state:0
wepon pot:0
Robot state:1
Robot x:4095
Robot y:798
wepon state:1
wepon pot:0
Robot state:1
Robot x:4095
Robot y:707
wepon state:1
wepon pot:0
Robot state:1
Robot x:4095
Robot y:878
wepon state:1
wepon pot:0
Robot state:1
Robot x:4095
Robot y:1363
wepon state:1
wepon pot:0
Robot state:1
Robot x:4095
Robot y:1424
wepon state:1
wepon pot:0
Robot state:1
Robot x:4095
Robot y:1339
wepon state:1
wepon pot:0
Robot state:1
Robot x:4095
Robot y:929
wepon state:1
wepon pot:0
Robot state:1
Robot x:4095
Robot y:631
wepon state:0
wepon pot:0
Robot state:1
Robot x:4095
Robot y:0
wepon state:0
wepon pot:0
Robot state:1
Robot x:4095
Robot y:756
wepon state:1
wepon pot:0
Robot state:1
Robot x:4095
Robot y:3575
wepon state:1
wepon pot:0
Robot state:1
Robot x:4095
Robot y:4095
wepon state:1
wepon pot:0
Robot state:1
Robot x:4095
Robot y:4095
wepon state:1
wepon pot:0
Robot state:1
Robot x:4095
Robot y:3375
wepon state:1
wepon pot:0
Robot state:1
Robot x:4095
Robot y:2129
wepon state:1
wepon pot:0
Robot state:1
Robot x:4095
Robot y:0
wepon state:0
wepon pot:0
Robot state:1
Robot x:4095
Robot y:0
wepon state:0
wepon pot:0
Robot state:1
Robot x:4095
Robot y:0
wepon state:0
wepon pot:0
Robot state:1
Robot x:4095
Robot y:0
wepon state:0
wepon pot:0
Robot state:1
Robot x:4095
Robot y:0
wepon state:0
wepon pot:0
Robot state:1
Robot x:4095
Robot y:0
wepon state:0
wepon pot:0
Robot state:1
Robot x:4095
Robot y:1742
wepon state:1
wepon pot:0
Robot state:1
Robot x:4095
Robot y:1639
wepon state:1
wepon pot:0
Robot state:1
Robot x:4095
Robot y:1744
wepon state:1
wepon pot:0
Robot state:1
Robot x:4095
Robot y:1741
wepon state:1
wepon pot:0
Robot state:1
Robot x:4095
Robot y:1741
wepon state:1
wepon pot:0
Robot state:1
Robot x:4095
Robot y:4095
wepon state:1
wepon pot:0
Robot state:1
Robot x:4095
Robot y:4095
wepon state:1
wepon pot:0
Robot state:1
Robot x:4095
Robot y:0
wepon state:1
wepon pot:0
Robot state:1
Robot x:4095
Robot y:0
wepon state:1
wepon pot:0
Robot state:1
Robot x:4095
Robot y:1754
wepon state:1
wepon pot:0
Robot state:1
Robot x:4095
Robot y:1776
wepon state:0
wepon pot:0
Robot state:1
Robot x:4095
Robot y:4095
wepon state:1
wepon pot:0
Robot state:1
Robot x:4095
Robot y:1698
wepon state:1
wepon pot:0
Robot state:1
Robot x:4095
Robot y:1743
wepon state:1
wepon pot:0
Robot state:1
Robot x:4095
Robot y:1744
wepon state:1
wepon pot:0
Robot state:1
Robot x:4095
Robot y:1742
wepon state:1
wepon pot:0
Robot state:1
Robot x:4095
Robot y:1743
wepon state:1
wepon pot:0
Robot state:1
Robot x:4095
Robot y:1743
wepon state:1
wepon pot:0
Robot state:1
Robot x:4095
Robot y:1744
wepon state:1
wepon pot:0
Robot state:1
Robot x:4095
Robot y:1743
wepon state:1
wepon pot:0
Robot state:1
Robot x:4095
Robot y:1743
wepon state:1
wepon pot:0
Robot state:1
Robot x:4095
Robot y:1744
wepon state:1
wepon pot:0
Robot state:1
Robot x:4095
Robot y:1743
wepon state:1
wepon pot:0
Robot state:1
Robot x:4095
Robot y:1742
wepon state:1
wepon pot:0
Robot state:1
Robot x:4095
Robot y:1744
wepon state:1
wepon pot:0
