Robot state:0
Robot x:4095
Robot y:4095
wepon state:0
wepon pot:4095
Robot state:0
Robot x:4095
Robot y:4095
wepon state:0
wepon pot:4095
Robot state:0
Robot x:4095
Robot y:4095
wepon state:0
wepon pot:4095
Robot state:0
Robot x:4095
Robot y:4095
wepon state:0
wepon pot:4095
Robot state:0
Robot x:4095
Robot y:4095
wepon state:0
wepon pot:4095
Robot state:0
Robot x:4095
Robot y:4095
wepon state:0
wepon pot:4095
Robot state:0
Robot x:2704
Robot y:2549
wepon state:0
wepon pot:2423
Robot state:0
Robot x:2717
Robot y:2555
wepon state:0
wepon pot:340
Robot state:0
Robot x:2717
Robot y:2553
wepon state:0
wepon pot:0
Robot state:0
Robot x:2715
Robot y:2559
wepon state:0
wepon pot:1138
Robot state:0
Robot x:2712
Robot y:2550
wepon state:0
wepon pot:4095
Robot state:0
Robot x:4095
Robot y:4095
wepon state:0
wepon pot:4095
Robot state:0
Robot x:2723
Robot y:2576
wepon state:0
wepon pot:4095
Robot state:0
Robot x:2720
Robot y:2549
wepon state:0
wepon pot:153
Robot state:0
Robot x:2714
Robot y:2556
wepon state:0
wepon pot:0
Robot state:0
Robot x:2714
Robot y:2548
wepon state:0
wepon pot:0
Robot state:0
Robot x:2730
Robot y:2547
wepon state:0
wepon pot:0
Robot state:0
Robot x:0
Robot y:2541
wepon state:0
wepon pot:0
Robot state:0
Robot x:0
Robot y:2551
wepon state:0
wepon pot:0
Robot state:0
Robot x:4095
Robot y:4095
wepon state:0
wepon pot:425
Robot state:0
Robot x:4095
Robot y:4095
wepon state:0
wepon pot:415
Robot state:0
Robot x:2720
Robot y:2550
wepon state:0
wepon pot:0
Robot state:0
Robot x:2711
Robot y:0
wepon state:0
wepon pot:0
Robot state:0
Robot x:2711
Robot y:0
wepon state:0
wepon pot:0
Robot state:0
Robot x:2707
Robot y:2555
wepon state:0
wepon pot:0
Robot state:0
Robot x:2707
Robot y:2550
wepon state:0
wepon pot:0
Robot state:0
Robot x:4095
Robot y:4095
wepon state:0
wepon pot:336
Robot state:0
Robot x:4095
Robot y:4095
wepon state:0
wepon pot:351
Robot state:0
Robot x:4095
Robot y:4095
wepon state:0
wepon pot:846
Robot state:0
Robot x:4095
Robot y:4095
wepon state:0
wepon pot:410
Robot state:0
Robot x:4095
Robot y:4095
wepon state:0
wepon pot:419
Robot state:0
Robot x:503
Robot y:4095
wepon state:0
wepon pot:411
Robot state:0
Robot x:375
Robot y:4095
wepon state:0
wepon pot:387
Robot state:0
Robot x:0
Robot y:2546
wepon state:0
wepon pot:0
Robot state:0
Robot x:0
Robot y:0
wepon state:0
wepon pot:0
Robot state:0
Robot x:2718
Robot y:0
wepon state:0
wepon pot:0
Robot state:0
Robot x:3824
Robot y:0
wepon state:0
wepon pot:0
Robot state:0
Robot x:4095
Robot y:259
wepon state:0
wepon pot:275
Robot state:0
Robot x:2707
Robot y:390
wepon state:0
wepon pot:0
Robot state:0
Robot x:2715
Robot y:2550
wepon state:0
wepon pot:0
Robot state:0
Robot x:2704
Robot y:2549
wepon state:0
wepon pot:0
Robot state:0
Robot x:2706
Robot y:2557
wepon state:0
wepon pot:0
Robot state:0
Robot x:0
Robot y:0
wepon state:0
wepon pot:0
Robot state:0
Robot x:0
Robot y:0
wepon state:0
wepon pot:0
Robot state:0
Robot x:0
Robot y:0
wepon state:0
wepon pot:0
Robot state:0
Robot x:2641
Robot y:2461
wepon state:0
wepon pot:0
Robot state:0
Robot x:0
Robot y:0
wepon state:0
wepon pot:0
Robot state:0
Robot x:0
Robot y:0
wepon state:0
wepon pot:0
Robot state:0
Robot x:4095
Robot y:4095
wepon state:0
wepon pot:0
Robot state:0
Robot x:2716
Robot y:2717
wepon state:0
wepon pot:0
Robot state:0
Robot x:795
Robot y:2724
wepon state:0
wepon pot:0
Robot state:0
Robot x:2726
Robot y:2736
wepon state:0
wepon pot:0
Robot state:0
Robot x:0
Robot y:2736
wepon state:0
wepon pot:0
Robot state:0
Robot x:4095
Robot y:3808
wepon state:0
wepon pot:23
Robot state:0
Robot x:4095
Robot y:4095
wepon state:0
wepon pot:243
Robot state:0
Robot x:2731
Robot y:2723
wepon state:0
wepon pot:0
Robot state:0
Robot x:2729
Robot y:2731
wepon state:0
wepon pot:0
Robot state:0
Robot x:2736
Robot y:0
wepon state:0
wepon pot:0
Robot state:0
Robot x:1429
Robot y:0
wepon state:0
wepon pot:0
Robot state:0
Robot x:2711
Robot y:2722
wepon state:0
wepon pot:0
Robot state:0
Robot x:2710
Robot y:2733
wepon state:0
wepon pot:0
Robot state:0
Robot x:4095
Robot y:4095
wepon state:0
wepon pot:400
Robot state:0
Robot x:4095
Robot y:4095
wepon state:0
wepon pot:406
Robot state:0
Robot x:4095
Robot y:4095
wepon state:0
wepon pot:406
Robot state:0
Robot x:451
Robot y:4095
wepon state:0
wepon pot:395
Robot state:0
Robot x:624
Robot y:4095
wepon state:0
wepon pot:406
Robot state:0
Robot x:2704
Robot y:2736
wepon state:0
wepon pot:0
Robot state:0
Robot x:2717
Robot y:2730
wepon state:0
wepon pot:0
Robot state:0
Robot x:2706
Robot y:2736
wepon state:0
wepon pot:0
Robot state:0
Robot x:4095
Robot y:4095
wepon state:0
wepon pot:386
Robot state:0
Robot x:4095
Robot y:0
wepon state:0
wepon pot:0
Robot state:0
Robot x:4095
Robot y:51
wepon state:0
wepon pot:79
Robot state:0
Robot x:4095
Robot y:4095
wepon state:0
wepon pot:250
Robot state:0
Robot x:4095
Robot y:4095
wepon state:0
wepon pot:429
Robot state:0
Robot x:0
Robot y:1071
wepon state:0
wepon pot:0
Robot state:0
Robot x:0
Robot y:2736
wepon state:0
wepon pot:0
Robot state:0
Robot x:0
Robot y:4044
wepon state:0
wepon pot:0
Robot state:0
Robot x:2719
Robot y:2731
wepon state:0
wepon pot:0
Robot state:0
Robot x:2699
Robot y:2715
wepon state:0
wepon pot:0
Robot state:0
Robot x:2717
Robot y:0
wepon state:0
wepon pot:0
Robot state:0
Robot x:2720
Robot y:0
wepon state:0
wepon pot:0
Robot state:0
Robot x:2715
Robot y:2731
wepon state:0
wepon pot:0
Robot state:0
Robot x:4095
Robot y:4095
wepon state:0
wepon pot:396
Robot state:0
Robot x:4095
Robot y:4095
wepon state:0
wepon pot:391
Robot state:0
Robot x:4095
Robot y:4095
wepon state:0
wepon pot:409
Robot state:0
Robot x:4095
Robot y:4095
wepon state:0
wepon pot:400
Robot state:0
Robot x:2706
Robot y:2724
wepon state:0
wepon pot:0
Robot state:0
Robot x:4095
Robot y:4095
wepon state:0
wepon pot:399
Robot state:0
Robot x:2704
Robot y:2713
wepon state:0
wepon pot:0
Robot state:0
Robot x:4095
Robot y:4095
wepon state:0
wepon pot:399
Robot state:0
Robot x:2715
Robot y:2732
wepon state:0
wepon pot:0
Robot state:0
Robot x:2718
Robot y:2744
wepon state:0
wepon pot:0
Robot state:0
Robot x:2709
Robot y:2738
wepon state:0
wepon pot:0
Robot state:0
Robot x:2711
Robot y:2735
wepon state:0
wepon pot:0
Robot state:0
Robot x:2702
Robot y:2734
wepon state:0
wepon pot:0
Robot state:0
Robot x:2704
Robot y:2710
wepon state:0
wepon pot:0
Robot state:0
Robot x:2699
Robot y:2733
wepon state:0
wepon pot:0
Robot state:0
Robot x:2714
Robot y:2717
wepon state:0
wepon pot:0
Robot state:0
Robot x:2707
Robot y:2724
wepon state:0
wepon pot:0
Robot state:0
Robot x:4095
Robot y:4095
wepon state:0
wepon pot:0
Robot state:0
Robot x:2704
Robot y:2736
wepon state:0
wepon pot:0
Robot state:0
Robot x:2701
Robot y:2718
wepon state:0
wepon pot:0
Robot state:0
Robot x:4095
Robot y:4095
wepon state:0
wepon pot:401
Robot state:0
Robot x:2720
Robot y:2709
wepon state:0
wepon pot:0
Robot state:0
Robot x:2704
Robot y:2720
wepon state:0
wepon pot:0
Robot state:0
Robot x:4095
Robot y:4095
wepon state:0
wepon pot:400
Robot state:0
Robot x:4095
Robot y:4095
wepon state:0
wepon pot:411
Robot state:0
Robot x:4095
Robot y:4095
wepon state:0
wepon pot:402
Robot state:0
Robot x:4095
Robot y:4095
wepon state:0
wepon pot:403
Robot state:0
Robot x:2715
Robot y:2718
wepon state:0
wepon pot:0
Robot state:0
Robot x:2867
Robot y:4095
wepon state:0
wepon pot:0
Robot state:0
Robot x:4095
Robot y:4095
wepon state:0
wepon pot:400
Robot state:0
Robot x:2721
Robot y:2736
wepon state:0
wepon pot:0
Robot state:0
Robot x:4095
Robot y:4095
wepon state:0
wepon pot:432
Robot state:0
Robot x:2727
Robot y:2732
wepon state:0
wepon pot:0
Robot state:0
Robot x:0
Robot y:2726
wepon state:0
wepon pot:0
Robot state:0
Robot x:4095
Robot y:4095
wepon state:0
wepon pot:398
Robot state:0
Robot x:0
Robot y:2715
wepon state:0
wepon pot:0
Robot state:0
Robot x:4095
Robot y:565
wepon state:0
wepon pot:405
Robot state:0
Robot x:0
Robot y:2736
wepon state:0
wepon pot:0
Robot state:0
Robot x:2729
Robot y:2970
wepon state:0
wepon pot:0
Robot state:0
Robot x:4095
Robot y:4095
wepon state:0
wepon pot:401
Robot state:0
Robot x:442
Robot y:4095
wepon state:0
wepon pot:399
Robot state:0
Robot x:4095
Robot y:4095
wepon state:0
wepon pot:416
Robot state:0
Robot x:455
Robot y:4095
wepon state:0
wepon pot:432
Robot state:0
Robot x:433
Robot y:4095
wepon state:0
wepon pot:400
Robot state:0
Robot x:419
Robot y:4095
wepon state:0
wepon pot:402
Robot state:0
Robot x:2342
Robot y:4095
wepon state:0
wepon pot:406
Robot state:0
Robot x:4095
Robot y:4095
wepon state:0
wepon pot:448
Robot state:0
Robot x:4095
Robot y:4095
wepon state:0
wepon pot:444
Robot state:0
Robot x:4095
Robot y:4095
wepon state:0
wepon pot:449
Robot state:0
Robot x:554
Robot y:4095
wepon state:0
wepon pot:434
Robot state:0
Robot x:4095
Robot y:4095
wepon state:0
wepon pot:386
Robot state:0
Robot x:2715
Robot y:2738
wepon state:0
wepon pot:0
Robot state:0
Robot x:2713
Robot y:2733
wepon state:0
wepon pot:0
Robot state:0
Robot x:4095
Robot y:4095
wepon state:0
wepon pot:407
Robot state:0
Robot x:2706
Robot y:3159
wepon state:0
wepon pot:0
Robot state:0
Robot x:2722
Robot y:2731
wepon state:0
wepon pot:0
Robot state:0
Robot x:2720
Robot y:2736
wepon state:0
wepon pot:0
Robot state:0
Robot x:2731
Robot y:2733
wepon state:0
wepon pot:0
Robot state:0
Robot x:2763
Robot y:2777
wepon state:0
wepon pot:0
Robot state:0
Robot x:2719
Robot y:2739
wepon state:0
wepon pot:0
Robot state:0
Robot x:2711
Robot y:2727
wepon state:0
wepon pot:0
Robot state:0
Robot x:2721
Robot y:2725
wepon state:0
wepon pot:0
Robot state:0
Robot x:2720
Robot y:2720
wepon state:0
wepon pot:0
Robot state:0
Robot x:2736
Robot y:2736
wepon state:0
wepon pot:0
Robot state:0
Robot x:2711
Robot y:2728
wepon state:0
wepon pot:0
Robot state:0
Robot x:2709
Robot y:2730
wepon state:0
wepon pot:0
Robot state:0
Robot x:2717
Robot y:2724
wepon state:0
wepon pot:0
Robot state:0
Robot x:2707
Robot y:2731
wepon state:0
wepon pot:0
Robot state:0
Robot x:2709
Robot y:2736
wepon state:0
wepon pot:0
Robot state:0
Robot x:2704
Robot y:2735
wepon state:0
wepon pot:0
Robot state:0
Robot x:2723
Robot y:2730
wepon state:0
wepon pot:0
Robot state:0
Robot x:2708
Robot y:2727
wepon state:0
wepon pot:0
Robot state:0
Robot x:2710
Robot y:2731
wepon state:0
wepon pot:0
Robot state:0
Robot x:2708
Robot y:2733
wepon state:0
wepon pot:0
Robot state:0
Robot x:2721
Robot y:2734
wepon state:0
wepon pot:0
Robot state:0
Robot x:2719
Robot y:2737
wepon state:0
wepon pot:0
Robot state:0
Robot x:2720
Robot y:2729
wepon state:0
wepon pot:0
Robot state:0
Robot x:2715
Robot y:2727
wepon state:0
wepon pot:0
Robot state:0
Robot x:4095
Robot y:2721
wepon state:0
wepon pot:0
Robot state:0
Robot x:2710
Robot y:2729
wepon state:0
wepon pot:0
Robot state:0
Robot x:4095
Robot y:4095
wepon state:0
wepon pot:385
Robot state:0
Robot x:2717
Robot y:2729
wepon state:0
wepon pot:0
Robot state:0
Robot x:3605
Robot y:3534
wepon state:0
wepon pot:0
Robot state:0
Robot x:2714
Robot y:2736
wepon state:0
wepon pot:0
Robot state:0
Robot x:2799
Robot y:2821
wepon state:0
wepon pot:0
Robot state:0
Robot x:2739
Robot y:2745
wepon state:0
wepon pot:0
Robot state:0
Robot x:4095
Robot y:4095
wepon state:0
wepon pot:413
Robot state:0
Robot x:2711
Robot y:2736
wepon state:0
wepon pot:0
Robot state:0
Robot x:2717
Robot y:2729
wepon state:0
wepon pot:0
Robot state:0
Robot x:1173
Robot y:0
wepon state:0
wepon pot:0
Robot state:0
Robot x:2719
Robot y:2726
wepon state:0
wepon pot:0
Robot state:0
Robot x:2749
Robot y:2769
wepon state:0
wepon pot:0
Robot state:0
Robot x:4095
Robot y:4095
wepon state:0
wepon pot:0
Robot state:0
Robot x:4095
Robot y:4095
wepon state:0
wepon pot:0
Robot state:0
Robot x:4095
Robot y:4095
wepon state:0
wepon pot:0
Robot state:0
Robot x:4095
Robot y:4095
wepon state:0
wepon pot:0
Robot state:0
Robot x:4095
Robot y:4095
wepon state:0
wepon pot:0
Robot state:0
Robot x:4095
Robot y:4095
wepon state:0
wepon pot:0
Robot state:0
Robot x:4095
Robot y:4095
wepon state:0
wepon pot:0
Robot state:0
Robot x:4095
Robot y:4095
wepon state:0
wepon pot:0
Robot state:0
Robot x:4095
Robot y:4095
wepon state:0
wepon pot:0
Robot state:0
Robot x:4095
Robot y:4095
wepon state:0
wepon pot:0
Robot state:0
Robot x:4095
Robot y:4095
wepon state:0
wepon pot:0
Robot state:0
Robot x:4095
Robot y:4095
wepon state:0
wepon pot:0
Robot state:0
Robot x:4095
Robot y:4095
wepon state:0
wepon pot:0
Robot state:0
Robot x:4095
Robot y:4095
wepon state:0
wepon pot:0
Robot state:0
Robot x:4095
Robot y:4095
wepon state:0
wepon pot:0
Robot state:0
Robot x:4095
Robot y:4095
wepon state:0
wepon pot:0
Robot state:0
Robot x:4095
Robot y:4095
wepon state:0
wepon pot:0
Robot state:0
Robot x:4095
Robot y:4095
wepon state:0
wepon pot:0
Robot state:0
Robot x:4095
Robot y:4095
wepon state:0
wepon pot:0
Robot state:0
Robot x:4095
Robot y:4095
wepon state:0
wepon pot:0
Robot state:0
Robot x:4095
Robot y:4095
wepon state:0
wepon pot:0
Robot state:0
Robot x:4095
Robot y:4095
wepon state:0
wepon pot:0
Robot state:0
Robot x:4095
Robot y:4095
wepon state:0
wepon pot:0
Robot state:0
Robot x:4095
Robot y:4095
wepon state:0
wepon pot:0
Robot state:0
Robot x:4095
Robot y:4095
wepon state:0
wepon pot:0
Robot state:0
Robot x:2754
Robot y:2765
wepon state:0
wepon pot:0
Robot state:0
Robot x:2740
Robot y:2753
wepon state:0
wepon pot:0
Robot state:0
Robot x:2777
Robot y:2782
wepon state:0
wepon pot:0
Robot state:0
Robot x:2884
Robot y:2896
wepon state:0
wepon pot:0
Robot state:0
Robot x:4095
Robot y:4095
wepon state:0
wepon pot:0
Robot state:0
Robot x:2781
Robot y:2797
wepon state:0
wepon pot:0
Robot state:0
Robot x:2770
Robot y:2779
wepon state:0
wepon pot:0
Robot state:0
Robot x:2754
Robot y:2769
wepon state:0
wepon pot:0
Robot state:0
Robot x:2738
Robot y:2746
wepon state:0
wepon pot:0
Robot state:0
Robot x:2863
Robot y:2873
wepon state:0
wepon pot:0
Robot state:0
Robot x:4095
Robot y:4095
wepon state:0
wepon pot:0
Robot state:0
Robot x:4095
Robot y:4095
wepon state:0
wepon pot:0
Robot state:0
Robot x:4095
Robot y:4095
wepon state:0
wepon pot:0
Robot state:0
Robot x:4095
Robot y:4095
wepon state:0
wepon pot:0
Robot state:0
Robot x:4095
Robot y:4095
wepon state:0
wepon pot:0
Robot state:0
Robot x:4095
Robot y:4095
wepon state:0
wepon pot:0
Robot state:0
Robot x:4095
Robot y:4095
wepon state:0
wepon pot:0
Robot state:0
Robot x:4095
Robot y:4095
wepon state:0
wepon pot:0
Robot state:0
Robot x:4095
Robot y:4095
wepon state:0
wepon pot:0
Robot state:0
Robot x:4095
Robot y:4095
wepon state:0
wepon pot:0
Robot state:0
Robot x:4095
Robot y:4095
wepon state:0
wepon pot:0
Robot state:0
Robot x:4095
Robot y:4095
wepon state:0
wepon pot:0
Robot state:0
Robot x:4095
Robot y:4095
wepon state:0
wepon pot:0
Robot state:0
Robot x:4095
Robot y:4095
wepon state:0
wepon pot:0
Robot state:0
Robot x:4095
Robot y:4095
wepon state:0
wepon pot:0
Robot state:0
Robot x:4095
Robot y:4095
wepon state:0
wepon pot:0
Robot state:0
Robot x:4095
Robot y:4095
wepon state:0
wepon pot:0
Robot state:0
Robot x:4095
Robot y:4095
wepon state:0
wepon pot:0
Robot state:0
Robot x:4095
Robot y:4095
wepon state:0
wepon pot:0
Robot state:0
Robot x:4095
Robot y:4095
wepon state:0
wepon pot:0
Robot state:0
Robot x:4095
Robot y:4095
wepon state:0
wepon pot:0
Robot state:0
Robot x:4095
Robot y:4095
wepon state:0
wepon pot:0
Robot state:0
Robot x:4095
Robot y:4095
wepon state:0
wepon pot:0
Robot state:0
Robot x:4095
Robot y:4095
wepon state:0
wepon pot:0
Robot state:0
Robot x:4095
Robot y:4095
wepon state:0
wepon pot:0
Robot state:0
Robot x:4095
Robot y:4095
wepon state:0
wepon pot:0
Robot state:0
Robot x:4095
Robot y:4095
wepon state:0
wepon pot:0
Robot state:0
Robot x:4095
Robot y:4095
wepon state:0
wepon pot:0
Robot state:0
Robot x:4095
Robot y:4095
wepon state:0
wepon pot:0
Robot state:0
Robot x:4095
Robot y:4095
wepon state:0
wepon pot:0
Robot state:0
Robot x:4095
Robot y:4095
wepon state:0
wepon pot:0
Robot state:0
Robot x:4095
Robot y:4095
wepon state:0
wepon pot:0
Robot state:0
Robot x:4095
Robot y:4095
wepon state:0
wepon pot:0
Robot state:0
Robot x:4095
Robot y:4095
wepon state:0
wepon pot:0
Robot state:0
Robot x:4095
Robot y:4095
wepon state:0
wepon pot:0
Robot state:0
Robot x:4095
Robot y:4095
wepon state:0
wepon pot:0
Robot state:0
Robot x:4095
Robot y:4095
wepon state:0
wepon pot:0
Robot state:0
Robot x:4095
Robot y:4095
wepon state:0
wepon pot:0
Robot state:0
Robot x:4095
Robot y:4095
wepon state:0
wepon pot:0
Robot state:0
Robot x:4095
Robot y:4095
wepon state:0
wepon pot:0
Robot state:0
Robot x:4095
Robot y:4095
wepon state:0
wepon pot:0
Robot state:0
Robot x:4095
Robot y:4095
wepon state:0
wepon pot:0
Robot state:0
Robot x:4095
Robot y:4095
wepon state:0
wepon pot:0
Robot state:0
Robot x:4095
Robot y:4095
wepon state:0
wepon pot:0
Robot state:0
Robot x:4095
Robot y:4095
wepon state:0
wepon pot:0
Robot state:0
Robot x:4095
Robot y:4095
wepon state:0
wepon pot:0
Robot state:0
Robot x:4095
Robot y:4095
wepon state:0
wepon pot:0
Robot state:0
Robot x:4095
Robot y:4095
wepon state:0
wepon pot:0
Robot state:0
Robot x:4095
Robot y:4095
wepon state:0
wepon pot:0
Robot state:0
Robot x:4095
Robot y:4095
wepon state:0
wepon pot:0
Robot state:0
Robot x:4095
Robot y:4095
wepon state:0
wepon pot:0
Robot state:0
Robot x:4095
Robot y:4095
wepon state:0
wepon pot:0
Robot state:0
Robot x:4095
Robot y:4095
wepon state:0
wepon pot:0
Robot state:0
Robot x:4095
Robot y:4095
wepon state:0
wepon pot:0
Robot state:0
Robot x:4095
Robot y:4095
wepon state:0
wepon pot:0
Robot state:0
Robot x:4095
Robot y:4095
wepon state:0
wepon pot:0
Robot state:0
Robot x:4095
Robot y:4095
wepon state:0
wepon pot:0
Robot state:0
Robot x:4095
Robot y:4095
wepon state:0
wepon pot:0
Robot state:0
Robot x:4095
Robot y:4095
wepon state:0
wepon pot:0
Robot state:0
Robot x:4095
Robot y:4095
wepon state:0
wepon pot:0
Robot state:0
Robot x:4095
Robot y:4095
wepon state:0
wepon pot:0
Robot state:0
Robot x:4095
Robot y:4095
wepon state:0
wepon pot:0
Robot state:0
Robot x:4095
Robot y:4095
wepon state:0
wepon pot:0
Robot state:0
Robot x:4095
Robot y:4095
wepon state:0
wepon pot:0
Robot state:0
Robot x:4095
Robot y:4095
wepon state:0
wepon pot:0
Robot state:0
Robot x:4095
Robot y:4095
wepon state:0
wepon pot:0
Robot state:0
Robot x:4095
Robot y:4095
wepon state:0
wepon pot:0
Robot state:0
Robot x:4095
Robot y:4095
wepon state:0
wepon pot:0
Robot state:0
Robot x:2896
Robot y:2944
wepon state:0
wepon pot:0
Robot state:0
Robot x:4095
Robot y:4095
wepon state:0
wepon pot:0
Robot state:0
Robot x:4095
Robot y:4095
wepon state:0
wepon pot:0
Robot state:0
Robot x:4095
Robot y:4095
wepon state:0
wepon pot:0
Robot state:0
Robot x:4095
Robot y:4095
wepon state:0
wepon pot:0
Robot state:0
Robot x:4095
Robot y:4095
wepon state:0
wepon pot:0
Robot state:0
Robot x:4095
Robot y:4095
wepon state:0
wepon pot:0
Robot state:0
Robot x:4095
Robot y:4095
wepon state:0
wepon pot:0
Robot state:0
Robot x:4095
Robot y:4095
wepon state:0
wepon pot:0
Robot state:0
Robot x:4095
Robot y:4095
wepon state:0
wepon pot:0
Robot state:0
Robot x:4095
Robot y:4095
wepon state:0
wepon pot:0
Robot state:0
Robot x:4095
Robot y:4095
wepon state:0
wepon pot:0
Robot state:0
Robot x:4095
Robot y:4095
wepon state:0
wepon pot:0
Robot state:0
Robot x:4095
Robot y:4095
wepon state:0
wepon pot:0
Robot state:0
Robot x:4095
Robot y:4095
wepon state:0
wepon pot:0
Robot state:0
Robot x:4095
Robot y:4095
wepon state:0
wepon pot:0
Robot state:0
Robot x:4095
Robot y:4095
wepon state:0
wepon pot:0
Robot state:0
Robot x:4095
Robot y:4095
wepon state:0
wepon pot:0
Robot state:0
Robot x:2764
Robot y:2779
wepon state:0
wepon pot:0
Robot state:0
Robot x:2823
Robot y:2832
wepon state:0
wepon pot:0
Robot state:0
Robot x:4095
Robot y:4095
wepon state:0
wepon pot:0
Robot state:0
Robot x:4095
Robot y:4095
wepon state:0
wepon pot:0
Robot state:0
Robot x:4095
Robot y:4095
wepon state:0
wepon pot:0
Robot state:0
Robot x:4095
Robot y:4095
wepon state:0
wepon pot:0
Robot state:0
Robot x:2718
Robot y:2736
wepon state:0
wepon pot:0
Robot state:0
Robot x:2716
Robot y:2730
wepon state:0
wepon pot:0
Robot state:0
Robot x:2710
Robot y:2724
wepon state:0
wepon pot:0
Robot state:0
Robot x:2714
Robot y:2725
wepon state:0
wepon pot:0
Robot state:0
Robot x:2710
Robot y:2727
wepon state:0
wepon pot:0
Robot state:0
Robot x:2711
Robot y:2723
wepon state:0
wepon pot:0
Robot state:0
Robot x:2717
Robot y:2734
wepon state:0
wepon pot:0
Robot state:0
Robot x:2705
Robot y:2723
wepon state:0
wepon pot:0
Robot state:0
Robot x:2720
Robot y:2731
wepon state:0
wepon pot:0
Robot state:0
Robot x:2716
Robot y:2729
wepon state:0
wepon pot:0
Robot state:0
Robot x:2720
Robot y:2726
wepon state:0
wepon pot:0
Robot state:0
Robot x:2720
Robot y:2733
wepon state:0
wepon pot:0
Robot state:0
Robot x:2719
Robot y:2735
wepon state:0
wepon pot:0
Robot state:0
Robot x:2715
Robot y:2729
wepon state:0
wepon pot:0
Robot state:0
Robot x:2714
Robot y:2736
wepon state:0
wepon pot:0
Robot state:0
Robot x:2715
Robot y:2730
wepon state:0
wepon pot:0
Robot state:0
Robot x:2714
Robot y:2722
wepon state:0
wepon pot:0
Robot state:0
Robot x:2707
Robot y:2736
wepon state:0
wepon pot:0
Robot state:0
Robot x:2715
Robot y:2721
wepon state:0
wepon pot:0
Robot state:0
Robot x:2716
Robot y:2734
wepon state:0
wepon pot:0
Robot state:0
Robot x:2719
Robot y:2734
wepon state:0
wepon pot:0
Robot state:0
Robot x:2716
Robot y:2723
wepon state:0
wepon pot:0
Robot state:0
Robot x:2717
Robot y:2729
wepon state:0
wepon pot:0
Robot state:1
Robot x:2909
Robot y:2945
wepon state:0
wepon pot:0
Robot state:1
Robot x:2913
Robot y:2944
wepon state:0
wepon pot:0
Robot state:0
Robot x:2714
Robot y:2734
wepon state:0
wepon pot:0
Robot state:1
Robot x:4095
Robot y:4095
wepon state:1
wepon pot:300
Robot state:1
Robot x:4095
Robot y:4095
wepon state:1
wepon pot:297
Robot state:0
Robot x:2711
Robot y:2733
wepon state:0
wepon pot:0
Robot state:0
Robot x:2706
Robot y:2727
wepon state:0
wepon pot:0
Robot state:0
Robot x:2725
Robot y:2730
wepon state:0
wepon pot:0
Robot state:0
Robot x:2714
Robot y:2725
wepon state:0
wepon pot:0
Robot state:0
Robot x:2719
Robot y:2734
wepon state:0
wepon pot:0
Robot state:0
Robot x:2715
Robot y:2727
wepon state:0
wepon pot:0
Robot state:0
Robot x:2715
Robot y:2735
wepon state:0
wepon pot:0
Robot state:0
Robot x:2710
Robot y:2729
wepon state:0
wepon pot:0
Robot state:0
Robot x:2708
Robot y:2719
wepon state:0
wepon pot:0
Robot state:0
Robot x:2715
Robot y:2736
wepon state:0
wepon pot:0
Robot state:0
Robot x:2709
Robot y:2723
wepon state:0
wepon pot:0
Robot state:0
Robot x:2718
Robot y:2733
wepon state:0
wepon pot:0
Robot state:0
Robot x:2713
Robot y:2722
wepon state:0
wepon pot:0
Robot state:0
Robot x:2719
Robot y:2736
wepon state:0
wepon pot:0
Robot state:0
Robot x:2723
Robot y:2732
wepon state:0
wepon pot:0
Robot state:0
Robot x:2711
Robot y:2733
wepon state:0
wepon pot:0
Robot state:0
Robot x:2719
Robot y:2721
wepon state:0
wepon pot:0
Robot state:0
Robot x:2725
Robot y:2729
wepon state:0
wepon pot:0
Robot state:0
Robot x:2713
Robot y:2727
wepon state:0
wepon pot:0
Robot state:0
Robot x:2710
Robot y:2733
wepon state:0
wepon pot:0
Robot state:0
Robot x:2707
Robot y:2727
wepon state:0
wepon pot:0
Robot state:0
Robot x:2711
Robot y:2722
wepon state:0
wepon pot:0
Robot state:0
Robot x:2719
Robot y:2734
wepon state:0
wepon pot:0
Robot state:0
Robot x:2718
Robot y:2729
wepon state:0
wepon pot:0
Robot state:0
Robot x:2718
Robot y:2732
wepon state:0
wepon pot:0
Robot state:0
Robot x:2718
Robot y:2730
wepon state:0
wepon pot:0
Robot state:0
Robot x:2720
Robot y:2729
wepon state:0
wepon pot:0
Robot state:0
Robot x:2711
Robot y:2727
wepon state:0
wepon pot:0
Robot state:0
Robot x:2714
Robot y:2727
wepon state:0
wepon pot:0
Robot state:0
Robot x:2713
Robot y:2735
wepon state:0
wepon pot:0
Robot state:0
Robot x:2706
Robot y:2733
wepon state:0
wepon pot:0
Robot state:0
Robot x:2711
Robot y:2739
wepon state:0
wepon pot:0
Robot state:0
Robot x:2706
Robot y:2727
wepon state:0
wepon pot:0
Robot state:0
Robot x:2709
Robot y:2726
wepon state:0
wepon pot:0
Robot state:0
Robot x:2705
Robot y:2721
wepon state:0
wepon pot:0
Robot state:0
Robot x:2708
Robot y:2728
wepon state:0
wepon pot:0
Robot state:0
Robot x:2705
Robot y:2725
wepon state:0
wepon pot:0
Robot state:0
Robot x:2708
Robot y:2731
wepon state:0
wepon pot:0
Robot state:0
Robot x:2706
Robot y:2731
wepon state:0
wepon pot:0
Robot state:0
Robot x:2715
Robot y:2731
wepon state:0
wepon pot:0
Robot state:0
Robot x:2718
Robot y:2725
wepon state:0
wepon pot:0
Robot state:0
Robot x:2719
Robot y:2735
wepon state:0
wepon pot:0
Robot state:0
Robot x:2710
Robot y:2726
wepon state:0
wepon pot:0
Robot state:0
Robot x:2711
Robot y:2722
wepon state:0
wepon pot:0
Robot state:0
Robot x:2719
Robot y:2734
wepon state:0
wepon pot:0
Robot state:0
Robot x:2710
Robot y:2725
wepon state:0
wepon pot:0
Robot state:0
Robot x:2721
Robot y:2719
wepon state:0
wepon pot:0
Robot state:0
Robot x:2714
Robot y:2731
wepon state:0
wepon pot:0
Robot state:0
Robot x:2709
Robot y:2722
wepon state:0
wepon pot:0
Robot state:0
Robot x:2726
Robot y:2729
wepon state:0
wepon pot:0
Robot state:0
Robot x:2713
Robot y:2722
wepon state:0
wepon pot:0
Robot state:0
Robot x:2711
Robot y:2738
wepon state:0
wepon pot:0
Robot state:0
Robot x:2713
Robot y:2736
wepon state:0
wepon pot:0
Robot state:0
Robot x:2706
Robot y:2725
wepon state:0
wepon pot:0
Robot state:0
Robot x:2711
Robot y:2729
wepon state:0
wepon pot:0
Robot state:0
Robot x:2709
Robot y:2727
wepon state:0
wepon pot:0
Robot state:0
Robot x:2715
Robot y:2731
wepon state:0
wepon pot:0
Robot state:0
Robot x:2709
Robot y:2726
wepon state:0
wepon pot:0
Robot state:0
Robot x:2716
Robot y:2719
wepon state:0
wepon pot:0
Robot state:0
Robot x:2708
Robot y:2733
wepon state:0
wepon pot:0
Robot state:0
Robot x:2726
Robot y:2719
wepon state:0
wepon pot:0
Robot state:0
Robot x:2717
Robot y:2726
wepon state:0
wepon pot:0
Robot state:0
Robot x:2716
Robot y:2734
wepon state:0
wepon pot:0
Robot state:0
Robot x:2710
Robot y:2727
wepon state:0
wepon pot:0
Robot state:0
Robot x:2716
Robot y:2729
wepon state:0
wepon pot:0
Robot state:0
Robot x:2709
Robot y:2730
wepon state:0
wepon pot:0
Robot state:0
Robot x:2720
Robot y:2720
wepon state:0
wepon pot:0
Robot state:0
Robot x:2717
Robot y:2725
wepon state:0
wepon pot:0
Robot state:0
Robot x:2715
Robot y:2725
wepon state:0
wepon pot:0
Robot state:0
Robot x:2711
Robot y:2727
wepon state:0
wepon pot:0
Robot state:0
Robot x:2713
Robot y:2717
wepon state:0
wepon pot:0
Robot state:0
Robot x:2720
Robot y:2727
wepon state:0
wepon pot:0
Robot state:0
Robot x:2715
Robot y:2722
wepon state:0
wepon pot:0
Robot state:0
Robot x:2710
Robot y:2727
wepon state:0
wepon pot:0
Robot state:0
Robot x:2718
Robot y:2723
wepon state:0
wepon pot:0
Robot state:0
Robot x:2720
Robot y:2734
wepon state:0
wepon pot:0
Robot state:0
Robot x:2717
Robot y:2727
wepon state:0
wepon pot:0
Robot state:0
Robot x:2711
Robot y:2725
wepon state:0
wepon pot:0
Robot state:0
Robot x:2711
Robot y:2729
wepon state:0
wepon pot:0
Robot state:0
Robot x:2707
Robot y:2733
wepon state:0
wepon pot:0
Robot state:0
Robot x:2718
Robot y:2732
wepon state:0
wepon pot:0
Robot state:0
Robot x:2716
Robot y:2723
wepon state:0
wepon pot:0
Robot state:0
Robot x:2718
Robot y:2732
wepon state:0
wepon pot:0
Robot state:0
Robot x:2717
Robot y:2736
wepon state:0
wepon pot:0
Robot state:0
Robot x:2714
Robot y:2731
wepon state:0
wepon pot:0
Robot state:0
Robot x:2715
Robot y:2734
wepon state:0
wepon pot:0
Robot state:0
Robot x:2717
Robot y:2723
wepon state:0
wepon pot:0
Robot state:0
Robot x:2711
Robot y:2726
wepon state:0
wepon pot:0
Robot state:0
Robot x:2709
Robot y:2721
wepon state:0
wepon pot:0
Robot state:0
Robot x:2718
Robot y:2727
wepon state:0
wepon pot:0
Robot state:0
Robot x:2704
Robot y:2733
wepon state:0
wepon pot:0
Robot state:0
Robot x:2707
Robot y:2726
wepon state:0
wepon pot:0
Robot state:0
Robot x:2709
Robot y:2729
wepon state:0
wepon pot:0
Robot state:0
Robot x:2722
Robot y:2733
wepon state:0
wepon pot:0
Robot state:0
Robot x:2707
Robot y:2736
wepon state:0
wepon pot:0
Robot state:0
Robot x:2715
Robot y:2723
wepon state:0
wepon pot:0
Robot state:0
Robot x:2711
Robot y:2731
wepon state:0
wepon pot:0
Robot state:0
Robot x:2717
Robot y:2726
wepon state:0
wepon pot:0
Robot state:0
Robot x:2722
Robot y:2735
wepon state:0
wepon pot:0
Robot state:0
Robot x:2711
Robot y:2725
wepon state:0
wepon pot:0
Robot state:0
Robot x:2710
Robot y:2725
wepon state:0
wepon pot:0
Robot state:0
Robot x:2713
Robot y:2715
wepon state:0
wepon pot:0
Robot state:0
Robot x:2717
Robot y:2726
wepon state:0
wepon pot:0
Robot state:0
Robot x:2713
Robot y:2715
wepon state:0
wepon pot:0
Robot state:0
Robot x:2714
Robot y:2729
wepon state:0
wepon pot:0
Robot state:0
Robot x:2719
Robot y:2723
wepon state:0
wepon pot:0
Robot state:0
Robot x:2717
Robot y:2724
wepon state:0
wepon pot:0
Robot state:0
Robot x:2713
Robot y:2718
wepon state:0
wepon pot:0
Robot state:0
Robot x:2718
Robot y:2733
wepon state:0
wepon pot:0
Robot state:0
Robot x:2718
Robot y:2725
wepon state:0
wepon pot:0
Robot state:0
Robot x:2718
Robot y:2726
wepon state:0
wepon pot:0
Robot state:0
Robot x:2715
Robot y:2722
wepon state:0
wepon pot:0
Robot state:0
Robot x:2715
Robot y:2728
wepon state:0
wepon pot:0
Robot state:0
Robot x:2718
Robot y:2736
wepon state:0
wepon pot:0
Robot state:0
Robot x:2710
Robot y:2727
wepon state:0
wepon pot:0
Robot state:0
Robot x:2720
Robot y:2727
wepon state:0
wepon pot:0
Robot state:0
Robot x:2709
Robot y:2730
wepon state:0
wepon pot:0
Robot state:0
Robot x:2715
Robot y:2724
wepon state:0
wepon pot:0
Robot state:0
Robot x:2717
Robot y:2729
wepon state:0
wepon pot:0
Robot state:0
Robot x:2714
Robot y:2731
wepon state:0
wepon pot:0
Robot state:0
Robot x:2710
Robot y:2723
wepon state:0
wepon pot:0
Robot state:0
Robot x:2708
Robot y:2731
wepon state:0
wepon pot:0
Robot state:0
Robot x:2720
Robot y:2720
wepon state:0
wepon pot:0
Robot state:0
Robot x:2716
Robot y:2729
wepon state:0
wepon pot:0
Robot state:0
Robot x:2714
Robot y:2723
wepon state:0
wepon pot:0
Robot state:0
Robot x:2713
Robot y:2723
wepon state:0
wepon pot:0
Robot state:0
Robot x:2710
Robot y:2724
wepon state:0
wepon pot:0
Robot state:0
Robot x:2717
Robot y:2726
wepon state:0
wepon pot:0
Robot state:0
Robot x:2707
Robot y:2718
wepon state:0
wepon pot:0
Robot state:0
Robot x:2719
Robot y:2725
wepon state:0
wepon pot:0
Robot state:0
Robot x:2713
Robot y:2735
wepon state:0
wepon pot:0
Robot state:0
Robot x:2713
Robot y:2727
wepon state:0
wepon pot:0
Robot state:0
Robot x:2715
Robot y:2727
wepon state:0
wepon pot:0
Robot state:0
Robot x:2710
Robot y:2730
wepon state:0
wepon pot:0
Robot state:0
Robot x:2714
Robot y:2731
wepon state:0
wepon pot:0
Robot state:0
Robot x:2699
Robot y:2730
wepon state:0
wepon pot:0
Robot state:0
Robot x:2715
Robot y:2731
wepon state:0
wepon pot:0
Robot state:0
Robot x:2702
Robot y:2725
wepon state:0
wepon pot:0
Robot state:0
Robot x:2715
Robot y:2727
wepon state:0
wepon pot:0
Robot state:0
Robot x:2714
Robot y:2723
wepon state:0
wepon pot:0
Robot state:0
Robot x:2714
Robot y:2724
wepon state:0
wepon pot:0
Robot state:0
Robot x:2711
Robot y:2729
wepon state:0
wepon pot:0
Robot state:0
Robot x:2719
Robot y:2723
wepon state:0
wepon pot:0
Robot state:0
Robot x:2711
Robot y:2723
wepon state:0
wepon pot:0
Robot state:0
Robot x:2710
Robot y:2731
wepon state:0
wepon pot:0
Robot state:0
Robot x:2719
Robot y:2722
wepon state:0
wepon pot:0
Robot state:0
Robot x:2711
Robot y:2720
wepon state:0
wepon pot:0
Robot state:0
Robot x:2715
Robot y:2731
wepon state:0
wepon pot:0
Robot state:0
Robot x:2711
Robot y:2721
wepon state:0
wepon pot:0
Robot state:0
Robot x:2714
Robot y:2730
wepon state:0
wepon pot:0
Robot state:0
Robot x:2719
Robot y:2726
wepon state:0
wepon pot:0
Robot state:0
Robot x:2721
Robot y:2729
wepon state:0
wepon pot:0
Robot state:0
Robot x:2721
Robot y:2719
wepon state:0
wepon pot:0
Robot state:0
Robot x:2721
Robot y:2730
wepon state:0
wepon pot:0
Robot state:0
Robot x:2705
Robot y:2723
wepon state:0
wepon pot:0
Robot state:0
Robot x:2721
Robot y:2730
wepon state:0
wepon pot:0
Robot state:0
Robot x:2715
Robot y:2719
wepon state:0
wepon pot:0
Robot state:0
Robot x:2720
Robot y:2733
wepon state:0
wepon pot:0
Robot state:0
Robot x:2710
Robot y:2725
wepon state:0
wepon pot:0
Robot state:0
Robot x:2714
Robot y:2727
wepon state:0
wepon pot:0
Robot state:0
Robot x:2711
Robot y:2722
wepon state:0
wepon pot:0
Robot state:0
Robot x:2720
Robot y:2722
wepon state:0
wepon pot:0
Robot state:0
Robot x:2719
Robot y:2726
wepon state:0
wepon pot:0
Robot state:0
Robot x:2710
Robot y:2731
wepon state:0
wepon pot:0
Robot state:0
Robot x:2710
Robot y:2726
wepon state:0
wepon pot:0
Robot state:0
Robot x:2710
Robot y:2728
wepon state:0
wepon pot:0
Robot state:0
Robot x:2714
Robot y:2730
wepon state:0
wepon pot:0
Robot state:0
Robot x:2710
Robot y:2729
wepon state:0
wepon pot:0
Robot state:0
Robot x:2710
Robot y:2735
wepon state:0
wepon pot:0
Robot state:0
Robot x:2710
Robot y:2723
wepon state:0
wepon pot:0
Robot state:0
Robot x:2719
Robot y:2724
wepon state:0
wepon pot:0
Robot state:0
Robot x:2713
Robot y:2731
wepon state:0
wepon pot:0
Robot state:0
Robot x:2714
Robot y:2723
wepon state:0
wepon pot:0
Robot state:0
Robot x:2713
Robot y:2721
wepon state:0
wepon pot:0
Robot state:0
Robot x:2710
Robot y:2734
wepon state:0
wepon pot:0
Robot state:0
Robot x:2705
Robot y:2734
wepon state:0
wepon pot:0
Robot state:0
Robot x:2711
Robot y:2734
wepon state:0
wepon pot:0
Robot state:0
Robot x:2710
Robot y:2727
wepon state:0
wepon pot:0
Robot state:0
Robot x:2720
Robot y:2723
wepon state:0
wepon pot:0
Robot state:0
Robot x:2719
Robot y:2729
wepon state:0
wepon pot:0
Robot state:0
Robot x:2717
Robot y:2733
wepon state:0
wepon pot:0
Robot state:0
Robot x:2715
Robot y:2722
wepon state:0
wepon pot:0
Robot state:0
Robot x:2705
Robot y:2729
wepon state:0
wepon pot:0
Robot state:0
Robot x:2717
Robot y:2727
wepon state:0
wepon pot:0
Robot state:0
Robot x:2707
Robot y:2736
wepon state:0
wepon pot:0
Robot state:0
Robot x:2717
Robot y:2723
wepon state:0
wepon pot:0
Robot state:0
Robot x:2705
Robot y:2719
wepon state:0
wepon pot:0
Robot state:0
Robot x:2710
Robot y:2727
wepon state:0
wepon pot:0
Robot state:0
Robot x:2704
Robot y:2729
wepon state:0
wepon pot:0
Robot state:0
Robot x:2723
Robot y:2720
wepon state:0
wepon pot:0
Robot state:0
Robot x:2704
Robot y:2728
wepon state:0
wepon pot:0
Robot state:0
Robot x:2711
Robot y:2726
wepon state:0
wepon pot:0
Robot state:0
Robot x:2710
Robot y:2728
wepon state:0
wepon pot:0
Robot state:0
Robot x:2723
Robot y:2725
wepon state:0
wepon pot:0
Robot state:0
Robot x:2711
Robot y:2735
wepon state:0
wepon pot:0
Robot state:0
Robot x:2703
Robot y:2727
wepon state:0
wepon pot:0
Robot state:0
Robot x:2707
Robot y:2731
wepon state:0
wepon pot:0
Robot state:0
Robot x:2715
Robot y:2723
wepon state:0
wepon pot:0
Robot state:0
Robot x:2715
Robot y:2724
wepon state:0
wepon pot:0
Robot state:0
Robot x:2709
Robot y:2723
wepon state:0
wepon pot:0
Robot state:0
Robot x:2716
Robot y:2730
wepon state:0
wepon pot:0
Robot state:0
Robot x:2713
Robot y:2723
wepon state:0
wepon pot:0
Robot state:0
Robot x:2708
Robot y:2729
wepon state:0
wepon pot:0
Robot state:0
Robot x:2714
Robot y:2720
wepon state:0
wepon pot:0
Robot state:0
Robot x:2710
Robot y:2736
wepon state:0
wepon pot:0
Robot state:0
Robot x:2714
Robot y:2725
wepon state:0
wepon pot:0
Robot state:0
Robot x:2715
Robot y:2726
wepon state:0
wepon pot:0
Robot state:0
Robot x:2710
Robot y:2729
wepon state:0
wepon pot:0
Robot state:0
Robot x:2718
Robot y:2725
wepon state:0
wepon pot:0
Robot state:0
Robot x:2714
Robot y:2727
wepon state:0
wepon pot:0
Robot state:0
Robot x:2707
Robot y:2731
wepon state:0
wepon pot:0
Robot state:0
Robot x:2709
Robot y:2730
wepon state:0
wepon pot:0
Robot state:0
Robot x:2715
Robot y:2721
wepon state:0
wepon pot:0
Robot state:0
Robot x:2708
Robot y:2729
wepon state:0
wepon pot:0
Robot state:0
Robot x:2706
Robot y:2731
wepon state:0
wepon pot:0
Robot state:0
Robot x:2717
Robot y:2736
wepon state:0
wepon pot:0
Robot state:0
Robot x:2716
Robot y:2729
wepon state:0
wepon pot:0
Robot state:0
Robot x:2706
Robot y:2733
wepon state:0
wepon pot:0
Robot state:0
Robot x:2707
Robot y:2733
wepon state:0
wepon pot:0
Robot state:0
Robot x:2722
Robot y:2723
wepon state:0
wepon pot:0
Robot state:0
Robot x:2707
Robot y:2722
wepon state:0
wepon pot:0
Robot state:0
Robot x:2710
Robot y:2725
wepon state:0
wepon pot:0
Robot state:0
Robot x:2713
Robot y:2725
wepon state:0
wepon pot:0
Robot state:0
Robot x:2703
Robot y:2730
wepon state:0
wepon pot:0
Robot state:0
Robot x:2709
Robot y:2727
wepon state:0
wepon pot:0
Robot state:0
Robot x:2707
Robot y:2727
wepon state:0
wepon pot:0
Robot state:0
Robot x:2717
Robot y:2731
wepon state:0
wepon pot:0
Robot state:0
Robot x:2706
Robot y:2725
wepon state:0
wepon pot:0
Robot state:0
Robot x:2716
Robot y:2733
wepon state:0
wepon pot:0
Robot state:0
Robot x:2711
Robot y:2725
wepon state:0
wepon pot:0
Robot state:0
Robot x:2713
Robot y:2731
wepon state:0
wepon pot:0
Robot state:0
Robot x:2722
Robot y:2730
wepon state:0
wepon pot:0
Robot state:0
Robot x:2717
Robot y:2729
wepon state:0
wepon pot:0
Robot state:0
Robot x:2714
Robot y:2736
wepon state:0
wepon pot:0
Robot state:0
Robot x:2722
Robot y:2729
wepon state:0
wepon pot:0
Robot state:0
Robot x:2724
Robot y:2729
wepon state:0
wepon pot:0
Robot state:0
Robot x:2718
Robot y:2722
wepon state:0
wepon pot:0
Robot state:0
Robot x:2708
Robot y:2723
wepon state:0
wepon pot:0
Robot state:0
Robot x:2711
Robot y:2724
wepon state:0
wepon pot:0
Robot state:0
Robot x:2717
Robot y:2723
wepon state:0
wepon pot:0
Robot state:0
Robot x:2718
Robot y:2723
wepon state:0
wepon pot:0
Robot state:0
Robot x:2715
Robot y:2731
wepon state:0
wepon pot:0
Robot state:0
Robot x:2713
Robot y:2731
wepon state:0
wepon pot:0
Robot state:0
Robot x:2710
Robot y:2729
wepon state:0
wepon pot:0
Robot state:0
Robot x:2717
Robot y:2733
wepon state:0
wepon pot:0
Robot state:0
Robot x:2713
Robot y:2729
wepon state:0
wepon pot:0
Robot state:0
Robot x:2714
Robot y:2736
wepon state:0
wepon pot:0
Robot state:0
Robot x:2714
Robot y:2723
wepon state:0
wepon pot:0
Robot state:0
Robot x:2714
Robot y:2723
wepon state:0
wepon pot:0
Robot state:0
Robot x:2718
Robot y:2727
wepon state:0
wepon pot:0
Robot state:0
Robot x:2707
Robot y:2732
wepon state:0
wepon pot:0
Robot state:0
Robot x:2719
Robot y:2731
wepon state:0
wepon pot:0
Robot state:0
Robot x:2717
Robot y:2727
wepon state:0
wepon pot:0
Robot state:0
Robot x:2709
Robot y:2727
wepon state:0
wepon pot:0
Robot state:0
Robot x:2710
Robot y:2720
wepon state:0
wepon pot:0
Robot state:0
Robot x:2714
Robot y:2721
wepon state:0
wepon pot:0
Robot state:0
Robot x:2707
Robot y:2729
wepon state:0
wepon pot:0
Robot state:0
Robot x:2714
Robot y:2727
wepon state:0
wepon pot:0
Robot state:0
Robot x:2705
Robot y:2723
wepon state:0
wepon pot:0
Robot state:0
Robot x:2714
Robot y:2723
wepon state:0
wepon pot:0
Robot state:0
Robot x:2709
Robot y:2729
wepon state:0
wepon pot:0
Robot state:0
Robot x:2720
Robot y:2727
wepon state:0
wepon pot:0
Robot state:0
Robot x:2715
Robot y:2727
wepon state:0
wepon pot:0
Robot state:0
Robot x:2714
Robot y:2723
wepon state:0
wepon pot:0
Robot state:0
Robot x:2717
Robot y:2725
wepon state:0
wepon pot:0
Robot state:0
Robot x:2713
Robot y:2718
wepon state:0
wepon pot:0
Robot state:0
Robot x:2681
Robot y:2572
wepon state:0
wepon pot:0
Robot state:0
Robot x:2706
Robot y:2717
wepon state:0
wepon pot:0
Robot state:0
Robot x:2717
Robot y:2726
wepon state:0
wepon pot:0
Robot state:0
Robot x:2718
Robot y:2727
wepon state:0
wepon pot:0
Robot state:0
Robot x:2721
Robot y:2733
wepon state:0
wepon pot:0
Robot state:0
Robot x:2713
Robot y:2722
wepon state:0
wepon pot:0
Robot state:0
Robot x:2720
Robot y:2727
wepon state:0
wepon pot:0
Robot state:0
Robot x:2718
Robot y:2735
wepon state:0
wepon pot:0
Robot state:0
Robot x:2720
Robot y:2733
wepon state:0
wepon pot:0
Robot state:0
Robot x:2714
Robot y:2733
wepon state:0
wepon pot:0
Robot state:0
Robot x:2715
Robot y:2725
wepon state:0
wepon pot:0
Robot state:0
Robot x:2722
Robot y:2733
wepon state:0
wepon pot:0
Robot state:0
Robot x:2717
Robot y:2722
wepon state:0
wepon pot:0
Robot state:0
Robot x:2714
Robot y:2735
wepon state:0
wepon pot:0
Robot state:0
Robot x:2723
Robot y:2735
wepon state:0
wepon pot:0
Robot state:0
Robot x:2713
Robot y:2730
wepon state:0
wepon pot:0
Robot state:0
Robot x:2717
Robot y:2725
wepon state:0
wepon pot:0
Robot state:0
Robot x:2715
Robot y:2722
wepon state:0
wepon pot:0
Robot state:0
Robot x:2718
Robot y:2735
wepon state:0
wepon pot:0
Robot state:0
Robot x:2717
Robot y:2729
wepon state:0
wepon pot:0
Robot state:0
Robot x:2718
Robot y:2731
wepon state:0
wepon pot:0
Robot state:0
Robot x:2718
Robot y:2731
wepon state:0
wepon pot:0
Robot state:0
Robot x:2714
Robot y:2731
wepon state:0
wepon pot:0
Robot state:0
Robot x:2719
Robot y:2730
wepon state:0
wepon pot:0
Robot state:0
Robot x:2711
Robot y:2733
wepon state:0
wepon pot:0
Robot state:0
Robot x:2715
Robot y:2725
wepon state:0
wepon pot:0
Robot state:0
Robot x:2706
Robot y:2717
wepon state:0
wepon pot:0
Robot state:0
Robot x:2721
Robot y:2736
wepon state:0
wepon pot:0
Robot state:0
Robot x:2714
Robot y:2733
wepon state:0
wepon pot:0
Robot state:0
Robot x:2722
Robot y:2722
wepon state:0
wepon pot:0
Robot state:0
Robot x:2722
Robot y:2727
wepon state:0
wepon pot:0
Robot state:0
Robot x:2722
Robot y:2727
wepon state:0
wepon pot:0
Robot state:0
Robot x:2711
Robot y:2734
wepon state:0
wepon pot:0
Robot state:0
Robot x:2707
Robot y:2735
wepon state:0
wepon pot:0
Robot state:0
Robot x:2710
Robot y:2730
wepon state:0
wepon pot:0
Robot state:0
Robot x:2715
Robot y:2725
wepon state:0
wepon pot:0
Robot state:0
Robot x:2714
Robot y:2730
wepon state:0
wepon pot:0
Robot state:0
Robot x:2713
Robot y:2727
wepon state:0
wepon pot:0
Robot state:0
Robot x:2709
Robot y:2727
wepon state:0
wepon pot:0
Robot state:0
Robot x:2715
Robot y:2727
wepon state:0
wepon pot:0
Robot state:0
Robot x:2718
Robot y:2727
wepon state:0
wepon pot:0
Robot state:0
Robot x:2711
Robot y:2724
wepon state:0
wepon pot:0
Robot state:0
Robot x:2717
Robot y:2735
wepon state:0
wepon pot:0
Robot state:0
Robot x:2717
Robot y:2725
wepon state:0
wepon pot:0
Robot state:0
Robot x:2719
Robot y:2733
wepon state:0
wepon pot:0
Robot state:0
Robot x:2715
Robot y:2726
wepon state:0
wepon pot:0
Robot state:0
Robot x:2710
Robot y:2731
wepon state:0
wepon pot:0
Robot state:0
Robot x:2715
Robot y:2723
wepon state:0
wepon pot:0
Robot state:0
Robot x:2705
Robot y:2718
wepon state:0
wepon pot:0
Robot state:0
Robot x:2717
Robot y:2730
wepon state:0
wepon pot:0
Robot state:0
Robot x:2709
Robot y:2730
wepon state:0
wepon pot:0
Robot state:0
Robot x:2711
Robot y:2725
wepon state:0
wepon pot:0
Robot state:0
Robot x:2706
Robot y:2725
wepon state:0
wepon pot:0
Robot state:0
Robot x:2715
Robot y:2729
wepon state:0
wepon pot:0
Robot state:0
Robot x:2715
Robot y:2730
wepon state:0
wepon pot:0
Robot state:0
Robot x:2706
Robot y:2723
wepon state:0
wepon pot:0
Robot state:0
Robot x:2719
Robot y:2730
wepon state:0
wepon pot:0
Robot state:0
Robot x:2714
Robot y:2733
wepon state:0
wepon pot:0
Robot state:0
Robot x:2723
Robot y:2727
wepon state:0
wepon pot:0
Robot state:0
Robot x:2717
Robot y:2720
wepon state:0
wepon pot:0
Robot state:0
Robot x:2717
Robot y:2730
wepon state:0
wepon pot:0
Robot state:0
Robot x:2719
Robot y:2722
wepon state:0
wepon pot:0
Robot state:0
Robot x:2718
Robot y:2731
wepon state:0
wepon pot:0
Robot state:0
Robot x:2716
Robot y:2726
wepon state:0
wepon pot:0
Robot state:0
Robot x:2720
Robot y:2727
wepon state:0
wepon pot:0
Robot state:0
Robot x:2714
Robot y:2719
wepon state:0
wepon pot:0
Robot state:0
Robot x:2720
Robot y:2722
wepon state:0
wepon pot:0
Robot state:0
Robot x:2717
Robot y:2726
wepon state:0
wepon pot:0
Robot state:0
Robot x:2704
Robot y:2725
wepon state:0
wepon pot:0
Robot state:0
Robot x:2717
Robot y:2727
wepon state:0
wepon pot:0
Robot state:0
Robot x:2721
Robot y:2727
wepon state:0
wepon pot:0
Robot state:0
Robot x:2713
Robot y:2736
wepon state:0
wepon pot:0
Robot state:0
Robot x:2711
Robot y:2733
wepon state:0
wepon pot:0
Robot state:0
Robot x:2710
Robot y:2731
wepon state:0
wepon pot:0
Robot state:0
Robot x:2719
Robot y:2732
wepon state:0
wepon pot:0
Robot state:0
Robot x:2705
Robot y:2741
wepon state:0
wepon pot:0
Robot state:0
Robot x:2714
Robot y:2722
wepon state:0
wepon pot:0
Robot state:0
Robot x:2713
Robot y:2725
wepon state:0
wepon pot:0
Robot state:0
Robot x:2707
Robot y:2725
wepon state:0
wepon pot:0
Robot state:0
Robot x:2714
Robot y:2727
wepon state:0
wepon pot:0
Robot state:0
Robot x:2715
Robot y:2726
wepon state:0
wepon pot:0
Robot state:0
Robot x:2699
Robot y:2721
wepon state:0
wepon pot:0
Robot state:0
Robot x:2706
Robot y:2727
wepon state:0
wepon pot:0
Robot state:0
Robot x:2704
Robot y:2725
wepon state:0
wepon pot:0
Robot state:0
Robot x:2715
Robot y:2730
wepon state:0
wepon pot:0
Robot state:0
Robot x:2704
Robot y:2726
wepon state:0
wepon pot:0
Robot state:0
Robot x:2718
Robot y:2742
wepon state:0
wepon pot:0
Robot state:0
Robot x:2705
Robot y:2723
wepon state:0
wepon pot:0
Robot state:0
Robot x:2714
Robot y:2735
wepon state:0
wepon pot:0
Robot state:0
Robot x:2707
Robot y:2726
wepon state:0
wepon pot:0
Robot state:0
Robot x:2715
Robot y:2720
wepon state:0
wepon pot:0
Robot state:0
Robot x:2703
Robot y:2721
wepon state:0
wepon pot:0
Robot state:0
Robot x:2720
Robot y:2730
wepon state:0
wepon pot:0
Robot state:0
Robot x:2699
Robot y:2723
wepon state:0
wepon pot:0
Robot state:0
Robot x:2720
Robot y:2734
wepon state:0
wepon pot:0
Robot state:0
Robot x:2704
Robot y:2737
wepon state:0
wepon pot:0
Robot state:0
Robot x:2704
Robot y:2731
wepon state:0
wepon pot:0
Robot state:0
Robot x:2705
Robot y:2726
wepon state:0
wepon pot:0
Robot state:0
Robot x:2719
Robot y:2719
wepon state:0
wepon pot:0
Robot state:0
Robot x:2704
Robot y:2715
wepon state:0
wepon pot:0
Robot state:0
Robot x:2706
Robot y:2727
wepon state:0
wepon pot:0
Robot state:0
Robot x:2710
Robot y:2727
wepon state:0
wepon pot:0
Robot state:0
Robot x:2717
Robot y:2725
wepon state:0
wepon pot:0
Robot state:0
Robot x:2709
Robot y:2727
wepon state:0
wepon pot:0
Robot state:0
Robot x:2709
Robot y:2726
wepon state:0
wepon pot:0
Robot state:0
Robot x:2704
Robot y:2726
wepon state:0
wepon pot:0
Robot state:0
Robot x:2718
Robot y:2733
wepon state:0
wepon pot:0
Robot state:0
Robot x:2716
Robot y:2729
wepon state:0
wepon pot:0
Robot state:0
Robot x:2713
Robot y:2730
wepon state:0
wepon pot:0
Robot state:0
Robot x:2705
Robot y:2727
wepon state:0
wepon pot:0
Robot state:0
Robot x:2714
Robot y:2732
wepon state:0
wepon pot:0
Robot state:0
Robot x:2704
Robot y:2734
wepon state:0
wepon pot:0
Robot state:0
Robot x:2707
Robot y:2736
wepon state:0
wepon pot:0
Robot state:0
Robot x:2716
Robot y:2733
wepon state:0
wepon pot:0
Robot state:0
Robot x:2713
Robot y:2721
wepon state:0
wepon pot:0
Robot state:0
Robot x:2708
Robot y:2720
wepon state:0
wepon pot:0
Robot state:0
Robot x:2718
Robot y:2733
wepon state:0
wepon pot:0
Robot state:0
Robot x:2715
Robot y:2727
wepon state:0
wepon pot:0
Robot state:0
Robot x:2715
Robot y:2726
wepon state:0
wepon pot:0
Robot state:0
Robot x:2719
Robot y:2735
wepon state:0
wepon pot:0
Robot state:0
Robot x:2715
Robot y:2732
wepon state:0
wepon pot:0
Robot state:0
Robot x:2709
Robot y:2737
wepon state:0
wepon pot:0
Robot state:0
Robot x:2717
Robot y:2734
wepon state:0
wepon pot:0
Robot state:0
Robot x:2710
Robot y:2725
wepon state:0
wepon pot:0
Robot state:0
Robot x:2715
Robot y:2721
wepon state:0
wepon pot:0
Robot state:0
Robot x:2711
Robot y:2731
wepon state:0
wepon pot:0
Robot state:0
Robot x:2710
Robot y:2719
wepon state:0
wepon pot:0
Robot state:0
Robot x:2715
Robot y:2735
wepon state:0
wepon pot:0
Robot state:0
Robot x:2712
Robot y:2731
wepon state:0
wepon pot:0
Robot state:0
Robot x:2716
Robot y:2724
wepon state:0
wepon pot:0
Robot state:0
Robot x:2713
Robot y:2724
wepon state:0
wepon pot:0
Robot state:0
Robot x:2715
Robot y:2724
wepon state:0
wepon pot:0
Robot state:0
Robot x:2719
Robot y:2717
wepon state:0
wepon pot:0
Robot state:0
Robot x:2716
Robot y:2723
wepon state:0
wepon pot:0
Robot state:0
Robot x:2713
Robot y:2722
wepon state:0
wepon pot:0
Robot state:0
Robot x:2717
Robot y:2730
wepon state:0
wepon pot:0
Robot state:0
Robot x:2715
Robot y:2704
wepon state:0
wepon pot:0
Robot state:0
Robot x:2715
Robot y:2731
wepon state:0
wepon pot:0
Robot state:0
Robot x:2718
Robot y:2723
wepon state:0
wepon pot:0
Robot state:0
Robot x:2713
Robot y:2729
wepon state:0
wepon pot:0
Robot state:0
Robot x:2719
Robot y:2718
wepon state:0
wepon pot:0
Robot state:0
Robot x:2717
Robot y:2731
wepon state:0
wepon pot:0
Robot state:0
Robot x:2719
Robot y:2725
wepon state:0
wepon pot:0
Robot state:0
Robot x:2717
Robot y:2736
wepon state:0
wepon pot:0
Robot state:0
Robot x:2711
Robot y:2719
wepon state:0
wepon pot:0
Robot state:0
Robot x:2709
Robot y:2729
wepon state:0
wepon pot:0
Robot state:0
Robot x:2714
Robot y:2722
wepon state:0
wepon pot:0
Robot state:0
Robot x:2717
Robot y:2732
wepon state:0
wepon pot:0
Robot state:0
Robot x:2718
Robot y:2723
wepon state:0
wepon pot:0
Robot state:0
Robot x:2718
Robot y:2731
wepon state:0
wepon pot:0
Robot state:0
Robot x:2717
Robot y:2721
wepon state:0
wepon pot:0
Robot state:0
Robot x:2713
Robot y:2731
wepon state:0
wepon pot:0
Robot state:0
Robot x:2704
Robot y:2732
wepon state:0
wepon pot:0
Robot state:0
Robot x:2719
Robot y:2721
wepon state:0
wepon pot:0
Robot state:0
Robot x:2722
Robot y:2727
wepon state:0
wepon pot:0
Robot state:0
Robot x:2714
Robot y:2726
wepon state:0
wepon pot:0
Robot state:0
Robot x:2711
Robot y:2715
wepon state:0
wepon pot:0
Robot state:0
Robot x:2711
Robot y:2734
wepon state:0
wepon pot:0
Robot state:0
Robot x:2715
Robot y:2717
wepon state:0
wepon pot:0
Robot state:0
Robot x:2717
Robot y:2727
wepon state:0
wepon pot:0
Robot state:0
Robot x:2714
Robot y:2723
wepon state:0
wepon pot:0
Robot state:0
Robot x:2722
Robot y:2725
wepon state:0
wepon pot:0
Robot state:0
Robot x:2717
Robot y:2720
wepon state:0
wepon pot:0
Robot state:0
Robot x:2725
Robot y:2733
wepon state:0
wepon pot:0
Robot state:0
Robot x:2709
Robot y:2716
wepon state:0
wepon pot:0
Robot state:0
Robot x:2715
Robot y:2730
wepon state:0
wepon pot:0
Robot state:0
Robot x:2716
Robot y:2723
wepon state:0
wepon pot:0
Robot state:0
Robot x:2718
Robot y:2723
wepon state:0
wepon pot:0
Robot state:0
Robot x:2710
Robot y:2729
wepon state:0
wepon pot:0
Robot state:0
Robot x:2717
Robot y:2719
wepon state:0
wepon pot:0
Robot state:0
Robot x:2705
Robot y:2726
wepon state:0
wepon pot:0
Robot state:0
Robot x:2707
Robot y:2726
wepon state:0
wepon pot:0
Robot state:0
Robot x:2714
Robot y:2726
wepon state:0
wepon pot:0
Robot state:0
Robot x:2711
Robot y:2731
wepon state:0
wepon pot:0
Robot state:0
Robot x:2719
Robot y:2720
wepon state:0
wepon pot:0
Robot state:0
Robot x:2710
Robot y:2733
wepon state:0
wepon pot:0
Robot state:0
Robot x:2719
Robot y:2721
wepon state:0
wepon pot:0
Robot state:0
Robot x:2717
Robot y:2735
wepon state:0
wepon pot:0
Robot state:0
Robot x:2721
Robot y:2727
wepon state:0
wepon pot:0
Robot state:0
Robot x:2713
Robot y:2733
wepon state:0
wepon pot:0
Robot state:0
Robot x:2710
Robot y:2729
wepon state:0
wepon pot:0
Robot state:0
Robot x:2711
Robot y:2733
wepon state:0
wepon pot:0
Robot state:0
Robot x:2706
Robot y:2732
wepon state:0
wepon pot:0
Robot state:0
Robot x:2707
Robot y:2727
wepon state:0
wepon pot:0
Robot state:0
Robot x:2718
Robot y:2731
wepon state:0
wepon pot:0
Robot state:0
Robot x:2706
Robot y:2730
wepon state:0
wepon pot:0
Robot state:0
Robot x:2719
Robot y:2726
wepon state:0
wepon pot:0
Robot state:0
Robot x:2715
Robot y:2723
wepon state:0
wepon pot:0
Robot state:0
Robot x:2717
Robot y:2732
wepon state:0
wepon pot:0
Robot state:0
Robot x:2718
Robot y:2730
wepon state:0
wepon pot:0
Robot state:0
Robot x:2705
Robot y:2727
wepon state:0
wepon pot:0
Robot state:0
Robot x:2711
Robot y:2726
wepon state:0
wepon pot:0
Robot state:0
Robot x:2711
Robot y:2726
wepon state:0
wepon pot:0
Robot state:0
Robot x:2721
Robot y:2726
wepon state:0
wepon pot:0
Robot state:0
Robot x:2716
Robot y:2724
wepon state:0
wepon pot:0
Robot state:0
Robot x:2711
Robot y:2723
wepon state:0
wepon pot:0
Robot state:0
Robot x:2717
Robot y:2733
wepon state:0
wepon pot:0
Robot state:0
Robot x:2706
Robot y:2723
wepon state:0
wepon pot:0
Robot state:0
Robot x:2715
Robot y:2729
wepon state:0
wepon pot:0
Robot state:0
Robot x:2715
Robot y:2722
wepon state:0
wepon pot:0
Robot state:0
Robot x:2715
Robot y:2730
wepon state:0
wepon pot:0
Robot state:0
Robot x:2715
Robot y:2731
wepon state:0
wepon pot:0
Robot state:0
Robot x:2714
Robot y:2727
wepon state:0
wepon pot:0
Robot state:0
Robot x:2721
Robot y:2723
wepon state:0
wepon pot:0
Robot state:0
Robot x:2713
Robot y:2734
wepon state:0
wepon pot:0
Robot state:0
Robot x:2723
Robot y:2727
wepon state:0
wepon pot:0
Robot state:0
Robot x:2711
Robot y:2725
wepon state:0
wepon pot:0
Robot state:0
Robot x:2718
Robot y:2728
wepon state:0
wepon pot:0
Robot state:0
Robot x:2709
Robot y:2727
wepon state:0
wepon pot:0
Robot state:0
Robot x:2719
Robot y:2729
wepon state:0
wepon pot:0
Robot state:0
Robot x:2707
Robot y:2725
wepon state:0
wepon pot:0
Robot state:0
Robot x:2715
Robot y:2725
wepon state:0
wepon pot:0
Robot state:0
Robot x:2715
Robot y:2733
wepon state:0
wepon pot:0
Robot state:0
Robot x:2718
Robot y:2725
wepon state:0
wepon pot:0
Robot state:0
Robot x:2709
Robot y:2731
wepon state:0
wepon pot:0
Robot state:0
Robot x:2724
Robot y:2733
wepon state:0
wepon pot:0
Robot state:0
Robot x:2707
Robot y:2726
wepon state:0
wepon pot:0
Robot state:0
Robot x:2710
Robot y:2733
wepon state:0
wepon pot:0
Robot state:0
Robot x:2704
Robot y:2723
wepon state:0
wepon pot:0
Robot state:0
Robot x:2714
Robot y:2722
wepon state:0
wepon pot:0
Robot state:0
Robot x:2704
Robot y:2725
wepon state:0
wepon pot:0
Robot state:0
Robot x:2708
Robot y:2722
wepon state:0
wepon pot:0
Robot state:0
Robot x:2709
Robot y:2727
wepon state:0
wepon pot:0
Robot state:0
Robot x:2713
Robot y:2725
wepon state:0
wepon pot:0
Robot state:0
Robot x:2710
Robot y:2726
wepon state:0
wepon pot:0
Robot state:0
Robot x:2706
Robot y:2727
wepon state:0
wepon pot:0
Robot state:0
Robot x:2709
Robot y:2728
wepon state:0
wepon pot:0
Robot state:0
Robot x:2716
Robot y:2729
wepon state:0
wepon pot:0
Robot state:0
Robot x:2707
Robot y:2727
wepon state:0
wepon pot:0
Robot state:0
Robot x:2706
Robot y:2725
wepon state:0
wepon pot:0
Robot state:0
Robot x:2707
Robot y:2725
wepon state:0
wepon pot:0
Robot state:0
Robot x:2717
Robot y:2726
wepon state:0
wepon pot:0
Robot state:0
Robot x:2705
Robot y:2727
wepon state:0
wepon pot:0
Robot state:0
Robot x:2715
Robot y:2731
wepon state:0
wepon pot:0
Robot state:0
Robot x:2717
Robot y:2734
wepon state:0
wepon pot:0
Robot state:0
Robot x:2710
Robot y:2727
wepon state:0
wepon pot:0
Robot state:0
Robot x:2707
Robot y:2727
wepon state:0
wepon pot:0
Robot state:0
Robot x:2717
Robot y:2727
wepon state:0
wepon pot:0
Robot state:0
Robot x:2712
Robot y:2730
wepon state:0
wepon pot:0
Robot state:0
Robot x:2710
Robot y:2721
wepon state:0
wepon pot:0
Robot state:0
Robot x:2717
Robot y:2725
wepon state:0
wepon pot:0
Robot state:0
Robot x:2704
Robot y:2725
wepon state:0
wepon pot:0
Robot state:0
Robot x:2716
Robot y:2725
wepon state:0
wepon pot:0
Robot state:0
Robot x:2707
Robot y:2729
wepon state:0
wepon pot:0
Robot state:0
Robot x:2719
Robot y:2724
wepon state:0
wepon pot:0
Robot state:0
Robot x:2717
Robot y:2724
wepon state:0
wepon pot:0
Robot state:0
Robot x:2721
Robot y:2731
wepon state:0
wepon pot:0
Robot state:0
Robot x:2713
Robot y:2726
wepon state:0
wepon pot:0
Robot state:0
Robot x:2714
Robot y:2736
wepon state:0
wepon pot:0
Robot state:0
Robot x:2711
Robot y:2733
wepon state:0
wepon pot:0
Robot state:0
Robot x:2715
Robot y:2734
wepon state:0
wepon pot:0
Robot state:0
Robot x:2717
Robot y:2720
wepon state:0
wepon pot:0
Robot state:0
Robot x:2712
Robot y:2729
wepon state:0
wepon pot:0
Robot state:0
Robot x:2711
Robot y:2722
wepon state:0
wepon pot:0
Robot state:0
Robot x:2711
Robot y:2725
wepon state:0
wepon pot:0
Robot state:0
Robot x:2707
Robot y:2727
wepon state:0
wepon pot:0
Robot state:0
Robot x:2709
Robot y:2731
wepon state:0
wepon pot:0
Robot state:0
Robot x:2711
Robot y:2717
wepon state:0
wepon pot:0
Robot state:0
Robot x:2713
Robot y:2733
wepon state:0
wepon pot:0
Robot state:0
Robot x:2707
Robot y:2716
wepon state:0
wepon pot:0
Robot state:0
Robot x:2705
Robot y:2730
wepon state:0
wepon pot:0
Robot state:0
Robot x:2718
Robot y:2721
wepon state:0
wepon pot:0
Robot state:0
Robot x:2709
Robot y:2726
wepon state:0
wepon pot:0
Robot state:0
Robot x:2710
Robot y:2722
wepon state:0
wepon pot:0
Robot state:0
Robot x:2715
Robot y:2733
wepon state:0
wepon pot:0
Robot state:0
Robot x:2711
Robot y:2714
wepon state:0
wepon pot:0
Robot state:0
Robot x:2720
Robot y:2730
wepon state:0
wepon pot:0
Robot state:0
Robot x:2709
Robot y:2734
wepon state:0
wepon pot:0
Robot state:0
Robot x:2713
Robot y:2736
wepon state:0
wepon pot:0
Robot state:0
Robot x:2717
Robot y:2735
wepon state:0
wepon pot:0
Robot state:0
Robot x:2704
Robot y:2730
wepon state:0
wepon pot:0
Robot state:0
Robot x:2706
Robot y:2721
wepon state:0
wepon pot:0
Robot state:0
Robot x:2709
Robot y:2730
wepon state:0
wepon pot:0
Robot state:0
Robot x:2710
Robot y:2735
wepon state:0
wepon pot:0
Robot state:0
Robot x:2718
Robot y:2730
wepon state:0
wepon pot:0
Robot state:0
Robot x:2713
Robot y:2730
wepon state:0
wepon pot:0
Robot state:0
Robot x:2706
Robot y:2736
wepon state:0
wepon pot:0
Robot state:0
Robot x:2717
Robot y:2731
wepon state:0
wepon pot:0
Robot state:0
Robot x:2711
Robot y:2730
wepon state:0
wepon pot:0
Robot state:0
Robot x:2720
Robot y:2731
wepon state:0
wepon pot:0
Robot state:0
Robot x:2706
Robot y:2724
wepon state:0
wepon pot:0
Robot state:0
Robot x:2710
Robot y:2731
wepon state:0
wepon pot:0
Robot state:0
Robot x:2708
Robot y:2727
wepon state:0
wepon pot:0
Robot state:0
Robot x:2717
Robot y:2724
wepon state:0
wepon pot:0
Robot state:0
Robot x:2710
Robot y:2727
wepon state:0
wepon pot:0
Robot state:0
Robot x:2709
Robot y:2721
wepon state:0
wepon pot:0
Robot state:0
Robot x:2709
Robot y:2722
wepon state:0
wepon pot:0
Robot state:0
Robot x:2711
Robot y:2717
wepon state:0
wepon pot:0
Robot state:0
Robot x:2704
Robot y:2731
wepon state:0
wepon pot:0
Robot state:0
Robot x:2705
Robot y:2731
wepon state:0
wepon pot:0
Robot state:0
Robot x:2710
Robot y:2730
wepon state:0
wepon pot:0
Robot state:0
Robot x:2710
Robot y:2728
wepon state:0
wepon pot:0
Robot state:0
Robot x:2719
Robot y:2729
wepon state:0
wepon pot:0
Robot state:0
Robot x:2713
Robot y:2730
wepon state:0
wepon pot:0
Robot state:0
Robot x:2710
Robot y:2733
wepon state:0
wepon pot:0
Robot state:0
Robot x:2717
Robot y:2727
wepon state:0
wepon pot:0
Robot state:0
Robot x:2707
Robot y:2723
wepon state:0
wepon pot:0
Robot state:0
Robot x:2717
Robot y:2722
wepon state:0
wepon pot:0
Robot state:0
Robot x:2713
Robot y:2730
wepon state:0
wepon pot:0
Robot state:0
Robot x:2716
Robot y:2723
wepon state:0
wepon pot:0
Robot state:0
Robot x:2710
Robot y:2736
wepon state:0
wepon pot:0
Robot state:0
Robot x:2717
Robot y:2733
wepon state:0
wepon pot:0
Robot state:0
Robot x:2710
Robot y:2731
wepon state:0
wepon pot:0
Robot state:0
Robot x:2717
Robot y:2720
wepon state:0
wepon pot:0
Robot state:0
Robot x:2705
Robot y:2730
wepon state:0
wepon pot:0
Robot state:0
Robot x:2716
Robot y:2719
wepon state:0
wepon pot:0
Robot state:0
Robot x:2709
Robot y:2731
wepon state:0
wepon pot:0
Robot state:0
Robot x:2709
Robot y:2736
wepon state:0
wepon pot:0
Robot state:0
Robot x:2707
Robot y:2733
wepon state:0
wepon pot:0
Robot state:0
Robot x:2713
Robot y:2721
wepon state:0
wepon pot:0
Robot state:0
Robot x:2719
Robot y:2725
wepon state:0
wepon pot:0
Robot state:0
Robot x:2711
Robot y:2726
wepon state:0
wepon pot:0
Robot state:0
Robot x:2708
Robot y:2726
wepon state:0
wepon pot:0
Robot state:0
Robot x:2713
Robot y:2723
wepon state:0
wepon pot:0
Robot state:0
Robot x:2710
Robot y:2726
wepon state:0
wepon pot:0
Robot state:0
Robot x:2709
Robot y:2729
wepon state:0
wepon pot:0
Robot state:0
Robot x:2713
Robot y:2729
wepon state:0
wepon pot:0
Robot state:0
Robot x:2715
Robot y:2732
wepon state:0
wepon pot:0
Robot state:0
Robot x:2706
Robot y:2729
wepon state:0
wepon pot:0
Robot state:0
Robot x:2713
Robot y:2725
wepon state:0
wepon pot:0
Robot state:0
Robot x:2713
Robot y:2734
wepon state:0
wepon pot:0
Robot state:0
Robot x:2710
Robot y:2727
wepon state:0
wepon pot:0
Robot state:0
Robot x:2711
Robot y:2725
wepon state:0
wepon pot:0
Robot state:0
Robot x:2711
Robot y:2726
wepon state:0
wepon pot:0
Robot state:0
Robot x:2711
Robot y:2726
wepon state:0
wepon pot:0
Robot state:0
Robot x:2709
Robot y:2727
wepon state:0
wepon pot:0
Robot state:0
Robot x:2714
Robot y:2730
wepon state:0
wepon pot:0
Robot state:0
Robot x:2708
Robot y:2720
wepon state:0
wepon pot:0
Robot state:0
Robot x:2715
Robot y:2727
wepon state:0
wepon pot:0
Robot state:0
Robot x:2716
Robot y:2726
wepon state:0
wepon pot:0
Robot state:0
Robot x:2716
Robot y:2721
wepon state:0
wepon pot:0
Robot state:0
Robot x:2709
Robot y:2729
wepon state:0
wepon pot:0
Robot state:0
Robot x:2714
Robot y:2736
wepon state:0
wepon pot:0
Robot state:0
Robot x:2707
Robot y:2726
wepon state:0
wepon pot:0
Robot state:0
Robot x:2710
Robot y:2736
wepon state:0
wepon pot:0
Robot state:0
Robot x:2715
Robot y:2726
wepon state:0
wepon pot:0
Robot state:0
Robot x:2720
Robot y:2733
wepon state:0
wepon pot:0
Robot state:0
Robot x:2714
Robot y:2721
wepon state:0
wepon pot:0
Robot state:0
Robot x:2716
Robot y:2726
wepon state:0
wepon pot:0
Robot state:0
Robot x:2720
Robot y:2722
wepon state:0
wepon pot:0
Robot state:0
Robot x:2710
Robot y:2736
wepon state:0
wepon pot:0
Robot state:0
Robot x:2716
Robot y:2723
wepon state:0
wepon pot:0
Robot state:0
Robot x:2710
Robot y:2723
wepon state:0
wepon pot:0
Robot state:0
Robot x:2709
Robot y:2730
wepon state:0
wepon pot:0
Robot state:0
Robot x:2719
Robot y:2727
wepon state:0
wepon pot:0
Robot state:0
Robot x:2715
Robot y:2730
wepon state:0
wepon pot:0
Robot state:0
Robot x:2717
Robot y:2730
wepon state:0
wepon pot:0
Robot state:0
Robot x:2709
Robot y:2713
wepon state:0
wepon pot:0
Robot state:0
Robot x:2705
Robot y:2729
wepon state:0
wepon pot:0
Robot state:0
Robot x:2705
Robot y:2741
wepon state:0
wepon pot:0
Robot state:0
Robot x:2713
Robot y:2726
wepon state:0
wepon pot:0
Robot state:0
Robot x:2717
Robot y:2727
wepon state:0
wepon pot:0
Robot state:0
Robot x:2713
Robot y:2731
wepon state:0
wepon pot:0
Robot state:0
Robot x:2715
Robot y:2733
wepon state:0
wepon pot:0
Robot state:0
Robot x:2707
Robot y:2730
wepon state:0
wepon pot:0
Robot state:0
Robot x:2721
Robot y:2734
wepon state:0
wepon pot:0
Robot state:0
Robot x:2715
Robot y:2726
wepon state:0
wepon pot:0
Robot state:0
Robot x:2710
Robot y:2730
wepon state:0
wepon pot:0
Robot state:0
Robot x:2710
Robot y:2723
wepon state:0
wepon pot:0
Robot state:0
Robot x:2710
Robot y:2718
wepon state:0
wepon pot:0
Robot state:0
Robot x:2705
Robot y:2731
wepon state:0
wepon pot:0
Robot state:0
Robot x:2717
Robot y:2723
wepon state:0
wepon pot:0
Robot state:0
Robot x:2707
Robot y:2731
wepon state:0
wepon pot:0
Robot state:0
Robot x:2707
Robot y:2723
wepon state:0
wepon pot:0
Robot state:0
Robot x:2708
Robot y:2726
wepon state:0
wepon pot:0
Robot state:0
Robot x:2715
Robot y:2719
wepon state:0
wepon pot:0
Robot state:0
Robot x:2713
Robot y:2722
wepon state:0
wepon pot:0
Robot state:0
Robot x:2710
Robot y:2719
wepon state:0
wepon pot:0
Robot state:0
Robot x:2706
Robot y:2723
wepon state:0
wepon pot:0
Robot state:0
Robot x:2715
Robot y:2726
wepon state:0
wepon pot:0
Robot state:0
Robot x:2713
Robot y:2718
wepon state:0
wepon pot:0
Robot state:0
Robot x:2710
Robot y:2723
wepon state:0
wepon pot:0
Robot state:0
Robot x:2704
Robot y:2726
wepon state:0
wepon pot:0
Robot state:0
Robot x:2707
Robot y:2727
wepon state:0
wepon pot:0
Robot state:0
Robot x:2711
Robot y:2723
wepon state:0
wepon pot:0
Robot state:0
Robot x:2715
Robot y:2722
wepon state:0
wepon pot:0
Robot state:0
Robot x:2705
Robot y:2724
wepon state:0
wepon pot:0
Robot state:0
Robot x:2713
Robot y:2719
wepon state:0
wepon pot:0
Robot state:0
Robot x:2712
Robot y:2727
wepon state:0
wepon pot:0
Robot state:0
Robot x:2715
Robot y:2732
wepon state:0
wepon pot:0
Robot state:0
Robot x:2705
Robot y:2727
wepon state:0
wepon pot:0
Robot state:0
Robot x:2716
Robot y:2732
wepon state:0
wepon pot:0
Robot state:0
Robot x:2715
Robot y:2730
wepon state:0
wepon pot:0
Robot state:0
Robot x:2715
Robot y:2725
wepon state:0
wepon pot:0
Robot state:0
Robot x:2704
Robot y:2736
wepon state:0
wepon pot:0
Robot state:0
Robot x:2720
Robot y:2727
wepon state:0
wepon pot:0
Robot state:0
Robot x:2709
Robot y:2721
wepon state:0
wepon pot:0
Robot state:0
Robot x:2715
Robot y:2727
wepon state:0
wepon pot:0
Robot state:0
Robot x:2706
Robot y:2722
wepon state:0
wepon pot:0
Robot state:0
Robot x:2719
Robot y:2734
wepon state:0
wepon pot:0
Robot state:0
Robot x:2702
Robot y:2729
wepon state:0
wepon pot:0
Robot state:0
Robot x:2711
Robot y:2736
wepon state:0
wepon pot:0
Robot state:0
Robot x:2708
Robot y:2724
wepon state:0
wepon pot:0
Robot state:0
Robot x:2716
Robot y:2727
wepon state:0
wepon pot:0
Robot state:0
Robot x:2709
Robot y:2729
wepon state:0
wepon pot:0
Robot state:0
Robot x:2707
Robot y:2725
wepon state:0
wepon pot:0
Robot state:0
Robot x:2709
Robot y:2730
wepon state:0
wepon pot:0
Robot state:0
Robot x:2717
Robot y:2725
wepon state:0
wepon pot:0
Robot state:0
Robot x:2699
Robot y:2722
wepon state:0
wepon pot:0
Robot state:0
Robot x:2714
Robot y:2727
wepon state:0
wepon pot:0
Robot state:0
Robot x:2710
Robot y:2721
wepon state:0
wepon pot:0
Robot state:0
Robot x:2715
Robot y:2730
wepon state:0
wepon pot:0
Robot state:0
Robot x:2711
Robot y:2727
wepon state:0
wepon pot:0
Robot state:0
Robot x:2706
Robot y:2721
wepon state:0
wepon pot:0
Robot state:0
Robot x:2704
Robot y:2726
wepon state:0
wepon pot:0
Robot state:0
Robot x:2720
Robot y:2733
wepon state:0
wepon pot:0
Robot state:0
Robot x:2709
Robot y:2727
wepon state:0
wepon pot:0
Robot state:0
Robot x:2715
Robot y:2721
wepon state:0
wepon pot:0
Robot state:0
Robot x:2709
Robot y:2735
wepon state:0
wepon pot:0
Robot state:0
Robot x:2711
Robot y:2722
wepon state:0
wepon pot:0
Robot state:0
Robot x:2711
Robot y:2725
wepon state:0
wepon pot:0
Robot state:0
Robot x:2719
Robot y:2731
wepon state:0
wepon pot:0
Robot state:0
Robot x:2720
Robot y:2723
wepon state:0
wepon pot:0
Robot state:0
Robot x:2714
Robot y:2729
wepon state:0
wepon pot:0
Robot state:0
Robot x:2713
Robot y:2736
wepon state:0
wepon pot:0
Robot state:0
Robot x:2707
Robot y:2733
wepon state:0
wepon pot:0
Robot state:0
Robot x:2709
Robot y:2729
wepon state:0
wepon pot:0
Robot state:0
Robot x:2711
Robot y:2731
wepon state:0
wepon pot:0
Robot state:0
Robot x:2713
Robot y:2732
wepon state:0
wepon pot:0
Robot state:0
Robot x:2708
Robot y:2720
wepon state:0
wepon pot:0
Robot state:0
Robot x:2717
Robot y:2736
wepon state:0
wepon pot:0
Robot state:0
Robot x:2714
Robot y:2715
wepon state:0
wepon pot:0
Robot state:0
Robot x:2711
Robot y:2728
wepon state:0
wepon pot:0
Robot state:0
Robot x:2705
Robot y:2725
wepon state:0
wepon pot:0
Robot state:0
Robot x:2705
Robot y:2729
wepon state:0
wepon pot:0
Robot state:0
Robot x:2716
Robot y:2726
wepon state:0
wepon pot:0
Robot state:0
Robot x:2713
Robot y:2729
wepon state:0
wepon pot:0
Robot state:0
Robot x:2711
Robot y:2732
wepon state:0
wepon pot:0
Robot state:0
Robot x:2718
Robot y:2729
wepon state:0
wepon pot:0
Robot state:0
Robot x:2716
Robot y:2726
wepon state:0
wepon pot:0
Robot state:0
Robot x:2717
Robot y:2736
wepon state:0
wepon pot:0
Robot state:0
Robot x:2713
Robot y:2729
wepon state:0
wepon pot:0
Robot state:0
Robot x:2711
Robot y:2735
wepon state:0
wepon pot:0
Robot state:0
Robot x:2709
Robot y:2727
wepon state:0
wepon pot:0
Robot state:0
Robot x:2718
Robot y:2731
wepon state:0
wepon pot:0
Robot state:0
Robot x:2715
Robot y:2730
wepon state:0
wepon pot:0
Robot state:0
Robot x:2710
Robot y:2729
wepon state:0
wepon pot:0
Robot state:0
Robot x:2718
Robot y:2735
wepon state:0
wepon pot:0
Robot state:0
Robot x:2713
Robot y:2721
wepon state:0
wepon pot:0
Robot state:0
Robot x:4095
Robot y:4095
wepon state:0
wepon pot:0
Robot state:0
Robot x:2711
Robot y:2725
wepon state:0
wepon pot:0
Robot state:0
Robot x:4095
Robot y:4095
wepon state:0
wepon pot:0
Robot state:0
Robot x:2719
Robot y:2721
wepon state:0
wepon pot:0
Robot state:0
Robot x:2719
Robot y:2733
wepon state:0
wepon pot:0
Robot state:0
Robot x:2710
Robot y:2726
wepon state:0
wepon pot:0
Robot state:0
Robot x:2717
Robot y:2730
wepon state:0
wepon pot:0
Robot state:0
Robot x:2715
Robot y:2725
wepon state:0
wepon pot:0
Robot state:0
Robot x:2715
Robot y:2729
wepon state:0
wepon pot:0
Robot state:0
Robot x:2713
Robot y:2726
wepon state:0
wepon pot:0
Robot state:0
Robot x:2713
Robot y:2724
wepon state:0
wepon pot:0
Robot state:0
Robot x:2713
Robot y:2725
wepon state:0
wepon pot:0
Robot state:0
Robot x:2719
Robot y:2731
wepon state:0
wepon pot:0
Robot state:0
Robot x:2715
Robot y:2725
wepon state:0
wepon pot:0
Robot state:0
Robot x:2719
Robot y:2727
wepon state:0
wepon pot:0
Robot state:0
Robot x:2718
Robot y:2719
wepon state:0
wepon pot:0
Robot state:0
Robot x:2719
Robot y:2730
wepon state:0
wepon pot:0
Robot state:0
Robot x:2717
Robot y:2717
wepon state:0
wepon pot:0
Robot state:0
Robot x:2870
Robot y:2887
wepon state:0
wepon pot:0
Robot state:0
Robot x:2799
Robot y:2810
wepon state:0
wepon pot:0
Robot state:0
Robot x:3041
Robot y:2995
wepon state:0
wepon pot:0
Robot state:0
Robot x:2779
Robot y:2783
wepon state:0
wepon pot:0
Robot state:0
Robot x:2785
Robot y:2799
wepon state:0
wepon pot:0
Robot state:0
Robot x:2766
Robot y:2770
wepon state:0
wepon pot:0
Robot state:0
Robot x:2779
Robot y:2794
wepon state:0
wepon pot:0
Robot state:0
Robot x:2842
Robot y:2855
wepon state:0
wepon pot:0
Robot state:0
Robot x:2717
Robot y:2733
wepon state:0
wepon pot:0
Robot state:0
Robot x:2718
Robot y:2731
wepon state:0
wepon pot:0
Robot state:0
Robot x:2718
Robot y:2731
wepon state:0
wepon pot:0
Robot state:0
Robot x:2715
Robot y:2717
wepon state:0
wepon pot:0
Robot state:0
Robot x:2722
Robot y:2736
wepon state:0
wepon pot:0
Robot state:0
Robot x:2714
Robot y:2725
wepon state:0
wepon pot:0
Robot state:0
Robot x:2715
Robot y:2728
wepon state:0
wepon pot:0
Robot state:0
Robot x:2711
Robot y:2721
wepon state:0
wepon pot:0
Robot state:0
Robot x:2718
Robot y:2732
wepon state:0
wepon pot:0
Robot state:0
Robot x:2709
Robot y:2723
wepon state:0
wepon pot:0
Robot state:0
Robot x:2711
Robot y:2731
wepon state:0
wepon pot:0
Robot state:0
Robot x:2714
Robot y:2731
wepon state:0
wepon pot:0
Robot state:0
Robot x:2717
Robot y:2730
wepon state:0
wepon pot:0
Robot state:0
Robot x:2719
Robot y:2718
wepon state:0
wepon pot:0
Robot state:0
Robot x:2715
Robot y:2731
wepon state:0
wepon pot:0
Robot state:0
Robot x:2716
Robot y:2719
wepon state:0
wepon pot:0
Robot state:0
Robot x:2719
Robot y:2730
wepon state:0
wepon pot:0
Robot state:0
Robot x:2714
Robot y:2723
wepon state:0
wepon pot:0
Robot state:0
Robot x:2720
Robot y:2729
wepon state:0
wepon pot:0
Robot state:0
Robot x:2715
Robot y:2725
wepon state:0
wepon pot:0
Robot state:0
Robot x:2717
Robot y:2732
wepon state:0
wepon pot:0
Robot state:0
Robot x:2713
Robot y:2721
wepon state:0
wepon pot:0
Robot state:0
Robot x:2719
Robot y:2727
wepon state:0
wepon pot:0
Robot state:0
Robot x:2717
Robot y:2718
wepon state:0
wepon pot:0
Robot state:0
Robot x:2733
Robot y:2755
wepon state:0
wepon pot:0
Robot state:0
Robot x:2736
Robot y:2751
wepon state:0
wepon pot:0
Robot state:0
Robot x:2896
Robot y:2911
wepon state:0
wepon pot:0
Robot state:0
Robot x:2863
Robot y:2874
wepon state:0
wepon pot:0
Robot state:0
Robot x:2851
Robot y:2864
wepon state:0
wepon pot:0
Robot state:0
Robot x:2850
Robot y:2859
wepon state:0
wepon pot:0
Robot state:0
Robot x:2813
Robot y:2832
wepon state:0
wepon pot:0
Robot state:0
Robot x:2833
Robot y:2838
wepon state:0
wepon pot:0
Robot state:0
Robot x:2855
Robot y:2875
wepon state:0
wepon pot:0
Robot state:0
Robot x:2855
Robot y:2864
wepon state:0
wepon pot:0
Robot state:0
Robot x:2797
Robot y:2817
wepon state:0
wepon pot:0
Robot state:0
Robot x:2863
Robot y:2870
wepon state:0
wepon pot:0
Robot state:0
Robot x:2811
Robot y:2838
wepon state:0
wepon pot:0
Robot state:0
Robot x:4095
Robot y:4095
wepon state:0
wepon pot:0
Robot state:0
Robot x:4095
Robot y:4095
wepon state:0
wepon pot:0
Robot state:0
Robot x:4095
Robot y:4095
wepon state:0
wepon pot:0
Robot state:0
Robot x:4095
Robot y:4095
wepon state:0
wepon pot:0
Robot state:0
Robot x:2762
Robot y:2779
wepon state:0
wepon pot:0
Robot state:0
Robot x:4095
Robot y:4095
wepon state:0
wepon pot:0
Robot state:0
Robot x:4095
Robot y:4095
wepon state:0
wepon pot:0
Robot state:0
Robot x:4095
Robot y:4095
wepon state:0
wepon pot:0
Robot state:0
Robot x:2944
Robot y:2954
wepon state:0
wepon pot:0
Robot state:0
Robot x:4095
Robot y:4095
wepon state:0
wepon pot:0
Robot state:0
Robot x:4095
Robot y:4095
wepon state:0
wepon pot:0
Robot state:0
Robot x:4095
Robot y:4095
wepon state:0
wepon pot:0
Robot state:0
Robot x:2735
Robot y:2747
wepon state:0
wepon pot:0
Robot state:0
Robot x:2721
Robot y:2737
wepon state:0
wepon pot:0
Robot state:0
Robot x:2721
Robot y:2735
wepon state:0
wepon pot:0
Robot state:0
Robot x:2893
Robot y:2911
wepon state:0
wepon pot:0
Robot state:0
Robot x:3018
Robot y:3023
wepon state:0
wepon pot:0
Robot state:0
Robot x:4095
Robot y:4095
wepon state:0
wepon pot:0
Robot state:0
Robot x:4095
Robot y:4095
wepon state:0
wepon pot:0
Robot state:0
Robot x:2775
Robot y:2794
wepon state:0
wepon pot:0
Robot state:0
Robot x:2839
Robot y:2847
wepon state:0
wepon pot:0
Robot state:0
Robot x:2710
Robot y:2731
wepon state:0
wepon pot:0
Robot state:0
Robot x:2723
Robot y:2735
wepon state:0
wepon pot:0
Robot state:0
Robot x:2714
Robot y:2729
wepon state:0
wepon pot:0
Robot state:0
Robot x:2724
Robot y:2732
wepon state:0
wepon pot:0
Robot state:0
Robot x:3312
Robot y:3395
wepon state:0
wepon pot:0
Robot state:0
Robot x:2714
Robot y:2723
wepon state:0
wepon pot:0
Robot state:0
Robot x:2709
Robot y:2731
wepon state:0
wepon pot:0
Robot state:0
Robot x:2736
Robot y:2737
wepon state:0
wepon pot:0
Robot state:0
Robot x:2713
Robot y:2733
wepon state:0
wepon pot:0
Robot state:0
Robot x:2722
Robot y:2737
wepon state:0
wepon pot:0
Robot state:0
Robot x:2711
Robot y:2729
wepon state:0
wepon pot:0
Robot state:0
Robot x:2720
Robot y:2736
wepon state:0
wepon pot:0
Robot state:0
Robot x:2723
Robot y:2739
wepon state:0
wepon pot:0
Robot state:0
Robot x:2715
Robot y:2732
wepon state:0
wepon pot:0
Robot state:0
Robot x:2714
Robot y:2730
wepon state:0
wepon pot:0
Robot state:0
Robot x:2722
Robot y:2734
wepon state:0
wepon pot:0
Robot state:0
Robot x:2720
Robot y:2737
wepon state:0
wepon pot:0
Robot state:0
Robot x:2731
Robot y:2739
wepon state:0
wepon pot:0
Robot state:0
Robot x:2715
Robot y:2738
wepon state:0
wepon pot:0
Robot state:0
Robot x:2711
Robot y:2733
wepon state:0
wepon pot:0
Robot state:0
Robot x:2717
Robot y:2727
wepon state:0
wepon pot:0
Robot state:0
Robot x:2902
Robot y:2917
wepon state:0
wepon pot:0
Robot state:0
Robot x:2754
Robot y:2768
wepon state:0
wepon pot:0
Robot state:0
Robot x:2739
Robot y:2749
wepon state:0
wepon pot:0
Robot state:0
Robot x:4095
Robot y:4095
wepon state:0
wepon pot:0
Robot state:0
Robot x:4095
Robot y:4095
wepon state:0
wepon pot:0
Robot state:0
Robot x:2830
Robot y:2848
wepon state:0
wepon pot:0
Robot state:0
Robot x:2806
Robot y:2814
wepon state:0
wepon pot:0
Robot state:0
Robot x:2731
Robot y:2741
wepon state:0
wepon pot:0
Robot state:0
Robot x:2739
Robot y:2749
wepon state:0
wepon pot:0
Robot state:0
Robot x:2731
Robot y:2752
wepon state:0
wepon pot:0
Robot state:0
Robot x:2832
Robot y:2845
wepon state:0
wepon pot:0
Robot state:0
Robot x:2753
Robot y:2768
wepon state:0
wepon pot:0
Robot state:0
Robot x:2773
Robot y:2787
wepon state:0
wepon pot:0
Robot state:0
Robot x:2745
Robot y:2764
wepon state:0
wepon pot:0
Robot state:0
Robot x:2746
Robot y:2750
wepon state:0
wepon pot:0
Robot state:0
Robot x:2827
Robot y:2849
wepon state:0
wepon pot:0
Robot state:0
Robot x:2762
Robot y:2761
wepon state:0
wepon pot:0
Robot state:0
Robot x:2750
Robot y:2764
wepon state:0
wepon pot:0
Robot state:0
Robot x:2747
Robot y:2761
wepon state:0
wepon pot:0
Robot state:0
Robot x:2751
Robot y:2764
wepon state:0
wepon pot:0
Robot state:0
Robot x:2739
Robot y:2759
wepon state:0
wepon pot:0
Robot state:0
Robot x:2752
Robot y:2763
wepon state:0
wepon pot:0
Robot state:0
Robot x:2743
Robot y:2757
wepon state:0
wepon pot:0
Robot state:0
Robot x:2746
Robot y:2765
wepon state:0
wepon pot:0
Robot state:0
Robot x:2815
Robot y:2831
wepon state:0
wepon pot:0
Robot state:0
Robot x:2879
Robot y:2896
wepon state:0
wepon pot:0
Robot state:0
Robot x:2740
Robot y:2752
wepon state:0
wepon pot:0
Robot state:0
Robot x:2779
Robot y:2806
wepon state:0
wepon pot:0
Robot state:0
Robot x:2835
Robot y:2848
wepon state:0
wepon pot:0
Robot state:0
Robot x:2731
Robot y:2749
wepon state:0
wepon pot:0
Robot state:0
Robot x:2801
Robot y:2817
wepon state:0
wepon pot:0
Robot state:0
Robot x:2774
Robot y:2793
wepon state:0
wepon pot:0
Robot state:0
Robot x:2783
Robot y:2789
wepon state:0
wepon pot:0
Robot state:0
Robot x:2749
Robot y:2767
wepon state:0
wepon pot:0
Robot state:0
Robot x:2736
Robot y:2752
wepon state:0
wepon pot:0
Robot state:0
Robot x:2757
Robot y:2769
wepon state:0
wepon pot:0
Robot state:0
Robot x:2768
Robot y:2774
wepon state:0
wepon pot:0
Robot state:0
Robot x:2749
Robot y:2759
wepon state:0
wepon pot:0
Robot state:0
Robot x:2775
Robot y:2787
wepon state:0
wepon pot:0
Robot state:0
Robot x:2741
Robot y:2759
wepon state:0
wepon pot:0
Robot state:0
Robot x:2743
Robot y:2752
wepon state:0
wepon pot:0
Robot state:0
Robot x:2766
Robot y:2779
wepon state:0
wepon pot:0
Robot state:0
Robot x:2758
Robot y:2761
wepon state:0
wepon pot:0
Robot state:0
Robot x:2747
Robot y:2751
wepon state:0
wepon pot:0
Robot state:0
Robot x:2736
Robot y:2741
wepon state:0
wepon pot:0
Robot state:0
Robot x:2746
Robot y:2750
wepon state:0
wepon pot:0
Robot state:0
Robot x:2809
Robot y:2828
wepon state:0
wepon pot:0
Robot state:0
Robot x:2748
Robot y:2761
wepon state:0
wepon pot:0
Robot state:0
Robot x:2746
Robot y:2755
wepon state:0
wepon pot:0
Robot state:0
Robot x:2724
Robot y:2731
wepon state:0
wepon pot:0
Robot state:0
Robot x:2717
Robot y:2734
wepon state:0
wepon pot:0
Robot state:0
Robot x:2722
Robot y:2736
wepon state:0
wepon pot:0
Robot state:0
Robot x:2711
Robot y:2729
wepon state:0
wepon pot:0
Robot state:0
Robot x:2721
Robot y:2727
wepon state:0
wepon pot:0
Robot state:0
Robot x:2737
Robot y:2740
wepon state:0
wepon pot:0
Robot state:0
Robot x:2819
Robot y:2832
wepon state:0
wepon pot:0
Robot state:0
Robot x:2823
Robot y:2832
wepon state:0
wepon pot:0
Robot state:0
Robot x:2764
Robot y:2768
wepon state:0
wepon pot:0
Robot state:0
Robot x:2867
Robot y:2871
wepon state:0
wepon pot:0
Robot state:0
Robot x:2770
Robot y:2783
wepon state:0
wepon pot:0
Robot state:0
Robot x:2793
Robot y:2802
wepon state:0
wepon pot:0
Robot state:0
Robot x:2747
Robot y:2754
wepon state:0
wepon pot:0
Robot state:0
Robot x:2739
Robot y:2753
wepon state:0
wepon pot:0
Robot state:0
Robot x:2765
Robot y:2771
wepon state:0
wepon pot:0
Robot state:0
Robot x:2797
Robot y:2814
wepon state:0
wepon pot:0
Robot state:0
Robot x:2764
Robot y:2769
wepon state:0
wepon pot:0
Robot state:0
Robot x:2761
Robot y:2775
wepon state:0
wepon pot:0
Robot state:0
Robot x:2764
Robot y:2775
wepon state:0
wepon pot:0
Robot state:0
Robot x:2767
Robot y:2779
wepon state:0
wepon pot:0
Robot state:0
Robot x:2805
Robot y:2815
wepon state:0
wepon pot:0
Robot state:0
Robot x:2767
Robot y:2779
wepon state:0
wepon pot:0
Robot state:0
Robot x:2803
Robot y:2820
wepon state:0
wepon pot:0
Robot state:0
Robot x:2832
Robot y:2855
wepon state:0
wepon pot:0
Robot state:0
Robot x:2834
Robot y:2857
wepon state:0
wepon pot:0
Robot state:0
Robot x:2923
Robot y:2939
wepon state:0
wepon pot:0
Robot state:0
Robot x:2864
Robot y:2871
wepon state:0
wepon pot:0
Robot state:0
Robot x:2777
Robot y:2794
wepon state:0
wepon pot:0
Robot state:0
Robot x:2754
Robot y:2770
wepon state:0
wepon pot:0
Robot state:0
Robot x:2783
Robot y:2800
wepon state:0
wepon pot:0
Robot state:0
Robot x:2813
Robot y:2828
wepon state:0
wepon pot:0
Robot state:0
Robot x:2757
Robot y:2771
wepon state:0
wepon pot:0
Robot state:0
Robot x:2761
Robot y:2764
wepon state:0
wepon pot:0
Robot state:0
Robot x:2759
Robot y:2783
wepon state:0
wepon pot:0
Robot state:0
Robot x:2757
Robot y:2769
wepon state:0
wepon pot:0
Robot state:0
Robot x:2763
Robot y:2773
wepon state:0
wepon pot:0
Robot state:0
Robot x:2732
Robot y:2739
wepon state:0
wepon pot:0
Robot state:0
Robot x:2736
Robot y:2747
wepon state:0
wepon pot:0
Robot state:0
Robot x:2735
Robot y:2743
wepon state:0
wepon pot:0
Robot state:0
Robot x:2736
Robot y:2755
wepon state:0
wepon pot:0
Robot state:0
Robot x:2752
Robot y:2766
wepon state:0
wepon pot:0
Robot state:0
Robot x:2725
Robot y:2742
wepon state:0
wepon pot:0
Robot state:0
Robot x:2734
Robot y:2741
wepon state:0
wepon pot:0
Robot state:0
Robot x:2736
Robot y:2745
wepon state:0
wepon pot:0
Robot state:0
Robot x:2737
Robot y:2749
wepon state:0
wepon pot:0
Robot state:0
Robot x:2725
Robot y:2743
wepon state:0
wepon pot:0
Robot state:0
Robot x:2724
Robot y:2736
wepon state:0
wepon pot:0
Robot state:0
Robot x:2722
Robot y:2735
wepon state:0
wepon pot:0
Robot state:0
Robot x:2730
Robot y:2729
wepon state:0
wepon pot:0
Robot state:0
Robot x:2723
Robot y:2738
wepon state:0
wepon pot:0
Robot state:0
Robot x:2725
Robot y:2734
wepon state:0
wepon pot:0
Robot state:0
Robot x:2720
Robot y:2737
wepon state:0
wepon pot:0
Robot state:0
Robot x:2721
Robot y:2734
wepon state:0
wepon pot:0
Robot state:0
Robot x:2715
Robot y:2732
wepon state:0
wepon pot:0
Robot state:0
Robot x:2725
Robot y:2732
wepon state:0
wepon pot:0
Robot state:0
Robot x:2727
Robot y:2738
wepon state:0
wepon pot:0
Robot state:0
Robot x:2734
Robot y:2736
wepon state:0
wepon pot:0
Robot state:0
Robot x:2725
Robot y:2735
wepon state:0
wepon pot:0
Robot state:0
Robot x:2724
Robot y:2732
wepon state:0
wepon pot:0
Robot state:0
Robot x:2718
Robot y:2734
wepon state:0
wepon pot:0
Robot state:0
Robot x:2720
Robot y:2731
wepon state:0
wepon pot:0
Robot state:0
Robot x:2725
Robot y:2736
wepon state:0
wepon pot:0
Robot state:0
Robot x:2714
Robot y:2727
wepon state:0
wepon pot:0
Robot state:0
Robot x:2715
Robot y:2733
wepon state:0
wepon pot:0
Robot state:0
Robot x:2720
Robot y:2731
wepon state:0
wepon pot:0
Robot state:0
Robot x:2727
Robot y:2741
wepon state:0
wepon pot:0
Robot state:0
Robot x:2715
Robot y:2733
wepon state:0
wepon pot:0
Robot state:0
Robot x:2717
Robot y:2736
wepon state:0
wepon pot:0
Robot state:0
Robot x:2725
Robot y:2739
wepon state:0
wepon pot:0
Robot state:0
Robot x:2749
Robot y:2768
wepon state:0
wepon pot:0
Robot state:0
Robot x:2808
Robot y:2832
wepon state:0
wepon pot:0
Robot state:0
Robot x:2829
Robot y:2837
wepon state:0
wepon pot:0
Robot state:0
Robot x:2938
Robot y:2966
wepon state:0
wepon pot:0
Robot state:0
Robot x:2751
Robot y:2762
wepon state:0
wepon pot:0
Robot state:0
Robot x:2743
Robot y:2754
wepon state:0
wepon pot:0
ets Jun  8 2016 00:22:57

rst:0x1 (POWERON_RESET),boot:0x3 (DOWNLOAD_BOOT(UART0/UART1/SDIO_REI_REO_V2))
waiting for download
