Robot state:1
Robot x:4095
Robot y:1806
wepon state:1
wepon pot:4095
Robot state:1
Robot x:4095
Robot y:1805
wepon state:1
wepon pot:4095
Robot state:1
Robot x:4095
Robot y:1804
wepon state:1
wepon pot:4095
Robot state:1
Robot x:4095
Robot y:1805
wepon state:1
wepon pot:4095
Robot state:1
Robot x:4095
Robot y:1808
wepon state:1
wepon pot:4095
Robot state:1
Robot x:4095
Robot y:1805
wepon state:1
wepon pot:4095
Robot state:1
Robot x:4095
Robot y:1805
wepon state:1
wepon pot:4095
Robot state:1
Robot x:4095
Robot y:1803
wepon state:1
wepon pot:4095
Robot state:1
Robot x:4095
Robot y:1807
wepon state:1
wepon pot:2305
Robot state:1
Robot x:4095
Robot y:1805
wepon state:1
wepon pot:1420
Robot state:1
Robot x:4095
Robot y:1808
wepon state:1
wepon pot:0
Robot state:1
Robot x:4095
Robot y:1801
wepon state:1
wepon pot:0
Robot state:1
Robot x:4095
Robot y:1803
wepon state:1
wepon pot:0
Robot state:1
Robot x:4095
Robot y:1806
wepon state:1
wepon pot:0
Robot state:1
Robot x:4095
Robot y:1807
wepon state:1
wepon pot:0
Robot state:1
Robot x:4095
Robot y:743
wepon state:1
wepon pot:0
Robot state:1
Robot x:4095
Robot y:1808
wepon state:1
wepon pot:0
Robot state:1
Robot x:4095
Robot y:1809
wepon state:1
wepon pot:0
Robot state:1
Robot x:4095
Robot y:1808
wepon state:1
wepon pot:0
Robot state:1
Robot x:4095
Robot y:1811
wepon state:1
wepon pot:0
Robot state:1
Robot x:4095
Robot y:4095
wepon state:1
wepon pot:0
Robot state:1
Robot x:4095
Robot y:4095
wepon state:1
wepon pot:0
Robot state:1
Robot x:4095
Robot y:1791
wepon state:0
wepon pot:0
Robot state:1
Robot x:4095
Robot y:1804
wepon state:0
wepon pot:0
Robot state:1
Robot x:4095
Robot y:1810
wepon state:0
wepon pot:0
Robot state:1
Robot x:4095
Robot y:0
wepon state:1
wepon pot:0
Robot state:1
Robot x:4095
Robot y:0
wepon state:1
wepon pot:0
Robot state:1
Robot x:4095
Robot y:1802
wepon state:1
wepon pot:0
Robot state:1
Robot x:4095
Robot y:1802
wepon state:1
wepon pot:0
Robot state:1
Robot x:4095
Robot y:1796
wepon state:1
wepon pot:0
Robot state:1
Robot x:4095
Robot y:1807
wepon state:1
wepon pot:0
Robot state:1
Robot x:4095
Robot y:1811
wepon state:1
wepon pot:0
Robot state:1
Robot x:4095
Robot y:1807
wepon state:1
wepon pot:0
Robot state:1
Robot x:4095
Robot y:803
wepon state:1
wepon pot:0
Robot state:1
Robot x:4095
Robot y:813
wepon state:1
wepon pot:0
Robot state:1
Robot x:4095
Robot y:798
wepon state:1
wepon pot:0
Robot state:1
Robot x:4095
Robot y:804
wepon state:1
wepon pot:0
Robot state:1
Robot x:4095
Robot y:1894
wepon state:1
wepon pot:0
Robot state:1
Robot x:4095
Robot y:1913
wepon state:1
wepon pot:0
Robot state:1
Robot x:4095
Robot y:1909
wepon state:1
wepon pot:0
Robot state:1
Robot x:4095
Robot y:1911
wepon state:1
wepon pot:0
Robot state:1
Robot x:4095
Robot y:1899
wepon state:1
wepon pot:0
Robot state:1
Robot x:4095
Robot y:1913
wepon state:1
wepon pot:0
Robot state:1
Robot x:4095
Robot y:1913
wepon state:1
wepon pot:0
Robot state:1
Robot x:4095
Robot y:1908
wepon state:1
wepon pot:0
Robot state:1
Robot x:4095
Robot y:4095
wepon state:1
wepon pot:0
Robot state:1
Robot x:4095
Robot y:982
wepon state:0
wepon pot:0
Robot state:1
Robot x:4095
Robot y:1651
wepon state:1
wepon pot:0
Robot state:1
Robot x:4095
Robot y:4095
wepon state:1
wepon pot:0
Robot state:1
Robot x:4095
Robot y:4095
wepon state:1
wepon pot:0
Robot state:1
Robot x:4095
Robot y:1914
wepon state:1
wepon pot:0
Robot state:1
Robot x:4095
Robot y:1913
wepon state:1
wepon pot:0
Robot state:1
Robot x:4095
Robot y:1911
wepon state:1
wepon pot:0
Robot state:1
Robot x:4095
Robot y:1911
wepon state:1
wepon pot:0
Robot state:1
Robot x:4095
Robot y:1911
wepon state:1
wepon pot:0
Robot state:1
Robot x:4095
Robot y:1915
wepon state:1
wepon pot:0
Robot state:1
Robot x:4095
Robot y:1914
wepon state:1
wepon pot:0
Robot state:1
Robot x:4095
Robot y:1911
wepon state:1
wepon pot:0
Robot state:1
Robot x:4095
Robot y:1910
wepon state:1
wepon pot:0
Robot state:1
Robot x:4095
Robot y:1915
wepon state:1
wepon pot:0
