xakse0
xakse0
xakse0
xakse0
xakse0
xakse0
xakse0
xakse0
xakse0
xakse0
xakse0
xakse0
xakse0
xakse0
xakse0
xakse0
Bytes received: 
20
Robot state: 0
Robot x: 10
Robot y: 10
Weapon state: 0
Weapon pot: 583
Direction: 0
Bytes received: 
20
Robot state: 0
Robot x: 20
Robot y: 20
Weapon state: 0
Weapon pot: 583
Direction: 0
Bytes received: 
20
Robot state: 0
Robot x: 30
Robot y: 10
Weapon state: 0
Weapon pot: 537
Direction: 3
Bytes received: 
20
Robot state: 0
Robot x: 40
Robot y: 0
Weapon state: 0
Weapon pot: 449
Direction: 3
Bytes received: 
20
Robot state: 0
Robot x: 39
Robot y: 0
Weapon state: 0
Weapon pot: 0
Direction: 3
Bytes received: 
20
Robot state: 0
Robot x: 39
Robot y: 0
Weapon state: 0
Weapon pot: 0
Direction: 3
Bytes received: 
20
Robot state: 0
Robot x: 39
Robot y: -1
Weapon state: 0
Weapon pot: 0
Direction: 3
xakse0
Bytes received: 
20
Robot state: 0
Robot x: 38
Robot y: -1
Weapon state: 0
Weapon pot: 0
Direction: 3
Bytes received: 
20
Robot state: 0
Robot x: 38
Robot y: -1
Weapon state: 0
Weapon pot: 0
Direction: 3
Bytes received: 
20
Robot state: 0
Robot x: 38
Robot y: -2
Weapon state: 0
Weapon pot: 0
Direction: 3
Bytes received: 
20
Robot state: 0
Robot x: 28
Robot y: -12
Weapon state: 0
Weapon pot: 0
Direction: 0
Bytes received: 
20
Robot state: 0
Robot x: 17
Robot y: -23
Weapon state: 0
Weapon pot: 0
Direction: 0
Bytes received: 
20
Robot state: 0
Robot x: 7
Robot y: -13
Weapon state: 0
Weapon pot: 0
Direction: 0
Bytes received: 
20
Robot state: 0
Robot x: -2
Robot y: -3
Weapon state: 0
Weapon pot: 0
Direction: 0
Bytes received: 
20
Robot state: 0
Robot x: -2
Robot y: -3
Weapon state: 0
Weapon pot: 0
Direction: 0
Bytes received: 
20
Robot state: 0
Robot x: -2
Robot y: -3
Weapon state: 0
Weapon pot: 0
Direction: 0
Bytes received: 
20
Robot state: 0
Robot x: -2
Robot y: -3
Weapon state: 0
Weapon pot: 0
Direction: 0
xakse0
Bytes received: 
20
Robot state: 0
Robot x: -2
Robot y: -3
Weapon state: 0
Weapon pot: 0
Direction: 0
Bytes received: 
20
Robot state: 0
Robot x: -2
Robot y: -3
Weapon state: 0
Weapon pot: 0
Direction: 0
Bytes received: 
20
Robot state: 0
Robot x: -2
Robot y: -3
Weapon state: 0
Weapon pot: 0
Direction: 0
Bytes received: 
20
Robot state: 0
Robot x: -2
Robot y: -3
Weapon state: 0
Weapon pot: 0
Direction: 0
Bytes received: 
20
Robot state: 0
Robot x: -2
Robot y: -3
Weapon state: 0
Weapon pot: 0
Direction: 0
Bytes received: 
20
Robot state: 0
Robot x: -2
Robot y: -3
Weapon state: 0
Weapon pot: 0
Direction: 0
Bytes received: 
20
Robot state: 0
Robot x: 7
Robot y: 6
Weapon state: 0
Weapon pot: 70
Direction: 0
Bytes received: 
20
Robot state: 0
Robot x: 7
Robot y: 6
Weapon state: 0
Weapon pot: 0
Direction: 0
Bytes received: 
20
Robot state: 0
Robot x: 7
Robot y: 6
Weapon state: 0
Weapon pot: 0
Direction: 0
Bytes received: 
20
Robot state: 0
Robot x: 7
Robot y: 6
Weapon state: 0
Weapon pot: 0
Direction: 0
xakse0
Bytes received: 
20
Robot state: 0
Robot x: 7
Robot y: 6
Weapon state: 0
Weapon pot: 0
Direction: 0
Bytes received: 
20
Robot state: 0
Robot x: 7
Robot y: 6
Weapon state: 0
Weapon pot: 0
Direction: 0
Bytes received: 
20
Robot state: 0
Robot x: 7
Robot y: 6
Weapon state: 0
Weapon pot: 0
Direction: 0
Bytes received: 
20
Robot state: 0
Robot x: 7
Robot y: 6
Weapon state: 0
Weapon pot: 0
Direction: 0
Bytes received: 
20
Robot state: 0
Robot x: 10
Robot y: 10
Weapon state: 0
Weapon pot: 0
Direction: 0
Bytes received: 
20
Robot state: 0
Robot x: 10
Robot y: 10
Weapon state: 0
Weapon pot: 0
Direction: 0
Bytes received: 
20
Robot state: 0
Robot x: 0
Robot y: 0
Weapon state: 0
Weapon pot: 0
Direction: 0
Bytes received: 
20
Robot state: 0
Robot x: 0
Robot y: 0
Weapon state: 0
Weapon pot: 0
Direction: 0
Bytes received: 
20
Robot state: 0
Robot x: 0
Robot y: 0
Weapon state: 0
Weapon pot: 0
Direction: 0
Bytes received: 
20
Robot state: 0
Robot x: 0
Robot y: 0
Weapon state: 0
Weapon pot: 0
Direction: 0
xakse0
Bytes received: 
20
Robot state: 0
Robot x: 0
Robot y: 0
Weapon state: 0
Weapon pot: 0
Direction: 0
Bytes received: 
20
Robot state: 0
Robot x: 0
Robot y: 0
Weapon state: 0
Weapon pot: 0
Direction: 0
Bytes received: 
20
Robot state: 0
Robot x: 0
Robot y: 1
Weapon state: 0
Weapon pot: 0
Direction: 0
Bytes received: 
20
Robot state: 0
Robot x: 0
Robot y: 1
Weapon state: 0
Weapon pot: 0
Direction: 0
Bytes received: 
20
Robot state: 0
Robot x: -2
Robot y: -3
Weapon state: 0
Weapon pot: 0
Direction: 0
Bytes received: 
20
Robot state: 0
Robot x: -2
Robot y: -3
Weapon state: 0
Weapon pot: 0
Direction: 0
Bytes received: 
20
Robot state: 0
Robot x: -2
Robot y: -3
Weapon state: 0
Weapon pot: 0
Direction: 0
Bytes received: 
20
Robot state: 0
Robot x: -2
Robot y: -3
Weapon state: 0
Weapon pot: 0
Direction: 0
Bytes received: 
20
Robot state: 0
Robot x: -2
Robot y: -3
Weapon state: 0
Weapon pot: 0
Direction: 0
Bytes received: 
20
Robot state: 0
Robot x: -2
Robot y: -3
Weapon state: 0
Weapon pot: 0
Direction: 0
xakse0
Bytes received: 
20
Robot state: 0
Robot x: -2
Robot y: -3
Weapon state: 0
Weapon pot: 0
Direction: 0
Bytes received: 
20
Robot state: 0
Robot x: -2
Robot y: -3
Weapon state: 0
Weapon pot: 0
Direction: 0
Bytes received: 
20
Robot state: 0
Robot x: -2
Robot y: -3
Weapon state: 0
Weapon pot: 0
Direction: 0
Bytes received: 
20
Robot state: 0
Robot x: -2
Robot y: -3
Weapon state: 0
Weapon pot: 0
Direction: 0
Bytes received: 
20
Robot state: 0
Robot x: -2
Robot y: -3
Weapon state: 0
Weapon pot: 0
Direction: 0
Bytes received: 
20
Robot state: 0
Robot x: -2
Robot y: -3
Weapon state: 0
Weapon pot: 0
Direction: 0
Bytes received: 
20
Robot state: 0
Robot x: -2
Robot y: -4
Weapon state: 0
Weapon pot: 0
Direction: 0
Bytes received: 
20
Robot state: 0
Robot x: -2
Robot y: -4
Weapon state: 0
Weapon pot: 0
Direction: 0
Bytes received: 
20
Robot state: 0
Robot x: -2
Robot y: -4
Weapon state: 0
Weapon pot: 0
Direction: 0
Bytes received: 
20
Robot state: 0
Robot x: -2
Robot y: -4
Weapon state: 0
Weapon pot: 0
Direction: 0
xakse0
Bytes received: 
20
Robot state: 0
Robot x: -2
Robot y: -4
Weapon state: 0
Weapon pot: 0
Direction: 0
Bytes received: 
20
Robot state: 0
Robot x: -2
Robot y: -4
Weapon state: 0
Weapon pot: 0
Direction: 0
Bytes received: 
20
Robot state: 0
Robot x: -2
Robot y: -4
Weapon state: 0
Weapon pot: 0
Direction: 0
Bytes received: 
20
Robot state: 0
Robot x: -2
Robot y: -4
Weapon state: 0
Weapon pot: 0
Direction: 0
Bytes received: 
20
Robot state: 0
Robot x: -2
Robot y: -4
Weapon state: 0
Weapon pot: 0
Direction: 0
Bytes received: 
20
Robot state: 0
Robot x: -2
Robot y: -4
Weapon state: 0
Weapon pot: 0
Direction: 0
Bytes received: 
20
Robot state: 0
Robot x: -2
Robot y: -4
Weapon state: 0
Weapon pot: 0
Direction: 0
Bytes received: 
20
Robot state: 0
Robot x: -2
Robot y: -4
Weapon state: 0
Weapon pot: 0
Direction: 0
Bytes received: 
20
Robot state: 0
Robot x: -2
Robot y: -4
Weapon state: 0
Weapon pot: 0
Direction: 0
Bytes received: 
20
Robot state: 0
Robot x: -3
Robot y: -4
Weapon state: 0
Weapon pot: 0
Direction: 0
xakse0
Bytes received: 
20
Robot state: 0
Robot x: -3
Robot y: -4
Weapon state: 0
Weapon pot: 0
Direction: 0
Bytes received: 
20
Robot state: 0
Robot x: -3
Robot y: -4
Weapon state: 0
Weapon pot: 0
Direction: 0
Bytes received: 
20
Robot state: 0
Robot x: -3
Robot y: -4
Weapon state: 0
Weapon pot: 0
Direction: 0
Bytes received: 
20
Robot state: 0
Robot x: -3
Robot y: -4
Weapon state: 0
Weapon pot: 0
Direction: 0
Bytes received: 
20
Robot state: 0
Robot x: -3
Robot y: -4
Weapon state: 0
Weapon pot: 0
Direction: 0
Bytes received: 
20
Robot state: 0
Robot x: -3
Robot y: -4
Weapon state: 0
Weapon pot: 0
Direction: 0
Bytes received: 
20
Robot state: 0
Robot x: -3
Robot y: -4
Weapon state: 0
Weapon pot: 0
Direction: 0
Bytes received: 
20
Robot state: 0
Robot x: -3
Robot y: -4
Weapon state: 0
Weapon pot: 0
Direction: 0
Bytes received: 
20
Robot state: 0
Robot x: -3
Robot y: -4
Weapon state: 0
Weapon pot: 0
Direction: 0
Bytes received: 
20
Robot state: 0
Robot x: -3
Robot y: -4
Weapon state: 0
Weapon pot: 0
Direction: 0
xakse0
Bytes received: 
20
Robot state: 0
Robot x: -3
Robot y: -4
Weapon state: 0
Weapon pot: 0
Direction: 0
Bytes received: 
20
Robot state: 0
Robot x: -3
Robot y: -4
Weapon state: 0
Weapon pot: 0
Direction: 0
Bytes received: 
20
Robot state: 0
Robot x: -3
Robot y: -4
Weapon state: 0
Weapon pot: 0
Direction: 0
Bytes received: 
20
Robot state: 0
Robot x: -3
Robot y: -4
Weapon state: 0
Weapon pot: 0
Direction: 0
Bytes received: 
20
Robot state: 0
Robot x: -2
Robot y: -4
Weapon state: 0
Weapon pot: 0
Direction: 0
Bytes received: 
20
Robot state: 0
Robot x: -2
Robot y: -4
Weapon state: 0
Weapon pot: 0
Direction: 0
Bytes received: 
20
Robot state: 0
Robot x: -2
Robot y: -4
Weapon state: 0
Weapon pot: 0
Direction: 0
Bytes received: 
20
Robot state: 0
Robot x: -2
Robot y: -4
Weapon state: 0
Weapon pot: 0
Direction: 0
Bytes received: 
20
Robot state: 0
Robot x: -2
Robot y: -4
Weapon state: 0
Weapon pot: 0
Direction: 0
Bytes received: 
20
Robot state: 0
Robot x: -2
Robot y: -4
Weapon state: 0
Weapon pot: 0
Direction: 0
xakse0
Bytes received: 
20
Robot state: 0
Robot x: -2
Robot y: -4
Weapon state: 0
Weapon pot: 0
Direction: 0
Bytes received: 
20
Robot state: 0
Robot x: -2
Robot y: -4
Weapon state: 0
Weapon pot: 0
Direction: 0
Bytes received: 
20
Robot state: 0
Robot x: -2
Robot y: -4
Weapon state: 0
Weapon pot: 0
Direction: 0
Bytes received: 
20
Robot state: 0
Robot x: -2
Robot y: -4
Weapon state: 0
Weapon pot: 0
Direction: 0
Bytes received: 
20
Robot state: 0
Robot x: -3
Robot y: -4
Weapon state: 0
Weapon pot: 0
Direction: 0
Bytes received: 
20
Robot state: 0
Robot x: -2
Robot y: -4
Weapon state: 0
Weapon pot: 0
Direction: 0
Bytes received: 
20
Robot state: 0
Robot x: -2
Robot y: -4
Weapon state: 0
Weapon pot: 0
Direction: 0
Bytes received: 
20
Robot state: 0
Robot x: -2
Robot y: -4
Weapon state: 0
Weapon pot: 0
Direction: 0
Bytes received: 
20
Robot state: 0
Robot x: -2
Robot y: -4
Weapon state: 0
Weapon pot: 0
Direction: 0
xakse0
Bytes received: 
20
Robot state: 0
Robot x: -3
Robot y: -4
Weapon state: 0
Weapon pot: 0
Direction: 0
Bytes received: 
20
Robot state: 0
Robot x: -3
Robot y: -4
Weapon state: 0
Weapon pot: 0
Direction: 0
Bytes received: 
20
Robot state: 0
Robot x: -3
Robot y: -4
Weapon state: 0
Weapon pot: 0
Direction: 0
Bytes received: 
20
Robot state: 0
Robot x: -3
Robot y: -4
Weapon state: 0
Weapon pot: 0
Direction: 0
Bytes received: 
20
Robot state: 0
Robot x: -3
Robot y: -4
Weapon state: 0
Weapon pot: 0
Direction: 0
Bytes received: 
20
Robot state: 0
Robot x: -3
Robot y: -4
Weapon state: 0
Weapon pot: 0
Direction: 0
Bytes received: 
20
Robot state: 0
Robot x: -3
Robot y: -4
Weapon state: 0
Weapon pot: 0
Direction: 0
Bytes received: 
20
Robot state: 0
Robot x: -3
Robot y: -4
Weapon state: 0
Weapon pot: 0
Direction: 0
Bytes received: 
20
Robot state: 0
Robot x: -3
Robot y: -4
Weapon state: 0
Weapon pot: 0
Direction: 0
Bytes received: 
20
Robot state: 0
Robot x: -2
Robot y: -4
Weapon state: 0
Weapon pot: 0
Direction: 0
xakse0
Bytes received: 
20
Robot state: 0
Robot x: -2
Robot y: -4
Weapon state: 0
Weapon pot: 0
Direction: 0
Bytes received: 
20
Robot state: 0
Robot x: -2
Robot y: -3
Weapon state: 0
Weapon pot: 0
Direction: 0
Bytes received: 
20
Robot state: 0
Robot x: -2
Robot y: -3
Weapon state: 0
Weapon pot: 0
Direction: 0
Bytes received: 
20
Robot state: 0
Robot x: 0
Robot y: -1
Weapon state: 0
Weapon pot: 0
Direction: 0
Bytes received: 
20
Robot state: 0
Robot x: 0
Robot y: -1
Weapon state: 0
Weapon pot: 0
Direction: 0
Bytes received: 
20
Robot state: 0
Robot x: 0
Robot y: -1
Weapon state: 0
Weapon pot: 0
Direction: 0
Bytes received: 
20
Robot state: 0
Robot x: 0
Robot y: -1
Weapon state: 0
Weapon pot: 0
Direction: 0
Bytes received: 
20
Robot state: 0
Robot x: 0
Robot y: -1
Weapon state: 0
Weapon pot: 0
Direction: 0
Bytes received: 
20
Robot state: 0
Robot x: 0
Robot y: -1
Weapon state: 0
Weapon pot: 0
Direction: 0
Bytes received: 
20
Robot state: 0
Robot x: 0
Robot y: -1
Weapon state: 0
Weapon pot: 0
Direction: 0
xakse0
Bytes received: 
20
Robot state: 0
Robot x: 0
Robot y: -1
Weapon state: 0
Weapon pot: 0
Direction: 0
Bytes received: 
20
Robot state: 0
Robot x: 10
Robot y: -1
Weapon state: 0
Weapon pot: 0
Direction: 0
Bytes received: 
20
Robot state: 0
Robot x: 20
Robot y: -11
Weapon state: 0
Weapon pot: 0
Direction: 0
Bytes received: 
20
Robot state: 0
Robot x: 17
Robot y: -23
Weapon state: 0
Weapon pot: 0
Direction: 0
Bytes received: 
20
Robot state: 0
Robot x: 7
Robot y: -33
Weapon state: 0
Weapon pot: 0
Direction: 1
Bytes received: 
20
Robot state: 0
Robot x: -1
Robot y: -33
Weapon state: 0
Weapon pot: 0
Direction: 1
Bytes received: 
20
Robot state: 0
Robot x: -11
Robot y: -22
Weapon state: 0
Weapon pot: 501
Direction: 0
Bytes received: 
20
Robot state: 0
Robot x: -1
Robot y: -12
Weapon state: 0
Weapon pot: 598
Direction: 0
Bytes received: 
20
Robot state: 0
Robot x: 9
Robot y: -1
Weapon state: 1
Weapon pot: 1076
Direction: 0
Bytes received: 
20
Robot state: 0
Robot x: 19
Robot y: 8
Weapon state: 0
Weapon pot: 592
Direction: 0
xakse0
Bytes received: 
20
Robot state: 0
Robot x: 29
Robot y: 13
Weapon state: 0
Weapon pot: 592
Direction: 0
Bytes received: 
20
Robot state: 0
Robot x: 29
Robot y: 13
Weapon state: 0
Weapon pot: 589
Direction: 0
Bytes received: 
20
Robot state: 0
Robot x: 29
Robot y: 33
Weapon state: 0
Weapon pot: 588
Direction: 2
Bytes received: 
20
Robot state: 0
Robot x: 40
Robot y: 53
Weapon state: 0
Weapon pot: 590
Direction: 2
Bytes received: 
20
Robot state: 0
Robot x: 60
Robot y: 73
Weapon state: 0
Weapon pot: 583
Direction: 2
Bytes received: 
20
Robot state: 0
Robot x: 80
Robot y: 84
Weapon state: 1
Weapon pot: 560
Direction: 2
Bytes received: 
20
Robot state: 0
Robot x: 89
Robot y: 73
Weapon state: 0
Weapon pot: 0
Direction: 3
Bytes received: 
20
Robot state: 0
Robot x: 69
Robot y: 63
Weapon state: 0
Weapon pot: 0
Direction: 3
Bytes received: 
20
Robot state: 0
Robot x: 49
Robot y: 52
Weapon state: 0
Weapon pot: 0
Direction: 2
Bytes received: 
20
Robot state: 0
Robot x: 29
Robot y: 42
Weapon state: 0
Weapon pot: 0
Direction: 2
xakse0
Bytes received: 
20
Robot state: 0
Robot x: 9
Robot y: 37
Weapon state: 0
Weapon pot: 0
Direction: 2
Bytes received: 
20
Robot state: 0
Robot x: -10
Robot y: 37
Weapon state: 0
Weapon pot: 0
Direction: 2
Bytes received: 
20
Robot state: 0
Robot x: -30
Robot y: 26
Weapon state: 0
Weapon pot: 0
Direction: 4
Bytes received: 
20
Robot state: 0
Robot x: -50
Robot y: 16
Weapon state: 0
Weapon pot: 0
Direction: 4
Bytes received: 
20
Robot state: 0
Robot x: -70
Robot y: 5
Weapon state: 0
Weapon pot: 0
Direction: 4
Bytes received: 
20
Robot state: 0
Robot x: -90
Robot y: -5
Weapon state: 0
Weapon pot: 0
Direction: 4
Bytes received: 
20
Robot state: 0
Robot x: -100
Robot y: -5
Weapon state: 0
Weapon pot: 0
Direction: 4
Bytes received: 
20
Robot state: 0
Robot x: -100
Robot y: -5
Weapon state: 0
Weapon pot: 0
Direction: 4
Bytes received: 
20
Robot state: 0
Robot x: -100
Robot y: -5
Weapon state: 0
Weapon pot: 0
Direction: 4
Bytes received: 
20
Robot state: 0
Robot x: -100
Robot y: -5
Weapon state: 0
Weapon pot: 0
Direction: 4
xakse0
Bytes received: 
20
Robot state: 0
Robot x: -100
Robot y: -5
Weapon state: 0
Weapon pot: 0
Direction: 4
Bytes received: 
20
Robot state: 0
Robot x: -100
Robot y: -5
Weapon state: 0
Weapon pot: 0
Direction: 4
Bytes received: 
20
Robot state: 0
Robot x: -100
Robot y: -5
Weapon state: 0
Weapon pot: 0
Direction: 4
Bytes received: 
20
Robot state: 0
Robot x: -95
Robot y: -5
Weapon state: 0
Weapon pot: 0
Direction: 4
Bytes received: 
20
Robot state: 0
Robot x: -75
Robot y: 5
Weapon state: 0
Weapon pot: 497
Direction: 4
Bytes received: 
20
Robot state: 0
Robot x: -55
Robot y: 15
Weapon state: 0
Weapon pot: 597
Direction: 4
Bytes received: 
20
Robot state: 0
Robot x: -35
Robot y: 26
Weapon state: 0
Weapon pot: 597
Direction: 4
Bytes received: 
20
Robot state: 0
Robot x: -15
Robot y: 36
Weapon state: 0
Weapon pot: 597
Direction: 2
Bytes received: 
20
Robot state: 0
Robot x: 4
Robot y: 47
Weapon state: 0
Weapon pot: 597
Direction: 2
Bytes received: 
20
Robot state: 0
Robot x: 24
Robot y: 57
Weapon state: 0
Weapon pot: 597
Direction: 2
xakse0
Bytes received: 
20
Robot state: 0
Robot x: 44
Robot y: 68
Weapon state: 0
Weapon pot: 597
Direction: 2
Bytes received: 
20
Robot state: 0
Robot x: 64
Robot y: 79
Weapon state: 0
Weapon pot: 597
Direction: 2
Bytes received: 
20
Robot state: 0
Robot x: 84
Robot y: 89
Weapon state: 0
Weapon pot: 597
Direction: 2
Bytes received: 
20
Robot state: 0
Robot x: 100
Robot y: 100
Weapon state: 0
Weapon pot: 598
Direction: 3
Bytes received: 
20
Robot state: 0
Robot x: 100
Robot y: 100
Weapon state: 0
Weapon pot: 599
Direction: 3
Bytes received: 
20
Robot state: 0
Robot x: 100
Robot y: 100
Weapon state: 0
Weapon pot: 601
Direction: 3
Bytes received: 
20
Robot state: 0
Robot x: 100
Robot y: 100
Weapon state: 0
Weapon pot: 598
Direction: 3
Bytes received: 
20
Robot state: 0
Robot x: 100
Robot y: 100
Weapon state: 0
Weapon pot: 603
Direction: 3
Bytes received: 
20
Robot state: 0
Robot x: 100
Robot y: 100
Weapon state: 0
Weapon pot: 597
Direction: 3
Bytes received: 
20
Robot state: 0
Robot x: 100
Robot y: 100
Weapon state: 0
Weapon pot: 598
Direction: 3
xakse0
Bytes received: 
20
Robot state: 0
Robot x: 100
Robot y: 100
Weapon state: 0
Weapon pot: 597
Direction: 3
Bytes received: 
20
Robot state: 0
Robot x: 100
Robot y: 100
Weapon state: 0
Weapon pot: 598
Direction: 3
Bytes received: 
20
Robot state: 0
Robot x: 89
Robot y: 89
Weapon state: 0
Weapon pot: 0
Direction: 3
Bytes received: 
20
Robot state: 0
Robot x: 69
Robot y: 79
Weapon state: 0
Weapon pot: 0
Direction: 2
Bytes received: 
20
Robot state: 0
Robot x: 49
Robot y: 68
Weapon state: 0
Weapon pot: 0
Direction: 2
Bytes received: 
20
Robot state: 0
Robot x: 29
Robot y: 58
Weapon state: 0
Weapon pot: 0
Direction: 2
Bytes received: 
20
Robot state: 0
Robot x: 9
Robot y: 47
Weapon state: 0
Weapon pot: 0
Direction: 2
Bytes received: 
20
Robot state: 0
Robot x: -10
Robot y: 37
Weapon state: 0
Weapon pot: 0
Direction: 2
Bytes received: 
20
Robot state: 0
Robot x: -30
Robot y: 26
Weapon state: 0
Weapon pot: 0
Direction: 4
Bytes received: 
20
Robot state: 0
Robot x: -40
Robot y: 16
Weapon state: 0
Weapon pot: 0
Direction: 4
xakse0
Bytes received: 
20
Robot state: 0
Robot x: -51
Robot y: 5
Weapon state: 0
Weapon pot: 0
Direction: 4
Bytes received: 
20
Robot state: 0
Robot x: -61
Robot y: -4
Weapon state: 0
Weapon pot: 0
Direction: 4
Bytes received: 
20
Robot state: 0
Robot x: -61
Robot y: -4
Weapon state: 0
Weapon pot: 0
Direction: 4
Bytes received: 
20
Robot state: 0
Robot x: -51
Robot y: -4
Weapon state: 0
Weapon pot: 0
Direction: 4
Bytes received: 
20
Robot state: 0
Robot x: -31
Robot y: 5
Weapon state: 0
Weapon pot: 69
Direction: 4
Bytes received: 
20
Robot state: 0
Robot x: -21
Robot y: 5
Weapon state: 0
Weapon pot: 0
Direction: 0
Bytes received: 
20
Robot state: 0
Robot x: -9
Robot y: 6
Weapon state: 0
Weapon pot: 0
Direction: 0
Bytes received: 
20
Robot state: 0
Robot x: 0
Robot y: 7
Weapon state: 0
Weapon pot: 0
Direction: 0
Bytes received: 
20
Robot state: 0
Robot x: 10
Robot y: 7
Weapon state: 0
Weapon pot: 0
Direction: 0
Bytes received: 
20
Robot state: 0
Robot x: 10
Robot y: 7
Weapon state: 0
Weapon pot: 0
Direction: 0
xakse0
Bytes received: 
20
Robot state: 0
Robot x: 10
Robot y: 7
Weapon state: 0
Weapon pot: 0
Direction: 0
Bytes received: 
20
Robot state: 0
Robot x: 10
Robot y: 7
Weapon state: 0
Weapon pot: 0
Direction: 0
Bytes received: 
20
Robot state: 0
Robot x: 10
Robot y: 7
Weapon state: 0
Weapon pot: 0
Direction: 0
Bytes received: 
20
Robot state: 0
Robot x: 10
Robot y: 7
Weapon state: 0
Weapon pot: 0
Direction: 0
Bytes received: 
20
Robot state: 0
Robot x: 0
Robot y: -3
Weapon state: 0
Weapon pot: 0
Direction: 0
Bytes received: 
20
Robot state: 0
Robot x: 0
Robot y: -3
Weapon state: 0
Weapon pot: 0
Direction: 0
Bytes received: 
20
Robot state: 0
Robot x: -2
Robot y: -4
Weapon state: 0
Weapon pot: 0
Direction: 0
Bytes received: 
20
Robot state: 0
Robot x: -3
Robot y: -4
Weapon state: 0
Weapon pot: 0
Direction: 0
Bytes received: 
20
Robot state: 0
Robot x: -3
Robot y: -4
Weapon state: 0
Weapon pot: 0
Direction: 0
xakse0
Bytes received: 
20
Robot state: 0
Robot x: -3
Robot y: -4
Weapon state: 0
Weapon pot: 0
Direction: 0
Bytes received: 
20
Robot state: 0
Robot x: -2
Robot y: -4
Weapon state: 0
Weapon pot: 0
Direction: 0
Bytes received: 
20
Robot state: 0
Robot x: -2
Robot y: -4
Weapon state: 0
Weapon pot: 0
Direction: 0
Bytes received: 
20
Robot state: 0
Robot x: -2
Robot y: -4
Weapon state: 0
Weapon pot: 0
Direction: 0
Bytes received: 
20
Robot state: 0
Robot x: -2
Robot y: -4
Weapon state: 0
Weapon pot: 0
Direction: 0
Bytes received: 
20
Robot state: 0
Robot x: -2
Robot y: -4
Weapon state: 0
Weapon pot: 0
Direction: 0
Bytes received: 
20
Robot state: 0
Robot x: -2
Robot y: -4
Weapon state: 0
Weapon pot: 0
Direction: 0
Bytes received: 
20
Robot state: 0
Robot x: -2
Robot y: -4
Weapon state: 0
Weapon pot: 0
Direction: 0
Bytes received: 
20
Robot state: 0
Robot x: -2
Robot y: -4
Weapon state: 0
Weapon pot: 0
Direction: 0
Bytes received: 
20
Robot state: 0
Robot x: -2
Robot y: -4
Weapon state: 0
Weapon pot: 0
Direction: 0
xakse0
Bytes received: 
20
Robot state: 0
Robot x: -2
Robot y: -3
Weapon state: 0
Weapon pot: 0
Direction: 0
Bytes received: 
20
Robot state: 0
Robot x: -2
Robot y: -3
Weapon state: 0
Weapon pot: 0
Direction: 0
Bytes received: 
20
Robot state: 0
Robot x: -2
Robot y: -3
Weapon state: 0
Weapon pot: 0
Direction: 0
Bytes received: 
20
Robot state: 0
Robot x: 7
Robot y: 6
Weapon state: 0
Weapon pot: 150
Direction: 0
