tus:	Delivery Success
Robot state:0
Robot x:2624
Robot y:2630
wepon state:0
wepon pot:1427
Sent with success

Last Packet Send Status:	Delivery Success
Robot state:0
Robot x:2611
Robot y:2627
wepon state:0
wepon pot:1430
Sent with success

Last Packet Send Status:	Delivery Success
Robot state:0
Robot x:2618
Robot y:2634
wepon state:0
wepon pot:1424
Sent with success

Last Packet Send Status:	Delivery Success
Robot state:1
Robot x:4095
Robot y:4095
wepon state:1
wepon pot:2479
Sent with success

Last Packet Send Status:	Delivery Success
Robot state:1
Robot x:4095
Robot y:4095
wepon state:1
wepon pot:2475
Sent with success

Last Packet Send Status:	Delivery Success
Robot state:1
Robot x:4095
Robot y:4095
wepon state:1
wepon pot:2463
Sent with success

Last Packet Send Status:	Delivery Success
Robot state:0
Robot x:2624
Robot y:2638
wepon state:0
wepon pot:1440
Sent with success

Last Packet Send Status:	Delivery Success
Robot state:0
Robot x:2627
Robot y:2644
wepon state:0
wepon pot:1439
Sent with success

Last Packet Send Status:	Delivery Success
Robot state:1
Robot x:2733
Robot y:2761
wepon state:0
wepon pot:1526
Sent with success

Last Packet Send Status:	Delivery Success
Robot state:0
Robot x:2624
Robot y:2641
wepon state:0
wepon pot:1441
Sent with success

Last Packet Send Status:	Delivery Success
Robot state:0
Robot x:2627
Robot y:2641
wepon state:0
wepon pot:1439
Sent with success

Last Packet Send Status:	Delivery Success
Robot state:0
Robot x:2631
Robot y:2640
wepon state:0
wepon pot:1443
Sent with success

Last Packet Send Status:	Delivery Success
Robot state:0
Robot x:2625
Robot y:2643
wepon state:0
wepon pot:1447
Sent with success

Last Packet Send Status:	Delivery Success
Robot state:0
Robot x:2629
Robot y:2638
wepon state:0
wepon pot:1443
Sent with success

Last Packet Send Status:	Delivery Success
Robot state:0
Robot x:2625
Robot y:2641
wepon state:0
wepon pot:1442
Sent with success

Last Packet Send Status:	Delivery Success
Robot state:0
Robot x:2633
Robot y:2640
wepon state:0
wepon pot:1439
Sent with success

Last Packet Send Status:	Delivery Success
Robot state:0
Robot x:2631
Robot y:2651
wepon state:0
wepon pot:1443
Sent with success

Last Packet Send Status:	Delivery Success
Robot state:0
Robot x:2626
Robot y:2639
wepon state:0
wepon pot:1443
Sent with success

Last Packet Send Status:	Delivery Success
Robot state:0
Robot x:2622
Robot y:2638
wepon state:0
wepon pot:1442
Sent with success

Last Packet Send Status:	Delivery Success
Robot state:0
Robot x:2624
Robot y:2640
wepon state:0
wepon pot:1441
Sent with success

Last Packet Send Status:	Delivery Success
Robot state:0
Robot x:2631
Robot y:2640
wepon state:0
wepon pot:1441
Sent with success

Last Packet Send Status:	Delivery Success
Robot state:0
Robot x:2626
Robot y:2647
wepon state:0
wepon pot:1442
Sent with success

Last Packet Send Status:	Delivery Success
Robot state:0
Robot x:2625
Robot y:2638
wepon state:0
wepon pot:1445
Sent with success

Last Packet Send Status:	Delivery Success
Robot state:0
Robot x:2626
Robot y:2647
wepon state:0
wepon pot:1442
Sent with success

Last Packet Send Status:	Delivery Success
Robot state:0
Robot x:2629
Robot y:2633
wepon state:0
wepon pot:1438
Sent with success

Last Packet Send Status:	Delivery Success
Robot state:0
Robot x:2625
Robot y:2641
wepon state:0
wepon pot:1439
Sent with success

Last Packet Send Status:	Delivery Success
Robot state:0
Robot x:2619
Robot y:2641
wepon state:0
wepon pot:1436
Sent with success

Last Packet Send Status:	Delivery Success
Robot state:0
Robot x:2625
Robot y:2639
wepon state:0
wepon pot:1442
Sent with success

Last Packet Send Status:	Delivery Success
Robot state:0
Robot x:2624
Robot y:2639
wepon state:0
wepon pot:1439
Sent with success

Last Packet Send Status:	Delivery Success
Robot state:0
Robot x:2627
Robot y:2643
wepon state:0
wepon pot:1441
Sent with success

Last Packet Send Status:	Delivery Success
Robot state:0
Robot x:2627
Robot y:2641
wepon state:0
wepon pot:1441
Sent with success

Last Packet Send Status:	Delivery Success
Robot state:0
Robot x:2635
Robot y:2643
wepon state:0
wepon pot:1444
Sent with success

Last Packet Send Status:	Delivery Success
Robot state:0
Robot x:2614
Robot y:2651
wepon state:0
wepon pot:1441
Sent with success

Last Packet Send Status:	Delivery Success
Robot state:0
Robot x:2623
Robot y:2615
wepon state:0
wepon pot:1439
Sent with success

Last Packet Send Status:	Delivery Success
Robot state:0
Robot x:2619
Robot y:2635
wepon state:0
wepon pot:1442
Sent with success

Last Packet Send Status:	Delivery Success
Robot state:0
Robot x:2622
Robot y:2642
wepon state:0
wepon pot:1441
Sent with success

Last Packet Send Status:	Delivery Success
Robot state:0
Robot x:2624
Robot y:2639
wepon state:0
wepon pot:1443
Sent with success

Last Packet Send Status:	Delivery Success
Robot state:0
Robot x:2624
Robot y:2641
wepon state:0
wepon pot:1443
Sent with success

Last Packet Send Status:	Delivery Success
Robot state:0
Robot x:2624
Robot y:2641
wepon state:0
wepon pot:1444
Sent with success

Last Packet Send Status:	Delivery Success
Robot state:0
Robot x:2618
Robot y:2641
wepon state:0
wepon pot:1439
Sent with success

Last Packet Send Status:	Delivery Success
Robot state:0
Robot x:2624
Robot y:2646
wepon state:0
wepon pot:1445
Sent with success

Last Packet Send Status:	Delivery Success
Robot state:0
Robot x:2624
Robot y:2627
wepon state:0
wepon pot:1442
Sent with success

Last Packet Send Status:	Delivery Success
Robot state:0
Robot x:2626
Robot y:2640
wepon state:0
wepon pot:1441
Sent with success

Last Packet Send Status:	Delivery Success
Robot state:0
Robot x:2622
Robot y:2640
wepon state:0
wepon pot:1442
Sent with success

Last Packet Send Status:	Delivery Success
Robot state:0
Robot x:2624
Robot y:2640
wepon state:0
wepon pot:1442
Sent with success

Last Packet Send Status:	Delivery Success
Robot state:0
Robot x:2624
Robot y:2637
wepon state:0
wepon pot:1440
Sent with success

Last Packet Send Status:	Delivery Success
Robot state:0
Robot x:2624
Robot y:2642
wepon state:0
wepon pot:1443
Sent with success

Last Packet Send Status:	Delivery Success
Robot state:0
Robot x:2627
Robot y:2640
wepon state:0
wepon pot:1435
Sent with success

Last Packet Send Status:	Delivery Success
Robot state:0
Robot x:2624
Robot y:2643
wepon state:0
wepon pot:1441
Sent with success

Last Packet Send Status:	Delivery Success
Robot state:0
Robot x:2629
Robot y:2637
wepon state:0
wepon pot:1440
Sent with success

Last Packet Send Status:	Delivery Success
Robot state:0
Robot x:2624
Robot y:2643
wepon state:0
wepon pot:1443
Sent with success

Last Packet Send Status:	Delivery Success
Robot state:0
Robot x:2624
Robot y:2642
wepon state:0
wepon pot:1441
Sent with success

Last Packet Send Status:	Delivery Success
Robot state:0
Robot x:2624
Robot y:2640
wepon state:0
wepon pot:1442
Sent with success

Last Packet Send Status:	Delivery Success
Robot state:0
Robot x:2624
Robot y:2645
wepon state:0
wepon pot:1441
Sent with success

Last Packet Send Status:	Delivery Success
Robot state:0
Robot x:2624
Robot y:2645
wepon state:0
wepon pot:1443
Sent with success

Last Packet Send Status:	Delivery Success
Robot state:0
Robot x:2629
Robot y:2646
wepon state:0
wepon pot:1439
Sent with success

Last Packet Send Status:	Delivery Success
Robot state:0
Robot x:2627
Robot y:2642
wepon state:0
wepon pot:1443
Sent with success

Last Packet Send Status:	Delivery Success
Robot state:0
Robot x:2623
Robot y:2639
wepon state:0
wepon pot:1439
Sent with success

Last Packet Send Status:	Delivery Success
Robot state:0
Robot x:2626
Robot y:2643
wepon state:0
wepon pot:1443
Sent with success

Last Packet Send Status:	Delivery Success
Robot state:0
Robot x:2624
Robot y:2638
wepon state:0
wepon pot:1439
Sent with success

Last Packet Send Status:	Delivery Success
Robot state:0
Robot x:2629
Robot y:2629
wepon state:0
wepon pot:1444
Sent with success

Last Packet Send Status:	Delivery Success
Robot state:0
Robot x:2631
Robot y:2641
wepon state:0
wepon pot:1441
Sent with success

Last Packet Send Status:	Delivery Success
Robot state:0
Robot x:2626
Robot y:2641
wepon state:0
wepon pot:1442
Sent with success

Last Packet Send Status:	Delivery Success
Robot state:0
Robot x:2631
Robot y:2640
wepon state:0
wepon pot:1438
Sent with success

Last Packet Send Status:	Delivery Success
Robot state:0
Robot x:2626
Robot y:2640
wepon state:0
wepon pot:1438
Sent with success

Last Packet Send Status:	Delivery Success
Robot state:0
Robot x:2624
Robot y:2647
wepon state:0
wepon pot:1437
Sent with success

Last Packet Send Status:	Delivery Success
Robot state:0
Robot x:2626
Robot y:2637
wepon state:0
wepon pot:1440
Sent with success

Last Packet Send Status:	Delivery Success
Robot state:0
Robot x:2626
Robot y:2640
wepon state:0
wepon pot:1439
Sent with success

Last Packet Send Status:	Delivery Success
Robot state:0
Robot x:2622
Robot y:2649
wepon state:0
wepon pot:1443
Sent with success

Last Packet Send Status:	Delivery Success
Robot state:0
Robot x:2631
Robot y:2645
wepon state:0
wepon pot:1443
Sent with success

Last Packet Send Status:	Delivery Success
Robot state:0
Robot x:2634
Robot y:2643
wepon state:0
wepon pot:1443
Sent with success

Last Packet Send Status:	Delivery Success
Robot state:0
Robot x:2629
Robot y:2639
wepon state:0
wepon pot:1443
Sent with success

Last Packet Send Status:	Delivery Success
Robot state:0
Robot x:2627
Robot y:2639
wepon state:0
wepon pot:1444
Sent with success

Last Packet Send Status:	Delivery Success
Robot state:0
Robot x:2617
Robot y:2641
wepon state:0
wepon pot:1439
Sent with success

Last Packet Send Status:	Delivery Success
Robot state:0
Robot x:2619
Robot y:2637
wepon state:0
wepon pot:1435
Sent with success

Last Packet Send Status:	Delivery Success
Robot state:0
Robot x:2624
Robot y:2645
wepon state:0
wepon pot:1443
Sent with success

Last Packet Send Status:	Delivery Success
Robot state:0
Robot x:2633
Robot y:2642
wepon state:0
wepon pot:1441
Sent with success

Last Packet Send Status:	Delivery Success
Robot state:0
Robot x:2625
Robot y:2641
wepon state:0
wepon pot:1445
Sent with success

Last Packet Send Status:	Delivery Success
Robot state:0
Robot x:2628
Robot y:2643
wepon state:0
wepon pot:1439
Sent with success

Last Packet Send Status:	Delivery Success
Robot state:0
Robot x:2629
Robot y:2642
wepon state:0
wepon pot:1442
Sent with success

Last Packet Send Status:	Delivery Success
Robot state:0
Robot x:2624
Robot y:2641
wepon state:0
wepon pot:1449
Sent with success

Last Packet Send Status:	Delivery Success
Robot state:0
Robot x:2621
Robot y:2636
wepon state:0
wepon pot:1438
Sent with success

Last Packet Send Status:	Delivery Success
Robot state:0
Robot x:2615
Robot y:2634
wepon state:0
wepon pot:1435
Sent with success

Last Packet Send Status:	Delivery Success
Robot state:0
Robot x:2620
Robot y:2631
wepon state:0
wepon pot:1430
Sent with success

Last Packet Send Status:	Delivery Success
Robot state:0
Robot x:2611
Robot y:2631
wepon state:0
wepon pot:1436
Sent with success

Last Packet Send Status:	Delivery Success
Robot state:0
Robot x:2617
Robot y:2640
wepon state:0
wepon pot:1435
Sent with success

Last Packet Send Status:	Delivery Success
Robot state:0
Robot x:2626
Robot y:2635
wepon state:0
wepon pot:1437
Sent with success

Last Packet Send Status:	Delivery Success
Robot state:0
Robot x:2627
Robot y:2640
wepon state:0
wepon pot:1440
Sent with success

Last Packet Send Status:	Delivery Success
Robot state:0
Robot x:2623
Robot y:2634
wepon state:0
wepon pot:1437
Sent with success

Last Packet Send Status:	Delivery Success
Robot state:0
Robot x:2622
Robot y:2641
wepon state:0
wepon pot:1433
Sent with success

Last Packet Send Status:	Delivery Success
Robot state:0
Robot x:2624
Robot y:2639
wepon state:0
wepon pot:1436
Sent with success

Last Packet Send Status:	Delivery Success
Robot state:0
Robot x:2625
Robot y:2638
wepon state:0
wepon pot:1439
Sent with success

Last Packet Send Status:	Delivery Success
Robot state:0
Robot x:2611
Robot y:2640
wepon state:0
wepon pot:1438
Sent with success

Last Packet Send Status:	Delivery Success
Robot state:0
Robot x:2615
Robot y:2640
wepon state:0
wepon pot:1439
Sent with success

Last Packet Send Status:	Delivery Success
