Sbin sequence started!
Moving forward!
Turning wheel CW!
Turning wheel CW!
Stopping!
Moving backward!
Turning wheel CCW!
Turning wheel CCW!
Stopping!
Sbinning left
Turning wheel CCW!
Turning wheel CW!
Stopping!
Sbinning right!
Turning wheel CW!
Turning wheel CCW!
Stopping!
Sbin sequence started!
Moving forward!
Turning wheel CW!
Turning wheel CW!
Stopping!
Moving backward!
Turning wheel CCW!
Turning wheel CCW!
Stopping!
Sbinning left
Turning wheel CCW!
Turning wheel CW!
Stopping!
Sbinning right!
Turning wheel CW!
Turning wheel CCW!
Stopping!
Sbin sequence started!
Moving forward!
Turning wheel CW!
Turning wheel CW!
Stopping!
Moving backward!
Turning wheel CCW!
Turning wheel CCW!
Stopping!
Sbinning left
Turning wheel CCW!
Turning wheel CW!
Stopping!
Sbinning right!
Turning wheel CW!
Turning wheel CCW!
Stopping!
