xakse0
xakse0
xakse0
xakse0
xakse0
xakse0
xakse0
xakse0
xakse0
xakse0
xakse0
xakse0
xakse0
Bytes received: 
20
Robot state: 0
Robot x: 10
Robot y: 10
Weapon state: 0
Weapon pot: 78
Direction: 0
Bytes received: 
20
Robot state: 0
Robot x: 20
Robot y: 20
Weapon state: 0
Weapon pot: 80
Direction: 0
Bytes received: 
20
Robot state: 0
Robot x: 21
Robot y: 21
Weapon state: 0
Weapon pot: 0
Direction: 0
Bytes received: 
20
Robot state: 0
Robot x: 23
Robot y: 24
Weapon state: 0
Weapon pot: 0
Direction: 0
Bytes received: 
20
Robot state: 0
Robot x: 23
Robot y: 25
Weapon state: 0
Weapon pot: 0
Direction: 0
Bytes received: 
20
Robot state: 0
Robot x: 23
Robot y: 24
Weapon state: 0
Weapon pot: 0
Direction: 0
Bytes received: 
20
Robot state: 0
Robot x: 23
Robot y: 25
Weapon state: 0
Weapon pot: 0
Direction: 0
Bytes received: 
20
Robot state: 0
Robot x: 33
Robot y: 35
Weapon state: 0
Weapon pot: 80
Direction: 2
Bytes received: 
20
Robot state: 0
Robot x: 43
Robot y: 45
Weapon state: 0
Weapon pot: 80
Direction: 2
Bytes received: 
20
Robot state: 0
Robot x: 53
Robot y: 55
Weapon state: 0
Weapon pot: 83
Direction: 2
xakse53
Bytes received: 
20
Robot state: 0
Robot x: 53
Robot y: 55
Weapon state: 0
Weapon pot: 74
Direction: 2
Bytes received: 
20
Robot state: 0
Robot x: 53
Robot y: 55
Weapon state: 0
Weapon pot: 76
Direction: 2
Bytes received: 
20
Robot state: 0
Robot x: 62
Robot y: 63
Weapon state: 0
Weapon pot: 78
Direction: 2
Bytes received: 
20
Robot state: 0
Robot x: 70
Robot y: 71
Weapon state: 0
Weapon pot: 79
Direction: 2
Bytes received: 
20
Robot state: 0
Robot x: 80
Robot y: 80
Weapon state: 0
Weapon pot: 71
Direction: 3
Bytes received: 
20
Robot state: 0
Robot x: 90
Robot y: 90
Weapon state: 0
Weapon pot: 80
Direction: 3
Bytes received: 
20
Robot state: 0
Robot x: 100
Robot y: 100
Weapon state: 0
Weapon pot: 80
Direction: 3
Bytes received: 
20
Robot state: 0
Robot x: 100
Robot y: 100
Weapon state: 0
Weapon pot: 79
Direction: 3
Bytes received: 
20
Robot state: 0
Robot x: 100
Robot y: 100
Weapon state: 0
Weapon pot: 78
Direction: 3
xakse100
Bytes received: 
20
Robot state: 0
Robot x: 100
Robot y: 100
Weapon state: 0
Weapon pot: 76
Direction: 3
Bytes received: 
20
Robot state: 0
Robot x: 100
Robot y: 100
Weapon state: 0
Weapon pot: 79
Direction: 3
Bytes received: 
20
Robot state: 0
Robot x: 100
Robot y: 100
Weapon state: 0
Weapon pot: 80
Direction: 3
Bytes received: 
20
Robot state: 0
Robot x: 100
Robot y: 100
Weapon state: 0
Weapon pot: 80
Direction: 3
Bytes received: 
20
Robot state: 0
Robot x: 94
Robot y: 96
Weapon state: 0
Weapon pot: 0
Direction: 2
Bytes received: 
20
Robot state: 0
Robot x: 86
Robot y: 89
Weapon state: 0
Weapon pot: 0
Direction: 2
Bytes received: 
20
Robot state: 0
Robot x: 78
Robot y: 81
Weapon state: 0
Weapon pot: 0
Direction: 2
Bytes received: 
20
Robot state: 0
Robot x: 68
Robot y: 71
Weapon state: 0
Weapon pot: 0
Direction: 2
Bytes received: 
20
Robot state: 0
Robot x: 59
Robot y: 63
Weapon state: 0
Weapon pot: 0
Direction: 2
Bytes received: 
20
Robot state: 0
Robot x: 52
Robot y: 57
Weapon state: 0
Weapon pot: 0
Direction: 2
xakse52
Bytes received: 
20
Robot state: 0
Robot x: 44
Robot y: 50
Weapon state: 0
Weapon pot: 0
Direction: 2
Bytes received: 
20
Robot state: 0
Robot x: 33
Robot y: 39
Weapon state: 0
Weapon pot: 0
Direction: 2
Bytes received: 
20
Robot state: 0
Robot x: 23
Robot y: 28
Weapon state: 0
Weapon pot: 0
Direction: 0
Bytes received: 
20
Robot state: 0
Robot x: 12
Robot y: 18
Weapon state: 0
Weapon pot: 0
Direction: 0
Bytes received: 
20
Robot state: 0
Robot x: 7
Robot y: 11
Weapon state: 0
Weapon pot: 0
Direction: 0
Bytes received: 
20
Robot state: 0
Robot x: 5
Robot y: 7
Weapon state: 0
Weapon pot: 0
Direction: 0
Bytes received: 
20
Robot state: 0
Robot x: 4
Robot y: 7
Weapon state: 0
Weapon pot: 0
Direction: 0
Bytes received: 
20
Robot state: 0
Robot x: 4
Robot y: 6
Weapon state: 0
Weapon pot: 0
Direction: 0
Bytes received: 
20
Robot state: 0
Robot x: 2
Robot y: 3
Weapon state: 0
Weapon pot: 0
Direction: 0
Bytes received: 
20
Robot state: 0
Robot x: -1
Robot y: -1
Weapon state: 0
Weapon pot: 0
Direction: 0
xakse-1
Bytes received: 
20
Robot state: 0
Robot x: -3
Robot y: -5
Weapon state: 0
Weapon pot: 0
Direction: 0
Bytes received: 
20
Robot state: 0
Robot x: -4
Robot y: -5
Weapon state: 0
Weapon pot: 0
Direction: 0
Bytes received: 
20
Robot state: 0
Robot x: -1
Robot y: -1
Weapon state: 0
Weapon pot: 0
Direction: 0
Bytes received: 
20
Robot state: 0
Robot x: 0
Robot y: 0
Weapon state: 0
Weapon pot: 0
Direction: 0
Bytes received: 
20
Robot state: 0
Robot x: 0
Robot y: 0
Weapon state: 0
Weapon pot: 0
Direction: 0
Bytes received: 
20
Robot state: 0
Robot x: 0
Robot y: 0
Weapon state: 0
Weapon pot: 0
Direction: 0
Bytes received: 
20
Robot state: 0
Robot x: -2
Robot y: -1
Weapon state: 0
Weapon pot: 0
Direction: 0
Bytes received: 
20
Robot state: 0
Robot x: -1
Robot y: 0
Weapon state: 0
Weapon pot: 0
Direction: 0
Bytes received: 
20
Robot state: 0
Robot x: 0
Robot y: 2
Weapon state: 0
Weapon pot: 0
Direction: 0
Bytes received: 
20
Robot state: 0
Robot x: 10
Robot y: 13
Weapon state: 0
Weapon pot: 81
Direction: 0
xakse10
Bytes received: 
20
Robot state: 0
Robot x: 21
Robot y: 24
Weapon state: 0
Weapon pot: 85
Direction: 0
Bytes received: 
20
Robot state: 0
Robot x: 28
Robot y: 34
Weapon state: 0
Weapon pot: 0
Direction: 2
Bytes received: 
20
Robot state: 0
Robot x: 36
Robot y: 41
Weapon state: 0
Weapon pot: 83
Direction: 2
Bytes received: 
20
Robot state: 0
Robot x: 46
Robot y: 51
Weapon state: 0
Weapon pot: 80
Direction: 2
Bytes received: 
20
Robot state: 0
Robot x: 50
Robot y: 55
Weapon state: 0
Weapon pot: 0
Direction: 2
Bytes received: 
20
Robot state: 0
Robot x: 51
Robot y: 59
Weapon state: 0
Weapon pot: 0
Direction: 2
Bytes received: 
20
Robot state: 0
Robot x: 52
Robot y: 58
Weapon state: 0
Weapon pot: 0
Direction: 2
Bytes received: 
20
Robot state: 0
Robot x: 52
Robot y: 58
Weapon state: 0
Weapon pot: 0
Direction: 2
Bytes received: 
20
Robot state: 0
Robot x: 53
Robot y: 60
Weapon state: 0
Weapon pot: 0
Direction: 2
Bytes received: 
20
Robot state: 0
Robot x: 44
Robot y: 51
Weapon state: 0
Weapon pot: 0
Direction: 2
xakse44
Bytes received: 
20
Robot state: 0
Robot x: 33
Robot y: 41
Weapon state: 0
Weapon pot: 0
Direction: 2
Bytes received: 
20
Robot state: 0
Robot x: 26
Robot y: 31
Weapon state: 0
Weapon pot: 0
Direction: 2
Bytes received: 
20
Robot state: 0
Robot x: 15
Robot y: 20
Weapon state: 0
Weapon pot: 0
Direction: 0
Bytes received: 
20
Robot state: 0
Robot x: 7
Robot y: 12
Weapon state: 0
Weapon pot: 0
Direction: 0
Bytes received: 
20
Robot state: 0
Robot x: 13
Robot y: 17
Weapon state: 0
Weapon pot: 81
Direction: 0
Bytes received: 
20
Robot state: 0
Robot x: 22
Robot y: 24
Weapon state: 0
Weapon pot: 80
Direction: 0
Bytes received: 
20
Robot state: 0
Robot x: 32
Robot y: 34
Weapon state: 0
Weapon pot: 80
Direction: 2
Bytes received: 
20
Robot state: 0
Robot x: 42
Robot y: 43
Weapon state: 0
Weapon pot: 80
Direction: 2
Bytes received: 
20
Robot state: 0
Robot x: 50
Robot y: 50
Weapon state: 0
Weapon pot: 80
Direction: 3
Bytes received: 
20
Robot state: 0
Robot x: 51
Robot y: 52
Weapon state: 0
Weapon pot: 0
Direction: 2
xakse51
Bytes received: 
20
Robot state: 0
Robot x: 51
Robot y: 51
Weapon state: 0
Weapon pot: 0
Direction: 3
Bytes received: 
20
Robot state: 0
Robot x: 41
Robot y: 51
Weapon state: 0
Weapon pot: 0
Direction: 2
Bytes received: 
20
Robot state: 0
Robot x: 32
Robot y: 54
Weapon state: 0
Weapon pot: 0
Direction: 2
Bytes received: 
20
Robot state: 0
Robot x: 41
Robot y: 62
Weapon state: 0
Weapon pot: 1
Direction: 2
Bytes received: 
20
Robot state: 0
Robot x: 21
Robot y: 52
Weapon state: 0
Weapon pot: 0
Direction: 2
Bytes received: 
20
Robot state: 0
Robot x: 21
Robot y: 52
Weapon state: 0
Weapon pot: 0
Direction: 2
Bytes received: 
20
Robot state: 0
Robot x: 10
Robot y: 40
Weapon state: 0
Weapon pot: 0
Direction: 2
Bytes received: 
20
Robot state: 0
Robot x: 0
Robot y: 29
Weapon state: 0
Weapon pot: 0
Direction: 0
Bytes received: 
20
Robot state: 0
Robot x: -11
Robot y: 18
Weapon state: 0
Weapon pot: 0
Direction: 0
Bytes received: 
20
Robot state: 0
Robot x: -13
Robot y: 15
Weapon state: 0
Weapon pot: 0
Direction: 0
xakse-13
Bytes received: 
20
Robot state: 0
Robot x: -14
Robot y: 15
Weapon state: 0
Weapon pot: 0
Direction: 0
Bytes received: 
20
Robot state: 0
Robot x: 5
Robot y: 26
Weapon state: 0
Weapon pot: 445
Direction: 0
Bytes received: 
20
Robot state: 0
Robot x: 25
Robot y: 33
Weapon state: 0
Weapon pot: 573
Direction: 2
Bytes received: 
20
Robot state: 0
Robot x: 25
Robot y: 33
Weapon state: 0
Weapon pot: 571
Direction: 2
Bytes received: 
20
Robot state: 0
Robot x: 45
Robot y: 44
Weapon state: 0
Weapon pot: 571
Direction: 3
Bytes received: 
20
Robot state: 0
Robot x: 45
Robot y: 33
Weapon state: 0
Weapon pot: 0
Direction: 3
Bytes received: 
20
Robot state: 0
Robot x: 45
Robot y: 33
Weapon state: 0
Weapon pot: 0
Direction: 3
Bytes received: 
20
Robot state: 0
Robot x: 45
Robot y: 33
Weapon state: 0
Weapon pot: 0
Direction: 3
Bytes received: 
20
Robot state: 0
Robot x: 46
Robot y: 35
Weapon state: 0
Weapon pot: 0
Direction: 3
Bytes received: 
20
Robot state: 0
Robot x: 46
Robot y: 35
Weapon state: 0
Weapon pot: 0
Direction: 3
xakse46
Bytes received: 
20
Robot state: 0
Robot x: 46
Robot y: 26
Weapon state: 0
Weapon pot: 0
Direction: 3
Bytes received: 
20
Robot state: 0
Robot x: 32
Robot y: 6
Weapon state: 0
Weapon pot: 0
Direction: 3
Bytes received: 
20
Robot state: 0
Robot x: 15
Robot y: -13
Weapon state: 0
Weapon pot: 0
Direction: 0
Bytes received: 
20
Robot state: 0
Robot x: -1
Robot y: -33
Weapon state: 0
Weapon pot: 0
Direction: 1
Bytes received: 
20
Robot state: 0
Robot x: -18
Robot y: -53
Weapon state: 0
Weapon pot: 0
Direction: 1
Bytes received: 
20
Robot state: 0
Robot x: -35
Robot y: -62
Weapon state: 0
Weapon pot: 0
Direction: 1
Bytes received: 
20
Robot state: 0
Robot x: -41
Robot y: -71
Weapon state: 0
Weapon pot: 0
Direction: 1
Bytes received: 
20
Robot state: 0
Robot x: -41
Robot y: -71
Weapon state: 0
Weapon pot: 0
Direction: 1
Bytes received: 
20
Robot state: 0
Robot x: -42
Robot y: -73
Weapon state: 0
Weapon pot: 0
Direction: 1
Bytes received: 
20
Robot state: 0
Robot x: -42
Robot y: -73
Weapon state: 0
Weapon pot: 0
Direction: 1
xakse-42
Bytes received: 
20
Robot state: 0
Robot x: -42
Robot y: -64
Weapon state: 0
Weapon pot: 0
Direction: 1
Bytes received: 
20
Robot state: 0
Robot x: -39
Robot y: -55
Weapon state: 0
Weapon pot: 0
Direction: 1
Bytes received: 
20
Robot state: 0
Robot x: -33
Robot y: -46
Weapon state: 0
Weapon pot: 0
Direction: 1
Bytes received: 
20
Robot state: 0
Robot x: -27
Robot y: -37
Weapon state: 0
Weapon pot: 0
Direction: 1
Bytes received: 
20
Robot state: 0
Robot x: -10
Robot y: -17
Weapon state: 0
Weapon pot: 561
Direction: 0
Bytes received: 
20
Robot state: 0
Robot x: 7
Robot y: 2
Weapon state: 0
Weapon pot: 562
Direction: 0
Bytes received: 
20
Robot state: 0
Robot x: 24
Robot y: 22
Weapon state: 0
Weapon pot: 563
Direction: 0
Bytes received: 
20
Robot state: 0
Robot x: 34
Robot y: 33
Weapon state: 0
Weapon pot: 563
Direction: 3
Bytes received: 
20
Robot state: 0
Robot x: 45
Robot y: 44
Weapon state: 0
Weapon pot: 563
Direction: 3
Bytes received: 
20
Robot state: 0
Robot x: 45
Robot y: 55
Weapon state: 0
Weapon pot: 0
Direction: 2
xakse45
Bytes received: 
20
Robot state: 0
Robot x: 45
Robot y: 55
Weapon state: 0
Weapon pot: 0
Direction: 2
Bytes received: 
20
Robot state: 0
Robot x: 45
Robot y: 55
Weapon state: 0
Weapon pot: 0
Direction: 2
Bytes received: 
20
Robot state: 0
Robot x: 45
Robot y: 55
Weapon state: 0
Weapon pot: 0
Direction: 2
Bytes received: 
20
Robot state: 0
Robot x: 45
Robot y: 55
Weapon state: 0
Weapon pot: 0
Direction: 2
Bytes received: 
20
Robot state: 0
Robot x: 34
Robot y: 44
Weapon state: 0
Weapon pot: 0
Direction: 2
Bytes received: 
20
Robot state: 0
Robot x: 25
Robot y: 44
Weapon state: 0
Weapon pot: 0
Direction: 2
Bytes received: 
20
Robot state: 0
Robot x: 15
Robot y: 34
Weapon state: 0
Weapon pot: 0
Direction: 2
Bytes received: 
20
Robot state: 0
Robot x: 10
Robot y: 27
Weapon state: 0
Weapon pot: 0
Direction: 0
Bytes received: 
20
Robot state: 0
Robot x: 0
Robot y: 7
Weapon state: 0
Weapon pot: 0
Direction: 0
Bytes received: 
20
Robot state: 0
Robot x: 0
Robot y: -12
Weapon state: 0
Weapon pot: 0
Direction: 0
xakse0
Bytes received: 
20
Robot state: 0
Robot x: 0
Robot y: -21
Weapon state: 0
Weapon pot: 0
Direction: 0
Bytes received: 
20
Robot state: 0
Robot x: 0
Robot y: -29
Weapon state: 0
Weapon pot: 0
Direction: 0
Bytes received: 
20
Robot state: 0
Robot x: 4
Robot y: -38
Weapon state: 0
Weapon pot: 0
Direction: 1
Bytes received: 
20
Robot state: 0
Robot x: 15
Robot y: -27
Weapon state: 0
Weapon pot: 80
Direction: 0
Bytes received: 
20
Robot state: 0
Robot x: 15
Robot y: -27
Weapon state: 0
Weapon pot: 0
Direction: 0
Bytes received: 
20
Robot state: 0
Robot x: 24
Robot y: -27
Weapon state: 0
Weapon pot: 79
Direction: 0
Bytes received: 
20
Robot state: 0
Robot x: 23
Robot y: -28
Weapon state: 0
Weapon pot: 0
Direction: 0
Bytes received: 
20
Robot state: 0
Robot x: 18
Robot y: -32
Weapon state: 0
Weapon pot: 0
Direction: 1
Bytes received: 
20
Robot state: 0
Robot x: 18
Robot y: -23
Weapon state: 0
Weapon pot: 0
Direction: 0
xakse18
Bytes received: 
20
Robot state: 0
Robot x: 18
Robot y: -14
Weapon state: 0
Weapon pot: 0
Direction: 0
Bytes received: 
20
Robot state: 0
Robot x: 18
Robot y: -5
Weapon state: 0
Weapon pot: 0
Direction: 0
Bytes received: 
20
Robot state: 0
Robot x: 18
Robot y: 3
Weapon state: 0
Weapon pot: 0
Direction: 0
Bytes received: 
20
Robot state: 0
Robot x: 13
Robot y: 11
Weapon state: 0
Weapon pot: 0
Direction: 0
Bytes received: 
20
Robot state: 0
Robot x: 2
Robot y: 0
Weapon state: 0
Weapon pot: 0
Direction: 0
Bytes received: 
20
Robot state: 0
Robot x: 2
Robot y: 0
Weapon state: 0
Weapon pot: 0
Direction: 0
Bytes received: 
20
Robot state: 0
Robot x: -8
Robot y: -10
Weapon state: 0
Weapon pot: 0
Direction: 0
Bytes received: 
20
Robot state: 0
Robot x: -8
Robot y: -10
Weapon state: 0
Weapon pot: 0
Direction: 0
Bytes received: 
20
Robot state: 0
Robot x: -9
Robot y: -11
Weapon state: 0
Weapon pot: 0
Direction: 0
Bytes received: 
20
Robot state: 0
Robot x: -9
Robot y: -11
Weapon state: 0
Weapon pot: 0
Direction: 0
xakse-9
Bytes received: 
20
Robot state: 0
Robot x: -9
Robot y: -11
Weapon state: 0
Weapon pot: 0
Direction: 0
Bytes received: 
20
Robot state: 0
Robot x: -9
Robot y: -11
Weapon state: 0
Weapon pot: 0
Direction: 0
Bytes received: 
20
Robot state: 0
Robot x: -9
Robot y: -11
Weapon state: 0
Weapon pot: 0
Direction: 0
Bytes received: 
20
Robot state: 0
Robot x: -9
Robot y: -11
Weapon state: 0
Weapon pot: 0
Direction: 0
Bytes received: 
20
Robot state: 0
Robot x: -9
Robot y: -11
Weapon state: 0
Weapon pot: 0
Direction: 0
Bytes received: 
20
Robot state: 0
Robot x: -9
Robot y: -11
Weapon state: 0
Weapon pot: 0
Direction: 0
Bytes received: 
20
Robot state: 0
Robot x: -8
Robot y: -11
Weapon state: 0
Weapon pot: 0
Direction: 0
Bytes received: 
20
Robot state: 0
Robot x: -8
Robot y: -11
Weapon state: 0
Weapon pot: 0
Direction: 0
Bytes received: 
20
Robot state: 0
Robot x: -8
Robot y: -11
Weapon state: 0
Weapon pot: 0
Direction: 0
Bytes received: 
20
Robot state: 0
Robot x: -8
Robot y: -11
Weapon state: 0
Weapon pot: 0
Direction: 0
xakse-8
Bytes received: 
20
Robot state: 0
Robot x: -8
Robot y: -11
Weapon state: 0
Weapon pot: 0
Direction: 0
Bytes received: 
20
Robot state: 0
Robot x: -8
Robot y: -11
Weapon state: 0
Weapon pot: 0
Direction: 0
Bytes received: 
20
Robot state: 0
Robot x: -8
Robot y: -11
Weapon state: 0
Weapon pot: 0
Direction: 0
Bytes received: 
20
Robot state: 0
Robot x: -8
Robot y: -11
Weapon state: 0
Weapon pot: 0
Direction: 0
Bytes received: 
20
Robot state: 0
Robot x: -8
Robot y: -11
Weapon state: 0
Weapon pot: 0
Direction: 0
Bytes received: 
20
Robot state: 0
Robot x: -8
Robot y: -11
Weapon state: 0
Weapon pot: 0
Direction: 0
Bytes received: 
20
Robot state: 0
Robot x: -8
Robot y: -11
Weapon state: 0
Weapon pot: 0
Direction: 0
Bytes received: 
20
Robot state: 0
Robot x: -9
Robot y: -11
Weapon state: 0
Weapon pot: 0
Direction: 0
Bytes received: 
20
Robot state: 0
Robot x: -8
Robot y: -10
Weapon state: 0
Weapon pot: 0
Direction: 0
Bytes received: 
20
Robot state: 0
Robot x: -8
Robot y: -10
Weapon state: 0
Weapon pot: 0
Direction: 0
xakse-8
Bytes received: 
20
Robot state: 0
Robot x: -8
Robot y: -10
Weapon state: 0
Weapon pot: 0
Direction: 0
Bytes received: 
20
Robot state: 0
Robot x: -8
Robot y: -10
Weapon state: 0
Weapon pot: 0
Direction: 0
Bytes received: 
20
Robot state: 0
Robot x: -8
Robot y: -10
Weapon state: 0
Weapon pot: 0
Direction: 0
Bytes received: 
20
Robot state: 0
Robot x: -8
Robot y: -10
Weapon state: 0
Weapon pot: 0
Direction: 0
Bytes received: 
20
Robot state: 0
Robot x: -8
Robot y: -10
Weapon state: 0
Weapon pot: 0
Direction: 0
Bytes received: 
20
Robot state: 0
Robot x: -8
Robot y: -10
Weapon state: 0
Weapon pot: 0
Direction: 0
Bytes received: 
20
Robot state: 0
Robot x: -8
Robot y: -10
Weapon state: 0
Weapon pot: 0
Direction: 0
Bytes received: 
20
Robot state: 0
Robot x: -8
Robot y: -10
Weapon state: 0
Weapon pot: 0
Direction: 0
Bytes received: 
20
Robot state: 0
Robot x: -8
Robot y: -11
Weapon state: 0
Weapon pot: 0
Direction: 0
Bytes received: 
20
Robot state: 0
Robot x: -8
Robot y: -11
Weapon state: 0
Weapon pot: 0
Direction: 0
xakse-8
Bytes received: 
20
Robot state: 0
Robot x: -8
Robot y: -11
Weapon state: 0
Weapon pot: 0
Direction: 0
Bytes received: 
20
Robot state: 0
Robot x: -8
Robot y: -11
Weapon state: 0
Weapon pot: 0
Direction: 0
Bytes received: 
20
Robot state: 0
Robot x: -8
Robot y: -11
Weapon state: 0
Weapon pot: 0
Direction: 0
Bytes received: 
20
Robot state: 0
Robot x: -8
Robot y: -11
Weapon state: 0
Weapon pot: 0
Direction: 0
Bytes received: 
20
Robot state: 0
Robot x: -8
Robot y: -11
Weapon state: 0
Weapon pot: 0
Direction: 0
Bytes received: 
20
Robot state: 0
Robot x: -8
Robot y: -11
Weapon state: 0
Weapon pot: 0
Direction: 0
Bytes received: 
20
Robot state: 0
Robot x: -8
Robot y: -11
Weapon state: 0
Weapon pot: 0
Direction: 0
Bytes received: 
20
Robot state: 0
Robot x: -8
Robot y: -11
Weapon state: 0
Weapon pot: 0
Direction: 0
Bytes received: 
20
Robot state: 0
Robot x: -8
Robot y: -11
Weapon state: 0
Weapon pot: 0
Direction: 0
Bytes received: 
20
Robot state: 0
Robot x: -8
Robot y: -10
Weapon state: 0
Weapon pot: 0
Direction: 0
xakse-8
Bytes received: 
20
Robot state: 0
Robot x: -8
Robot y: -10
Weapon state: 0
Weapon pot: 0
Direction: 0
Bytes received: 
20
Robot state: 0
Robot x: -8
Robot y: -10
Weapon state: 0
Weapon pot: 0
Direction: 0
Bytes received: 
20
Robot state: 0
Robot x: -8
Robot y: -10
Weapon state: 0
Weapon pot: 0
Direction: 0
Bytes received: 
20
Robot state: 0
Robot x: -8
Robot y: -10
Weapon state: 0
Weapon pot: 0
Direction: 0
