xakse0
xakse0
xakse0
xakse0
xakse0
xakse0
xakse0
xakse0
xakse0
xakse0
xakse0
xakse0
xakse0
xakse0
xakse0
xakse0
Bytes received: 
20
Robot state: 0
Robot x: -2
Robot y: -4
Weapon state: 0
Weapon pot: 0
Direction: 0
Bytes received: 
20
Robot state: 0
Robot x: -5
Robot y: -7
Weapon state: 0
Weapon pot: 0
Direction: 0
Bytes received: 
20
Robot state: 0
Robot x: -7
Robot y: -11
Weapon state: 0
Weapon pot: 0
Direction: 0
Bytes received: 
20
Robot state: 0
Robot x: -10
Robot y: -15
Weapon state: 0
Weapon pot: 0
Direction: 0
Bytes received: 
20
Robot state: 0
Robot x: -12
Robot y: -19
Weapon state: 0
Weapon pot: 0
Direction: 0
Bytes received: 
20
Robot state: 0
Robot x: -15
Robot y: -23
Weapon state: 0
Weapon pot: 0
Direction: 0
xakse0
Bytes received: 
20
Robot state: 0
Robot x: -17
Robot y: -27
Weapon state: 0
Weapon pot: 0
Direction: 0
Bytes received: 
20
Robot state: 0
Robot x: -20
Robot y: -30
Weapon state: 0
Weapon pot: 0
Direction: 1
Bytes received: 
20
Robot state: 0
Robot x: -22
Robot y: -34
Weapon state: 0
Weapon pot: 0
Direction: 1
Bytes received: 
20
Robot state: 0
Robot x: -25
Robot y: -38
Weapon state: 0
Weapon pot: 0
Direction: 1
Bytes received: 
20
Robot state: 0
Robot x: -25
Robot y: -38
Weapon state: 0
Weapon pot: 0
Direction: 1
Bytes received: 
20
Robot state: 0
Robot x: -25
Robot y: -38
Weapon state: 0
Weapon pot: 0
Direction: 1
Bytes received: 
20
Robot state: 0
Robot x: -25
Robot y: -38
Weapon state: 0
Weapon pot: 0
Direction: 1
Bytes received: 
20
Robot state: 0
Robot x: -24
Robot y: -38
Weapon state: 0
Weapon pot: 0
Direction: 1
Bytes received: 
20
Robot state: 0
Robot x: -24
Robot y: -38
Weapon state: 0
Weapon pot: 0
Direction: 1
Bytes received: 
20
Robot state: 0
Robot x: -24
Robot y: -38
Weapon state: 0
Weapon pot: 0
Direction: 1
xakse0
Bytes received: 
20
Robot state: 0
Robot x: -24
Robot y: -38
Weapon state: 0
Weapon pot: 0
Direction: 1
Bytes received: 
20
Robot state: 0
Robot x: -25
Robot y: -38
Weapon state: 0
Weapon pot: 0
Direction: 1
Bytes received: 
20
Robot state: 0
Robot x: -25
Robot y: -38
Weapon state: 0
Weapon pot: 0
Direction: 1
Bytes received: 
20
Robot state: 0
Robot x: -25
Robot y: -38
Weapon state: 0
Weapon pot: 0
Direction: 1
Bytes received: 
20
Robot state: 0
Robot x: -24
Robot y: -38
Weapon state: 0
Weapon pot: 0
Direction: 1
Bytes received: 
20
Robot state: 0
Robot x: -24
Robot y: -38
Weapon state: 0
Weapon pot: 0
Direction: 1
Bytes received: 
20
Robot state: 0
Robot x: -24
Robot y: -38
Weapon state: 0
Weapon pot: 0
Direction: 1
Bytes received: 
20
Robot state: 0
Robot x: -25
Robot y: -38
Weapon state: 0
Weapon pot: 0
Direction: 1
Bytes received: 
20
Robot state: 0
Robot x: -25
Robot y: -38
Weapon state: 0
Weapon pot: 0
Direction: 1
Bytes received: 
20
Robot state: 0
Robot x: -25
Robot y: -38
Weapon state: 0
Weapon pot: 0
Direction: 1
xakse0
Bytes received: 
20
Robot state: 0
Robot x: -25
Robot y: -38
Weapon state: 0
Weapon pot: 0
Direction: 1
Bytes received: 
20
Robot state: 0
Robot x: -12
Robot y: -38
Weapon state: 0
Weapon pot: 0
Direction: 1
Bytes received: 
20
Robot state: 0
Robot x: 0
Robot y: -24
Weapon state: 0
Weapon pot: 576
Direction: 0
Bytes received: 
20
Robot state: 0
Robot x: 12
Robot y: -11
Weapon state: 0
Weapon pot: 579
Direction: 0
Bytes received: 
20
Robot state: 0
Robot x: 25
Robot y: 2
Weapon state: 0
Weapon pot: 307
Direction: 0
Bytes received: 
20
Robot state: 0
Robot x: 17
Robot y: 16
Weapon state: 0
Weapon pot: 536
Direction: 0
Bytes received: 
20
Robot state: 0
Robot x: 10
Robot y: 30
Weapon state: 0
Weapon pot: 529
Direction: 2
Bytes received: 
20
Robot state: 0
Robot x: 2
Robot y: 44
Weapon state: 0
Weapon pot: 508
Direction: 2
Bytes received: 
20
Robot state: 0
Robot x: 2
Robot y: 38
Weapon state: 0
Weapon pot: 0
Direction: 2
Bytes received: 
20
Robot state: 0
Robot x: 2
Robot y: 32
Weapon state: 0
Weapon pot: 0
Direction: 2
xakse0
Bytes received: 
20
Robot state: 0
Robot x: 2
Robot y: 26
Weapon state: 0
Weapon pot: 0
Direction: 0
Bytes received: 
20
Robot state: 0
Robot x: 2
Robot y: 20
Weapon state: 0
Weapon pot: 574
Direction: 0
Bytes received: 
20
Robot state: 0
Robot x: 2
Robot y: 20
Weapon state: 1
Weapon pot: 1102
Direction: 0
Bytes received: 
20
Robot state: 0
Robot x: 2
Robot y: 20
Weapon state: 1
Weapon pot: 624
Direction: 0
Bytes received: 
20
Robot state: 0
Robot x: -17
Robot y: 20
Weapon state: 0
Weapon pot: 523
Direction: 0
Bytes received: 
20
Robot state: 0
Robot x: -17
Robot y: 20
Weapon state: 0
Weapon pot: 0
Direction: 0
Bytes received: 
20
Robot state: 0
Robot x: -17
Robot y: 0
Weapon state: 0
Weapon pot: 0
Direction: 0
Bytes received: 
20
Robot state: 0
Robot x: -17
Robot y: -20
Weapon state: 0
Weapon pot: 0
Direction: 0
Bytes received: 
20
Robot state: 0
Robot x: -25
Robot y: -20
Weapon state: 0
Weapon pot: 0
Direction: 0
Bytes received: 
20
Robot state: 0
Robot x: -32
Robot y: -20
Weapon state: 0
Weapon pot: 0
Direction: 4
xakse0
Bytes received: 
20
Robot state: 0
Robot x: -32
Robot y: -20
Weapon state: 0
Weapon pot: 0
Direction: 4
Bytes received: 
20
Robot state: 0
Robot x: -45
Robot y: -14
Weapon state: 0
Weapon pot: 0
Direction: 4
Bytes received: 
20
Robot state: 0
Robot x: -57
Robot y: -27
Weapon state: 0
Weapon pot: 0
Direction: 4
Bytes received: 
20
Robot state: 0
Robot x: -70
Robot y: -41
Weapon state: 0
Weapon pot: 0
Direction: 4
Bytes received: 
20
Robot state: 0
Robot x: -62
Robot y: -55
Weapon state: 0
Weapon pot: 0
Direction: 4
Bytes received: 
20
Robot state: 0
Robot x: -42
Robot y: -69
Weapon state: 0
Weapon pot: 0
Direction: 1
Bytes received: 
20
Robot state: 0
Robot x: -22
Robot y: -49
Weapon state: 0
Weapon pot: 575
Direction: 1
Bytes received: 
20
Robot state: 0
Robot x: -2
Robot y: -29
Weapon state: 0
Weapon pot: 562
Direction: 0
Bytes received: 
20
Robot state: 0
Robot x: 17
Robot y: -9
Weapon state: 0
Weapon pot: 560
Direction: 0
Bytes received: 
20
Robot state: 0
Robot x: 24
Robot y: -3
Weapon state: 0
Weapon pot: 0
Direction: 0
xakse0
Bytes received: 
20
Robot state: 0
Robot x: 24
Robot y: 2
Weapon state: 0
Weapon pot: 0
Direction: 0
Bytes received: 
20
Robot state: 0
Robot x: 24
Robot y: 2
Weapon state: 0
Weapon pot: 0
Direction: 0
Bytes received: 
20
Robot state: 0
Robot x: 24
Robot y: 2
Weapon state: 0
Weapon pot: 0
Direction: 0
Bytes received: 
20
Robot state: 0
Robot x: 24
Robot y: 2
Weapon state: 0
Weapon pot: 0
Direction: 0
Bytes received: 
20
Robot state: 0
Robot x: 24
Robot y: 2
Weapon state: 0
Weapon pot: 0
Direction: 0
Bytes received: 
20
Robot state: 0
Robot x: 11
Robot y: 2
Weapon state: 0
Weapon pot: 0
Direction: 0
Bytes received: 
20
Robot state: 0
Robot x: 0
Robot y: -12
Weapon state: 0
Weapon pot: 0
Direction: 0
Bytes received: 
20
Robot state: 0
Robot x: -13
Robot y: -26
Weapon state: 0
Weapon pot: 0
Direction: 0
Bytes received: 
20
Robot state: 0
Robot x: -26
Robot y: -40
Weapon state: 0
Weapon pot: 0
Direction: 1
Bytes received: 
20
Robot state: 0
Robot x: -26
Robot y: -40
Weapon state: 0
Weapon pot: 0
Direction: 1
xakse0
Bytes received: 
20
Robot state: 0
Robot x: -26
Robot y: -40
Weapon state: 0
Weapon pot: 0
Direction: 1
Bytes received: 
20
Robot state: 0
Robot x: -26
Robot y: -40
Weapon state: 0
Weapon pot: 0
Direction: 1
Bytes received: 
20
Robot state: 0
Robot x: -26
Robot y: -40
Weapon state: 0
Weapon pot: 0
Direction: 1
Bytes received: 
20
Robot state: 0
Robot x: -26
Robot y: -40
Weapon state: 0
Weapon pot: 0
Direction: 1
Bytes received: 
20
Robot state: 0
Robot x: -26
Robot y: -40
Weapon state: 0
Weapon pot: 0
Direction: 1
Bytes received: 
20
Robot state: 0
Robot x: -26
Robot y: -40
Weapon state: 0
Weapon pot: 0
Direction: 1
Bytes received: 
20
Robot state: 0
Robot x: -26
Robot y: -40
Weapon state: 0
Weapon pot: 0
Direction: 1
Bytes received: 
20
Robot state: 0
Robot x: -26
Robot y: -40
Weapon state: 0
Weapon pot: 0
Direction: 1
Bytes received: 
20
Robot state: 0
Robot x: -26
Robot y: -40
Weapon state: 0
Weapon pot: 0
Direction: 1
Bytes received: 
20
Robot state: 0
Robot x: -26
Robot y: -40
Weapon state: 0
Weapon pot: 0
Direction: 1
xakse0
Bytes received: 
20
Robot state: 0
Robot x: -26
Robot y: -40
Weapon state: 0
Weapon pot: 0
Direction: 1
Bytes received: 
20
Robot state: 0
Robot x: -26
Robot y: -40
Weapon state: 0
Weapon pot: 0
Direction: 1
Bytes received: 
20
Robot state: 0
Robot x: -26
Robot y: -40
Weapon state: 0
Weapon pot: 0
Direction: 1
Bytes received: 
20
Robot state: 0
Robot x: -26
Robot y: -40
Weapon state: 0
Weapon pot: 0
Direction: 1
Bytes received: 
20
Robot state: 0
Robot x: -26
Robot y: -40
Weapon state: 0
Weapon pot: 0
Direction: 1
Bytes received: 
20
Robot state: 0
Robot x: -26
Robot y: -40
Weapon state: 0
Weapon pot: 0
Direction: 1
Bytes received: 
20
Robot state: 0
Robot x: -26
Robot y: -40
Weapon state: 0
Weapon pot: 0
Direction: 1
Bytes received: 
20
Robot state: 0
Robot x: -26
Robot y: -40
Weapon state: 0
Weapon pot: 0
Direction: 1
Bytes received: 
20
Robot state: 0
Robot x: -26
Robot y: -40
Weapon state: 0
Weapon pot: 0
Direction: 1
Bytes received: 
20
Robot state: 0
Robot x: -26
Robot y: -40
Weapon state: 0
Weapon pot: 0
Direction: 1
xakse0
Bytes received: 
20
Robot state: 0
Robot x: -26
Robot y: -40
Weapon state: 0
Weapon pot: 0
Direction: 1
Bytes received: 
20
Robot state: 0
Robot x: -26
Robot y: -40
Weapon state: 0
Weapon pot: 0
Direction: 1
Bytes received: 
20
Robot state: 0
Robot x: -26
Robot y: -40
Weapon state: 0
Weapon pot: 0
Direction: 1
Bytes received: 
20
Robot state: 0
Robot x: -26
Robot y: -40
Weapon state: 0
Weapon pot: 0
Direction: 1
Bytes received: 
20
Robot state: 0
Robot x: -26
Robot y: -40
Weapon state: 0
Weapon pot: 0
Direction: 1
Bytes received: 
20
Robot state: 0
Robot x: -26
Robot y: -40
Weapon state: 0
Weapon pot: 0
Direction: 1
Bytes received: 
20
Robot state: 0
Robot x: -26
Robot y: -40
Weapon state: 0
Weapon pot: 0
Direction: 1
Bytes received: 
20
Robot state: 0
Robot x: -26
Robot y: -40
Weapon state: 0
Weapon pot: 0
Direction: 1
Bytes received: 
20
Robot state: 0
Robot x: -26
Robot y: -40
Weapon state: 0
Weapon pot: 0
Direction: 1
xakse0
Bytes received: 
20
Robot state: 0
Robot x: -26
Robot y: -40
Weapon state: 0
Weapon pot: 0
Direction: 1
Bytes received: 
20
Robot state: 0
Robot x: -26
Robot y: -40
Weapon state: 0
Weapon pot: 0
Direction: 1
Bytes received: 
20
Robot state: 0
Robot x: -26
Robot y: -40
Weapon state: 0
Weapon pot: 0
Direction: 1
Bytes received: 
20
Robot state: 0
Robot x: -26
Robot y: -40
Weapon state: 0
Weapon pot: 0
Direction: 1
Bytes received: 
20
Robot state: 0
Robot x: -26
Robot y: -40
Weapon state: 0
Weapon pot: 0
Direction: 1
Bytes received: 
20
Robot state: 0
Robot x: -26
Robot y: -40
Weapon state: 0
Weapon pot: 0
Direction: 1
Bytes received: 
20
Robot state: 0
Robot x: -26
Robot y: -40
Weapon state: 0
Weapon pot: 0
Direction: 1
Bytes received: 
20
Robot state: 0
Robot x: -26
Robot y: -40
Weapon state: 0
Weapon pot: 0
Direction: 1
Bytes received: 
20
Robot state: 0
Robot x: -25
Robot y: -40
Weapon state: 0
Weapon pot: 0
Direction: 1
Bytes received: 
20
Robot state: 0
Robot x: -25
Robot y: -40
Weapon state: 0
Weapon pot: 0
Direction: 1
xakse0
Bytes received: 
20
Robot state: 0
Robot x: -25
Robot y: -40
Weapon state: 0
Weapon pot: 0
Direction: 1
Bytes received: 
20
Robot state: 0
Robot x: -25
Robot y: -40
Weapon state: 0
Weapon pot: 0
Direction: 1
Bytes received: 
20
Robot state: 0
Robot x: -25
Robot y: -40
Weapon state: 0
Weapon pot: 0
Direction: 1
Bytes received: 
20
Robot state: 0
Robot x: -25
Robot y: -40
Weapon state: 0
Weapon pot: 0
Direction: 1
Bytes received: 
20
Robot state: 0
Robot x: -25
Robot y: -40
Weapon state: 0
Weapon pot: 0
Direction: 1
Bytes received: 
20
Robot state: 0
Robot x: -25
Robot y: -40
Weapon state: 0
Weapon pot: 0
Direction: 1
Bytes received: 
20
Robot state: 0
Robot x: -25
Robot y: -40
Weapon state: 0
Weapon pot: 0
Direction: 1
Bytes received: 
20
Robot state: 0
Robot x: -25
Robot y: -40
Weapon state: 0
Weapon pot: 0
Direction: 1
Bytes received: 
20
Robot state: 0
Robot x: -26
Robot y: -40
Weapon state: 0
Weapon pot: 0
Direction: 1
Bytes received: 
20
Robot state: 0
Robot x: -26
Robot y: -40
Weapon state: 0
Weapon pot: 0
Direction: 1
xakse0
Bytes received: 
20
Robot state: 0
Robot x: -26
Robot y: -40
Weapon state: 0
Weapon pot: 0
Direction: 1
Bytes received: 
20
Robot state: 0
Robot x: -26
Robot y: -40
Weapon state: 0
Weapon pot: 0
Direction: 1
Bytes received: 
20
Robot state: 0
Robot x: -26
Robot y: -40
Weapon state: 0
Weapon pot: 0
Direction: 1
Bytes received: 
20
Robot state: 0
Robot x: -26
Robot y: -40
Weapon state: 0
Weapon pot: 0
Direction: 1
Bytes received: 
20
Robot state: 0
Robot x: -26
Robot y: -40
Weapon state: 0
Weapon pot: 0
Direction: 1
Bytes received: 
20
Robot state: 0
Robot x: -26
Robot y: -40
Weapon state: 0
Weapon pot: 0
Direction: 1
Bytes received: 
20
Robot state: 0
Robot x: -26
Robot y: -40
Weapon state: 0
Weapon pot: 0
Direction: 1
Bytes received: 
20
Robot state: 0
Robot x: -26
Robot y: -40
Weapon state: 0
Weapon pot: 0
Direction: 1
Bytes received: 
20
Robot state: 0
Robot x: -26
Robot y: -40
Weapon state: 0
Weapon pot: 0
Direction: 1
Bytes received: 
20
Robot state: 0
Robot x: -26
Robot y: -40
Weapon state: 0
Weapon pot: 0
Direction: 1
xakse0
Bytes received: 
20
Robot state: 0
Robot x: -26
Robot y: -40
Weapon state: 0
Weapon pot: 0
Direction: 1
Bytes received: 
20
Robot state: 0
Robot x: -26
Robot y: -40
Weapon state: 0
Weapon pot: 0
Direction: 1
Bytes received: 
20
Robot state: 0
Robot x: -26
Robot y: -40
Weapon state: 0
Weapon pot: 0
Direction: 1
Bytes received: 
20
Robot state: 0
Robot x: -26
Robot y: -40
Weapon state: 0
Weapon pot: 0
Direction: 1
Bytes received: 
20
Robot state: 0
Robot x: -26
Robot y: -40
Weapon state: 0
Weapon pot: 0
Direction: 1
Bytes received: 
20
Robot state: 0
Robot x: -26
Robot y: -40
Weapon state: 0
Weapon pot: 0
Direction: 1
Bytes received: 
20
Robot state: 0
Robot x: -26
Robot y: -40
Weapon state: 0
Weapon pot: 0
Direction: 1
Bytes received: 
20
Robot state: 0
Robot x: -26
Robot y: -40
Weapon state: 0
Weapon pot: 0
Direction: 1
Bytes received: 
20
Robot state: 0
Robot x: -26
Robot y: -40
Weapon state: 0
Weapon pot: 0
Direction: 1
Bytes received: 
20
Robot state: 0
Robot x: -26
Robot y: -40
Weapon state: 0
Weapon pot: 0
Direction: 1
xakse0
Bytes received: 
20
Robot state: 0
Robot x: -26
Robot y: -40
Weapon state: 0
Weapon pot: 0
Direction: 1
Bytes received: 
20
Robot state: 0
Robot x: -26
Robot y: -40
Weapon state: 0
Weapon pot: 0
Direction: 1
Bytes received: 
20
Robot state: 0
Robot x: -26
Robot y: -40
Weapon state: 0
Weapon pot: 0
Direction: 1
Bytes received: 
20
Robot state: 0
Robot x: -26
Robot y: -40
Weapon state: 0
Weapon pot: 0
Direction: 1
Bytes received: 
20
Robot state: 0
Robot x: -26
Robot y: -40
Weapon state: 0
Weapon pot: 0
Direction: 1
Bytes received: 
20
Robot state: 0
Robot x: -26
Robot y: -40
Weapon state: 0
Weapon pot: 0
Direction: 1
Bytes received: 
20
Robot state: 0
Robot x: -26
Robot y: -40
Weapon state: 0
Weapon pot: 0
Direction: 1
Bytes received: 
20
Robot state: 0
Robot x: -26
Robot y: -40
Weapon state: 0
Weapon pot: 0
Direction: 1
Bytes received: 
20
Robot state: 0
Robot x: -26
Robot y: -40
Weapon state: 0
Weapon pot: 0
Direction: 1
Bytes received: 
20
Robot state: 0
Robot x: -26
Robot y: -40
Weapon state: 0
Weapon pot: 0
Direction: 1
xakse0
Bytes received: 
20
Robot state: 0
Robot x: -26
Robot y: -40
Weapon state: 0
Weapon pot: 0
Direction: 1
Bytes received: 
20
Robot state: 0
Robot x: -26
Robot y: -40
Weapon state: 0
Weapon pot: 0
Direction: 1
Bytes received: 
20
Robot state: 0
Robot x: -26
Robot y: -40
Weapon state: 0
Weapon pot: 0
Direction: 1
Bytes received: 
20
Robot state: 0
Robot x: -26
Robot y: -40
Weapon state: 0
Weapon pot: 0
Direction: 1
Bytes received: 
20
Robot state: 0
Robot x: -26
Robot y: -40
Weapon state: 0
Weapon pot: 0
Direction: 1
Bytes received: 
20
Robot state: 0
Robot x: -26
Robot y: -40
Weapon state: 0
Weapon pot: 0
Direction: 1
Bytes received: 
20
Robot state: 0
Robot x: -26
Robot y: -40
Weapon state: 0
Weapon pot: 0
Direction: 1
Bytes received: 
20
Robot state: 0
Robot x: -26
Robot y: -40
Weapon state: 0
Weapon pot: 0
Direction: 1
Bytes received: 
20
Robot state: 0
Robot x: -26
Robot y: -40
Weapon state: 0
Weapon pot: 0
Direction: 1
Bytes received: 
20
Robot state: 0
Robot x: -26
Robot y: -40
Weapon state: 0
Weapon pot: 0
Direction: 1
xakse0
Bytes received: 
20
Robot state: 0
Robot x: -26
Robot y: -40
Weapon state: 0
Weapon pot: 0
Direction: 1
Bytes received: 
20
Robot state: 0
Robot x: -26
Robot y: -40
Weapon state: 0
Weapon pot: 0
Direction: 1
Bytes received: 
20
Robot state: 0
Robot x: -26
Robot y: -40
Weapon state: 0
Weapon pot: 0
Direction: 1
Bytes received: 
20
Robot state: 0
Robot x: -26
Robot y: -40
Weapon state: 0
Weapon pot: 0
Direction: 1
Bytes received: 
20
Robot state: 0
Robot x: -26
Robot y: -40
Weapon state: 0
Weapon pot: 0
Direction: 1
Bytes received: 
20
Robot state: 0
Robot x: -26
Robot y: -40
Weapon state: 0
Weapon pot: 0
Direction: 1
Bytes received: 
20
Robot state: 0
Robot x: -26
Robot y: -40
Weapon state: 0
Weapon pot: 0
Direction: 1
Bytes received: 
20
Robot state: 0
Robot x: -26
Robot y: -40
Weapon state: 0
Weapon pot: 0
Direction: 1
Bytes received: 
20
Robot state: 0
Robot x: -26
Robot y: -40
Weapon state: 0
Weapon pot: 0
Direction: 1
Bytes received: 
20
Robot state: 0
Robot x: -26
Robot y: -40
Weapon state: 0
Weapon pot: 0
Direction: 1
xakse0
Bytes received: 
20
Robot state: 0
Robot x: -26
Robot y: -40
Weapon state: 0
Weapon pot: 0
Direction: 1
Bytes received: 
20
Robot state: 0
Robot x: -26
Robot y: -40
Weapon state: 0
Weapon pot: 0
Direction: 1
Bytes received: 
20
Robot state: 0
Robot x: -26
Robot y: -40
Weapon state: 0
Weapon pot: 0
Direction: 1
Bytes received: 
20
Robot state: 0
Robot x: -26
Robot y: -40
Weapon state: 0
Weapon pot: 0
Direction: 1
Bytes received: 
20
Robot state: 0
Robot x: -26
Robot y: -40
Weapon state: 0
Weapon pot: 0
Direction: 1
Bytes received: 
20
Robot state: 0
Robot x: -26
Robot y: -40
Weapon state: 0
Weapon pot: 0
Direction: 1
Bytes received: 
20
Robot state: 0
Robot x: -26
Robot y: -40
Weapon state: 0
Weapon pot: 0
Direction: 1
Bytes received: 
20
Robot state: 0
Robot x: -26
Robot y: -40
Weapon state: 0
Weapon pot: 0
Direction: 1
Bytes received: 
20
Robot state: 0
Robot x: -26
Robot y: -40
Weapon state: 0
Weapon pot: 0
Direction: 1
Bytes received: 
20
Robot state: 0
Robot x: -26
Robot y: -40
Weapon state: 0
Weapon pot: 0
Direction: 1
xakse0
Bytes received: 
20
Robot state: 0
Robot x: -26
Robot y: -40
Weapon state: 0
Weapon pot: 0
Direction: 1
Bytes received: 
20
Robot state: 0
Robot x: -26
Robot y: -40
Weapon state: 0
Weapon pot: 0
Direction: 1
Bytes received: 
20
Robot state: 0
Robot x: -26
Robot y: -40
Weapon state: 0
Weapon pot: 0
Direction: 1
Bytes received: 
20
Robot state: 0
Robot x: -26
Robot y: -40
Weapon state: 0
Weapon pot: 0
Direction: 1
Bytes received: 
20
Robot state: 0
Robot x: -26
Robot y: -40
Weapon state: 0
Weapon pot: 0
Direction: 1
Bytes received: 
20
Robot state: 0
Robot x: -26
Robot y: -40
Weapon state: 0
Weapon pot: 0
Direction: 1
Bytes received: 
20
Robot state: 0
Robot x: -26
Robot y: -40
Weapon state: 0
Weapon pot: 0
Direction: 1
Bytes received: 
20
Robot state: 0
Robot x: -26
Robot y: -40
Weapon state: 0
Weapon pot: 0
Direction: 1
Bytes received: 
20
Robot state: 0
Robot x: -26
Robot y: -40
Weapon state: 0
Weapon pot: 0
Direction: 1
Bytes received: 
20
Robot state: 0
Robot x: -26
Robot y: -40
Weapon state: 0
Weapon pot: 0
Direction: 1
xakse0
Bytes received: 
20
Robot state: 0
Robot x: -26
Robot y: -40
Weapon state: 0
Weapon pot: 0
Direction: 1
Bytes received: 
20
Robot state: 0
Robot x: -26
Robot y: -40
Weapon state: 0
Weapon pot: 0
Direction: 1
Bytes received: 
20
Robot state: 0
Robot x: -26
Robot y: -40
Weapon state: 0
Weapon pot: 0
Direction: 1
Bytes received: 
20
Robot state: 0
Robot x: -26
Robot y: -40
Weapon state: 0
Weapon pot: 0
Direction: 1
Bytes received: 
20
Robot state: 0
Robot x: -26
Robot y: -40
Weapon state: 0
Weapon pot: 0
Direction: 1
Bytes received: 
20
Robot state: 0
Robot x: -26
Robot y: -40
Weapon state: 0
Weapon pot: 0
Direction: 1
Bytes received: 
20
Robot state: 0
Robot x: -26
Robot y: -40
Weapon state: 0
Weapon pot: 0
Direction: 1
Bytes received: 
20
Robot state: 0
Robot x: -26
Robot y: -40
Weapon state: 0
Weapon pot: 0
Direction: 1
Bytes received: 
20
Robot state: 0
Robot x: -26
Robot y: -40
Weapon state: 0
Weapon pot: 0
Direction: 1
Bytes received: 
20
Robot state: 0
Robot x: -26
Robot y: -40
Weapon state: 0
Weapon pot: 0
Direction: 1
xakse0
Bytes received: 
20
Robot state: 0
Robot x: -25
Robot y: -40
Weapon state: 0
Weapon pot: 0
Direction: 1
Bytes received: 
20
Robot state: 0
Robot x: -25
Robot y: -40
Weapon state: 0
Weapon pot: 0
Direction: 1
