Robot state: 0
Robot x: 131
Robot y: 819
Weapon state: 0
Weapon speed: 509
Joystick direction: BACKWARD
Error sending the data

Last Packet Send Status:	Delivery Fail
JOYSTICK CALIBRATION!Rotate the joystick around...Robot state: 0
Robot x: 131
Robot y: 819
Weapon state: 0
Weapon speed: 0
Joystick direction: BACKWARD
Error sending the data

Last Packet Send Status:	Delivery Fail
JOYSTICK CALIBRATION!Rotate the joystick around...Robot state: 0
Robot x: 817
Robot y: 1507
Weapon state: 0
Weapon speed: 0
Joystick direction: BACKWARD
Error sending the data

Last Packet Send Status:	Delivery Fail
JOYSTICK CALIBRATION!Rotate the joystick around...Robot state: 0
Robot x: 1467
Robot y: 2160
Weapon state: 0
Weapon speed: 0
Joystick direction: BACKWARD
Error sending the data

Last Packet Send Status:	Delivery Fail
JOYSTICK CALIBRATION!Rotate the joystick around...