Robot state: 0
Robot x: 5
Robot y: 12
Weapon state: 0
Weapon speed: 1870
Joystick direction: NEUTRAL
Error sending the data

Last Packet Send Status:	Delivery Fail
Robot state: 0
Robot x: 5
Robot y: 15
Weapon state: 0
Weapon speed: 1867
Joystick direction: NEUTRAL
Error sending the data

Last Packet Send Status:	Delivery Fail
Robot state: 0
Robot x: 5
Robot y: 19
Weapon state: 0
Weapon speed: 1872
Joystick direction: NEUTRAL
Error sending the data

Last Packet Send Status:	Delivery Fail
Robot state: 0
Robot x: 5
Robot y: 18
Weapon state: 0
Weapon speed: 1856
Joystick direction: NEUTRAL
Error sending the data

Last Packet Send Status:	Delivery Fail
Robot state: 0
Robot x: 2
Robot y: 16
Weapon state: 0
Weapon speed: 1856
Joystick direction: NEUTRAL
Error sending the data

Last Packet Send Status:	Delivery Fail
Robot state: 0
Robot x: 165
Robot y: 177
Weapon state: 0
Weapon speed: 2497
Joystick direction: NEUTRAL
Error sending the data

Last Packet Send Status:	Delivery Fail
Robot state: 0
Robot x: 165
Robot y: 175
Weapon state: 0
Weapon speed: 1856
Joystick direction: NEUTRAL
Error sending the data

Last Packet Send Status:	Delivery Fail
Robot state: 0
Robot x: 163
Robot y: 174
Weapon state: 0
Weapon speed: 1854
Joystick direction: NEUTRAL
Error sending the data

Last Packet Send Status:	Delivery Fail
Robot state: 0
Robot x: 158
Robot y: -483
Weapon state: 0
Weapon speed: 1856
Joystick direction: NEUTRAL
Error sending the data

Last Packet Send Status:	Delivery Fail
Robot state: 0
Robot x: 158
Robot y: -1139
Weapon state: 0
Weapon speed: 1856
Joystick direction: FORWARD
Error sending the data

Last Packet Send Status:	Delivery Fail
Robot state: 0
Robot x: -9
Robot y: -1958
Weapon state: 0
Weapon speed: 1856
Joystick direction: FORWARD
Error sending the data

Last Packet Send Status:	Delivery Fail
Robot state: 0
Robot x: -9
Robot y: -1958
Weapon state: 0
Weapon speed: 1854
Joystick direction: FORWARD
Error sending the data

Last Packet Send Status:	Delivery Fail
Robot state: 0
Robot x: -10
Robot y: -1958
Weapon state: 0
Weapon speed: 1854
Joystick direction: FORWARD
Error sending the data

Last Packet Send Status:	Delivery Fail
Robot state: 0
Robot x: -8
Robot y: -1302
Weapon state: 0
Weapon speed: 1856
Joystick direction: FORWARD
Error sending the data

Last Packet Send Status:	Delivery Fail
Robot state: 0
Robot x: -9
Robot y: -646
Weapon state: 0
Weapon speed: 1856
Joystick direction: NEUTRAL
Error sending the data

Last Packet Send Status:	Delivery Fail
Robot state: 0
Robot x: -8
Robot y: 8
Weapon state: 0
Weapon speed: 1854
Joystick direction: NEUTRAL
Error sending the data

Last Packet Send Status:	Delivery Fail
Robot state: 0
Robot x: -9
Robot y: 8
Weapon state: 0
Weapon speed: 1855
Joystick direction: NEUTRAL
Error sending the data

Last Packet Send Status:	Delivery Fail
Robot state: 0
Robot x: 157
Robot y: 171
Weapon state: 0
Weapon speed: 4095
Joystick direction: NEUTRAL
Error sending the data

Last Packet Send Status:	Delivery Fail
Robot state: 0
Robot x: 323
Robot y: 334
Weapon state: 0
Weapon speed: 4095
Joystick direction: NEUTRAL
Error sending the data

Last Packet Send Status:	Delivery Fail
Robot state: 0
Robot x: 490
Robot y: 497
Weapon state: 0
Weapon speed: 4095
Joystick direction: NEUTRAL
Error sending the data

Last Packet Send Status:	Delivery Fail
Robot state: 0
Robot x: 657
Robot y: 661
Weapon state: 0
Weapon speed: 4095
Joystick direction: RIGHT
Error sending the data

Last Packet Send Status:	Delivery Fail
Robot state: 0
Robot x: 144
Robot y: 825
Weapon state: 0
Weapon speed: 4095
Joystick direction: BACKWARD
Error sending the data

Last Packet Send Status:	Delivery Fail
Robot state: 0
Robot x: -538
Robot y: 825
Weapon state: 0
Weapon speed: 4095
Joystick direction: BACKWARD
Error sending the data

Last Packet Send Status:	Delivery Fail
Robot state: 0
Robot x: -1215
Robot y: 825
Weapon state: 0
Weapon speed: 4095
Joystick direction: LEFT
Error sending the data

Last Packet Send Status:	Delivery Fail
Robot state: 0
Robot x: -1893
Robot y: 825
Weapon state: 0
Weapon speed: 4095
Joystick direction: LEFT
Error sending the data

Last Packet Send Status:	Delivery Fail
Robot state: 0
Robot x: -2061
Robot y: 661
Weapon state: 0
Weapon speed: 1853
Joystick direction: LEFT
Error sending the data

Last Packet Send Status:	Delivery Fail
Robot state: 0
Robot x: -1548
Robot y: 497
Weapon state: 0
Weapon speed: 1851
Joystick direction: LEFT
Error sending the data

Last Packet Send Status:	Delivery Fail
Robot state: 0
Robot x: -1033
Robot y: 334
Weapon state: 0
Weapon speed: 1855
Joystick direction: LEFT
Error sending the data

Last Packet Send Status:	Delivery Fail
Robot state: 0
Robot x: -523
Robot y: 169
Weapon state: 0
Weapon speed: 1855
Joystick direction: NEUTRAL
Error sending the data

Last Packet Send Status:	Delivery Fail
Robot state: 0
Robot x: -12
Robot y: 6
Weapon state: 0
Weapon speed: 1857
Joystick direction: NEUTRAL
Error sending the data

Last Packet Send Status:	Delivery Fail
Robot state: 0
Robot x: -11
Robot y: 4
Weapon state: 0
Weapon speed: 1856
Joystick direction: NEUTRAL
Error sending the data

Last Packet Send Status:	Delivery Fail
Robot state: 0
Robot x: -11
Robot y: 4
Weapon state: 0
Weapon speed: 1856
Joystick direction: NEUTRAL
Error sending the data

Last Packet Send Status:	Delivery Fail
Robot state: 0
Robot x: -10
Robot y: 4
Weapon state: 0
Weapon speed: 1856
Joystick direction: NEUTRAL
Error sending the data

Last Packet Send Status:	Delivery Fail
Robot state: 0
Robot x: -11
Robot y: 6
Weapon state: 0
Weapon speed: 1855
Joystick direction: NEUTRAL
Error sending the data

Last Packet Send Status:	Delivery Fail
Robot state: 0
Robot x: -9
Robot y: 6
Weapon state: 0
Weapon speed: 1855
Joystick direction: NEUTRAL
Error sending the data

Last Packet Send Status:	Delivery Fail
Robot state: 0
Robot x: -11
Robot y: 8
Weapon state: 0
Weapon speed: 1855
Joystick direction: NEUTRAL
Error sending the data

Last Packet Send Status:	Delivery Fail
Robot state: 0
Robot x: -10
Robot y: 9
Weapon state: 0
Weapon speed: 1857
Joystick direction: NEUTRAL
Error sending the data

Last Packet Send Status:	Delivery Fail
Robot state: 0
Robot x: -10
Robot y: 9
Weapon state: 0
Weapon speed: 1853
Joystick direction: NEUTRAL
Error sending the data

Last Packet Send Status:	Delivery Fail
Robot state: 0
Robot x: -8
Robot y: 9
Weapon state: 0
Weapon speed: 1856
Joystick direction: NEUTRAL
Error sending the data

Last Packet Send Status:	Delivery Fail
Robot state: 0
Robot x: -8
Robot y: 9
Weapon state: 0
Weapon speed: 1856
Joystick direction: NEUTRAL
Error sending the data

Last Packet Send Status:	Delivery Fail
Robot state: 0
Robot x: -7
Robot y: 9
Weapon state: 0
Weapon speed: 1854
Joystick direction: NEUTRAL
Error sending the data

Last Packet Send Status:	Delivery Fail
Robot state: 0
Robot x: -8
Robot y: 8
Weapon state: 0
Weapon speed: 1856
Joystick direction: NEUTRAL
Error sending the data

Last Packet Send Status:	Delivery Fail
Robot state: 0
Robot x: -9
Robot y: 7
Weapon state: 0
Weapon speed: 1855
Joystick direction: NEUTRAL
Error sending the data

Last Packet Send Status:	Delivery Fail
Robot state: 0
Robot x: -9
Robot y: 8
Weapon state: 0
Weapon speed: 1856
Joystick direction: NEUTRAL
Error sending the data

Last Packet Send Status:	Delivery Fail
Robot state: 0
Robot x: -11
Robot y: 8
Weapon state: 0
Weapon speed: 1856
Joystick direction: NEUTRAL
Error sending the data

Last Packet Send Status:	Delivery Fail
Robot state: 0
Robot x: -13
Robot y: 8
Weapon state: 0
Weapon speed: 1855
Joystick direction: NEUTRAL
Error sending the data

Last Packet Send Status:	Delivery Fail
Robot state: 0
Robot x: -13
Robot y: 9
Weapon state: 0
Weapon speed: 1855
Joystick direction: NEUTRAL
Error sending the data

Last Packet Send Status:	Delivery Fail
Robot state: 0
Robot x: -12
Robot y: 9
Weapon state: 0
Weapon speed: 1856
Joystick direction: NEUTRAL
Error sending the data

Last Packet Send Status:	Delivery Fail
Robot state: 0
Robot x: -11
Robot y: 8
Weapon state: 0
Weapon speed: 1854
Joystick direction: NEUTRAL
Error sending the data

Last Packet Send Status:	Delivery Fail
