Robot state: 0
Robot x: -2
Robot y: -1
Weapon state: 0
Weapon speed: 1104
Joystick direction: NEUTRAL
Error sending the data

Last Packet Send Status:	Delivery Fail
Robot state: 0
Robot x: -3
Robot y: -3
Weapon state: 0
Weapon speed: 1103
Joystick direction: NEUTRAL
Error sending the data

Last Packet Send Status:	Delivery Fail
Robot state: 0
Robot x: -5
Robot y: -5
Weapon state: 0
Weapon speed: 1104
Joystick direction: NEUTRAL
Error sending the data

Last Packet Send Status:	Delivery Fail
Robot state: 0
Robot x: -7
Robot y: -7
Weapon state: 0
Weapon speed: 1102
Joystick direction: NEUTRAL
Error sending the data

Last Packet Send Status:	Delivery Fail
Robot state: 0
Robot x: -9
Robot y: -9
Weapon state: 0
Weapon speed: 1104
Joystick direction: NEUTRAL
Error sending the data

Last Packet Send Status:	Delivery Fail
Robot state: 0
Robot x: -11
Robot y: -11
Weapon state: 0
Weapon speed: 1104
Joystick direction: NEUTRAL
Error sending the data

Last Packet Send Status:	Delivery Fail
Robot state: 0
Robot x: -13
Robot y: -14
Weapon state: 0
Weapon speed: 1100
Joystick direction: NEUTRAL
Error sending the data

Last Packet Send Status:	Delivery Fail
Robot state: 0
Robot x: -15
Robot y: -16
Weapon state: 0
Weapon speed: 1102
Joystick direction: NEUTRAL
Error sending the data

Last Packet Send Status:	Delivery Fail
Robot state: 0
Robot x: -17
Robot y: -18
Weapon state: 0
Weapon speed: 1107
Joystick direction: NEUTRAL
Error sending the data

Last Packet Send Status:	Delivery Fail
Robot state: 0
Robot x: -19
Robot y: -20
Weapon state: 0
Weapon speed: 1104
Joystick direction: FORWARD
Error sending the data

Last Packet Send Status:	Delivery Fail
Robot state: 0
Robot x: -20
Robot y: -21
Weapon state: 0
Weapon speed: 1104
Joystick direction: FORWARD
Error sending the data

Last Packet Send Status:	Delivery Fail
Robot state: 0
Robot x: -20
Robot y: -21
Weapon state: 0
Weapon speed: 1104
Joystick direction: FORWARD
Error sending the data

Last Packet Send Status:	Delivery Fail
Robot state: 0
Robot x: -20
Robot y: -21
Weapon state: 0
Weapon speed: 1104
Joystick direction: FORWARD
Error sending the data

Last Packet Send Status:	Delivery Fail
Robot state: 0
Robot x: -20
Robot y: -21
Weapon state: 0
Weapon speed: 1104
Joystick direction: FORWARD
Error sending the data

Last Packet Send Status:	Delivery Fail
Robot state: 0
Robot x: -20
Robot y: -21
Weapon state: 0
Weapon speed: 1103
Joystick direction: FORWARD
Error sending the data

Last Packet Send Status:	Delivery Fail
Robot state: 0
Robot x: -20
Robot y: -21
Weapon state: 0
Weapon speed: 1104
Joystick direction: FORWARD
Error sending the data

Last Packet Send Status:	Delivery Fail
Robot state: 0
Robot x: -20
Robot y: -22
Weapon state: 0
Weapon speed: 1102
Joystick direction: FORWARD
Error sending the data

Last Packet Send Status:	Delivery Fail
Robot state: 0
Robot x: -20
Robot y: -22
Weapon state: 0
Weapon speed: 1104
Joystick direction: FORWARD
Error sending the data

Last Packet Send Status:	Delivery Fail
Robot state: 0
Robot x: -20
Robot y: -22
Weapon state: 0
Weapon speed: 1104
Joystick direction: FORWARD
Error sending the data

Last Packet Send Status:	Delivery Fail
Robot state: 0
Robot x: -20
Robot y: -22
Weapon state: 0
Weapon speed: 1104
Joystick direction: FORWARD
Error sending the data

Last Packet Send Status:	Delivery Fail
Robot state: 0
Robot x: -20
Robot y: -23
Weapon state: 0
Weapon speed: 1104
Joystick direction: FORWARD
Error sending the data

Last Packet Send Status:	Delivery Fail
Robot state: 0
Robot x: -8
Robot y: -23
Weapon state: 0
Weapon speed: 1105
Joystick direction: FORWARD
Error sending the data

Last Packet Send Status:	Delivery Fail
Robot state: 0
Robot x: 3
Robot y: -10
Weapon state: 0
Weapon speed: 2807
Joystick direction: NEUTRAL
Error sending the data

Last Packet Send Status:	Delivery Fail
Robot state: 0
Robot x: 15
Robot y: 1
Weapon state: 0
Weapon speed: 2512
Joystick direction: NEUTRAL
Error sending the data

Last Packet Send Status:	Delivery Fail
Robot state: 0
Robot x: 27
Robot y: 13
Weapon state: 0
Weapon speed: 2864
Joystick direction: RIGHT
Error sending the data

Last Packet Send Status:	Delivery Fail
Robot state: 0
Robot x: 39
Robot y: 26
Weapon state: 0
Weapon speed: 2957
Joystick direction: RIGHT
Error sending the data

Last Packet Send Status:	Delivery Fail
Robot state: 0
Robot x: 52
Robot y: 38
Weapon state: 0
Weapon speed: 2960
Joystick direction: RIGHT
Error sending the data

Last Packet Send Status:	Delivery Fail
Robot state: 0
Robot x: 64
Robot y: 51
Weapon state: 0
Weapon speed: 2977
Joystick direction: RIGHT
Error sending the data

Last Packet Send Status:	Delivery Fail
Robot state: 0
Robot x: 76
Robot y: 63
Weapon state: 0
Weapon speed: 2977
Joystick direction: RIGHT
Error sending the data

Last Packet Send Status:	Delivery Fail
Robot state: 0
Robot x: 88
Robot y: 75
Weapon state: 0
Weapon speed: 2975
Joystick direction: RIGHT
Error sending the data

Last Packet Send Status:	Delivery Fail
Robot state: 0
Robot x: 100
Robot y: 87
Weapon state: 0
Weapon speed: 2925
Joystick direction: RIGHT
Error sending the data

Last Packet Send Status:	Delivery Fail
Robot state: 0
Robot x: 100
Robot y: 100
Weapon state: 0
Weapon speed: 2960
Joystick direction: RIGHT
Error sending the data

Last Packet Send Status:	Delivery Fail
Robot state: 0
Robot x: 100
Robot y: 100
Weapon state: 0
Weapon speed: 2960
Joystick direction: RIGHT
Error sending the data

Last Packet Send Status:	Delivery Fail
Robot state: 0
Robot x: 100
Robot y: 100
Weapon state: 0
Weapon speed: 2954
Joystick direction: RIGHT
Error sending the data

Last Packet Send Status:	Delivery Fail
Robot state: 0
Robot x: 100
Robot y: 100
Weapon state: 0
Weapon speed: 2960
Joystick direction: RIGHT
Error sending the data

Last Packet Send Status:	Delivery Fail
Robot state: 0
Robot x: 100
Robot y: 100
Weapon state: 0
Weapon speed: 2962
Joystick direction: RIGHT
Error sending the data

Last Packet Send Status:	Delivery Fail
Robot state: 0
Robot x: 100
Robot y: 100
Weapon state: 0
Weapon speed: 2970
Joystick direction: RIGHT
Error sending the data

Last Packet Send Status:	Delivery Fail
Robot state: 0
Robot x: 100
Robot y: 100
Weapon state: 0
Weapon speed: 2979
Joystick direction: RIGHT
Error sending the data

Last Packet Send Status:	Delivery Fail
Robot state: 0
Robot x: 100
Robot y: 100
Weapon state: 0
Weapon speed: 2489
Joystick direction: RIGHT
Error sending the data

Last Packet Send Status:	Delivery Fail
Robot state: 0
Robot x: 87
Robot y: 87
Weapon state: 0
Weapon speed: 1101
Joystick direction: RIGHT
Error sending the data

Last Packet Send Status:	Delivery Fail
Robot state: 0
Robot x: 75
Robot y: 75
Weapon state: 0
Weapon speed: 1103
Joystick direction: RIGHT
Error sending the data

Last Packet Send Status:	Delivery Fail
Robot state: 0
Robot x: 63
Robot y: 63
Weapon state: 0
Weapon speed: 1101
Joystick direction: RIGHT
Error sending the data

Last Packet Send Status:	Delivery Fail
Robot state: 0
Robot x: 51
Robot y: 51
Weapon state: 0
Weapon speed: 1102
Joystick direction: RIGHT
Error sending the data

Last Packet Send Status:	Delivery Fail
Robot state: 0
Robot x: 39
Robot y: 39
Weapon state: 0
Weapon speed: 1101
Joystick direction: RIGHT
Error sending the data

Last Packet Send Status:	Delivery Fail
Robot state: 0
Robot x: 27
Robot y: 27
Weapon state: 0
Weapon speed: 1103
Joystick direction: RIGHT
Error sending the data

Last Packet Send Status:	Delivery Fail
Robot state: 0
Robot x: 15
Robot y: 14
Weapon state: 0
Weapon speed: 1101
Joystick direction: NEUTRAL
Error sending the data

Last Packet Send Status:	Delivery Fail
Robot state: 0
Robot x: 4
Robot y: 2
Weapon state: 0
Weapon speed: 1102
Joystick direction: NEUTRAL
Error sending the data

Last Packet Send Status:	Delivery Fail
Robot state: 0
Robot x: -7
Robot y: -9
Weapon state: 0
Weapon speed: 1103
Joystick direction: NEUTRAL
Error sending the data

Last Packet Send Status:	Delivery Fail
Robot state: 0
Robot x: -20
Robot y: -21
Weapon state: 0
Weapon speed: 1104
Joystick direction: FORWARD
Error sending the data

Last Packet Send Status:	Delivery Fail
Robot state: 0
Robot x: -19
Robot y: -21
Weapon state: 0
Weapon speed: 1104
Joystick direction: FORWARD
Error sending the data

Last Packet Send Status:	Delivery Fail
Robot state: 0
Robot x: -19
Robot y: -21
Weapon state: 0
Weapon speed: 1102
Joystick direction: FORWARD
Error sending the data

Last Packet Send Status:	Delivery Fail
Robot state: 0
Robot x: -7
Robot y: -9
Weapon state: 0
Weapon speed: 2711
Joystick direction: NEUTRAL
Error sending the data

Last Packet Send Status:	Delivery Fail
Robot state: 0
Robot x: 4
Robot y: 2
Weapon state: 0
Weapon speed: 2736
Joystick direction: NEUTRAL
Error sending the data

Last Packet Send Status:	Delivery Fail
Robot state: 0
Robot x: 16
Robot y: 14
Weapon state: 0
Weapon speed: 2950
Joystick direction: NEUTRAL
Error sending the data

Last Packet Send Status:	Delivery Fail
Robot state: 0
Robot x: 28
Robot y: 26
Weapon state: 0
Weapon speed: 2969
Joystick direction: RIGHT
Error sending the data

Last Packet Send Status:	Delivery Fail
Robot state: 0
Robot x: 40
Robot y: 39
Weapon state: 0
Weapon speed: 2973
Joystick direction: RIGHT
Error sending the data

Last Packet Send Status:	Delivery Fail
Robot state: 0
Robot x: 52
Robot y: 51
Weapon state: 0
Weapon speed: 2977
Joystick direction: RIGHT
Error sending the data

Last Packet Send Status:	Delivery Fail
Robot state: 0
Robot x: 64
Robot y: 63
Weapon state: 0
Weapon speed: 2980
Joystick direction: RIGHT
Error sending the data

Last Packet Send Status:	Delivery Fail
Robot state: 0
Robot x: 76
Robot y: 75
Weapon state: 0
Weapon speed: 2982
Joystick direction: RIGHT
Error sending the data

Last Packet Send Status:	Delivery Fail
Robot state: 0
Robot x: 88
Robot y: 87
Weapon state: 0
Weapon speed: 2979
Joystick direction: RIGHT
Error sending the data

Last Packet Send Status:	Delivery Fail
Robot state: 0
Robot x: 100
Robot y: 100
Weapon state: 0
Weapon speed: 2980
Joystick direction: RIGHT
Error sending the data

Last Packet Send Status:	Delivery Fail
Robot state: 0
Robot x: 100
Robot y: 100
Weapon state: 0
Weapon speed: 2981
Joystick direction: RIGHT
Error sending the data

Last Packet Send Status:	Delivery Fail
Robot state: 0
Robot x: 100
Robot y: 100
Weapon state: 0
Weapon speed: 2981
Joystick direction: RIGHT
Error sending the data

Last Packet Send Status:	Delivery Fail
Robot state: 0
Robot x: 100
Robot y: 100
Weapon state: 0
Weapon speed: 2992
Joystick direction: RIGHT
Error sending the data

Last Packet Send Status:	Delivery Fail
Robot state: 0
Robot x: 100
Robot y: 100
Weapon state: 0
Weapon speed: 2985
Joystick direction: RIGHT
Error sending the data

Last Packet Send Status:	Delivery Fail
Robot state: 0
Robot x: 100
Robot y: 100
Weapon state: 0
Weapon speed: 2981
Joystick direction: RIGHT
Error sending the data

Last Packet Send Status:	Delivery Fail
Robot state: 0
Robot x: 100
Robot y: 100
Weapon state: 0
Weapon speed: 2985
Joystick direction: RIGHT
Error sending the data

Last Packet Send Status:	Delivery Fail
Robot state: 0
Robot x: 100
Robot y: 100
Weapon state: 0
Weapon speed: 2986
Joystick direction: RIGHT
Error sending the data

Last Packet Send Status:	Delivery Fail
Robot state: 0
Robot x: 100
Robot y: 100
Weapon state: 0
Weapon speed: 2965
Joystick direction: RIGHT
Error sending the data

Last Packet Send Status:	Delivery Fail
Robot state: 0
Robot x: 100
Robot y: 100
Weapon state: 0
Weapon speed: 3119
Joystick direction: RIGHT
Error sending the data

Last Packet Send Status:	Delivery Fail
Robot state: 0
Robot x: 100
Robot y: 100
Weapon state: 0
Weapon speed: 3119
Joystick direction: RIGHT
Error sending the data

Last Packet Send Status:	Delivery Fail
Robot state: 0
Robot x: 100
Robot y: 100
Weapon state: 0
Weapon speed: 3115
Joystick direction: RIGHT
Error sending the data

Last Packet Send Status:	Delivery Fail
Robot state: 0
Robot x: 100
Robot y: 100
Weapon state: 0
Weapon speed: 3117
Joystick direction: RIGHT
Error sending the data

Last Packet Send Status:	Delivery Fail
Robot state: 0
Robot x: 100
Robot y: 100
Weapon state: 0
Weapon speed: 3115
Joystick direction: RIGHT
Error sending the data

Last Packet Send Status:	Delivery Fail
Robot state: 0
Robot x: 100
Robot y: 100
Weapon state: 0
Weapon speed: 3113
Joystick direction: RIGHT
Error sending the data

Last Packet Send Status:	Delivery Fail
Robot state: 0
Robot x: 100
Robot y: 100
Weapon state: 0
Weapon speed: 3120
Joystick direction: RIGHT
Error sending the data

Last Packet Send Status:	Delivery Fail
Robot state: 0
Robot x: 100
Robot y: 100
Weapon state: 0
Weapon speed: 3117
Joystick direction: RIGHT
Error sending the data

Last Packet Send Status:	Delivery Fail
Robot state: 0
Robot x: 100
Robot y: 100
Weapon state: 0
Weapon speed: 3107
Joystick direction: RIGHT
Error sending the data

Last Packet Send Status:	Delivery Fail
Robot state: 0
Robot x: 100
Robot y: 100
Weapon state: 0
Weapon speed: 2544
Joystick direction: RIGHT
Error sending the data

Last Packet Send Status:	Delivery Fail
Robot state: 0
Robot x: 88
Robot y: 87
Weapon state: 0
Weapon speed: 1104
Joystick direction: RIGHT
Error sending the data

Last Packet Send Status:	Delivery Fail
Robot state: 0
Robot x: 75
Robot y: 75
Weapon state: 0
Weapon speed: 1104
Joystick direction: RIGHT
Error sending the data

Last Packet Send Status:	Delivery Fail
Robot state: 0
Robot x: 63
Robot y: 63
Weapon state: 0
Weapon speed: 1104
Joystick direction: RIGHT
Error sending the data

Last Packet Send Status:	Delivery Fail
Robot state: 0
Robot x: 51
Robot y: 51
Weapon state: 0
Weapon speed: 1104
Joystick direction: RIGHT
Error sending the data

Last Packet Send Status:	Delivery Fail
Robot state: 0
Robot x: 39
Robot y: 38
Weapon state: 0
Weapon speed: 1104
Joystick direction: RIGHT
Error sending the data

Last Packet Send Status:	Delivery Fail
Robot state: 0
Robot x: 27
Robot y: 26
Weapon state: 0
Weapon speed: 1104
Joystick direction: RIGHT
Error sending the data

Last Packet Send Status:	Delivery Fail
Robot state: 0
Robot x: 15
Robot y: 14
Weapon state: 0
Weapon speed: 1104
Joystick direction: NEUTRAL
Error sending the data

Last Packet Send Status:	Delivery Fail
Robot state: 0
Robot x: 3
Robot y: 14
Weapon state: 0
Weapon speed: 1104
Joystick direction: NEUTRAL
Error sending the data

Last Packet Send Status:	Delivery Fail
Robot state: 0
Robot x: 3
Robot y: 14
Weapon state: 0
Weapon speed: 2947
Joystick direction: NEUTRAL
Error sending the data

Last Packet Send Status:	Delivery Fail
Robot state: 0
Robot x: 3
Robot y: 14
Weapon state: 0
Weapon speed: 2960
Joystick direction: NEUTRAL
Error sending the data

Last Packet Send Status:	Delivery Fail
Robot state: 0
Robot x: 15
Robot y: 26
Weapon state: 0
Weapon speed: 2959
Joystick direction: BACKWARD
Error sending the data

Last Packet Send Status:	Delivery Fail
Robot state: 0
Robot x: 27
Robot y: 38
Weapon state: 0
Weapon speed: 2958
Joystick direction: BACKWARD
Error sending the data

Last Packet Send Status:	Delivery Fail
Robot state: 0
Robot x: 39
Robot y: 51
Weapon state: 0
Weapon speed: 2933
Joystick direction: BACKWARD
Error sending the data

Last Packet Send Status:	Delivery Fail
Robot state: 0
Robot x: 51
Robot y: 63
Weapon state: 0
Weapon speed: 2826
Joystick direction: BACKWARD
Error sending the data

Last Packet Send Status:	Delivery Fail
Robot state: 0
Robot x: 63
Robot y: 75
Weapon state: 0
Weapon speed: 2817
Joystick direction: BACKWARD
Error sending the data

Last Packet Send Status:	Delivery Fail
Robot state: 0
Robot x: 75
Robot y: 87
Weapon state: 0
Weapon speed: 2826
Joystick direction: BACKWARD
Error sending the data

Last Packet Send Status:	Delivery Fail
Robot state: 0
Robot x: 87
Robot y: 100
Weapon state: 0
Weapon speed: 2826
Joystick direction: BACKWARD
Error sending the data

Last Packet Send Status:	Delivery Fail
Robot state: 0
Robot x: 100
Robot y: 100
Weapon state: 0
Weapon speed: 2832
Joystick direction: RIGHT
Error sending the data

Last Packet Send Status:	Delivery Fail
Robot state: 0
Robot x: 100
Robot y: 100
Weapon state: 0
Weapon speed: 2831
Joystick direction: RIGHT
Error sending the data

Last Packet Send Status:	Delivery Fail
Robot state: 0
Robot x: 100
Robot y: 100
Weapon state: 0
Weapon speed: 2831
Joystick direction: RIGHT
Error sending the data

Last Packet Send Status:	Delivery Fail
Robot state: 0
Robot x: 100
Robot y: 100
Weapon state: 0
Weapon speed: 2834
Joystick direction: RIGHT
Error sending the data

Last Packet Send Status:	Delivery Fail
Robot state: 0
Robot x: 100
Robot y: 100
Weapon state: 0
Weapon speed: 2832
Joystick direction: RIGHT
Error sending the data

Last Packet Send Status:	Delivery Fail
Robot state: 0
Robot x: 100
Robot y: 100
Weapon state: 0
Weapon speed: 2831
Joystick direction: RIGHT
Error sending the data

Last Packet Send Status:	Delivery Fail
Robot state: 0
Robot x: 100
Robot y: 100
Weapon state: 0
Weapon speed: 2827
Joystick direction: RIGHT
Error sending the data

Last Packet Send Status:	Delivery Fail
Robot state: 0
Robot x: 100
Robot y: 100
Weapon state: 0
Weapon speed: 3050
Joystick direction: RIGHT
Error sending the data

Last Packet Send Status:	Delivery Fail
Robot state: 0
Robot x: 100
Robot y: 100
Weapon state: 0
Weapon speed: 3099
Joystick direction: RIGHT
Error sending the data

Last Packet Send Status:	Delivery Fail
Robot state: 0
Robot x: 100
Robot y: 100
Weapon state: 0
Weapon speed: 3105
Joystick direction: RIGHT
Error sending the data

Last Packet Send Status:	Delivery Fail
Robot state: 0
Robot x: 100
Robot y: 100
Weapon state: 0
Weapon speed: 3111
Joystick direction: RIGHT
Error sending the data

Last Packet Send Status:	Delivery Fail
Robot state: 0
Robot x: 100
Robot y: 100
Weapon state: 0
Weapon speed: 3105
Joystick direction: RIGHT
Error sending the data

Last Packet Send Status:	Delivery Fail
Robot state: 0
Robot x: 100
Robot y: 100
Weapon state: 0
Weapon speed: 3111
Joystick direction: RIGHT
Error sending the data

Last Packet Send Status:	Delivery Fail
Robot state: 0
Robot x: 100
Robot y: 100
Weapon state: 0
Weapon speed: 3115
Joystick direction: RIGHT
Error sending the data

Last Packet Send Status:	Delivery Fail
Robot state: 0
Robot x: 100
Robot y: 100
Weapon state: 0
Weapon speed: 3114
Joystick direction: RIGHT
Error sending the data

Last Packet Send Status:	Delivery Fail
Robot state: 0
Robot x: 100
Robot y: 100
Weapon state: 0
Weapon speed: 3118
Joystick direction: RIGHT
Error sending the data

Last Packet Send Status:	Delivery Fail
Robot state: 0
Robot x: 100
Robot y: 100
Weapon state: 0
Weapon speed: 3115
Joystick direction: RIGHT
Error sending the data

Last Packet Send Status:	Delivery Fail
Robot state: 0
Robot x: 100
Robot y: 100
Weapon state: 0
Weapon speed: 4095
Joystick direction: RIGHT
Error sending the data

Last Packet Send Status:	Delivery Fail
Robot state: 0
Robot x: 100
Robot y: 100
Weapon state: 0
Weapon speed: 4095
Joystick direction: RIGHT
Error sending the data

Last Packet Send Status:	Delivery Fail
Robot state: 0
Robot x: 100
Robot y: 100
Weapon state: 0
Weapon speed: 4095
Joystick direction: RIGHT
Error sending the data

Last Packet Send Status:	Delivery Fail
Robot state: 0
Robot x: 100
Robot y: 100
Weapon state: 0
Weapon speed: 4095
Joystick direction: RIGHT
Error sending the data

Last Packet Send Status:	Delivery Fail
Robot state: 0
Robot x: 100
Robot y: 100
Weapon state: 0
Weapon speed: 4095
Joystick direction: RIGHT
Error sending the data

Last Packet Send Status:	Delivery Fail
Robot state: 0
Robot x: 100
Robot y: 100
Weapon state: 0
Weapon speed: 4095
Joystick direction: RIGHT
Error sending the data

Last Packet Send Status:	Delivery Fail
Robot state: 0
Robot x: 100
Robot y: 100
Weapon state: 0
Weapon speed: 4095
Joystick direction: RIGHT
Error sending the data

Last Packet Send Status:	Delivery Fail
Robot state: 0
Robot x: 100
Robot y: 100
Weapon state: 0
Weapon speed: 3003
Joystick direction: RIGHT
Error sending the data

Last Packet Send Status:	Delivery Fail
Robot state: 0
Robot x: 100
Robot y: 100
Weapon state: 0
Weapon speed: 3021
Joystick direction: RIGHT
Error sending the data

Last Packet Send Status:	Delivery Fail
Robot state: 0
Robot x: 100
Robot y: 100
Weapon state: 0
Weapon speed: 3018
Joystick direction: RIGHT
Error sending the data

Last Packet Send Status:	Delivery Fail
Robot state: 0
Robot x: 100
Robot y: 100
Weapon state: 0
Weapon speed: 3015
Joystick direction: RIGHT
Error sending the data

Last Packet Send Status:	Delivery Fail
Robot state: 0
Robot x: 100
Robot y: 100
Weapon state: 0
Weapon speed: 3018
Joystick direction: RIGHT
Error sending the data

Last Packet Send Status:	Delivery Fail
Robot state: 0
Robot x: 100
Robot y: 100
Weapon state: 0
Weapon speed: 3019
Joystick direction: RIGHT
Error sending the data

Last Packet Send Status:	Delivery Fail
Robot state: 0
Robot x: 100
Robot y: 100
Weapon state: 0
Weapon speed: 3019
Joystick direction: RIGHT
Error sending the data

Last Packet Send Status:	Delivery Fail
Robot state: 0
Robot x: 80
Robot y: 100
Weapon state: 0
Weapon speed: 3024
Joystick direction: BACKWARD
Error sending the data

Last Packet Send Status:	Delivery Fail
Robot state: 0
Robot x: 60
Robot y: 100
Weapon state: 0
Weapon speed: 3022
Joystick direction: BACKWARD
Error sending the data

Last Packet Send Status:	Delivery Fail
Robot state: 0
Robot x: 40
Robot y: 100
Weapon state: 0
Weapon speed: 3022
Joystick direction: BACKWARD
Error sending the data

Last Packet Send Status:	Delivery Fail
Robot state: 0
Robot x: 20
Robot y: 100
Weapon state: 0
Weapon speed: 3018
Joystick direction: BACKWARD
Error sending the data

Last Packet Send Status:	Delivery Fail
Robot state: 0
Robot x: 0
Robot y: 100
Weapon state: 0
Weapon speed: 3016
Joystick direction: BACKWARD
Error sending the data

Last Packet Send Status:	Delivery Fail
Robot state: 0
Robot x: -20
Robot y: 100
Weapon state: 0
Weapon speed: 3019
Joystick direction: BACKWARD
Error sending the data

Last Packet Send Status:	Delivery Fail
Robot state: 0
Robot x: -40
Robot y: 100
Weapon state: 0
Weapon speed: 3022
Joystick direction: BACKWARD
Error sending the data

Last Packet Send Status:	Delivery Fail
Robot state: 0
Robot x: -60
Robot y: 100
Weapon state: 0
Weapon speed: 3024
Joystick direction: BACKWARD
Error sending the data

Last Packet Send Status:	Delivery Fail
Robot state: 0
Robot x: -80
Robot y: 100
Weapon state: 0
Weapon speed: 3019
Joystick direction: BACKWARD
Error sending the data

Last Packet Send Status:	Delivery Fail
Robot state: 0
Robot x: -100
Robot y: 100
Weapon state: 0
Weapon speed: 3023
Joystick direction: LEFT
Error sending the data

Last Packet Send Status:	Delivery Fail
Robot state: 0
Robot x: -100
Robot y: 100
Weapon state: 0
Weapon speed: 3015
Joystick direction: LEFT
Error sending the data

Last Packet Send Status:	Delivery Fail
Robot state: 0
Robot x: -100
Robot y: 100
Weapon state: 0
Weapon speed: 3018
Joystick direction: LEFT
Error sending the data

Last Packet Send Status:	Delivery Fail
Robot state: 0
Robot x: -100
Robot y: 100
Weapon state: 0
Weapon speed: 3024
Joystick direction: LEFT
Error sending the data

Last Packet Send Status:	Delivery Fail
Robot state: 0
Robot x: -100
Robot y: 100
Weapon state: 0
Weapon speed: 3023
Joystick direction: LEFT
Error sending the data

Last Packet Send Status:	Delivery Fail
Robot state: 0
Robot x: -100
Robot y: 100
Weapon state: 0
Weapon speed: 3023
Joystick direction: LEFT
Error sending the data

Last Packet Send Status:	Delivery Fail
Robot state: 0
Robot x: -100
Robot y: 100
Weapon state: 0
Weapon speed: 3019
Joystick direction: LEFT
Error sending the data

Last Packet Send Status:	Delivery Fail
Robot state: 0
Robot x: -100
Robot y: 100
Weapon state: 0
Weapon speed: 3023
Joystick direction: LEFT
Error sending the data

Last Packet Send Status:	Delivery Fail
Robot state: 0
Robot x: -100
Robot y: 100
Weapon state: 0
Weapon speed: 3023
Joystick direction: LEFT
Error sending the data

Last Packet Send Status:	Delivery Fail
Robot state: 0
Robot x: -100
Robot y: 100
Weapon state: 0
Weapon speed: 3021
Joystick direction: LEFT
Error sending the data

Last Packet Send Status:	Delivery Fail
Robot state: 0
Robot x: -100
Robot y: 100
Weapon state: 0
Weapon speed: 3022
Joystick direction: LEFT
Error sending the data

Last Packet Send Status:	Delivery Fail
Robot state: 0
Robot x: -100
Robot y: 100
Weapon state: 0
Weapon speed: 3015
Joystick direction: LEFT
Error sending the data

Last Packet Send Status:	Delivery Fail
Robot state: 0
Robot x: -100
Robot y: 100
Weapon state: 0
Weapon speed: 3024
Joystick direction: LEFT
Error sending the data

Last Packet Send Status:	Delivery Fail
Robot state: 0
Robot x: -100
Robot y: 100
Weapon state: 0
Weapon speed: 3018
Joystick direction: LEFT
Error sending the data

Last Packet Send Status:	Delivery Fail
Robot state: 0
Robot x: -100
Robot y: 100
Weapon state: 0
Weapon speed: 3019
Joystick direction: LEFT
Error sending the data

Last Packet Send Status:	Delivery Fail
Robot state: 0
Robot x: -100
Robot y: 100
Weapon state: 0
Weapon speed: 3019
Joystick direction: LEFT
Error sending the data

Last Packet Send Status:	Delivery Fail
Robot state: 0
Robot x: -100
Robot y: 100
Weapon state: 0
Weapon speed: 3018
Joystick direction: LEFT
Error sending the data

Last Packet Send Status:	Delivery Fail
Robot state: 0
Robot x: -100
Robot y: 100
Weapon state: 0
Weapon speed: 3024
Joystick direction: LEFT
Error sending the data

Last Packet Send Status:	Delivery Fail
Robot state: 0
Robot x: -80
Robot y: 100
Weapon state: 0
Weapon speed: 3023
Joystick direction: BACKWARD
Error sending the data

Last Packet Send Status:	Delivery Fail
Robot state: 0
Robot x: -60
Robot y: 100
Weapon state: 0
Weapon speed: 3022
Joystick direction: BACKWARD
Error sending the data

Last Packet Send Status:	Delivery Fail
Robot state: 0
Robot x: -40
Robot y: 100
Weapon state: 0
Weapon speed: 3023
Joystick direction: BACKWARD
Error sending the data

Last Packet Send Status:	Delivery Fail
Robot state: 0
Robot x: -20
Robot y: 100
Weapon state: 0
Weapon speed: 3026
Joystick direction: BACKWARD
Error sending the data

Last Packet Send Status:	Delivery Fail
Robot state: 0
Robot x: 0
Robot y: 100
Weapon state: 0
Weapon speed: 3022
Joystick direction: BACKWARD
Error sending the data

Last Packet Send Status:	Delivery Fail
Robot state: 0
Robot x: 20
Robot y: 100
Weapon state: 0
Weapon speed: 3024
Joystick direction: BACKWARD
Error sending the data

Last Packet Send Status:	Delivery Fail
Robot state: 0
Robot x: 40
Robot y: 100
Weapon state: 0
Weapon speed: 3019
Joystick direction: BACKWARD
Error sending the data

Last Packet Send Status:	Delivery Fail
Robot state: 0
Robot x: 60
Robot y: 100
Weapon state: 0
Weapon speed: 3023
Joystick direction: BACKWARD
Error sending the data

Last Packet Send Status:	Delivery Fail
Robot state: 0
Robot x: 80
Robot y: 100
Weapon state: 0
Weapon speed: 3019
Joystick direction: BACKWARD
Error sending the data

Last Packet Send Status:	Delivery Fail
Robot state: 0
Robot x: 100
Robot y: 100
Weapon state: 0
Weapon speed: 3024
Joystick direction: RIGHT
Error sending the data

Last Packet Send Status:	Delivery Fail
Robot state: 0
Robot x: 100
Robot y: 100
Weapon state: 0
Weapon speed: 3026
Joystick direction: RIGHT
Error sending the data

Last Packet Send Status:	Delivery Fail
Robot state: 0
Robot x: 100
Robot y: 100
Weapon state: 0
Weapon speed: 3021
Joystick direction: RIGHT
Error sending the data

Last Packet Send Status:	Delivery Fail
Robot state: 0
Robot x: 100
Robot y: 100
Weapon state: 0
Weapon speed: 3020
Joystick direction: RIGHT
Error sending the data

Last Packet Send Status:	Delivery Fail
Robot state: 0
Robot x: 100
Robot y: 100
Weapon state: 0
Weapon speed: 3027
Joystick direction: RIGHT
Error sending the data

Last Packet Send Status:	Delivery Fail
Robot state: 0
Robot x: 100
Robot y: 100
Weapon state: 0
Weapon speed: 3023
Joystick direction: RIGHT
Error sending the data

Last Packet Send Status:	Delivery Fail
Robot state: 0
Robot x: 100
Robot y: 100
Weapon state: 0
Weapon speed: 3018
Joystick direction: RIGHT
Error sending the data

Last Packet Send Status:	Delivery Fail
Robot state: 0
Robot x: 100
Robot y: 100
Weapon state: 0
Weapon speed: 3023
Joystick direction: RIGHT
Error sending the data

Last Packet Send Status:	Delivery Fail
Robot state: 0
Robot x: 100
Robot y: 100
Weapon state: 0
Weapon speed: 3021
Joystick direction: RIGHT
Error sending the data

Last Packet Send Status:	Delivery Fail
Robot state: 0
Robot x: 100
Robot y: 100
Weapon state: 0
Weapon speed: 3028
Joystick direction: RIGHT
Error sending the data

Last Packet Send Status:	Delivery Fail
Robot state: 0
Robot x: 100
Robot y: 100
Weapon state: 0
Weapon speed: 3024
Joystick direction: RIGHT
Error sending the data

Last Packet Send Status:	Delivery Fail
Robot state: 0
Robot x: 100
Robot y: 100
Weapon state: 0
Weapon speed: 3021
Joystick direction: RIGHT
Error sending the data

Last Packet Send Status:	Delivery Fail
Robot state: 0
Robot x: 100
Robot y: 100
Weapon state: 0
Weapon speed: 3021
Joystick direction: RIGHT
Error sending the data

Last Packet Send Status:	Delivery Fail
Robot state: 0
Robot x: 90
Robot y: 100
Weapon state: 0
Weapon speed: 3026
Joystick direction: BACKWARD
Error sending the data

Last Packet Send Status:	Delivery Fail
Robot state: 0
Robot x: 79
Robot y: 100
Weapon state: 0
Weapon speed: 3023
Joystick direction: BACKWARD
Error sending the data

Last Packet Send Status:	Delivery Fail
Robot state: 0
Robot x: 66
Robot y: 100
Weapon state: 0
Weapon speed: 3024
Joystick direction: BACKWARD
Error sending the data

Last Packet Send Status:	Delivery Fail
Robot state: 0
Robot x: 52
Robot y: 100
Weapon state: 0
Weapon speed: 3022
Joystick direction: BACKWARD
Error sending the data

Last Packet Send Status:	Delivery Fail
Robot state: 0
Robot x: 39
Robot y: 100
Weapon state: 0
Weapon speed: 3027
Joystick direction: BACKWARD
Error sending the data

Last Packet Send Status:	Delivery Fail
Robot state: 0
Robot x: 24
Robot y: 100
Weapon state: 0
Weapon speed: 3024
Joystick direction: BACKWARD
Error sending the data

Last Packet Send Status:	Delivery Fail
Robot state: 0
Robot x: 9
Robot y: 100
Weapon state: 0
Weapon speed: 3024
Joystick direction: BACKWARD
Error sending the data

Last Packet Send Status:	Delivery Fail
Robot state: 0
Robot x: -5
Robot y: 100
Weapon state: 0
Weapon speed: 3025
Joystick direction: BACKWARD
Error sending the data

Last Packet Send Status:	Delivery Fail
Robot state: 0
Robot x: -20
Robot y: 100
Weapon state: 0
Weapon speed: 3023
Joystick direction: BACKWARD
Error sending the data

Last Packet Send Status:	Delivery Fail
Robot state: 0
Robot x: -36
Robot y: 100
Weapon state: 0
Weapon speed: 3024
Joystick direction: BACKWARD
Error sending the data

Last Packet Send Status:	Delivery Fail
Robot state: 0
Robot x: -42
Robot y: 100
Weapon state: 0
Weapon speed: 3025
Joystick direction: BACKWARD
Error sending the data

Last Packet Send Status:	Delivery Fail
Robot state: 0
Robot x: -46
Robot y: 100
Weapon state: 0
Weapon speed: 3025
Joystick direction: BACKWARD
Error sending the data

Last Packet Send Status:	Delivery Fail
Robot state: 0
Robot x: -49
Robot y: 100
Weapon state: 0
Weapon speed: 3019
Joystick direction: BACKWARD
Error sending the data

Last Packet Send Status:	Delivery Fail
Robot state: 0
Robot x: -51
Robot y: 100
Weapon state: 0
Weapon speed: 3021
Joystick direction: BACKWARD
Error sending the data

Last Packet Send Status:	Delivery Fail
Robot state: 0
Robot x: -54
Robot y: 100
Weapon state: 0
Weapon speed: 3022
Joystick direction: BACKWARD
Error sending the data

Last Packet Send Status:	Delivery Fail
Robot state: 0
Robot x: -54
Robot y: 100
Weapon state: 0
Weapon speed: 3024
Joystick direction: BACKWARD
Error sending the data

Last Packet Send Status:	Delivery Fail
Robot state: 0
Robot x: -55
Robot y: 100
Weapon state: 0
Weapon speed: 3023
Joystick direction: BACKWARD
Error sending the data

Last Packet Send Status:	Delivery Fail
Robot state: 0
Robot x: -56
Robot y: 100
Weapon state: 0
Weapon speed: 3024
Joystick direction: BACKWARD
Error sending the data

Last Packet Send Status:	Delivery Fail
Robot state: 0
Robot x: -57
Robot y: 100
Weapon state: 0
Weapon speed: 3026
Joystick direction: BACKWARD
Error sending the data

Last Packet Send Status:	Delivery Fail
Robot state: 0
Robot x: -57
Robot y: 100
Weapon state: 0
Weapon speed: 3024
Joystick direction: BACKWARD
Error sending the data

Last Packet Send Status:	Delivery Fail
Robot state: 0
Robot x: -58
Robot y: 100
Weapon state: 0
Weapon speed: 3024
Joystick direction: BACKWARD
Error sending the data

Last Packet Send Status:	Delivery Fail
Robot state: 0
Robot x: -58
Robot y: 100
Weapon state: 0
Weapon speed: 3022
Joystick direction: BACKWARD
Error sending the data

Last Packet Send Status:	Delivery Fail
Robot state: 0
Robot x: -58
Robot y: 100
Weapon state: 0
Weapon speed: 3031
Joystick direction: BACKWARD
Error sending the data

Last Packet Send Status:	Delivery Fail
Robot state: 0
Robot x: -59
Robot y: 100
Weapon state: 0
Weapon speed: 3024
Joystick direction: BACKWARD
Error sending the data

Last Packet Send Status:	Delivery Fail
Robot state: 0
Robot x: -59
Robot y: 100
Weapon state: 0
Weapon speed: 3024
Joystick direction: BACKWARD
Error sending the data

Last Packet Send Status:	Delivery Fail
Robot state: 0
Robot x: -60
Robot y: 100
Weapon state: 0
Weapon speed: 3030
Joystick direction: BACKWARD
Error sending the data

Last Packet Send Status:	Delivery Fail
Robot state: 0
Robot x: -60
Robot y: 100
Weapon state: 0
Weapon speed: 3025
Joystick direction: BACKWARD
Error sending the data

Last Packet Send Status:	Delivery Fail
Robot state: 0
Robot x: -60
Robot y: 100
Weapon state: 0
Weapon speed: 3024
Joystick direction: BACKWARD
Error sending the data

Last Packet Send Status:	Delivery Fail
Robot state: 0
Robot x: -60
Robot y: 100
Weapon state: 0
Weapon speed: 3019
Joystick direction: BACKWARD
Error sending the data

Last Packet Send Status:	Delivery Fail
Robot state: 0
Robot x: -60
Robot y: 100
Weapon state: 0
Weapon speed: 3024
Joystick direction: BACKWARD
Error sending the data

Last Packet Send Status:	Delivery Fail
Robot state: 0
Robot x: -60
Robot y: 100
Weapon state: 0
Weapon speed: 3024
Joystick direction: BACKWARD
Error sending the data

Last Packet Send Status:	Delivery Fail
Robot state: 0
Robot x: -60
Robot y: 100
Weapon state: 0
Weapon speed: 3023
Joystick direction: BACKWARD
Error sending the data

Last Packet Send Status:	Delivery Fail
Robot state: 0
Robot x: -61
Robot y: 100
Weapon state: 0
Weapon speed: 3024
Joystick direction: BACKWARD
Error sending the data

Last Packet Send Status:	Delivery Fail
Robot state: 0
Robot x: -61
Robot y: 100
Weapon state: 0
Weapon speed: 3021
Joystick direction: BACKWARD
Error sending the data

Last Packet Send Status:	Delivery Fail
Robot state: 0
Robot x: -61
Robot y: 100
Weapon state: 0
Weapon speed: 3022
Joystick direction: BACKWARD
Error sending the data

Last Packet Send Status:	Delivery Fail
Robot state: 0
Robot x: -61
Robot y: 100
Weapon state: 0
Weapon speed: 3023
Joystick direction: BACKWARD
Error sending the data

Last Packet Send Status:	Delivery Fail
Robot state: 0
Robot x: -61
Robot y: 100
Weapon state: 0
Weapon speed: 3023
Joystick direction: BACKWARD
Error sending the data

Last Packet Send Status:	Delivery Fail
Robot state: 0
Robot x: -61
Robot y: 100
Weapon state: 0
Weapon speed: 3025
Joystick direction: BACKWARD
Error sending the data

Last Packet Send Status:	Delivery Fail
Robot state: 0
Robot x: -62
Robot y: 100
Weapon state: 0
Weapon speed: 3025
Joystick direction: BACKWARD
Error sending the data

Last Packet Send Status:	Delivery Fail
Robot state: 0
Robot x: -62
Robot y: 100
Weapon state: 0
Weapon speed: 3023
Joystick direction: BACKWARD
Error sending the data

Last Packet Send Status:	Delivery Fail
Robot state: 0
Robot x: -62
Robot y: 100
Weapon state: 0
Weapon speed: 3027
Joystick direction: BACKWARD
Error sending the data

Last Packet Send Status:	Delivery Fail
Robot state: 0
Robot x: -62
Robot y: 100
Weapon state: 0
Weapon speed: 3024
Joystick direction: BACKWARD
Error sending the data

Last Packet Send Status:	Delivery Fail
Robot state: 0
Robot x: -62
Robot y: 100
Weapon state: 0
Weapon speed: 3024
Joystick direction: BACKWARD
Error sending the data

Last Packet Send Status:	Delivery Fail
Robot state: 0
Robot x: -62
Robot y: 100
Weapon state: 0
Weapon speed: 3019
Joystick direction: BACKWARD
Error sending the data

Last Packet Send Status:	Delivery Fail
Robot state: 0
Robot x: -62
Robot y: 100
Weapon state: 0
Weapon speed: 3022
Joystick direction: BACKWARD
Error sending the data

Last Packet Send Status:	Delivery Fail
Robot state: 0
Robot x: -62
Robot y: 100
Weapon state: 0
Weapon speed: 3025
Joystick direction: BACKWARD
Error sending the data

Last Packet Send Status:	Delivery Fail
Robot state: 0
Robot x: -60
Robot y: 100
Weapon state: 0
Weapon speed: 3024
Joystick direction: BACKWARD
Error sending the data

Last Packet Send Status:	Delivery Fail
Robot state: 0
Robot x: -54
Robot y: 100
Weapon state: 0
Weapon speed: 3024
Joystick direction: BACKWARD
Error sending the data

Last Packet Send Status:	Delivery Fail
Robot state: 0
Robot x: -40
Robot y: 100
Weapon state: 0
Weapon speed: 3022
Joystick direction: BACKWARD
Error sending the data

Last Packet Send Status:	Delivery Fail
Robot state: 0
Robot x: -24
Robot y: 100
Weapon state: 0
Weapon speed: 3024
Joystick direction: BACKWARD
Error sending the data

Last Packet Send Status:	Delivery Fail
Robot state: 0
Robot x: -8
Robot y: 100
Weapon state: 0
Weapon speed: 3013
Joystick direction: BACKWARD
Error sending the data

Last Packet Send Status:	Delivery Fail
Robot state: 0
Robot x: 8
Robot y: 100
Weapon state: 0
Weapon speed: 3008
Joystick direction: BACKWARD
Error sending the data

Last Packet Send Status:	Delivery Fail
Robot state: 0
Robot x: 24
Robot y: 100
Weapon state: 0
Weapon speed: 2986
Joystick direction: BACKWARD
Error sending the data

Last Packet Send Status:	Delivery Fail
Robot state: 0
Robot x: 40
Robot y: 100
Weapon state: 0
Weapon speed: 2986
Joystick direction: BACKWARD
Error sending the data

Last Packet Send Status:	Delivery Fail
Robot state: 0
Robot x: 57
Robot y: 100
Weapon state: 0
Weapon speed: 2935
Joystick direction: BACKWARD
Error sending the data

Last Packet Send Status:	Delivery Fail
Robot state: 0
Robot x: 73
Robot y: 100
Weapon state: 0
Weapon speed: 2944
Joystick direction: BACKWARD
Error sending the data

Last Packet Send Status:	Delivery Fail
Robot state: 0
Robot x: 86
Robot y: 100
Weapon state: 0
Weapon speed: 2955
Joystick direction: BACKWARD
Error sending the data

Last Packet Send Status:	Delivery Fail
Robot state: 0
Robot x: 97
Robot y: 100
Weapon state: 0
Weapon speed: 2958
Joystick direction: BACKWARD
Error sending the data

Last Packet Send Status:	Delivery Fail
Robot state: 0
Robot x: 100
Robot y: 100
Weapon state: 0
Weapon speed: 2955
Joystick direction: RIGHT
Error sending the data

Last Packet Send Status:	Delivery Fail
Robot state: 0
Robot x: 100
Robot y: 100
Weapon state: 0
Weapon speed: 2957
Joystick direction: RIGHT
Error sending the data

Last Packet Send Status:	Delivery Fail
Robot state: 0
Robot x: 100
Robot y: 100
Weapon state: 0
Weapon speed: 2960
Joystick direction: RIGHT
Error sending the data

Last Packet Send Status:	Delivery Fail
Robot state: 0
Robot x: 100
Robot y: 100
Weapon state: 0
Weapon speed: 2910
Joystick direction: RIGHT
Error sending the data

Last Packet Send Status:	Delivery Fail
Robot state: 0
Robot x: 100
Robot y: 100
Weapon state: 0
Weapon speed: 2928
Joystick direction: RIGHT
Error sending the data

Last Packet Send Status:	Delivery Fail
Robot state: 0
Robot x: 100
Robot y: 100
Weapon state: 0
Weapon speed: 2763
Joystick direction: RIGHT
Error sending the data

Last Packet Send Status:	Delivery Fail
Robot state: 0
Robot x: 100
Robot y: 100
Weapon state: 0
Weapon speed: 2831
Joystick direction: RIGHT
Error sending the data

Last Packet Send Status:	Delivery Fail
Robot state: 0
Robot x: 100
Robot y: 100
Weapon state: 0
Weapon speed: 2809
Joystick direction: RIGHT
Error sending the data

Last Packet Send Status:	Delivery Fail
Robot state: 0
Robot x: 100
Robot y: 100
Weapon state: 0
Weapon speed: 2836
Joystick direction: RIGHT
Error sending the data

Last Packet Send Status:	Delivery Fail
Robot state: 0
Robot x: 100
Robot y: 100
Weapon state: 0
Weapon speed: 2738
Joystick direction: RIGHT
Error sending the data

Last Packet Send Status:	Delivery Fail
Robot state: 0
Robot x: 88
Robot y: 87
Weapon state: 0
Weapon speed: 1103
Joystick direction: RIGHT
Error sending the data

Last Packet Send Status:	Delivery Fail
Robot state: 0
Robot x: 76
Robot y: 75
Weapon state: 0
Weapon speed: 1104
Joystick direction: RIGHT
Error sending the data

Last Packet Send Status:	Delivery Fail
Robot state: 0
Robot x: 64
Robot y: 63
Weapon state: 0
Weapon speed: 1102
Joystick direction: RIGHT
Error sending the data

Last Packet Send Status:	Delivery Fail
Robot state: 0
Robot x: 52
Robot y: 51
Weapon state: 0
Weapon speed: 1100
Joystick direction: RIGHT
Error sending the data

Last Packet Send Status:	Delivery Fail
Robot state: 0
Robot x: 40
Robot y: 38
Weapon state: 0
Weapon speed: 1104
Joystick direction: RIGHT
Error sending the data

Last Packet Send Status:	Delivery Fail
Robot state: 0
Robot x: 28
Robot y: 26
Weapon state: 0
Weapon speed: 1104
Joystick direction: RIGHT
Error sending the data

Last Packet Send Status:	Delivery Fail
Robot state: 0
Robot x: 16
Robot y: 26
Weapon state: 0
Weapon speed: 1104
Joystick direction: BACKWARD
Error sending the data

Last Packet Send Status:	Delivery Fail
Robot state: 0
Robot x: 4
Robot y: 26
Weapon state: 0
Weapon speed: 1102
Joystick direction: BACKWARD
Error sending the data

Last Packet Send Status:	Delivery Fail
Robot state: 0
Robot x: 0
Robot y: 26
Weapon state: 0
Weapon speed: 1409
Joystick direction: BACKWARD
Error sending the data

Last Packet Send Status:	Delivery Fail
Robot state: 0
Robot x: 0
Robot y: 26
Weapon state: 0
Weapon speed: 2835
Joystick direction: BACKWARD
Error sending the data

Last Packet Send Status:	Delivery Fail
Robot state: 0
Robot x: 11
Robot y: 38
Weapon state: 0
Weapon speed: 2841
Joystick direction: BACKWARD
Error sending the data

Last Packet Send Status:	Delivery Fail
Robot state: 0
Robot x: 23
Robot y: 50
Weapon state: 0
Weapon speed: 2845
Joystick direction: BACKWARD
Error sending the data

Last Packet Send Status:	Delivery Fail
Robot state: 0
Robot x: 35
Robot y: 63
Weapon state: 0
Weapon speed: 2844
Joystick direction: BACKWARD
Error sending the data

Last Packet Send Status:	Delivery Fail
Robot state: 0
Robot x: 47
Robot y: 75
Weapon state: 0
Weapon speed: 2851
Joystick direction: BACKWARD
Error sending the data

Last Packet Send Status:	Delivery Fail
Robot state: 0
Robot x: 59
Robot y: 87
Weapon state: 0
Weapon speed: 2845
Joystick direction: BACKWARD
Error sending the data

Last Packet Send Status:	Delivery Fail
Robot state: 0
Robot x: 71
Robot y: 100
Weapon state: 0
Weapon speed: 2832
Joystick direction: BACKWARD
Error sending the data

Last Packet Send Status:	Delivery Fail
Robot state: 0
Robot x: 83
Robot y: 100
Weapon state: 0
Weapon speed: 2845
Joystick direction: BACKWARD
Error sending the data

Last Packet Send Status:	Delivery Fail
Robot state: 0
Robot x: 95
Robot y: 100
Weapon state: 0
Weapon speed: 2845
Joystick direction: BACKWARD
Error sending the data

Last Packet Send Status:	Delivery Fail
Robot state: 0
Robot x: 100
Robot y: 100
Weapon state: 0
Weapon speed: 2850
Joystick direction: RIGHT
Error sending the data

Last Packet Send Status:	Delivery Fail
Robot state: 0
Robot x: 100
Robot y: 100
Weapon state: 0
Weapon speed: 2849
Joystick direction: RIGHT
Error sending the data

Last Packet Send Status:	Delivery Fail
Robot state: 0
Robot x: 88
Robot y: 87
Weapon state: 0
Weapon speed: 1101
Joystick direction: RIGHT
Error sending the data

Last Packet Send Status:	Delivery Fail
Robot state: 0
Robot x: 76
Robot y: 75
Weapon state: 0
Weapon speed: 1103
Joystick direction: RIGHT
Error sending the data

Last Packet Send Status:	Delivery Fail
Robot state: 0
Robot x: 63
Robot y: 63
Weapon state: 0
Weapon speed: 1104
Joystick direction: RIGHT
Error sending the data

Last Packet Send Status:	Delivery Fail
Robot state: 0
Robot x: 52
Robot y: 51
Weapon state: 0
Weapon speed: 1104
Joystick direction: RIGHT
Error sending the data

Last Packet Send Status:	Delivery Fail
Robot state: 0
Robot x: 40
Robot y: 39
Weapon state: 0
Weapon speed: 1104
Joystick direction: RIGHT
Error sending the data

Last Packet Send Status:	Delivery Fail
Robot state: 0
Robot x: 20
Robot y: 27
Weapon state: 0
Weapon speed: 1103
Joystick direction: BACKWARD
Error sending the data

Last Packet Send Status:	Delivery Fail
Robot state: 0
Robot x: 0
Robot y: 15
Weapon state: 0
Weapon speed: 1104
Joystick direction: NEUTRAL
Error sending the data

Last Packet Send Status:	Delivery Fail
Robot state: 0
Robot x: -19
Robot y: 2
Weapon state: 0
Weapon speed: 1104
Joystick direction: NEUTRAL
Error sending the data

Last Packet Send Status:	Delivery Fail
Robot state: 0
Robot x: -39
Robot y: -9
Weapon state: 0
Weapon speed: 1104
Joystick direction: LEFT
Error sending the data

Last Packet Send Status:	Delivery Fail
Robot state: 0
Robot x: -59
Robot y: -21
Weapon state: 0
Weapon speed: 1104
Joystick direction: LEFT
Error sending the data

Last Packet Send Status:	Delivery Fail
Robot state: 0
Robot x: -67
Robot y: -22
Weapon state: 0
Weapon speed: 1101
Joystick direction: LEFT
Error sending the data

Last Packet Send Status:	Delivery Fail
Robot state: 0
Robot x: -75
Robot y: -21
Weapon state: 0
Weapon speed: 1102
Joystick direction: LEFT
Error sending the data

Last Packet Send Status:	Delivery Fail
Robot state: 0
Robot x: -83
Robot y: -21
Weapon state: 0
Weapon speed: 1104
Joystick direction: LEFT
Error sending the data

Last Packet Send Status:	Delivery Fail
Robot state: 0
Robot x: -91
Robot y: -21
Weapon state: 0
Weapon speed: 1104
Joystick direction: LEFT
Error sending the data

Last Packet Send Status:	Delivery Fail
Robot state: 0
Robot x: -100
Robot y: -22
Weapon state: 0
Weapon speed: 1103
Joystick direction: LEFT
Error sending the data

Last Packet Send Status:	Delivery Fail
Robot state: 0
Robot x: -100
Robot y: -22
Weapon state: 0
Weapon speed: 1103
Joystick direction: LEFT
Error sending the data

Last Packet Send Status:	Delivery Fail
Robot state: 0
Robot x: -91
Robot y: -22
Weapon state: 0
Weapon speed: 1104
Joystick direction: LEFT
Error sending the data

Last Packet Send Status:	Delivery Fail
Robot state: 0
Robot x: -84
Robot y: -22
Weapon state: 0
Weapon speed: 1101
Joystick direction: LEFT
Error sending the data

Last Packet Send Status:	Delivery Fail
Robot state: 0
Robot x: -76
Robot y: -22
Weapon state: 0
Weapon speed: 1102
Joystick direction: LEFT
Error sending the data

Last Packet Send Status:	Delivery Fail
Robot state: 0
Robot x: -68
Robot y: -22
Weapon state: 0
Weapon speed: 1101
Joystick direction: LEFT
Error sending the data

Last Packet Send Status:	Delivery Fail
Robot state: 0
Robot x: -60
Robot y: -22
Weapon state: 0
Weapon speed: 1100
Joystick direction: LEFT
Error sending the data

Last Packet Send Status:	Delivery Fail
Robot state: 0
Robot x: -52
Robot y: -22
Weapon state: 0
Weapon speed: 1103
Joystick direction: LEFT
Error sending the data

Last Packet Send Status:	Delivery Fail
Robot state: 0
Robot x: -44
Robot y: -22
Weapon state: 0
Weapon speed: 1104
Joystick direction: LEFT
Error sending the data

Last Packet Send Status:	Delivery Fail
Robot state: 0
Robot x: -36
Robot y: -22
Weapon state: 0
Weapon speed: 1102
Joystick direction: LEFT
Error sending the data

Last Packet Send Status:	Delivery Fail
Robot state: 0
Robot x: -28
Robot y: -22
Weapon state: 0
Weapon speed: 1101
Joystick direction: LEFT
Error sending the data

Last Packet Send Status:	Delivery Fail
Robot state: 0
Robot x: -20
Robot y: -22
Weapon state: 0
Weapon speed: 1099
Joystick direction: FORWARD
Error sending the data

Last Packet Send Status:	Delivery Fail
Robot state: 0
Robot x: -21
Robot y: -23
Weapon state: 0
Weapon speed: 1102
Joystick direction: FORWARD
Error sending the data

Last Packet Send Status:	Delivery Fail
Robot state: 0
Robot x: -21
Robot y: -31
Weapon state: 0
Weapon speed: 1103
Joystick direction: FORWARD
Error sending the data

Last Packet Send Status:	Delivery Fail
Robot state: 0
Robot x: -21
Robot y: -38
Weapon state: 0
Weapon speed: 1102
Joystick direction: FORWARD
Error sending the data

Last Packet Send Status:	Delivery Fail
Robot state: 0
Robot x: -21
Robot y: -46
Weapon state: 0
Weapon speed: 1103
Joystick direction: FORWARD
Error sending the data

Last Packet Send Status:	Delivery Fail
Robot state: 0
Robot x: -21
Robot y: -54
Weapon state: 0
Weapon speed: 1104
Joystick direction: FORWARD
Error sending the data

Last Packet Send Status:	Delivery Fail
Robot state: 0
Robot x: -21
Robot y: -62
Weapon state: 0
Weapon speed: 1104
Joystick direction: FORWARD
Error sending the data

Last Packet Send Status:	Delivery Fail
Robot state: 0
Robot x: -21
Robot y: -69
Weapon state: 0
Weapon speed: 1103
Joystick direction: FORWARD
Error sending the data

Last Packet Send Status:	Delivery Fail
Robot state: 0
Robot x: -21
Robot y: -77
Weapon state: 0
Weapon speed: 1103
Joystick direction: FORWARD
Error sending the data

Last Packet Send Status:	Delivery Fail
Robot state: 0
Robot x: -21
Robot y: -85
Weapon state: 0
Weapon speed: 1104
Joystick direction: FORWARD
Error sending the data

Last Packet Send Status:	Delivery Fail
Robot state: 0
Robot x: -21
Robot y: -93
Weapon state: 0
Weapon speed: 1104
Joystick direction: FORWARD
Error sending the data

Last Packet Send Status:	Delivery Fail
Robot state: 0
Robot x: -21
Robot y: -100
Weapon state: 0
Weapon speed: 1104
Joystick direction: FORWARD
Error sending the data

Last Packet Send Status:	Delivery Fail
Robot state: 0
Robot x: -21
Robot y: -100
Weapon state: 0
Weapon speed: 1102
Joystick direction: FORWARD
Error sending the data

Last Packet Send Status:	Delivery Fail
Robot state: 0
Robot x: -21
Robot y: -92
Weapon state: 0
Weapon speed: 1102
Joystick direction: FORWARD
Error sending the data

Last Packet Send Status:	Delivery Fail
Robot state: 0
Robot x: -21
Robot y: -84
Weapon state: 0
Weapon speed: 1103
Joystick direction: FORWARD
Error sending the data

Last Packet Send Status:	Delivery Fail
Robot state: 0
Robot x: -21
Robot y: -77
Weapon state: 0
Weapon speed: 1104
Joystick direction: FORWARD
Error sending the data

Last Packet Send Status:	Delivery Fail
Robot state: 0
Robot x: -20
Robot y: -69
Weapon state: 0
Weapon speed: 1104
Joystick direction: FORWARD
Error sending the data

Last Packet Send Status:	Delivery Fail
Robot state: 0
Robot x: -20
Robot y: -61
Weapon state: 0
Weapon speed: 1104
Joystick direction: FORWARD
Error sending the data

Last Packet Send Status:	Delivery Fail
Robot state: 0
Robot x: -20
Robot y: -53
Weapon state: 0
Weapon speed: 1104
Joystick direction: FORWARD
Error sending the data

Last Packet Send Status:	Delivery Fail
Robot state: 0
Robot x: -20
Robot y: -46
Weapon state: 0
Weapon speed: 1104
Joystick direction: FORWARD
Error sending the data

Last Packet Send Status:	Delivery Fail
Robot state: 0
Robot x: -20
Robot y: -38
Weapon state: 0
Weapon speed: 1103
Joystick direction: FORWARD
Error sending the data

Last Packet Send Status:	Delivery Fail
Robot state: 0
Robot x: -20
Robot y: -30
Weapon state: 0
Weapon speed: 1103
Joystick direction: FORWARD
Error sending the data

Last Packet Send Status:	Delivery Fail
Robot state: 0
Robot x: -27
Robot y: -22
Weapon state: 0
Weapon speed: 1104
Joystick direction: LEFT
Error sending the data

Last Packet Send Status:	Delivery Fail
Robot state: 0
Robot x: -35
Robot y: -23
Weapon state: 0
Weapon speed: 1103
Joystick direction: LEFT
Error sending the data

Last Packet Send Status:	Delivery Fail
Robot state: 0
Robot x: -43
Robot y: -22
Weapon state: 0
Weapon speed: 1104
Joystick direction: LEFT
Error sending the data

Last Packet Send Status:	Delivery Fail
Robot state: 0
Robot x: -51
Robot y: -22
Weapon state: 0
Weapon speed: 1102
Joystick direction: LEFT
Error sending the data

Last Packet Send Status:	Delivery Fail
Robot state: 0
Robot x: -59
Robot y: -23
Weapon state: 0
Weapon speed: 1101
Joystick direction: LEFT
Error sending the data

Last Packet Send Status:	Delivery Fail
Robot state: 0
Robot x: -67
Robot y: -23
Weapon state: 0
Weapon speed: 1104
Joystick direction: LEFT
Error sending the data

Last Packet Send Status:	Delivery Fail
Robot state: 0
Robot x: -75
Robot y: -22
Weapon state: 0
Weapon speed: 1104
Joystick direction: LEFT
Error sending the data

Last Packet Send Status:	Delivery Fail
Robot state: 0
Robot x: -83
Robot y: -22
Weapon state: 0
Weapon speed: 1104
Joystick direction: LEFT
Error sending the data

Last Packet Send Status:	Delivery Fail
Robot state: 0
Robot x: -92
Robot y: -22
Weapon state: 0
Weapon speed: 1104
Joystick direction: LEFT
Error sending the data

Last Packet Send Status:	Delivery Fail
Robot state: 0
Robot x: -100
Robot y: -22
Weapon state: 0
Weapon speed: 1102
Joystick direction: LEFT
Error sending the data

Last Packet Send Status:	Delivery Fail
Robot state: 0
Robot x: -100
Robot y: -22
Weapon state: 0
Weapon speed: 1102
Joystick direction: LEFT
Error sending the data

Last Packet Send Status:	Delivery Fail
Robot state: 0
Robot x: -100
Robot y: -22
Weapon state: 0
Weapon speed: 1104
Joystick direction: LEFT
Error sending the data

Last Packet Send Status:	Delivery Fail
Robot state: 0
Robot x: -100
Robot y: -22
Weapon state: 0
Weapon speed: 1104
Joystick direction: LEFT
Error sending the data

Last Packet Send Status:	Delivery Fail
Robot state: 0
Robot x: -100
Robot y: -22
Weapon state: 0
Weapon speed: 1103
Joystick direction: LEFT
Error sending the data

Last Packet Send Status:	Delivery Fail
Robot state: 0
Robot x: -100
Robot y: -21
Weapon state: 0
Weapon speed: 1104
Joystick direction: LEFT
Error sending the data

Last Packet Send Status:	Delivery Fail
Robot state: 0
Robot x: -100
Robot y: -22
Weapon state: 0
Weapon speed: 1104
Joystick direction: LEFT
Error sending the data

Last Packet Send Status:	Delivery Fail
Robot state: 0
Robot x: -100
Robot y: -21
Weapon state: 0
Weapon speed: 1101
Joystick direction: LEFT
Error sending the data

Last Packet Send Status:	Delivery Fail
Robot state: 0
Robot x: -100
Robot y: -21
Weapon state: 0
Weapon speed: 1104
Joystick direction: LEFT
Error sending the data

Last Packet Send Status:	Delivery Fail
Robot state: 0
Robot x: -100
Robot y: -21
Weapon state: 0
Weapon speed: 1104
Joystick direction: LEFT
Error sending the data

Last Packet Send Status:	Delivery Fail
Robot state: 0
Robot x: -100
Robot y: -22
Weapon state: 0
Weapon speed: 1103
Joystick direction: LEFT
Error sending the data

Last Packet Send Status:	Delivery Fail
Robot state: 0
Robot x: -100
Robot y: -22
Weapon state: 0
Weapon speed: 1103
Joystick direction: LEFT
Error sending the data

Last Packet Send Status:	Delivery Fail
Robot state: 0
Robot x: -100
Robot y: -22
Weapon state: 0
Weapon speed: 1103
Joystick direction: LEFT
Error sending the data

Last Packet Send Status:	Delivery Fail
Robot state: 0
Robot x: -100
Robot y: -22
Weapon state: 0
Weapon speed: 1104
Joystick direction: LEFT
Error sending the data

Last Packet Send Status:	Delivery Fail
Robot state: 0
Robot x: -100
Robot y: -22
Weapon state: 0
Weapon speed: 1103
Joystick direction: LEFT
Error sending the data

Last Packet Send Status:	Delivery Fail
Robot state: 0
Robot x: -92
Robot y: -22
Weapon state: 0
Weapon speed: 1104
Joystick direction: LEFT
Error sending the data

Last Packet Send Status:	Delivery Fail
Robot state: 0
Robot x: -84
Robot y: -22
Weapon state: 0
Weapon speed: 1104
Joystick direction: LEFT
Error sending the data

Last Packet Send Status:	Delivery Fail
Robot state: 0
Robot x: -76
Robot y: -22
Weapon state: 0
Weapon speed: 1105
Joystick direction: LEFT
Error sending the data

Last Packet Send Status:	Delivery Fail
Robot state: 0
Robot x: -68
Robot y: -22
Weapon state: 0
Weapon speed: 1104
Joystick direction: LEFT
Error sending the data

Last Packet Send Status:	Delivery Fail
Robot state: 0
Robot x: -60
Robot y: -23
Weapon state: 0
Weapon speed: 1104
Joystick direction: LEFT
Error sending the data

Last Packet Send Status:	Delivery Fail
Robot state: 0
Robot x: -52
Robot y: -22
Weapon state: 0
Weapon speed: 1104
Joystick direction: LEFT
Error sending the data

Last Packet Send Status:	Delivery Fail
Robot state: 0
Robot x: -44
Robot y: -23
Weapon state: 0
Weapon speed: 1104
Joystick direction: LEFT
Error sending the data

Last Packet Send Status:	Delivery Fail
Robot state: 0
Robot x: -35
Robot y: -22
Weapon state: 0
Weapon speed: 1105
Joystick direction: LEFT
Error sending the data

Last Packet Send Status:	Delivery Fail
Robot state: 0
Robot x: -28
Robot y: -22
Weapon state: 0
Weapon speed: 1105
Joystick direction: LEFT
Error sending the data

Last Packet Send Status:	Delivery Fail
Robot state: 0
Robot x: -19
Robot y: -22
Weapon state: 0
Weapon speed: 1104
Joystick direction: FORWARD
Error sending the data

Last Packet Send Status:	Delivery Fail
Robot state: 0
Robot x: -19
Robot y: -23
Weapon state: 0
Weapon speed: 1105
Joystick direction: FORWARD
Error sending the data

Last Packet Send Status:	Delivery Fail
Robot state: 0
Robot x: -19
Robot y: -23
Weapon state: 0
Weapon speed: 1105
Joystick direction: FORWARD
Error sending the data

Last Packet Send Status:	Delivery Fail
Robot state: 0
Robot x: -19
Robot y: -23
Weapon state: 0
Weapon speed: 1104
Joystick direction: FORWARD
Error sending the data

Last Packet Send Status:	Delivery Fail
Robot state: 0
Robot x: -19
Robot y: -23
Weapon state: 0
Weapon speed: 1107
Joystick direction: FORWARD
Error sending the data

Last Packet Send Status:	Delivery Fail
Robot state: 0
Robot x: -19
Robot y: -22
Weapon state: 0
Weapon speed: 1104
Joystick direction: FORWARD
Error sending the data

Last Packet Send Status:	Delivery Fail
Robot state: 0
Robot x: -19
Robot y: -21
Weapon state: 0
Weapon speed: 1104
Joystick direction: FORWARD
Error sending the data

Last Packet Send Status:	Delivery Fail
Robot state: 0
Robot x: -19
Robot y: -21
Weapon state: 0
Weapon speed: 1104
Joystick direction: FORWARD
Error sending the data

Last Packet Send Status:	Delivery Fail
Robot state: 0
Robot x: -19
Robot y: -21
Weapon state: 0
Weapon speed: 1105
Joystick direction: FORWARD
Error sending the data

Last Packet Send Status:	Delivery Fail
Robot state: 0
Robot x: -20
Robot y: -21
Weapon state: 0
Weapon speed: 1104
Joystick direction: FORWARD
Error sending the data

Last Packet Send Status:	Delivery Fail
Robot state: 0
Robot x: -20
Robot y: -21
Weapon state: 0
Weapon speed: 1104
Joystick direction: FORWARD
Error sending the data

Last Packet Send Status:	Delivery Fail
Robot state: 0
Robot x: -20
Robot y: -20
Weapon state: 0
Weapon speed: 1106
Joystick direction: LEFT
Error sending the data

Last Packet Send Status:	Delivery Fail
Robot state: 0
Robot x: -20
Robot y: -20
Weapon state: 0
Weapon speed: 1105
Joystick direction: LEFT
Error sending the data

Last Packet Send Status:	Delivery Fail
Robot state: 0
Robot x: -20
Robot y: -21
Weapon state: 0
Weapon speed: 1104
Joystick direction: FORWARD
Error sending the data

Last Packet Send Status:	Delivery Fail
Robot state: 0
Robot x: -20
Robot y: -21
Weapon state: 0
Weapon speed: 1104
Joystick direction: FORWARD
Error sending the data

Last Packet Send Status:	Delivery Fail
Robot state: 0
Robot x: -20
Robot y: -21
Weapon state: 0
Weapon speed: 1105
Joystick direction: FORWARD
Error sending the data

Last Packet Send Status:	Delivery Fail
Robot state: 0
Robot x: -20
Robot y: -20
Weapon state: 0
Weapon speed: 1109
Joystick direction: LEFT
Error sending the data

Last Packet Send Status:	Delivery Fail
Robot state: 0
Robot x: -20
Robot y: -20
Weapon state: 0
Weapon speed: 1106
Joystick direction: LEFT
Error sending the data

Last Packet Send Status:	Delivery Fail
Robot state: 0
Robot x: -20
Robot y: -20
Weapon state: 0
Weapon speed: 1105
Joystick direction: LEFT
Error sending the data

Last Packet Send Status:	Delivery Fail
Robot state: 0
Robot x: -19
Robot y: -20
Weapon state: 0
Weapon speed: 1104
Joystick direction: FORWARD
Error sending the data

Last Packet Send Status:	Delivery Fail
Robot state: 0
Robot x: -20
Robot y: -20
Weapon state: 0
Weapon speed: 1104
Joystick direction: LEFT
Error sending the data

Last Packet Send Status:	Delivery Fail
Robot state: 0
Robot x: -20
Robot y: -21
Weapon state: 0
Weapon speed: 1104
Joystick direction: FORWARD
Error sending the data

Last Packet Send Status:	Delivery Fail
Robot state: 0
Robot x: -19
Robot y: -22
Weapon state: 0
Weapon speed: 1105
Joystick direction: FORWARD
Error sending the data

Last Packet Send Status:	Delivery Fail
Robot state: 0
Robot x: -19
Robot y: -21
Weapon state: 0
Weapon speed: 1103
Joystick direction: FORWARD
Error sending the data

Last Packet Send Status:	Delivery Fail
Robot state: 0
Robot x: -19
Robot y: -21
Weapon state: 0
Weapon speed: 1104
Joystick direction: FORWARD
Error sending the data

Last Packet Send Status:	Delivery Fail
Robot state: 0
Robot x: -19
Robot y: -21
Weapon state: 0
Weapon speed: 1104
Joystick direction: FORWARD
Error sending the data

Last Packet Send Status:	Delivery Fail
Robot state: 0
Robot x: -19
Robot y: -22
Weapon state: 0
Weapon speed: 1104
Joystick direction: FORWARD
Error sending the data

Last Packet Send Status:	Delivery Fail
Robot state: 0
Robot x: -19
Robot y: -22
Weapon state: 0
Weapon speed: 1104
Joystick direction: FORWARD
Error sending the data

Last Packet Send Status:	Delivery Fail
Robot state: 0
Robot x: -20
Robot y: -22
Weapon state: 0
Weapon speed: 1104
Joystick direction: FORWARD
Error sending the data

Last Packet Send Status:	Delivery Fail
Robot state: 0
Robot x: -20
Robot y: -22
Weapon state: 0
Weapon speed: 1104
Joystick direction: FORWARD
Error sending the data

Last Packet Send Status:	Delivery Fail
Robot state: 0
Robot x: -20
Robot y: -22
Weapon state: 0
Weapon speed: 1104
Joystick direction: FORWARD
Error sending the data

Last Packet Send Status:	Delivery Fail
Robot state: 0
Robot x: -20
Robot y: -21
Weapon state: 0
Weapon speed: 1104
Joystick direction: FORWARD
Error sending the data

Last Packet Send Status:	Delivery Fail
Robot state: 0
Robot x: -20
Robot y: -21
Weapon state: 0
Weapon speed: 1106
Joystick direction: FORWARD
Error sending the data

Last Packet Send Status:	Delivery Fail
Robot state: 0
Robot x: -20
Robot y: -21
Weapon state: 0
Weapon speed: 1105
Joystick direction: FORWARD
Error sending the data

Last Packet Send Status:	Delivery Fail
Robot state: 0
Robot x: -20
Robot y: -21
Weapon state: 0
Weapon speed: 1105
Joystick direction: FORWARD
Error sending the data

Last Packet Send Status:	Delivery Fail
Robot state: 0
Robot x: -20
Robot y: -21
Weapon state: 0
Weapon speed: 1105
Joystick direction: FORWARD
Error sending the data

Last Packet Send Status:	Delivery Fail
Robot state: 0
Robot x: -20
Robot y: -22
Weapon state: 0
Weapon speed: 1106
Joystick direction: FORWARD
Error sending the data

Last Packet Send Status:	Delivery Fail
Robot state: 0
Robot x: -21
Robot y: -21
Weapon state: 0
Weapon speed: 1104
Joystick direction: LEFT
Error sending the data

Last Packet Send Status:	Delivery Fail
Robot state: 0
Robot x: -20
Robot y: -22
Weapon state: 0
Weapon speed: 1106
Joystick direction: FORWARD
Error sending the data

Last Packet Send Status:	Delivery Fail
Robot state: 0
Robot x: -20
Robot y: -22
Weapon state: 0
Weapon speed: 1105
Joystick direction: FORWARD
Error sending the data

Last Packet Send Status:	Delivery Fail
Robot state: 0
Robot x: -20
Robot y: -22
Weapon state: 0
Weapon speed: 1104
Joystick direction: FORWARD
Error sending the data

Last Packet Send Status:	Delivery Fail
Robot state: 0
Robot x: -20
Robot y: -22
Weapon state: 0
Weapon speed: 1105
Joystick direction: FORWARD
Error sending the data

Last Packet Send Status:	Delivery Fail
Robot state: 0
Robot x: -20
Robot y: -22
Weapon state: 0
Weapon speed: 1104
Joystick direction: FORWARD
Error sending the data

Last Packet Send Status:	Delivery Fail
Robot state: 0
Robot x: -20
Robot y: -22
Weapon state: 0
Weapon speed: 1104
Joystick direction: FORWARD
Error sending the data

Last Packet Send Status:	Delivery Fail
Robot state: 0
Robot x: -20
Robot y: -22
Weapon state: 0
Weapon speed: 1106
Joystick direction: FORWARD
Error sending the data

Last Packet Send Status:	Delivery Fail
Robot state: 0
Robot x: -20
Robot y: -22
Weapon state: 0
Weapon speed: 1105
Joystick direction: FORWARD
Error sending the data

Last Packet Send Status:	Delivery Fail
Robot state: 0
Robot x: -20
Robot y: -21
Weapon state: 0
Weapon speed: 1104
Joystick direction: FORWARD
Error sending the data

Last Packet Send Status:	Delivery Fail
Robot state: 0
Robot x: -20
Robot y: -21
Weapon state: 0
Weapon speed: 1105
Joystick direction: FORWARD
Error sending the data

Last Packet Send Status:	Delivery Fail
Robot state: 0
Robot x: -15
Robot y: -17
Weapon state: 0
Weapon speed: 1105
Joystick direction: NEUTRAL
Error sending the data

Last Packet Send Status:	Delivery Fail
Robot state: 0
Robot x: -3
Robot y: -5
Weapon state: 0
Weapon speed: 1682
Joystick direction: NEUTRAL
Error sending the data

Last Packet Send Status:	Delivery Fail
Robot state: 0
Robot x: -3
Robot y: -5
Weapon state: 0
Weapon speed: 1105
Joystick direction: NEUTRAL
Error sending the data

Last Packet Send Status:	Delivery Fail
Robot state: 0
Robot x: -3
Robot y: -5
Weapon state: 0
Weapon speed: 1104
Joystick direction: NEUTRAL
Error sending the data

Last Packet Send Status:	Delivery Fail
Robot state: 0
Robot x: -3
Robot y: -5
Weapon state: 0
Weapon speed: 1104
Joystick direction: NEUTRAL
Error sending the data

Last Packet Send Status:	Delivery Fail
Robot state: 0
Robot x: -3
Robot y: -5
Weapon state: 0
Weapon speed: 1105
Joystick direction: NEUTRAL
Error sending the data

Last Packet Send Status:	Delivery Fail
Robot state: 0
Robot x: -3
Robot y: -4
Weapon state: 0
Weapon speed: 1104
Joystick direction: NEUTRAL
Error sending the data

Last Packet Send Status:	Delivery Fail
Robot state: 0
Robot x: -3
Robot y: -5
Weapon state: 0
Weapon speed: 1102
Joystick direction: NEUTRAL
Error sending the data

Last Packet Send Status:	Delivery Fail
Robot state: 0
Robot x: -3
Robot y: -5
Weapon state: 0
Weapon speed: 1104
Joystick direction: NEUTRAL
Error sending the data

Last Packet Send Status:	Delivery Fail
Robot state: 0
Robot x: -3
Robot y: -6
Weapon state: 0
Weapon speed: 1104
Joystick direction: NEUTRAL
Error sending the data

Last Packet Send Status:	Delivery Fail
Robot state: 0
Robot x: -6
Robot y: -8
Weapon state: 0
Weapon speed: 1104
Joystick direction: NEUTRAL
Error sending the data

Last Packet Send Status:	Delivery Fail
Robot state: 0
Robot x: -18
Robot y: -20
Weapon state: 0
Weapon speed: 1110
Joystick direction: FORWARD
Error sending the data

Last Packet Send Status:	Delivery Fail
Robot state: 0
Robot x: -18
Robot y: -20
Weapon state: 0
Weapon speed: 1109
Joystick direction: FORWARD
Error sending the data

Last Packet Send Status:	Delivery Fail
Robot state: 0
Robot x: -6
Robot y: -8
Weapon state: 0
Weapon speed: 1719
Joystick direction: NEUTRAL
Error sending the data

Last Packet Send Status:	Delivery Fail
Robot state: 0
Robot x: 5
Robot y: 3
Weapon state: 0
Weapon speed: 1710
Joystick direction: NEUTRAL
Error sending the data

Last Packet Send Status:	Delivery Fail
Robot state: 0
Robot x: 17
Robot y: 16
Weapon state: 0
Weapon speed: 1701
Joystick direction: NEUTRAL
Error sending the data

Last Packet Send Status:	Delivery Fail
Robot state: 0
Robot x: 29
Robot y: 28
Weapon state: 0
Weapon speed: 1712
Joystick direction: RIGHT
Error sending the data

Last Packet Send Status:	Delivery Fail
Robot state: 0
Robot x: 41
Robot y: 40
Weapon state: 0
Weapon speed: 1712
Joystick direction: RIGHT
Error sending the data

Last Packet Send Status:	Delivery Fail
Robot state: 0
Robot x: 53
Robot y: 52
Weapon state: 0
Weapon speed: 1709
Joystick direction: RIGHT
Error sending the data

Last Packet Send Status:	Delivery Fail
Robot state: 0
Robot x: 65
Robot y: 64
Weapon state: 0
Weapon speed: 1698
Joystick direction: RIGHT
Error sending the data

Last Packet Send Status:	Delivery Fail
Robot state: 0
Robot x: 76
Robot y: 75
Weapon state: 0
Weapon speed: 1709
Joystick direction: RIGHT
Error sending the data

Last Packet Send Status:	Delivery Fail
Robot state: 0
Robot x: 88
Robot y: 87
Weapon state: 0
Weapon speed: 1707
Joystick direction: RIGHT
Error sending the data

Last Packet Send Status:	Delivery Fail
Robot state: 0
Robot x: 100
Robot y: 100
Weapon state: 0
Weapon speed: 1709
Joystick direction: RIGHT
Error sending the data

Last Packet Send Status:	Delivery Fail
Robot state: 0
Robot x: 100
Robot y: 100
Weapon state: 0
Weapon speed: 1709
Joystick direction: RIGHT
Error sending the data

Last Packet Send Status:	Delivery Fail
Robot state: 0
Robot x: 100
Robot y: 100
Weapon state: 0
Weapon speed: 1710
Joystick direction: RIGHT
Error sending the data

Last Packet Send Status:	Delivery Fail
Robot state: 0
Robot x: 100
Robot y: 100
Weapon state: 0
Weapon speed: 1708
Joystick direction: RIGHT
Error sending the data

Last Packet Send Status:	Delivery Fail
Robot state: 0
Robot x: 100
Robot y: 100
Weapon state: 0
Weapon speed: 1705
Joystick direction: RIGHT
Error sending the data

Last Packet Send Status:	Delivery Fail
Robot state: 0
Robot x: 100
Robot y: 100
Weapon state: 0
Weapon speed: 1702
Joystick direction: RIGHT
Error sending the data

Last Packet Send Status:	Delivery Fail
Robot state: 0
Robot x: 100
Robot y: 100
Weapon state: 0
Weapon speed: 1712
Joystick direction: RIGHT
Error sending the data

Last Packet Send Status:	Delivery Fail
Robot state: 0
Robot x: 100
Robot y: 100
Weapon state: 0
Weapon speed: 1701
Joystick direction: RIGHT
Error sending the data

Last Packet Send Status:	Delivery Fail
Robot state: 0
Robot x: 100
Robot y: 100
Weapon state: 0
Weapon speed: 1706
Joystick direction: RIGHT
Error sending the data

Last Packet Send Status:	Delivery Fail
Robot state: 0
Robot x: 100
Robot y: 100
Weapon state: 0
Weapon speed: 1699
Joystick direction: RIGHT
Error sending the data

Last Packet Send Status:	Delivery Fail
Robot state: 0
Robot x: 100
Robot y: 100
Weapon state: 0
Weapon speed: 1712
Joystick direction: RIGHT
Error sending the data

Last Packet Send Status:	Delivery Fail
Robot state: 0
Robot x: 100
Robot y: 100
Weapon state: 0
Weapon speed: 1711
Joystick direction: RIGHT
Error sending the data

Last Packet Send Status:	Delivery Fail
Robot state: 0
Robot x: 100
Robot y: 100
Weapon state: 0
Weapon speed: 1712
Joystick direction: RIGHT
Error sending the data

Last Packet Send Status:	Delivery Fail
Robot state: 0
Robot x: 100
Robot y: 100
Weapon state: 0
Weapon speed: 1709
Joystick direction: RIGHT
Error sending the data

Last Packet Send Status:	Delivery Fail
Robot state: 0
Robot x: 100
Robot y: 100
Weapon state: 0
Weapon speed: 1709
Joystick direction: RIGHT
Error sending the data

Last Packet Send Status:	Delivery Fail
Robot state: 0
Robot x: 100
Robot y: 100
Weapon state: 0
Weapon speed: 1712
Joystick direction: RIGHT
Error sending the data

Last Packet Send Status:	Delivery Fail
Robot state: 0
Robot x: 100
Robot y: 100
Weapon state: 0
Weapon speed: 1712
Joystick direction: RIGHT
Error sending the data

Last Packet Send Status:	Delivery Fail
Robot state: 0
Robot x: 100
Robot y: 100
Weapon state: 0
Weapon speed: 1711
Joystick direction: RIGHT
Error sending the data

Last Packet Send Status:	Delivery Fail
Robot state: 0
Robot x: 88
Robot y: 88
Weapon state: 0
Weapon speed: 1108
Joystick direction: RIGHT
Error sending the data

Last Packet Send Status:	Delivery Fail
Robot state: 0
Robot x: 76
Robot y: 76
Weapon state: 0
Weapon speed: 1109
Joystick direction: RIGHT
Error sending the data

Last Packet Send Status:	Delivery Fail
Robot state: 0
Robot x: 64
Robot y: 64
Weapon state: 0
Weapon speed: 1109
Joystick direction: RIGHT
Error sending the data

Last Packet Send Status:	Delivery Fail
Robot state: 0
Robot x: 52
Robot y: 52
Weapon state: 0
Weapon speed: 1107
Joystick direction: RIGHT
Error sending the data

Last Packet Send Status:	Delivery Fail
Robot state: 0
Robot x: 40
Robot y: 40
Weapon state: 0
Weapon speed: 1110
Joystick direction: RIGHT
Error sending the data

Last Packet Send Status:	Delivery Fail
Robot state: 0
Robot x: 29
Robot y: 28
Weapon state: 0
Weapon speed: 1109
Joystick direction: RIGHT
Error sending the data

Last Packet Send Status:	Delivery Fail
Robot state: 0
Robot x: 17
Robot y: 16
Weapon state: 0
Weapon speed: 1109
Joystick direction: NEUTRAL
Error sending the data

Last Packet Send Status:	Delivery Fail
Robot state: 0
Robot x: 5
Robot y: 4
Weapon state: 0
Weapon speed: 1107
Joystick direction: NEUTRAL
Error sending the data

Last Packet Send Status:	Delivery Fail
Robot state: 0
Robot x: -6
Robot y: -7
Weapon state: 0
Weapon speed: 1109
Joystick direction: NEUTRAL
Error sending the data

Last Packet Send Status:	Delivery Fail
Robot state: 0
Robot x: -18
Robot y: -19
Weapon state: 0
Weapon speed: 1107
Joystick direction: NEUTRAL
Error sending the data

Last Packet Send Status:	Delivery Fail
Robot state: 0
Robot x: -18
Robot y: -20
Weapon state: 0
Weapon speed: 1108
Joystick direction: FORWARD
Error sending the data

Last Packet Send Status:	Delivery Fail
Robot state: 0
Robot x: -19
Robot y: -20
Weapon state: 0
Weapon speed: 1107
Joystick direction: FORWARD
Error sending the data

Last Packet Send Status:	Delivery Fail
Robot state: 0
Robot x: -18
Robot y: -20
Weapon state: 0
Weapon speed: 1107
Joystick direction: FORWARD
Error sending the data

Last Packet Send Status:	Delivery Fail
Robot state: 0
Robot x: -18
Robot y: -20
Weapon state: 0
Weapon speed: 1108
Joystick direction: FORWARD
Error sending the data

Last Packet Send Status:	Delivery Fail
Robot state: 0
Robot x: -18
Robot y: -20
Weapon state: 0
Weapon speed: 1107
Joystick direction: FORWARD
Error sending the data

Last Packet Send Status:	Delivery Fail
Robot state: 0
Robot x: -18
Robot y: -20
Weapon state: 0
Weapon speed: 1105
Joystick direction: FORWARD
Error sending the data

Last Packet Send Status:	Delivery Fail
Robot state: 0
Robot x: -17
Robot y: -19
Weapon state: 0
Weapon speed: 1107
Joystick direction: NEUTRAL
Error sending the data

Last Packet Send Status:	Delivery Fail
Robot state: 0
Robot x: -17
Robot y: -19
Weapon state: 0
Weapon speed: 1110
Joystick direction: NEUTRAL
Error sending the data

Last Packet Send Status:	Delivery Fail
Robot state: 0
Robot x: -18
Robot y: -19
Weapon state: 0
Weapon speed: 1107
Joystick direction: NEUTRAL
Error sending the data

Last Packet Send Status:	Delivery Fail
Robot state: 0
Robot x: -18
Robot y: -19
Weapon state: 0
Weapon speed: 1107
Joystick direction: NEUTRAL
Error sending the data

Last Packet Send Status:	Delivery Fail
Robot state: 0
Robot x: -18
Robot y: -19
Weapon state: 0
Weapon speed: 1107
Joystick direction: NEUTRAL
Error sending the data

Last Packet Send Status:	Delivery Fail
Robot state: 0
Robot x: -18
Robot y: -19
Weapon state: 0
Weapon speed: 1108
Joystick direction: NEUTRAL
Error sending the data

Last Packet Send Status:	Delivery Fail
Robot state: 0
Robot x: -18
Robot y: -19
Weapon state: 0
Weapon speed: 1108
Joystick direction: NEUTRAL
Error sending the data

Last Packet Send Status:	Delivery Fail
Robot state: 0
Robot x: -18
Robot y: -19
Weapon state: 0
Weapon speed: 1107
Joystick direction: NEUTRAL
Error sending the data

Last Packet Send Status:	Delivery Fail
Robot state: 0
Robot x: -18
Robot y: -19
Weapon state: 0
Weapon speed: 1108
Joystick direction: NEUTRAL
Error sending the data

Last Packet Send Status:	Delivery Fail
Robot state: 0
Robot x: -18
Robot y: -19
Weapon state: 0
Weapon speed: 1107
Joystick direction: NEUTRAL
Error sending the data

Last Packet Send Status:	Delivery Fail
Robot state: 0
Robot x: -19
Robot y: -20
Weapon state: 0
Weapon speed: 1106
Joystick direction: FORWARD
Error sending the data

Last Packet Send Status:	Delivery Fail
Robot state: 0
Robot x: -19
Robot y: -20
Weapon state: 0
Weapon speed: 1107
Joystick direction: FORWARD
Error sending the data

Last Packet Send Status:	Delivery Fail
Robot state: 0
Robot x: -18
Robot y: -20
Weapon state: 0
Weapon speed: 1108
Joystick direction: FORWARD
Error sending the data

Last Packet Send Status:	Delivery Fail
Robot state: 0
Robot x: -18
Robot y: -20
Weapon state: 0
Weapon speed: 1106
Joystick direction: FORWARD
Error sending the data

Last Packet Send Status:	Delivery Fail
Robot state: 0
Robot x: -18
Robot y: -20
Weapon state: 0
Weapon speed: 1107
Joystick direction: FORWARD
Error sending the data

Last Packet Send Status:	Delivery Fail
Robot state: 0
Robot x: -18
Robot y: -20
Weapon state: 0
Weapon speed: 1110
Joystick direction: FORWARD
Error sending the data

Last Packet Send Status:	Delivery Fail
Robot state: 0
Robot x: -18
Robot y: -20
Weapon state: 0
Weapon speed: 1109
Joystick direction: FORWARD
Error sending the data

Last Packet Send Status:	Delivery Fail
Robot state: 0
Robot x: -18
Robot y: -20
Weapon state: 0
Weapon speed: 1104
Joystick direction: FORWARD
Error sending the data

Last Packet Send Status:	Delivery Fail
Robot state: 0
Robot x: -18
Robot y: -20
Weapon state: 0
Weapon speed: 1107
Joystick direction: FORWARD
Error sending the data

Last Packet Send Status:	Delivery Fail
Robot state: 0
Robot x: -19
Robot y: -21
Weapon state: 0
Weapon speed: 1110
Joystick direction: FORWARD
Error sending the data

Last Packet Send Status:	Delivery Fail
Robot state: 0
Robot x: -19
Robot y: -21
Weapon state: 0
Weapon speed: 1107
Joystick direction: FORWARD
Error sending the data

Last Packet Send Status:	Delivery Fail
Robot state: 0
Robot x: -19
Robot y: -20
Weapon state: 0
Weapon speed: 1106
Joystick direction: FORWARD
Error sending the data

Last Packet Send Status:	Delivery Fail
Robot state: 0
Robot x: -19
Robot y: -20
Weapon state: 0
Weapon speed: 1106
Joystick direction: FORWARD
Error sending the data

Last Packet Send Status:	Delivery Fail
Robot state: 0
Robot x: -19
Robot y: -20
Weapon state: 0
Weapon speed: 1109
Joystick direction: FORWARD
Error sending the data

Last Packet Send Status:	Delivery Fail
Robot state: 0
Robot x: -19
Robot y: -20
Weapon state: 0
Weapon speed: 1106
Joystick direction: FORWARD
Error sending the data

Last Packet Send Status:	Delivery Fail
Robot state: 0
Robot x: -19
Robot y: -20
Weapon state: 0
Weapon speed: 1106
Joystick direction: FORWARD
Error sending the data

Last Packet Send Status:	Delivery Fail
Robot state: 0
Robot x: -19
Robot y: -20
Weapon state: 0
Weapon speed: 1109
Joystick direction: FORWARD
Error sending the data

Last Packet Send Status:	Delivery Fail
Robot state: 0
Robot x: -19
Robot y: -20
Weapon state: 0
Weapon speed: 1107
Joystick direction: FORWARD
Error sending the data

Last Packet Send Status:	Delivery Fail
Robot state: 0
Robot x: -19
Robot y: -20
Weapon state: 0
Weapon speed: 1109
Joystick direction: FORWARD
Error sending the data

Last Packet Send Status:	Delivery Fail
Robot state: 0
Robot x: -19
Robot y: -20
Weapon state: 0
Weapon speed: 1109
Joystick direction: FORWARD
Error sending the data

Last Packet Send Status:	Delivery Fail
Robot state: 0
Robot x: -19
Robot y: -20
Weapon state: 0
Weapon speed: 1113
Joystick direction: FORWARD
Error sending the data

Last Packet Send Status:	Delivery Fail
Robot state: 0
Robot x: -19
Robot y: -21
Weapon state: 0
Weapon speed: 1110
Joystick direction: FORWARD
Error sending the data

Last Packet Send Status:	Delivery Fail
Robot state: 0
Robot x: -19
Robot y: -20
Weapon state: 0
Weapon speed: 1111
Joystick direction: FORWARD
Error sending the data

Last Packet Send Status:	Delivery Fail
Robot state: 0
Robot x: -19
Robot y: -20
Weapon state: 0
Weapon speed: 1110
Joystick direction: FORWARD
Error sending the data

Last Packet Send Status:	Delivery Fail
Robot state: 0
Robot x: -19
Robot y: -21
Weapon state: 0
Weapon speed: 1107
Joystick direction: FORWARD
Error sending the data

Last Packet Send Status:	Delivery Fail
Robot state: 0
Robot x: -19
Robot y: -21
Weapon state: 0
Weapon speed: 1107
Joystick direction: FORWARD
Error sending the data

Last Packet Send Status:	Delivery Fail
Robot state: 0
Robot x: -19
Robot y: -21
Weapon state: 0
Weapon speed: 1110
Joystick direction: FORWARD
Error sending the data

Last Packet Send Status:	Delivery Fail
Robot state: 0
Robot x: -19
Robot y: -21
Weapon state: 0
Weapon speed: 1110
Joystick direction: FORWARD
Error sending the data

Last Packet Send Status:	Delivery Fail
Robot state: 0
Robot x: -19
Robot y: -21
Weapon state: 0
Weapon speed: 1112
Joystick direction: FORWARD
Error sending the data

Last Packet Send Status:	Delivery Fail
Robot state: 0
Robot x: -19
Robot y: -21
Weapon state: 0
Weapon speed: 1107
Joystick direction: FORWARD
Error sending the data

Last Packet Send Status:	Delivery Fail
Robot state: 0
Robot x: -19
Robot y: -21
Weapon state: 0
Weapon speed: 1107
Joystick direction: FORWARD
Error sending the data

Last Packet Send Status:	Delivery Fail
Robot state: 0
Robot x: -19
Robot y: -21
Weapon state: 0
Weapon speed: 1107
Joystick direction: FORWARD
Error sending the data

Last Packet Send Status:	Delivery Fail
Robot state: 0
Robot x: -19
Robot y: -21
Weapon state: 0
Weapon speed: 1110
Joystick direction: FORWARD
Error sending the data

Last Packet Send Status:	Delivery Fail
Robot state: 0
Robot x: -19
Robot y: -21
Weapon state: 0
Weapon speed: 1111
Joystick direction: FORWARD
Error sending the data

Last Packet Send Status:	Delivery Fail
Robot state: 0
Robot x: -19
Robot y: -21
Weapon state: 0
Weapon speed: 1110
Joystick direction: FORWARD
Error sending the data

Last Packet Send Status:	Delivery Fail
Robot state: 0
Robot x: -19
Robot y: -21
Weapon state: 0
Weapon speed: 1110
Joystick direction: FORWARD
Error sending the data

Last Packet Send Status:	Delivery Fail
Robot state: 0
Robot x: -18
Robot y: -21
Weapon state: 0
Weapon speed: 1107
Joystick direction: FORWARD
Error sending the data

Last Packet Send Status:	Delivery Fail
Robot state: 0
Robot x: -18
Robot y: -21
Weapon state: 0
Weapon speed: 1106
Joystick direction: FORWARD
Error sending the data

Last Packet Send Status:	Delivery Fail
Robot state: 0
Robot x: -19
Robot y: -21
Weapon state: 0
Weapon speed: 1106
Joystick direction: FORWARD
Error sending the data

Last Packet Send Status:	Delivery Fail
Robot state: 0
Robot x: -19
Robot y: -21
Weapon state: 0
Weapon speed: 1105
Joystick direction: FORWARD
Error sending the data

Last Packet Send Status:	Delivery Fail
Robot state: 0
Robot x: -19
Robot y: -21
Weapon state: 0
Weapon speed: 1110
Joystick direction: FORWARD
Error sending the data

Last Packet Send Status:	Delivery Fail
Robot state: 0
Robot x: -19
Robot y: -21
Weapon state: 0
Weapon speed: 1105
Joystick direction: FORWARD
Error sending the data

Last Packet Send Status:	Delivery Fail
Robot state: 0
Robot x: -19
Robot y: -21
Weapon state: 0
Weapon speed: 1107
Joystick direction: FORWARD
Error sending the data

Last Packet Send Status:	Delivery Fail
Robot state: 0
Robot x: -19
Robot y: -21
Weapon state: 0
Weapon speed: 1109
Joystick direction: FORWARD
Error sending the data

Last Packet Send Status:	Delivery Fail
Robot state: 0
Robot x: -19
Robot y: -20
Weapon state: 0
Weapon speed: 1112
Joystick direction: FORWARD
Error sending the data

Last Packet Send Status:	Delivery Fail
Robot state: 0
Robot x: -19
Robot y: -20
Weapon state: 0
Weapon speed: 1110
Joystick direction: FORWARD
Error sending the data

Last Packet Send Status:	Delivery Fail
Robot state: 0
Robot x: -19
Robot y: -20
Weapon state: 0
Weapon speed: 1107
Joystick direction: FORWARD
Error sending the data

Last Packet Send Status:	Delivery Fail
Robot state: 0
Robot x: -19
Robot y: -20
Weapon state: 0
Weapon speed: 1107
Joystick direction: FORWARD
Error sending the data

Last Packet Send Status:	Delivery Fail
Robot state: 0
Robot x: -19
Robot y: -20
Weapon state: 0
Weapon speed: 1106
Joystick direction: FORWARD
Error sending the data

Last Packet Send Status:	Delivery Fail
Robot state: 0
Robot x: -19
Robot y: -20
Weapon state: 0
Weapon speed: 1109
Joystick direction: FORWARD
Error sending the data

Last Packet Send Status:	Delivery Fail
Robot state: 0
Robot x: -19
Robot y: -20
Weapon state: 0
Weapon speed: 1107
Joystick direction: FORWARD
Error sending the data

Last Packet Send Status:	Delivery Fail
Robot state: 0
Robot x: -19
Robot y: -20
Weapon state: 0
Weapon speed: 1105
Joystick direction: FORWARD
Error sending the data

Last Packet Send Status:	Delivery Fail
Robot state: 0
Robot x: -19
Robot y: -20
Weapon state: 0
Weapon speed: 1105
Joystick direction: FORWARD
Error sending the data

Last Packet Send Status:	Delivery Fail
Robot state: 0
Robot x: -19
Robot y: -20
Weapon state: 0
Weapon speed: 1106
Joystick direction: FORWARD
Error sending the data

Last Packet Send Status:	Delivery Fail
Robot state: 0
Robot x: -18
Robot y: -20
Weapon state: 0
Weapon speed: 1108
Joystick direction: FORWARD
Error sending the data

Last Packet Send Status:	Delivery Fail
Robot state: 0
Robot x: -18
Robot y: -20
Weapon state: 0
Weapon speed: 1109
Joystick direction: FORWARD
Error sending the data

Last Packet Send Status:	Delivery Fail
Robot state: 0
Robot x: -18
Robot y: -21
Weapon state: 0
Weapon speed: 1110
Joystick direction: FORWARD
Error sending the data

Last Packet Send Status:	Delivery Fail
Robot state: 0
Robot x: -18
Robot y: -21
Weapon state: 0
Weapon speed: 1109
Joystick direction: FORWARD
Error sending the data

Last Packet Send Status:	Delivery Fail
Robot state: 0
Robot x: -18
Robot y: -21
Weapon state: 0
Weapon speed: 1105
Joystick direction: FORWARD
Error sending the data

Last Packet Send Status:	Delivery Fail
Robot state: 0
Robot x: -18
Robot y: -21
Weapon state: 0
Weapon speed: 1107
Joystick direction: FORWARD
Error sending the data

Last Packet Send Status:	Delivery Fail
Robot state: 0
Robot x: -19
Robot y: -20
Weapon state: 0
Weapon speed: 1109
Joystick direction: FORWARD
Error sending the data

Last Packet Send Status:	Delivery Fail
Robot state: 0
Robot x: -19
Robot y: -20
Weapon state: 0
Weapon speed: 1109
Joystick direction: FORWARD
Error sending the data

Last Packet Send Status:	Delivery Fail
Robot state: 0
Robot x: -19
Robot y: -20
Weapon state: 0
Weapon speed: 1107
Joystick direction: FORWARD
Error sending the data

Last Packet Send Status:	Delivery Fail
Robot state: 0
Robot x: -19
Robot y: -20
Weapon state: 0
Weapon speed: 1107
Joystick direction: FORWARD
Error sending the data

Last Packet Send Status:	Delivery Fail
Robot state: 0
Robot x: -19
Robot y: -20
Weapon state: 0
Weapon speed: 1107
Joystick direction: FORWARD
Error sending the data

Last Packet Send Status:	Delivery Fail
Robot state: 0
Robot x: -19
Robot y: -20
Weapon state: 0
Weapon speed: 1107
Joystick direction: FORWARD
Error sending the data

Last Packet Send Status:	Delivery Fail
Robot state: 0
Robot x: -19
Robot y: -20
Weapon state: 0
Weapon speed: 1105
Joystick direction: FORWARD
Error sending the data

Last Packet Send Status:	Delivery Fail
Robot state: 0
Robot x: -19
Robot y: -20
Weapon state: 0
Weapon speed: 1107
Joystick direction: FORWARD
Error sending the data

Last Packet Send Status:	Delivery Fail
Robot state: 0
Robot x: -19
Robot y: -20
Weapon state: 0
Weapon speed: 1110
Joystick direction: FORWARD
Error sending the data

Last Packet Send Status:	Delivery Fail
Robot state: 0
Robot x: -19
Robot y: -20
Weapon state: 0
Weapon speed: 1109
Joystick direction: FORWARD
Error sending the data

Last Packet Send Status:	Delivery Fail
Robot state: 0
Robot x: -19
Robot y: -20
Weapon state: 0
Weapon speed: 1105
Joystick direction: FORWARD
Error sending the data

Last Packet Send Status:	Delivery Fail
Robot state: 0
Robot x: -19
Robot y: -20
Weapon state: 0
Weapon speed: 1107
Joystick direction: FORWARD
Error sending the data

Last Packet Send Status:	Delivery Fail
Robot state: 0
Robot x: -19
Robot y: -20
Weapon state: 0
Weapon speed: 1109
Joystick direction: FORWARD
Error sending the data

Last Packet Send Status:	Delivery Fail
Robot state: 0
Robot x: -19
Robot y: -20
Weapon state: 0
Weapon speed: 1109
Joystick direction: FORWARD
Error sending the data

Last Packet Send Status:	Delivery Fail
Robot state: 0
Robot x: -19
Robot y: -20
Weapon state: 0
Weapon speed: 1104
Joystick direction: FORWARD
Error sending the data

Last Packet Send Status:	Delivery Fail
Robot state: 0
Robot x: -19
Robot y: -20
Weapon state: 0
Weapon speed: 1110
Joystick direction: FORWARD
Error sending the data

Last Packet Send Status:	Delivery Fail
Robot state: 0
Robot x: -19
Robot y: -20
Weapon state: 0
Weapon speed: 1110
Joystick direction: FORWARD
Error sending the data

Last Packet Send Status:	Delivery Fail
Robot state: 0
Robot x: -19
Robot y: -20
Weapon state: 0
Weapon speed: 1108
Joystick direction: FORWARD
Error sending the data

Last Packet Send Status:	Delivery Fail
