Robot state: 0
Robot x: -20
Robot y: -20
Weapon state: 0
Weapon speed: 0
Joystick direction: NEUTRAL
Error sending the data

Last Packet Send Status:	Delivery Fail
Robot state: 0
Robot x: -40
Robot y: -40
Weapon state: 0
Weapon speed: 0
Joystick direction: NEUTRAL
Error sending the data

Last Packet Send Status:	Delivery Fail
Robot state: 0
Robot x: -60
Robot y: -60
Weapon state: 0
Weapon speed: 0
Joystick direction: NEUTRAL
Error sending the data

Last Packet Send Status:	Delivery Fail
Robot state: 0
Robot x: -80
Robot y: -80
Weapon state: 0
Weapon speed: 0
Joystick direction: NEUTRAL
Error sending the data

Last Packet Send Status:	Delivery Fail
Robot state: 0
Robot x: -100
Robot y: -100
Weapon state: 0
Weapon speed: 0
Joystick direction: NEUTRAL
Error sending the data

Last Packet Send Status:	Delivery Fail
Robot state: 0
Robot x: -100
Robot y: -100
Weapon state: 0
Weapon speed: 0
Joystick direction: NEUTRAL
Error sending the data

Last Packet Send Status:	Delivery Fail
Robot state: 0
Robot x: -100
Robot y: -100
Weapon state: 0
Weapon speed: 0
Joystick direction: NEUTRAL
Error sending the data

Last Packet Send Status:	Delivery Fail
Robot state: 0
Robot x: -100
Robot y: -100
Weapon state: 0
Weapon speed: 0
Joystick direction: NEUTRAL
Error sending the data

Last Packet Send Status:	Delivery Fail
Robot state: 0
Robot x: -100
Robot y: -100
Weapon state: 0
Weapon speed: 0
Joystick direction: NEUTRAL
Error sending the data

Last Packet Send Status:	Delivery Fail
Robot state: 0
Robot x: -100
Robot y: -100
Weapon state: 0
Weapon speed: 0
Joystick direction: NEUTRAL
Error sending the data

Last Packet Send Status:	Delivery Fail
Robot state: 0
Robot x: -100
Robot y: -100
Weapon state: 0
Weapon speed: 0
Joystick direction: NEUTRAL
Error sending the data

Last Packet Send Status:	Delivery Fail
Robot state: 0
Robot x: -100
Robot y: -100
Weapon state: 0
Weapon speed: 0
Joystick direction: NEUTRAL
Error sending the data

Last Packet Send Status:	Delivery Fail
Robot state: 0
Robot x: -100
Robot y: -100
Weapon state: 0
Weapon speed: 0
Joystick direction: NEUTRAL
Error sending the data

Last Packet Send Status:	Delivery Fail
Robot state: 0
Robot x: -100
Robot y: -100
Weapon state: 0
Weapon speed: 0
Joystick direction: NEUTRAL
Error sending the data

Last Packet Send Status:	Delivery Fail
Robot state: 0
Robot x: -100
Robot y: -100
Weapon state: 0
Weapon speed: 0
Joystick direction: NEUTRAL
Error sending the data

Last Packet Send Status:	Delivery Fail
Robot state: 0
Robot x: -100
Robot y: -100
Weapon state: 0
Weapon speed: 0
Joystick direction: NEUTRAL
Error sending the data

Last Packet Send Status:	Delivery Fail
Robot state: 0
Robot x: -100
Robot y: -100
Weapon state: 0
Weapon speed: 0
Joystick direction: NEUTRAL
Error sending the data

Last Packet Send Status:	Delivery Fail
Robot state: 0
Robot x: -100
Robot y: -100
Weapon state: 0
Weapon speed: 0
Joystick direction: NEUTRAL
Error sending the data

Last Packet Send Status:	Delivery Fail
Robot state: 0
Robot x: -100
Robot y: -100
Weapon state: 0
Weapon speed: 0
Joystick direction: NEUTRAL
Error sending the data

Last Packet Send Status:	Delivery Fail
Robot state: 0
Robot x: -100
Robot y: -100
Weapon state: 0
Weapon speed: 0
Joystick direction: NEUTRAL
Error sending the data

Last Packet Send Status:	Delivery Fail
Robot state: 0
Robot x: -100
Robot y: -100
Weapon state: 0
Weapon speed: 0
Joystick direction: NEUTRAL
Error sending the data

Last Packet Send Status:	Delivery Fail
Robot state: 0
Robot x: -100
Robot y: -100
Weapon state: 0
Weapon speed: 0
Joystick direction: NEUTRAL
Error sending the data

Last Packet Send Status:	Delivery Fail
Robot state: 0
Robot x: -100
Robot y: -100
Weapon state: 0
Weapon speed: 0
Joystick direction: NEUTRAL
Error sending the data

Last Packet Send Status:	Delivery Fail
Robot state: 0
Robot x: -100
Robot y: -100
Weapon state: 0
Weapon speed: 0
Joystick direction: NEUTRAL
Error sending the data

Last Packet Send Status:	Delivery Fail
Robot state: 0
Robot x: -100
Robot y: -100
Weapon state: 0
Weapon speed: 0
Joystick direction: NEUTRAL
Error sending the data

Last Packet Send Status:	Delivery Fail
Robot state: 0
Robot x: -100
Robot y: -100
Weapon state: 0
Weapon speed: 0
Joystick direction: NEUTRAL
Error sending the data

Last Packet Send Status:	Delivery Fail
Robot state: 0
Robot x: -100
Robot y: -100
Weapon state: 0
Weapon speed: 0
Joystick direction: NEUTRAL
Error sending the data

Last Packet Send Status:	Delivery Fail
Robot state: 0
Robot x: -100
Robot y: -100
Weapon state: 0
Weapon speed: 0
Joystick direction: NEUTRAL
Error sending the data

Last Packet Send Status:	Delivery Fail
Robot state: 0
Robot x: -100
Robot y: -100
Weapon state: 0
Weapon speed: 0
Joystick direction: NEUTRAL
Error sending the data

Last Packet Send Status:	Delivery Fail
Robot state: 0
Robot x: -100
Robot y: -100
Weapon state: 0
Weapon speed: 0
Joystick direction: NEUTRAL
Error sending the data

Last Packet Send Status:	Delivery Fail
Robot state: 0
Robot x: -100
Robot y: -100
Weapon state: 0
Weapon speed: 0
Joystick direction: NEUTRAL
Error sending the data

Last Packet Send Status:	Delivery Fail
Robot state: 0
Robot x: -100
Robot y: -100
Weapon state: 0
Weapon speed: 0
Joystick direction: NEUTRAL
Error sending the data

Last Packet Send Status:	Delivery Fail
Robot state: 0
Robot x: -100
Robot y: -100
Weapon state: 0
Weapon speed: 0
Joystick direction: NEUTRAL
Error sending the data

Last Packet Send Status:	Delivery Fail
Robot state: 0
Robot x: -100
Robot y: -100
Weapon state: 0
Weapon speed: 437
Joystick direction: NEUTRAL
Error sending the data

Last Packet Send Status:	Delivery Fail
Robot state: 0
Robot x: -100
Robot y: -100
Weapon state: 0
Weapon speed: 627
Joystick direction: NEUTRAL
Error sending the data

Last Packet Send Status:	Delivery Fail
Robot state: 0
Robot x: -100
Robot y: -100
Weapon state: 0
Weapon speed: 630
Joystick direction: NEUTRAL
Error sending the data

Last Packet Send Status:	Delivery Fail
Robot state: 0
Robot x: -100
Robot y: -100
Weapon state: 0
Weapon speed: 628
Joystick direction: NEUTRAL
Error sending the data

Last Packet Send Status:	Delivery Fail
Robot state: 0
Robot x: -100
Robot y: -100
Weapon state: 0
Weapon speed: 629
Joystick direction: NEUTRAL
Error sending the data

Last Packet Send Status:	Delivery Fail
Robot state: 0
Robot x: -100
Robot y: -100
Weapon state: 0
Weapon speed: 627
Joystick direction: NEUTRAL
Error sending the data

Last Packet Send Status:	Delivery Fail
Robot state: 0
Robot x: -100
Robot y: -100
Weapon state: 0
Weapon speed: 625
Joystick direction: NEUTRAL
Error sending the data

Last Packet Send Status:	Delivery Fail
Robot state: 0
Robot x: -100
Robot y: -100
Weapon state: 0
Weapon speed: 624
Joystick direction: NEUTRAL
Error sending the data

Last Packet Send Status:	Delivery Fail
Robot state: 0
Robot x: -100
Robot y: -100
Weapon state: 0
Weapon speed: 571
Joystick direction: NEUTRAL
Error sending the data

Last Packet Send Status:	Delivery Fail
Robot state: 0
Robot x: -100
Robot y: -100
Weapon state: 0
Weapon speed: 448
Joystick direction: NEUTRAL
Error sending the data

Last Packet Send Status:	Delivery Fail
Robot state: 0
Robot x: -100
Robot y: -100
Weapon state: 0
Weapon speed: 0
Joystick direction: NEUTRAL
Error sending the data

Last Packet Send Status:	Delivery Fail
Robot state: 0
Robot x: -100
Robot y: -100
Weapon state: 0
Weapon speed: 0
Joystick direction: NEUTRAL
Error sending the data

Last Packet Send Status:	Delivery Fail
Robot state: 0
Robot x: -100
Robot y: -100
Weapon state: 0
Weapon speed: 0
Joystick direction: NEUTRAL
Error sending the data

Last Packet Send Status:	Delivery Fail
Robot state: 0
Robot x: -100
Robot y: -100
Weapon state: 0
Weapon speed: 0
Joystick direction: NEUTRAL
Error sending the data

Last Packet Send Status:	Delivery Fail
Robot state: 0
Robot x: -100
Robot y: -100
Weapon state: 0
Weapon speed: 2
Joystick direction: NEUTRAL
Error sending the data

Last Packet Send Status:	Delivery Fail
Robot state: 0
Robot x: -100
Robot y: -100
Weapon state: 0
Weapon speed: 0
Joystick direction: NEUTRAL
Error sending the data

Last Packet Send Status:	Delivery Fail
Robot state: 0
Robot x: -100
Robot y: -100
Weapon state: 0
Weapon speed: 615
Joystick direction: NEUTRAL
Error sending the data

Last Packet Send Status:	Delivery Fail
Robot state: 0
Robot x: -100
Robot y: -100
Weapon state: 0
Weapon speed: 623
Joystick direction: NEUTRAL
Error sending the data

Last Packet Send Status:	Delivery Fail
Robot state: 0
Robot x: -100
Robot y: -100
Weapon state: 0
Weapon speed: 623
Joystick direction: NEUTRAL
Error sending the data

Last Packet Send Status:	Delivery Fail
Robot state: 0
Robot x: -100
Robot y: -100
Weapon state: 0
Weapon speed: 609
Joystick direction: NEUTRAL
Error sending the data

Last Packet Send Status:	Delivery Fail
Robot state: 0
Robot x: -100
Robot y: -100
Weapon state: 0
Weapon speed: 0
Joystick direction: NEUTRAL
Error sending the data

Last Packet Send Status:	Delivery Fail
Robot state: 0
Robot x: -100
Robot y: -100
Weapon state: 0
Weapon speed: 0
Joystick direction: NEUTRAL
Error sending the data

Last Packet Send Status:	Delivery Fail
Robot state: 0
Robot x: -100
Robot y: -100
Weapon state: 0
Weapon speed: 0
Joystick direction: NEUTRAL
Error sending the data

Last Packet Send Status:	Delivery Fail
Robot state: 0
Robot x: -100
Robot y: -100
Weapon state: 0
Weapon speed: 0
Joystick direction: NEUTRAL
Error sending the data

Last Packet Send Status:	Delivery Fail
Robot state: 0
Robot x: -100
Robot y: -100
Weapon state: 0
Weapon speed: 0
Joystick direction: NEUTRAL
Error sending the data

Last Packet Send Status:	Delivery Fail
Robot state: 0
Robot x: -100
Robot y: -100
Weapon state: 0
Weapon speed: 0
Joystick direction: NEUTRAL
Error sending the data

Last Packet Send Status:	Delivery Fail
Robot state: 0
Robot x: -100
Robot y: -100
Weapon state: 0
Weapon speed: 499
Joystick direction: NEUTRAL
Error sending the data

Last Packet Send Status:	Delivery Fail
Robot state: 0
Robot x: -100
Robot y: -100
Weapon state: 0
Weapon speed: 624
Joystick direction: NEUTRAL
Error sending the data

Last Packet Send Status:	Delivery Fail
Robot state: 0
Robot x: -100
Robot y: -100
Weapon state: 0
Weapon speed: 630
Joystick direction: NEUTRAL
Error sending the data

Last Packet Send Status:	Delivery Fail
Robot state: 0
Robot x: -100
Robot y: -100
Weapon state: 0
Weapon speed: 615
Joystick direction: NEUTRAL
Error sending the data

Last Packet Send Status:	Delivery Fail
Robot state: 0
Robot x: -100
Robot y: -100
Weapon state: 0
Weapon speed: 0
Joystick direction: NEUTRAL
Error sending the data

Last Packet Send Status:	Delivery Fail
Robot state: 0
Robot x: -100
Robot y: -100
Weapon state: 0
Weapon speed: 0
Joystick direction: NEUTRAL
Error sending the data

Last Packet Send Status:	Delivery Fail
Robot state: 0
Robot x: -100
Robot y: -100
Weapon state: 0
Weapon speed: 0
Joystick direction: NEUTRAL
Error sending the data

Last Packet Send Status:	Delivery Fail
Robot state: 0
Robot x: -100
Robot y: -100
Weapon state: 0
Weapon speed: 0
Joystick direction: NEUTRAL
Error sending the data

Last Packet Send Status:	Delivery Fail
Robot state: 0
Robot x: -100
Robot y: -100
Weapon state: 0
Weapon speed: 627
Joystick direction: NEUTRAL
Error sending the data

Last Packet Send Status:	Delivery Fail
Robot state: 0
Robot x: -100
Robot y: -100
Weapon state: 0
Weapon speed: 587
Joystick direction: NEUTRAL
Error sending the data

Last Packet Send Status:	Delivery Fail
Robot state: 0
Robot x: -100
Robot y: -100
Weapon state: 0
Weapon speed: 0
Joystick direction: NEUTRAL
Error sending the data

Last Packet Send Status:	Delivery Fail
Robot state: 0
Robot x: -100
Robot y: -100
Weapon state: 0
Weapon speed: 625
Joystick direction: NEUTRAL
Error sending the data

Last Packet Send Status:	Delivery Fail
Robot state: 0
Robot x: -100
Robot y: -100
Weapon state: 0
Weapon speed: 629
Joystick direction: NEUTRAL
Error sending the data

Last Packet Send Status:	Delivery Fail
Robot state: 0
Robot x: -100
Robot y: -100
Weapon state: 0
Weapon speed: 518
Joystick direction: NEUTRAL
Error sending the data

Last Packet Send Status:	Delivery Fail
Robot state: 0
Robot x: -100
Robot y: -100
Weapon state: 0
Weapon speed: 629
Joystick direction: NEUTRAL
Error sending the data

Last Packet Send Status:	Delivery Fail
Robot state: 0
Robot x: -100
Robot y: -100
Weapon state: 0
Weapon speed: 0
Joystick direction: NEUTRAL
Error sending the data

Last Packet Send Status:	Delivery Fail
Robot state: 0
Robot x: -100
Robot y: -100
Weapon state: 0
Weapon speed: 444
Joystick direction: NEUTRAL
Error sending the data

Last Packet Send Status:	Delivery Fail
Robot state: 0
Robot x: -100
Robot y: -100
Weapon state: 0
Weapon speed: 691
Joystick direction: NEUTRAL
Error sending the data

Last Packet Send Status:	Delivery Fail
Robot state: 0
Robot x: -100
Robot y: -100
Weapon state: 0
Weapon speed: 629
Joystick direction: NEUTRAL
Error sending the data

Last Packet Send Status:	Delivery Fail
Robot state: 0
Robot x: -100
Robot y: -100
Weapon state: 0
Weapon speed: 626
Joystick direction: NEUTRAL
Error sending the data

Last Packet Send Status:	Delivery Fail
Robot state: 0
Robot x: -100
Robot y: -100
Weapon state: 0
Weapon speed: 0
Joystick direction: NEUTRAL
Error sending the data

Last Packet Send Status:	Delivery Fail
Robot state: 0
Robot x: -100
Robot y: -100
Weapon state: 0
Weapon speed: 0
Joystick direction: NEUTRAL
Error sending the data

Last Packet Send Status:	Delivery Fail
Robot state: 0
Robot x: -100
Robot y: -100
Weapon state: 0
Weapon speed: 0
Joystick direction: NEUTRAL
Error sending the data

Last Packet Send Status:	Delivery Fail
Robot state: 0
Robot x: -100
Robot y: -100
Weapon state: 0
Weapon speed: 0
Joystick direction: NEUTRAL
Error sending the data

Last Packet Send Status:	Delivery Fail
Robot state: 0
Robot x: -100
Robot y: -100
Weapon state: 0
Weapon speed: 0
Joystick direction: NEUTRAL
Error sending the data

Last Packet Send Status:	Delivery Fail
Robot state: 0
Robot x: -100
Robot y: -100
Weapon state: 0
Weapon speed: 0
Joystick direction: NEUTRAL
Error sending the data

Last Packet Send Status:	Delivery Fail
Robot state: 0
Robot x: -100
Robot y: -100
Weapon state: 0
Weapon speed: 0
Joystick direction: NEUTRAL
Error sending the data

Last Packet Send Status:	Delivery Fail
Robot state: 0
Robot x: -100
Robot y: -100
Weapon state: 0
Weapon speed: 0
Joystick direction: NEUTRAL
Error sending the data

Last Packet Send Status:	Delivery Fail
Robot state: 0
Robot x: -100
Robot y: -100
Weapon state: 0
Weapon speed: 0
Joystick direction: NEUTRAL
Error sending the data

Last Packet Send Status:	Delivery Fail
Robot state: 0
Robot x: -100
Robot y: -100
Weapon state: 0
Weapon speed: 0
Joystick direction: NEUTRAL
Error sending the data

Last Packet Send Status:	Delivery Fail
Robot state: 0
Robot x: -100
Robot y: -100
Weapon state: 0
Weapon speed: 0
Joystick direction: NEUTRAL
Error sending the data

Last Packet Send Status:	Delivery Fail
Robot state: 0
Robot x: -100
Robot y: -100
Weapon state: 0
Weapon speed: 0
Joystick direction: NEUTRAL
Error sending the data

Last Packet Send Status:	Delivery Fail
Robot state: 0
Robot x: -100
Robot y: -100
Weapon state: 0
Weapon speed: 0
Joystick direction: NEUTRAL
Error sending the data

Last Packet Send Status:	Delivery Fail
Robot state: 0
Robot x: -100
Robot y: -100
Weapon state: 0
Weapon speed: 0
Joystick direction: NEUTRAL
Error sending the data

Last Packet Send Status:	Delivery Fail
Robot state: 0
Robot x: -100
Robot y: -100
Weapon state: 0
Weapon speed: 83
Joystick direction: NEUTRAL
Error sending the data

Last Packet Send Status:	Delivery Fail
Robot state: 0
Robot x: -100
Robot y: -100
Weapon state: 0
Weapon speed: 0
Joystick direction: NEUTRAL
Error sending the data

Last Packet Send Status:	Delivery Fail
Robot state: 0
Robot x: -100
Robot y: -100
Weapon state: 0
Weapon speed: 0
Joystick direction: NEUTRAL
Error sending the data

Last Packet Send Status:	Delivery Fail
Robot state: 0
Robot x: -100
Robot y: -100
Weapon state: 0
Weapon speed: 0
Joystick direction: NEUTRAL
Error sending the data

Last Packet Send Status:	Delivery Fail
Robot state: 0
Robot x: -100
Robot y: -100
Weapon state: 0
Weapon speed: 0
Joystick direction: NEUTRAL
Error sending the data

Last Packet Send Status:	Delivery Fail
Robot state: 0
Robot x: -100
Robot y: -100
Weapon state: 0
Weapon speed: 0
Joystick direction: NEUTRAL
Error sending the data

Last Packet Send Status:	Delivery Fail
Robot state: 0
Robot x: -100
Robot y: -100
Weapon state: 0
Weapon speed: 0
Joystick direction: NEUTRAL
Error sending the data

Last Packet Send Status:	Delivery Fail
Robot state: 0
Robot x: -100
Robot y: -100
Weapon state: 0
Weapon speed: 0
Joystick direction: NEUTRAL
Error sending the data

Last Packet Send Status:	Delivery Fail
Robot state: 0
Robot x: -100
Robot y: -100
Weapon state: 0
Weapon speed: 0
Joystick direction: NEUTRAL
Error sending the data

Last Packet Send Status:	Delivery Fail
Robot state: 0
Robot x: -100
Robot y: -100
Weapon state: 0
Weapon speed: 0
Joystick direction: NEUTRAL
Error sending the data

Last Packet Send Status:	Delivery Fail
Robot state: 0
Robot x: -100
Robot y: -100
Weapon state: 0
Weapon speed: 0
Joystick direction: NEUTRAL
Error sending the data

Last Packet Send Status:	Delivery Fail
Robot state: 0
Robot x: -100
Robot y: -100
Weapon state: 0
Weapon speed: 0
Joystick direction: NEUTRAL
Error sending the data

Last Packet Send Status:	Delivery Fail
Robot state: 0
Robot x: -100
Robot y: -100
Weapon state: 0
Weapon speed: 625
Joystick direction: NEUTRAL
Error sending the data

Last Packet Send Status:	Delivery Fail
Robot state: 0
Robot x: -100
Robot y: -100
Weapon state: 0
Weapon speed: 625
Joystick direction: NEUTRAL
Error sending the data

Last Packet Send Status:	Delivery Fail
Robot state: 0
Robot x: -100
Robot y: -100
Weapon state: 0
Weapon speed: 593
Joystick direction: NEUTRAL
Error sending the data

Last Packet Send Status:	Delivery Fail
Robot state: 0
Robot x: -100
Robot y: -100
Weapon state: 0
Weapon speed: 629
Joystick direction: NEUTRAL
Error sending the data

Last Packet Send Status:	Delivery Fail
Robot state: 0
Robot x: -100
Robot y: -100
Weapon state: 0
Weapon speed: 627
Joystick direction: NEUTRAL
Error sending the data

Last Packet Send Status:	Delivery Fail
Robot state: 0
Robot x: -100
Robot y: -100
Weapon state: 0
Weapon speed: 624
Joystick direction: NEUTRAL
Error sending the data

Last Packet Send Status:	Delivery Fail
Robot state: 0
Robot x: -100
Robot y: -100
Weapon state: 0
Weapon speed: 626
Joystick direction: NEUTRAL
Error sending the data

Last Packet Send Status:	Delivery Fail
Robot state: 0
Robot x: -100
Robot y: -100
Weapon state: 0
Weapon speed: 627
Joystick direction: NEUTRAL
Error sending the data

Last Packet Send Status:	Delivery Fail
Robot state: 0
Robot x: -100
Robot y: -100
Weapon state: 0
Weapon speed: 626
Joystick direction: NEUTRAL
Error sending the data

Last Packet Send Status:	Delivery Fail
Robot state: 0
Robot x: -100
Robot y: -100
Weapon state: 0
Weapon speed: 628
Joystick direction: NEUTRAL
Error sending the data

Last Packet Send Status:	Delivery Fail
Robot state: 0
Robot x: -100
Robot y: -100
Weapon state: 0
Weapon speed: 627
Joystick direction: NEUTRAL
Error sending the data

Last Packet Send Status:	Delivery Fail
Robot state: 0
Robot x: -100
Robot y: -100
Weapon state: 0
Weapon speed: 626
Joystick direction: NEUTRAL
Error sending the data

Last Packet Send Status:	Delivery Fail
Robot state: 0
Robot x: -100
Robot y: -100
Weapon state: 0
Weapon speed: 629
Joystick direction: NEUTRAL
Error sending the data

Last Packet Send Status:	Delivery Fail
Robot state: 0
Robot x: -100
Robot y: -100
Weapon state: 0
Weapon speed: 91
Joystick direction: NEUTRAL
Error sending the data

Last Packet Send Status:	Delivery Fail
Robot state: 0
Robot x: -100
Robot y: -100
Weapon state: 0
Weapon speed: 0
Joystick direction: NEUTRAL
Error sending the data

Last Packet Send Status:	Delivery Fail
Robot state: 0
Robot x: -100
Robot y: -100
Weapon state: 0
Weapon speed: 0
Joystick direction: NEUTRAL
Error sending the data

Last Packet Send Status:	Delivery Fail
Robot state: 0
Robot x: -100
Robot y: -100
Weapon state: 0
Weapon speed: 0
Joystick direction: NEUTRAL
Error sending the data

Last Packet Send Status:	Delivery Fail
Robot state: 0
Robot x: -100
Robot y: -100
Weapon state: 0
Weapon speed: 0
Joystick direction: NEUTRAL
Error sending the data

Last Packet Send Status:	Delivery Fail
Robot state: 0
Robot x: -100
Robot y: -100
Weapon state: 0
Weapon speed: 0
Joystick direction: NEUTRAL
Error sending the data

Last Packet Send Status:	Delivery Fail
Robot state: 0
Robot x: -100
Robot y: -100
Weapon state: 0
Weapon speed: 0
Joystick direction: NEUTRAL
Error sending the data

Last Packet Send Status:	Delivery Fail
Robot state: 0
Robot x: -100
Robot y: -100
Weapon state: 0
Weapon speed: 0
Joystick direction: NEUTRAL
Error sending the data

Last Packet Send Status:	Delivery Fail
Robot state: 0
Robot x: -100
Robot y: -100
Weapon state: 0
Weapon speed: 0
Joystick direction: NEUTRAL
Error sending the data

Last Packet Send Status:	Delivery Fail
Robot state: 0
Robot x: -100
Robot y: -100
Weapon state: 0
Weapon speed: 0
Joystick direction: NEUTRAL
Error sending the data

Last Packet Send Status:	Delivery Fail
Robot state: 0
Robot x: -100
Robot y: -100
Weapon state: 0
Weapon speed: 0
Joystick direction: NEUTRAL
Error sending the data

Last Packet Send Status:	Delivery Fail
Robot state: 0
Robot x: -100
Robot y: -100
Weapon state: 0
Weapon speed: 0
Joystick direction: NEUTRAL
Error sending the data

Last Packet Send Status:	Delivery Fail
Robot state: 0
Robot x: -100
Robot y: -100
Weapon state: 0
Weapon speed: 0
Joystick direction: NEUTRAL
Error sending the data

Last Packet Send Status:	Delivery Fail
Robot state: 0
Robot x: -100
Robot y: -100
Weapon state: 0
Weapon speed: 0
Joystick direction: NEUTRAL
Error sending the data

Last Packet Send Status:	Delivery Fail
Robot state: 0
Robot x: -100
Robot y: -100
Weapon state: 0
Weapon speed: 0
Joystick direction: NEUTRAL
Error sending the data

Last Packet Send Status:	Delivery Fail
Robot state: 0
Robot x: -100
Robot y: -100
Weapon state: 0
Weapon speed: 0
Joystick direction: NEUTRAL
Error sending the data

Last Packet Send Status:	Delivery Fail
Robot state: 0
Robot x: -100
Robot y: -100
Weapon state: 0
Weapon speed: 0
Joystick direction: NEUTRAL
Error sending the data

Last Packet Send Status:	Delivery Fail
Robot state: 0
Robot x: -100
Robot y: -100
Weapon state: 0
Weapon speed: 0
Joystick direction: NEUTRAL
Error sending the data

Last Packet Send Status:	Delivery Fail
Robot state: 0
Robot x: -100
Robot y: -100
Weapon state: 0
Weapon speed: 0
Joystick direction: NEUTRAL
Error sending the data

Last Packet Send Status:	Delivery Fail
Robot state: 0
Robot x: -100
Robot y: -100
Weapon state: 0
Weapon speed: 0
Joystick direction: NEUTRAL
Error sending the data

Last Packet Send Status:	Delivery Fail
Robot state: 0
Robot x: -100
Robot y: -100
Weapon state: 0
Weapon speed: 0
Joystick direction: NEUTRAL
Error sending the data

Last Packet Send Status:	Delivery Fail
Robot state: 0
Robot x: -100
Robot y: -100
Weapon state: 0
Weapon speed: 0
Joystick direction: NEUTRAL
Error sending the data

Last Packet Send Status:	Delivery Fail
Robot state: 0
Robot x: -100
Robot y: -100
Weapon state: 0
Weapon speed: 0
Joystick direction: NEUTRAL
Error sending the data

Last Packet Send Status:	Delivery Fail
Robot state: 0
Robot x: -100
Robot y: -100
Weapon state: 0
Weapon speed: 0
Joystick direction: NEUTRAL
Error sending the data

Last Packet Send Status:	Delivery Fail
Robot state: 0
Robot x: -100
Robot y: -100
Weapon state: 0
Weapon speed: 96
Joystick direction: NEUTRAL
Error sending the data

Last Packet Send Status:	Delivery Fail
Robot state: 0
Robot x: -100
Robot y: -100
Weapon state: 0
Weapon speed: 106
Joystick direction: NEUTRAL
Error sending the data

Last Packet Send Status:	Delivery Fail
Robot state: 0
Robot x: -100
Robot y: -100
Weapon state: 0
Weapon speed: 0
Joystick direction: NEUTRAL
Error sending the data

Last Packet Send Status:	Delivery Fail
Robot state: 0
Robot x: -100
Robot y: -100
Weapon state: 0
Weapon speed: 0
Joystick direction: NEUTRAL
Error sending the data

Last Packet Send Status:	Delivery Fail
Robot state: 0
Robot x: -100
Robot y: -100
Weapon state: 0
Weapon speed: 0
Joystick direction: NEUTRAL
Error sending the data

Last Packet Send Status:	Delivery Fail
Robot state: 0
Robot x: -100
Robot y: -100
Weapon state: 0
Weapon speed: 0
Joystick direction: NEUTRAL
Error sending the data

Last Packet Send Status:	Delivery Fail
Robot state: 0
Robot x: -100
Robot y: -100
Weapon state: 0
Weapon speed: 0
Joystick direction: NEUTRAL
Error sending the data

Last Packet Send Status:	Delivery Fail
Robot state: 0
Robot x: -100
Robot y: -100
Weapon state: 0
Weapon speed: 0
Joystick direction: NEUTRAL
Error sending the data

Last Packet Send Status:	Delivery Fail
Robot state: 0
Robot x: -100
Robot y: -100
Weapon state: 0
Weapon speed: 0
Joystick direction: NEUTRAL
Error sending the data

Last Packet Send Status:	Delivery Fail
Robot state: 0
Robot x: -100
Robot y: -100
Weapon state: 0
Weapon speed: 0
Joystick direction: NEUTRAL
Error sending the data

Last Packet Send Status:	Delivery Fail
Robot state: 0
Robot x: -100
Robot y: -100
Weapon state: 0
Weapon speed: 0
Joystick direction: NEUTRAL
Error sending the data

Last Packet Send Status:	Delivery Fail
Robot state: 0
Robot x: -100
Robot y: -100
Weapon state: 0
Weapon speed: 0
Joystick direction: NEUTRAL
Error sending the data

Last Packet Send Status:	Delivery Fail
Robot state: 0
Robot x: -100
Robot y: -100
Weapon state: 0
Weapon speed: 0
Joystick direction: NEUTRAL
Error sending the data

Last Packet Send Status:	Delivery Fail
Robot state: 0
Robot x: -100
Robot y: -100
Weapon state: 0
Weapon speed: 0
Joystick direction: NEUTRAL
Error sending the data

Last Packet Send Status:	Delivery Fail
Robot state: 0
Robot x: -100
Robot y: -100
Weapon state: 0
Weapon speed: 0
Joystick direction: NEUTRAL
Error sending the data

Last Packet Send Status:	Delivery Fail
Robot state: 0
Robot x: -100
Robot y: -100
Weapon state: 0
Weapon speed: 0
Joystick direction: NEUTRAL
Error sending the data

Last Packet Send Status:	Delivery Fail
Robot state: 0
Robot x: -100
Robot y: -100
Weapon state: 0
Weapon speed: 0
Joystick direction: NEUTRAL
Error sending the data

Last Packet Send Status:	Delivery Fail
Robot state: 0
Robot x: -100
Robot y: -100
Weapon state: 0
Weapon speed: 0
Joystick direction: NEUTRAL
Error sending the data

Last Packet Send Status:	Delivery Fail
Robot state: 0
Robot x: -100
Robot y: -100
Weapon state: 0
Weapon speed: 0
Joystick direction: NEUTRAL
Error sending the data

Last Packet Send Status:	Delivery Fail
Robot state: 0
Robot x: -100
Robot y: -100
Weapon state: 0
Weapon speed: 0
Joystick direction: NEUTRAL
Error sending the data

Last Packet Send Status:	Delivery Fail
Robot state: 0
Robot x: -100
Robot y: -100
Weapon state: 0
Weapon speed: 0
Joystick direction: NEUTRAL
Error sending the data

Last Packet Send Status:	Delivery Fail
Robot state: 0
Robot x: -100
Robot y: -100
Weapon state: 0
Weapon speed: 0
Joystick direction: NEUTRAL
Error sending the data

Last Packet Send Status:	Delivery Fail
Robot state: 0
Robot x: -100
Robot y: -100
Weapon state: 0
Weapon speed: 0
Joystick direction: NEUTRAL
Error sending the data

Last Packet Send Status:	Delivery Fail
Robot state: 0
Robot x: -100
Robot y: -100
Weapon state: 0
Weapon speed: 0
Joystick direction: NEUTRAL
Error sending the data

Last Packet Send Status:	Delivery Fail
Robot state: 0
Robot x: -100
Robot y: -100
Weapon state: 0
Weapon speed: 0
Joystick direction: NEUTRAL
Error sending the data

Last Packet Send Status:	Delivery Fail
Robot state: 0
Robot x: -100
Robot y: -100
Weapon state: 0
Weapon speed: 0
Joystick direction: NEUTRAL
Error sending the data

Last Packet Send Status:	Delivery Fail
Robot state: 0
Robot x: -100
Robot y: -100
Weapon state: 0
Weapon speed: 0
Joystick direction: NEUTRAL
Error sending the data

Last Packet Send Status:	Delivery Fail
Robot state: 0
Robot x: -100
Robot y: -100
Weapon state: 0
Weapon speed: 0
Joystick direction: NEUTRAL
Error sending the data

Last Packet Send Status:	Delivery Fail
Robot state: 0
Robot x: -100
Robot y: -100
Weapon state: 0
Weapon speed: 0
Joystick direction: NEUTRAL
Error sending the data

Last Packet Send Status:	Delivery Fail
Robot state: 0
Robot x: -100
Robot y: -100
Weapon state: 0
Weapon speed: 0
Joystick direction: NEUTRAL
Error sending the data

Last Packet Send Status:	Delivery Fail
Robot state: 0
Robot x: -100
Robot y: -100
Weapon state: 0
Weapon speed: 0
Joystick direction: NEUTRAL
Error sending the data

Last Packet Send Status:	Delivery Fail
Robot state: 0
Robot x: -100
Robot y: -100
Weapon state: 0
Weapon speed: 0
Joystick direction: NEUTRAL
Error sending the data

Last Packet Send Status:	Delivery Fail
Robot state: 0
Robot x: -100
Robot y: -100
Weapon state: 0
Weapon speed: 0
Joystick direction: NEUTRAL
Error sending the data

Last Packet Send Status:	Delivery Fail
Robot state: 0
Robot x: -100
Robot y: -100
Weapon state: 0
Weapon speed: 0
Joystick direction: NEUTRAL
Error sending the data

Last Packet Send Status:	Delivery Fail
Robot state: 0
Robot x: -100
Robot y: -100
Weapon state: 0
Weapon speed: 0
Joystick direction: NEUTRAL
Error sending the data

Last Packet Send Status:	Delivery Fail
Robot state: 0
Robot x: -100
Robot y: -100
Weapon state: 0
Weapon speed: 0
Joystick direction: NEUTRAL
Error sending the data

Last Packet Send Status:	Delivery Fail
Robot state: 0
Robot x: -100
Robot y: -100
Weapon state: 0
Weapon speed: 0
Joystick direction: NEUTRAL
Error sending the data

Last Packet Send Status:	Delivery Fail
Robot state: 0
Robot x: -100
Robot y: -100
Weapon state: 0
Weapon speed: 0
Joystick direction: NEUTRAL
Error sending the data

Last Packet Send Status:	Delivery Fail
Robot state: 0
Robot x: -100
Robot y: -100
Weapon state: 0
Weapon speed: 0
Joystick direction: NEUTRAL
Error sending the data

Last Packet Send Status:	Delivery Fail
Robot state: 0
Robot x: -100
Robot y: -100
Weapon state: 0
Weapon speed: 0
Joystick direction: NEUTRAL
Error sending the data

Last Packet Send Status:	Delivery Fail
Robot state: 0
Robot x: -100
Robot y: -100
Weapon state: 0
Weapon speed: 0
Joystick direction: NEUTRAL
Error sending the data

Last Packet Send Status:	Delivery Fail
Robot state: 0
Robot x: -100
Robot y: -100
Weapon state: 0
Weapon speed: 0
Joystick direction: NEUTRAL
Error sending the data

Last Packet Send Status:	Delivery Fail
Robot state: 0
Robot x: -100
Robot y: -100
Weapon state: 0
Weapon speed: 0
Joystick direction: NEUTRAL
Error sending the data

Last Packet Send Status:	Delivery Fail
Robot state: 0
Robot x: -100
Robot y: -100
Weapon state: 0
Weapon speed: 0
Joystick direction: NEUTRAL
Error sending the data

Last Packet Send Status:	Delivery Fail
Robot state: 0
Robot x: -100
Robot y: -100
Weapon state: 0
Weapon speed: 0
Joystick direction: NEUTRAL
Error sending the data

Last Packet Send Status:	Delivery Fail
Robot state: 0
Robot x: -100
Robot y: -100
Weapon state: 0
Weapon speed: 0
Joystick direction: NEUTRAL
Error sending the data

Last Packet Send Status:	Delivery Fail
Robot state: 0
Robot x: -100
Robot y: -100
Weapon state: 0
Weapon speed: 0
Joystick direction: NEUTRAL
Error sending the data

Last Packet Send Status:	Delivery Fail
Robot state: 0
Robot x: -100
Robot y: -100
Weapon state: 0
Weapon speed: 0
Joystick direction: NEUTRAL
Error sending the data

Last Packet Send Status:	Delivery Fail
Robot state: 0
Robot x: -100
Robot y: -100
Weapon state: 0
Weapon speed: 0
Joystick direction: NEUTRAL
Error sending the data

Last Packet Send Status:	Delivery Fail
Robot state: 0
Robot x: -100
Robot y: -100
Weapon state: 0
Weapon speed: 0
Joystick direction: NEUTRAL
Error sending the data

Last Packet Send Status:	Delivery Fail
Robot state: 0
Robot x: -100
Robot y: -100
Weapon state: 0
Weapon speed: 0
Joystick direction: NEUTRAL
Error sending the data

Last Packet Send Status:	Delivery Fail
Robot state: 0
Robot x: -100
Robot y: -100
Weapon state: 0
Weapon speed: 0
Joystick direction: NEUTRAL
Error sending the data

Last Packet Send Status:	Delivery Fail
Robot state: 0
Robot x: -100
Robot y: -100
Weapon state: 0
Weapon speed: 0
Joystick direction: NEUTRAL
Error sending the data

Last Packet Send Status:	Delivery Fail
Robot state: 0
Robot x: -100
Robot y: -100
Weapon state: 0
Weapon speed: 0
Joystick direction: NEUTRAL
Error sending the data

Last Packet Send Status:	Delivery Fail
Robot state: 0
Robot x: -100
Robot y: -100
Weapon state: 0
Weapon speed: 0
Joystick direction: NEUTRAL
Error sending the data

Last Packet Send Status:	Delivery Fail
Robot state: 0
Robot x: -100
Robot y: -100
Weapon state: 0
Weapon speed: 0
Joystick direction: NEUTRAL
Error sending the data

Last Packet Send Status:	Delivery Fail
Robot state: 0
Robot x: -100
Robot y: -100
Weapon state: 0
Weapon speed: 0
Joystick direction: NEUTRAL
Error sending the data

Last Packet Send Status:	Delivery Fail
Robot state: 0
Robot x: -100
Robot y: -100
Weapon state: 0
Weapon speed: 0
Joystick direction: NEUTRAL
Error sending the data

Last Packet Send Status:	Delivery Fail
Robot state: 0
Robot x: -100
Robot y: -100
Weapon state: 0
Weapon speed: 0
Joystick direction: NEUTRAL
Error sending the data

Last Packet Send Status:	Delivery Fail
Robot state: 0
Robot x: -100
Robot y: -100
Weapon state: 0
Weapon speed: 0
Joystick direction: NEUTRAL
Error sending the data

Last Packet Send Status:	Delivery Fail
Robot state: 0
Robot x: -100
Robot y: -100
Weapon state: 0
Weapon speed: 0
Joystick direction: NEUTRAL
Error sending the data

Last Packet Send Status:	Delivery Fail
Robot state: 0
Robot x: -100
Robot y: -100
Weapon state: 0
Weapon speed: 0
Joystick direction: NEUTRAL
Error sending the data

Last Packet Send Status:	Delivery Fail
Robot state: 0
Robot x: -100
Robot y: -100
Weapon state: 0
Weapon speed: 0
Joystick direction: NEUTRAL
Error sending the data

Last Packet Send Status:	Delivery Fail
Robot state: 0
Robot x: -100
Robot y: -100
Weapon state: 0
Weapon speed: 0
Joystick direction: NEUTRAL
Error sending the data

Last Packet Send Status:	Delivery Fail
Robot state: 0
Robot x: -100
Robot y: -100
Weapon state: 0
Weapon speed: 0
Joystick direction: NEUTRAL
Error sending the data

Last Packet Send Status:	Delivery Fail
Robot state: 0
Robot x: -100
Robot y: -100
Weapon state: 0
Weapon speed: 0
Joystick direction: NEUTRAL
Error sending the data

Last Packet Send Status:	Delivery Fail
Robot state: 0
Robot x: -100
Robot y: -100
Weapon state: 0
Weapon speed: 0
Joystick direction: NEUTRAL
Error sending the data

Last Packet Send Status:	Delivery Fail
Robot state: 0
Robot x: -100
Robot y: -100
Weapon state: 0
Weapon speed: 0
Joystick direction: NEUTRAL
Error sending the data

Last Packet Send Status:	Delivery Fail
Robot state: 0
Robot x: -100
Robot y: -100
Weapon state: 0
Weapon speed: 0
Joystick direction: NEUTRAL
Error sending the data

Last Packet Send Status:	Delivery Fail
Robot state: 0
Robot x: -100
Robot y: -100
Weapon state: 0
Weapon speed: 0
Joystick direction: NEUTRAL
Error sending the data

Last Packet Send Status:	Delivery Fail
Robot state: 0
Robot x: -100
Robot y: -100
Weapon state: 0
Weapon speed: 0
Joystick direction: NEUTRAL
Error sending the data

Last Packet Send Status:	Delivery Fail
Robot state: 0
Robot x: -100
Robot y: -100
Weapon state: 0
Weapon speed: 0
Joystick direction: NEUTRAL
Error sending the data

Last Packet Send Status:	Delivery Fail
Robot state: 0
Robot x: -100
Robot y: -100
Weapon state: 0
Weapon speed: 0
Joystick direction: NEUTRAL
Error sending the data

Last Packet Send Status:	Delivery Fail
Robot state: 0
Robot x: -100
Robot y: -100
Weapon state: 0
Weapon speed: 0
Joystick direction: NEUTRAL
Error sending the data

Last Packet Send Status:	Delivery Fail
Robot state: 0
Robot x: -100
Robot y: -100
Weapon state: 0
Weapon speed: 0
Joystick direction: NEUTRAL
Error sending the data

Last Packet Send Status:	Delivery Fail
Robot state: 0
Robot x: -100
Robot y: -100
Weapon state: 0
Weapon speed: 0
Joystick direction: NEUTRAL
Error sending the data

Last Packet Send Status:	Delivery Fail
Robot state: 0
Robot x: -100
Robot y: -100
Weapon state: 0
Weapon speed: 0
Joystick direction: NEUTRAL
Error sending the data

Last Packet Send Status:	Delivery Fail
Robot state: 0
Robot x: -100
Robot y: -100
Weapon state: 0
Weapon speed: 0
Joystick direction: NEUTRAL
Error sending the data

Last Packet Send Status:	Delivery Fail
Robot state: 0
Robot x: -100
Robot y: -100
Weapon state: 0
Weapon speed: 0
Joystick direction: NEUTRAL
Error sending the data

Last Packet Send Status:	Delivery Fail
Robot state: 0
Robot x: -100
Robot y: -100
Weapon state: 0
Weapon speed: 0
Joystick direction: NEUTRAL
Error sending the data

Last Packet Send Status:	Delivery Fail
Robot state: 0
Robot x: -100
Robot y: -100
Weapon state: 0
Weapon speed: 0
Joystick direction: NEUTRAL
Error sending the data

Last Packet Send Status:	Delivery Fail
Robot state: 0
Robot x: -100
Robot y: -100
Weapon state: 0
Weapon speed: 0
Joystick direction: NEUTRAL
Error sending the data

Last Packet Send Status:	Delivery Fail
Robot state: 0
Robot x: -100
Robot y: -100
Weapon state: 0
Weapon speed: 0
Joystick direction: NEUTRAL
Error sending the data

Last Packet Send Status:	Delivery Fail
Robot state: 0
Robot x: -100
Robot y: -100
Weapon state: 0
Weapon speed: 0
Joystick direction: NEUTRAL
Error sending the data

Last Packet Send Status:	Delivery Fail
Robot state: 0
Robot x: -100
Robot y: -100
Weapon state: 0
Weapon speed: 0
Joystick direction: NEUTRAL
Error sending the data

Last Packet Send Status:	Delivery Fail
Robot state: 0
Robot x: -100
Robot y: -100
Weapon state: 0
Weapon speed: 0
Joystick direction: NEUTRAL
Error sending the data

Last Packet Send Status:	Delivery Fail
Robot state: 0
Robot x: -100
Robot y: -100
Weapon state: 0
Weapon speed: 0
Joystick direction: NEUTRAL
Error sending the data

Last Packet Send Status:	Delivery Fail
Robot state: 0
Robot x: -100
Robot y: -100
Weapon state: 0
Weapon speed: 0
Joystick direction: NEUTRAL
Error sending the data

Last Packet Send Status:	Delivery Fail
Robot state: 0
Robot x: -100
Robot y: -100
Weapon state: 0
Weapon speed: 0
Joystick direction: NEUTRAL
Error sending the data

Last Packet Send Status:	Delivery Fail
Robot state: 0
Robot x: -100
Robot y: -100
Weapon state: 0
Weapon speed: 0
Joystick direction: NEUTRAL
Error sending the data

Last Packet Send Status:	Delivery Fail
Robot state: 0
Robot x: -100
Robot y: -100
Weapon state: 0
Weapon speed: 0
Joystick direction: NEUTRAL
Error sending the data

Last Packet Send Status:	Delivery Fail
Robot state: 0
Robot x: -100
Robot y: -100
Weapon state: 0
Weapon speed: 0
Joystick direction: NEUTRAL
Error sending the data

Last Packet Send Status:	Delivery Fail
Robot state: 0
Robot x: -100
Robot y: -100
Weapon state: 0
Weapon speed: 0
Joystick direction: NEUTRAL
Error sending the data

Last Packet Send Status:	Delivery Fail
Robot state: 0
Robot x: -100
Robot y: -100
Weapon state: 0
Weapon speed: 0
Joystick direction: NEUTRAL
Error sending the data

Last Packet Send Status:	Delivery Fail
Robot state: 0
Robot x: -100
Robot y: -100
Weapon state: 0
Weapon speed: 0
Joystick direction: NEUTRAL
Error sending the data

Last Packet Send Status:	Delivery Fail
Robot state: 0
Robot x: -100
Robot y: -100
Weapon state: 0
Weapon speed: 0
Joystick direction: NEUTRAL
Error sending the data

Last Packet Send Status:	Delivery Fail
Robot state: 0
Robot x: -100
Robot y: -100
Weapon state: 0
Weapon speed: 0
Joystick direction: NEUTRAL
Error sending the data

Last Packet Send Status:	Delivery Fail
Robot state: 0
Robot x: -100
Robot y: -100
Weapon state: 0
Weapon speed: 0
Joystick direction: NEUTRAL
Error sending the data

Last Packet Send Status:	Delivery Fail
Robot state: 0
Robot x: -100
Robot y: -100
Weapon state: 0
Weapon speed: 0
Joystick direction: NEUTRAL
Error sending the data

Last Packet Send Status:	Delivery Fail
Robot state: 0
Robot x: -100
Robot y: -100
Weapon state: 0
Weapon speed: 0
Joystick direction: NEUTRAL
Error sending the data

Last Packet Send Status:	Delivery Fail
Robot state: 0
Robot x: -100
Robot y: -100
Weapon state: 0
Weapon speed: 0
Joystick direction: NEUTRAL
Error sending the data

Last Packet Send Status:	Delivery Fail
Robot state: 0
Robot x: -100
Robot y: -100
Weapon state: 0
Weapon speed: 0
Joystick direction: NEUTRAL
Error sending the data

Last Packet Send Status:	Delivery Fail
Robot state: 0
Robot x: -100
Robot y: -100
Weapon state: 0
Weapon speed: 0
Joystick direction: NEUTRAL
Error sending the data

Last Packet Send Status:	Delivery Fail
Robot state: 0
Robot x: -100
Robot y: -100
Weapon state: 0
Weapon speed: 0
Joystick direction: NEUTRAL
Error sending the data

Last Packet Send Status:	Delivery Fail
Robot state: 0
Robot x: -100
Robot y: -100
Weapon state: 0
Weapon speed: 104
Joystick direction: NEUTRAL
Error sending the data

Last Packet Send Status:	Delivery Fail
Robot state: 0
Robot x: -100
Robot y: -100
Weapon state: 0
Weapon speed: 108
Joystick direction: NEUTRAL
Error sending the data

Last Packet Send Status:	Delivery Fail
Robot state: 0
Robot x: -100
Robot y: -100
Weapon state: 0
Weapon speed: 101
Joystick direction: NEUTRAL
Error sending the data

Last Packet Send Status:	Delivery Fail
Robot state: 0
Robot x: -100
Robot y: -100
Weapon state: 0
Weapon speed: 103
Joystick direction: NEUTRAL
Error sending the data

Last Packet Send Status:	Delivery Fail
Robot state: 0
Robot x: -100
Robot y: -100
Weapon state: 0
Weapon speed: 111
Joystick direction: NEUTRAL
Error sending the data

Last Packet Send Status:	Delivery Fail
Robot state: 0
Robot x: -100
Robot y: -100
Weapon state: 0
Weapon speed: 102
Joystick direction: NEUTRAL
Error sending the data

Last Packet Send Status:	Delivery Fail
Robot state: 0
Robot x: -100
Robot y: -100
Weapon state: 0
Weapon speed: 106
Joystick direction: NEUTRAL
Error sending the data

Last Packet Send Status:	Delivery Fail
Robot state: 0
Robot x: -100
Robot y: -100
Weapon state: 0
Weapon speed: 107
Joystick direction: NEUTRAL
Error sending the data

Last Packet Send Status:	Delivery Fail
Robot state: 0
Robot x: -100
Robot y: -100
Weapon state: 0
Weapon speed: 105
Joystick direction: NEUTRAL
Error sending the data

Last Packet Send Status:	Delivery Fail
Robot state: 0
Robot x: -100
Robot y: -100
Weapon state: 0
Weapon speed: 101
Joystick direction: NEUTRAL
Error sending the data

Last Packet Send Status:	Delivery Fail
Robot state: 0
Robot x: -100
Robot y: -100
Weapon state: 0
Weapon speed: 106
Joystick direction: NEUTRAL
Error sending the data

Last Packet Send Status:	Delivery Fail
Robot state: 0
Robot x: -100
Robot y: -100
Weapon state: 0
Weapon speed: 107
Joystick direction: NEUTRAL
Error sending the data

Last Packet Send Status:	Delivery Fail
Robot state: 0
Robot x: -100
Robot y: -100
Weapon state: 0
Weapon speed: 106
Joystick direction: NEUTRAL
Error sending the data

Last Packet Send Status:	Delivery Fail
Robot state: 0
Robot x: -100
Robot y: -100
Weapon state: 0
Weapon speed: 95
Joystick direction: NEUTRAL
Error sending the data

Last Packet Send Status:	Delivery Fail
Robot state: 0
Robot x: -100
Robot y: -100
Weapon state: 0
Weapon speed: 107
Joystick direction: NEUTRAL
Error sending the data

Last Packet Send Status:	Delivery Fail
Robot state: 0
Robot x: -100
Robot y: -100
Weapon state: 0
Weapon speed: 103
Joystick direction: NEUTRAL
Error sending the data

Last Packet Send Status:	Delivery Fail
Robot state: 0
Robot x: -100
Robot y: -100
Weapon state: 0
Weapon speed: 104
Joystick direction: NEUTRAL
Error sending the data

Last Packet Send Status:	Delivery Fail
Robot state: 0
Robot x: -100
Robot y: -100
Weapon state: 0
Weapon speed: 108
Joystick direction: NEUTRAL
Error sending the data

Last Packet Send Status:	Delivery Fail
Robot state: 0
Robot x: -100
Robot y: -100
Weapon state: 0
Weapon speed: 112
Joystick direction: NEUTRAL
Error sending the data

Last Packet Send Status:	Delivery Fail
Robot state: 0
Robot x: -100
Robot y: -100
Weapon state: 0
Weapon speed: 112
Joystick direction: NEUTRAL
Error sending the data

Last Packet Send Status:	Delivery Fail
Robot state: 0
Robot x: -100
Robot y: -100
Weapon state: 0
Weapon speed: 93
Joystick direction: NEUTRAL
Error sending the data

Last Packet Send Status:	Delivery Fail
Robot state: 0
Robot x: -100
Robot y: -100
Weapon state: 0
Weapon speed: 106
Joystick direction: NEUTRAL
Error sending the data

Last Packet Send Status:	Delivery Fail
Robot state: 0
Robot x: -100
Robot y: -100
Weapon state: 0
Weapon speed: 112
Joystick direction: NEUTRAL
Error sending the data

Last Packet Send Status:	Delivery Fail
Robot state: 0
Robot x: -100
Robot y: -100
Weapon state: 0
Weapon speed: 111
Joystick direction: NEUTRAL
Error sending the data

Last Packet Send Status:	Delivery Fail
Robot state: 0
Robot x: -100
Robot y: -100
Weapon state: 0
Weapon speed: 106
Joystick direction: NEUTRAL
Error sending the data

Last Packet Send Status:	Delivery Fail
Robot state: 0
Robot x: -100
Robot y: -100
Weapon state: 0
Weapon speed: 103
Joystick direction: NEUTRAL
Error sending the data

Last Packet Send Status:	Delivery Fail
Robot state: 0
Robot x: -100
Robot y: -100
Weapon state: 0
Weapon speed: 112
Joystick direction: NEUTRAL
Error sending the data

Last Packet Send Status:	Delivery Fail
Robot state: 0
Robot x: -100
Robot y: -100
Weapon state: 0
Weapon speed: 106
Joystick direction: NEUTRAL
Error sending the data

Last Packet Send Status:	Delivery Fail
Robot state: 0
Robot x: -100
Robot y: -100
Weapon state: 0
Weapon speed: 107
Joystick direction: NEUTRAL
Error sending the data

Last Packet Send Status:	Delivery Fail
Robot state: 0
Robot x: -100
Robot y: -100
Weapon state: 0
Weapon speed: 106
Joystick direction: NEUTRAL
Error sending the data

Last Packet Send Status:	Delivery Fail
Robot state: 0
Robot x: -100
Robot y: -100
Weapon state: 0
Weapon speed: 0
Joystick direction: NEUTRAL
Error sending the data

Last Packet Send Status:	Delivery Fail
Robot state: 0
Robot x: -100
Robot y: -100
Weapon state: 0
Weapon speed: 0
Joystick direction: NEUTRAL
Error sending the data

Last Packet Send Status:	Delivery Fail
Robot state: 0
Robot x: -100
Robot y: -100
Weapon state: 0
Weapon speed: 0
Joystick direction: NEUTRAL
Error sending the data

Last Packet Send Status:	Delivery Fail
Robot state: 0
Robot x: -100
Robot y: -100
Weapon state: 0
Weapon speed: 0
Joystick direction: NEUTRAL
Error sending the data

Last Packet Send Status:	Delivery Fail
Robot state: 0
Robot x: -100
Robot y: -100
Weapon state: 0
Weapon speed: 0
Joystick direction: NEUTRAL
Error sending the data

Last Packet Send Status:	Delivery Fail
Robot state: 0
Robot x: -100
Robot y: -100
Weapon state: 0
Weapon speed: 125
Joystick direction: NEUTRAL
Error sending the data

Last Packet Send Status:	Delivery Fail
Robot state: 0
Robot x: -100
Robot y: -100
Weapon state: 0
Weapon speed: 0
Joystick direction: NEUTRAL
Error sending the data

Last Packet Send Status:	Delivery Fail
Robot state: 0
Robot x: -100
Robot y: -100
Weapon state: 0
Weapon speed: 0
Joystick direction: NEUTRAL
Error sending the data

Last Packet Send Status:	Delivery Fail
Robot state: 0
Robot x: -100
Robot y: -100
Weapon state: 0
Weapon speed: 0
Joystick direction: NEUTRAL
Error sending the data

Last Packet Send Status:	Delivery Fail
Robot state: 0
Robot x: -100
Robot y: -100
Weapon state: 0
Weapon speed: 0
Joystick direction: NEUTRAL
Error sending the data

Last Packet Send Status:	Delivery Fail
Robot state: 0
Robot x: -100
Robot y: -100
Weapon state: 0
Weapon speed: 0
Joystick direction: NEUTRAL
Error sending the data

Last Packet Send Status:	Delivery Fail
Robot state: 0
Robot x: -100
Robot y: -100
Weapon state: 0
Weapon speed: 0
Joystick direction: NEUTRAL
Error sending the data

Last Packet Send Status:	Delivery Fail
Robot state: 0
Robot x: -100
Robot y: -100
Weapon state: 0
Weapon speed: 0
Joystick direction: NEUTRAL
Error sending the data

Last Packet Send Status:	Delivery Fail
Robot state: 0
Robot x: -100
Robot y: -100
Weapon state: 0
Weapon speed: 0
Joystick direction: NEUTRAL
Error sending the data

Last Packet Send Status:	Delivery Fail
Robot state: 0
Robot x: -100
Robot y: -100
Weapon state: 0
Weapon speed: 0
Joystick direction: NEUTRAL
Error sending the data

Last Packet Send Status:	Delivery Fail
Robot state: 0
Robot x: -100
Robot y: -100
Weapon state: 0
Weapon speed: 0
Joystick direction: NEUTRAL
Error sending the data

Last Packet Send Status:	Delivery Fail
Robot state: 0
Robot x: -100
Robot y: -100
Weapon state: 0
Weapon speed: 0
Joystick direction: NEUTRAL
Error sending the data

Last Packet Send Status:	Delivery Fail
Robot state: 0
Robot x: -100
Robot y: -100
Weapon state: 0
Weapon speed: 0
Joystick direction: NEUTRAL
Error sending the data

Last Packet Send Status:	Delivery Fail
Robot state: 0
Robot x: -100
Robot y: -100
Weapon state: 0
Weapon speed: 103
Joystick direction: NEUTRAL
Error sending the data

Last Packet Send Status:	Delivery Fail
Robot state: 0
Robot x: -100
Robot y: -100
Weapon state: 0
Weapon speed: 0
Joystick direction: NEUTRAL
Error sending the data

Last Packet Send Status:	Delivery Fail
Robot state: 0
Robot x: -100
Robot y: -100
Weapon state: 0
Weapon speed: 0
Joystick direction: NEUTRAL
Error sending the data

Last Packet Send Status:	Delivery Fail
Robot state: 0
Robot x: -100
Robot y: -100
Weapon state: 0
Weapon speed: 0
Joystick direction: NEUTRAL
Error sending the data

Last Packet Send Status:	Delivery Fail
Robot state: 0
Robot x: -100
Robot y: -100
Weapon state: 0
Weapon speed: 111
Joystick direction: NEUTRAL
Error sending the data

Last Packet Send Status:	Delivery Fail
Robot state: 0
Robot x: -100
Robot y: -100
Weapon state: 0
Weapon speed: 123
Joystick direction: NEUTRAL
Error sending the data

Last Packet Send Status:	Delivery Fail
Robot state: 0
Robot x: -100
Robot y: -100
Weapon state: 0
Weapon speed: 0
Joystick direction: NEUTRAL
Error sending the data
