Robot state: 0
Robot x: 10
Robot y: 10
Weapon state: 1
Weapon speed: 4095
Joystick direction: NEUTRAL
Error sending the data

Last Packet Send Status:	Delivery Fail
Robot state: 0
Robot x: 20
Robot y: 20
Weapon state: 1
Weapon speed: 4095
Joystick direction: NEUTRAL
Error sending the data

Last Packet Send Status:	Delivery Fail
Robot state: 0
Robot x: 30
Robot y: 30
Weapon state: 0
Weapon speed: 2857
Joystick direction: RIGHT
Error sending the data

Last Packet Send Status:	Delivery Fail
Robot state: 0
Robot x: 40
Robot y: 40
Weapon state: 0
Weapon speed: 2906
Joystick direction: RIGHT
Error sending the data

Last Packet Send Status:	Delivery Fail
Robot state: 0
Robot x: 50
Robot y: 50
Weapon state: 0
Weapon speed: 2911
Joystick direction: RIGHT
Error sending the data

Last Packet Send Status:	Delivery Fail
Robot state: 0
Robot x: 49
Robot y: 60
Weapon state: 0
Weapon speed: 1178
Joystick direction: BACKWARD
Error sending the data

Last Packet Send Status:	Delivery Fail
Robot state: 0
Robot x: 49
Robot y: 59
Weapon state: 0
Weapon speed: 1178
Joystick direction: BACKWARD
Error sending the data

Last Packet Send Status:	Delivery Fail
Robot state: 0
Robot x: 49
Robot y: 59
Weapon state: 0
Weapon speed: 1180
Joystick direction: BACKWARD
Error sending the data

Last Packet Send Status:	Delivery Fail
Robot state: 0
Robot x: 49
Robot y: 59
Weapon state: 0
Weapon speed: 1177
Joystick direction: BACKWARD
Error sending the data

Last Packet Send Status:	Delivery Fail
Robot state: 0
Robot x: 48
Robot y: 58
Weapon state: 0
Weapon speed: 1174
Joystick direction: BACKWARD
Error sending the data

Last Packet Send Status:	Delivery Fail
Robot state: 0
Robot x: 38
Robot y: 48
Weapon state: 0
Weapon speed: 1178
Joystick direction: BACKWARD
Error sending the data

Last Packet Send Status:	Delivery Fail
Robot state: 0
Robot x: 28
Robot y: 38
Weapon state: 0
Weapon speed: 1180
Joystick direction: BACKWARD
Error sending the data

Last Packet Send Status:	Delivery Fail
Robot state: 0
Robot x: 18
Robot y: 28
Weapon state: 0
Weapon speed: 1178
Joystick direction: NEUTRAL
Error sending the data

Last Packet Send Status:	Delivery Fail
Robot state: 0
Robot x: 8
Robot y: 17
Weapon state: 0
Weapon speed: 1178
Joystick direction: NEUTRAL
Error sending the data

Last Packet Send Status:	Delivery Fail
Robot state: 0
Robot x: -2
Robot y: 7
Weapon state: 0
Weapon speed: 1179
Joystick direction: NEUTRAL
Error sending the data

Last Packet Send Status:	Delivery Fail
Robot state: 0
Robot x: -2
Robot y: -2
Weapon state: 0
Weapon speed: 1182
Joystick direction: NEUTRAL
Error sending the data

Last Packet Send Status:	Delivery Fail
Robot state: 0
Robot x: -2
Robot y: -2
Weapon state: 0
Weapon speed: 1175
Joystick direction: NEUTRAL
Error sending the data

Last Packet Send Status:	Delivery Fail
Robot state: 0
Robot x: -2
Robot y: -3
Weapon state: 0
Weapon speed: 1180
Joystick direction: NEUTRAL
Error sending the data

Last Packet Send Status:	Delivery Fail
Robot state: 0
Robot x: -2
Robot y: -3
Weapon state: 0
Weapon speed: 1175
Joystick direction: NEUTRAL
Error sending the data

Last Packet Send Status:	Delivery Fail
Robot state: 0
Robot x: 8
Robot y: 7
Weapon state: 0
Weapon speed: 1651
Joystick direction: NEUTRAL
Error sending the data

Last Packet Send Status:	Delivery Fail
Robot state: 0
Robot x: 18
Robot y: 17
Weapon state: 0
Weapon speed: 1661
Joystick direction: NEUTRAL
Error sending the data

Last Packet Send Status:	Delivery Fail
Robot state: 0
Robot x: 18
Robot y: 17
Weapon state: 0
Weapon speed: 1184
Joystick direction: NEUTRAL
Error sending the data

Last Packet Send Status:	Delivery Fail
Robot state: 0
Robot x: 18
Robot y: 17
Weapon state: 0
Weapon speed: 1189
Joystick direction: NEUTRAL
Error sending the data

Last Packet Send Status:	Delivery Fail
Robot state: 0
Robot x: 18
Robot y: 17
Weapon state: 0
Weapon speed: 1188
Joystick direction: NEUTRAL
Error sending the data

Last Packet Send Status:	Delivery Fail
Robot state: 0
Robot x: 18
Robot y: 18
Weapon state: 0
Weapon speed: 1187
Joystick direction: NEUTRAL
Error sending the data

Last Packet Send Status:	Delivery Fail
Robot state: 0
Robot x: 18
Robot y: 18
Weapon state: 0
Weapon speed: 1186
Joystick direction: NEUTRAL
Error sending the data

Last Packet Send Status:	Delivery Fail
Robot state: 0
Robot x: 18
Robot y: 18
Weapon state: 0
Weapon speed: 1189
Joystick direction: NEUTRAL
Error sending the data

Last Packet Send Status:	Delivery Fail
Robot state: 0
Robot x: 18
Robot y: 18
Weapon state: 0
Weapon speed: 1187
Joystick direction: NEUTRAL
Error sending the data

Last Packet Send Status:	Delivery Fail
Robot state: 0
Robot x: 18
Robot y: 18
Weapon state: 0
Weapon speed: 1187
Joystick direction: NEUTRAL
Error sending the data

Last Packet Send Status:	Delivery Fail
Robot state: 0
Robot x: 8
Robot y: 8
Weapon state: 0
Weapon speed: 1186
Joystick direction: NEUTRAL
Error sending the data

Last Packet Send Status:	Delivery Fail
Robot state: 0
Robot x: -1
Robot y: -1
Weapon state: 0
Weapon speed: 1190
Joystick direction: NEUTRAL
Error sending the data

Last Packet Send Status:	Delivery Fail
Robot state: 0
Robot x: -1
Robot y: -1
Weapon state: 0
Weapon speed: 1191
Joystick direction: NEUTRAL
Error sending the data

Last Packet Send Status:	Delivery Fail
Robot state: 0
Robot x: -1
Robot y: -2
Weapon state: 0
Weapon speed: 1187
Joystick direction: NEUTRAL
Error sending the data

Last Packet Send Status:	Delivery Fail
Robot state: 0
Robot x: -1
Robot y: -2
Weapon state: 0
Weapon speed: 1191
Joystick direction: NEUTRAL
Error sending the data

Last Packet Send Status:	Delivery Fail
Robot state: 0
Robot x: -1
Robot y: -2
Weapon state: 0
Weapon speed: 1189
Joystick direction: NEUTRAL
Error sending the data

Last Packet Send Status:	Delivery Fail
Robot state: 0
Robot x: -1
Robot y: -2
Weapon state: 0
Weapon speed: 1190
Joystick direction: NEUTRAL
Error sending the data

Last Packet Send Status:	Delivery Fail
Robot state: 0
Robot x: -1
Robot y: -2
Weapon state: 0
Weapon speed: 1189
Joystick direction: NEUTRAL
Error sending the data

Last Packet Send Status:	Delivery Fail
Robot state: 0
Robot x: -1
Robot y: -2
Weapon state: 0
Weapon speed: 1187
Joystick direction: NEUTRAL
Error sending the data

Last Packet Send Status:	Delivery Fail
Robot state: 0
Robot x: -1
Robot y: -2
Weapon state: 0
Weapon speed: 1189
Joystick direction: NEUTRAL
Error sending the data

Last Packet Send Status:	Delivery Fail
Robot state: 0
Robot x: -1
Robot y: -2
Weapon state: 0
Weapon speed: 1189
Joystick direction: NEUTRAL
Error sending the data

Last Packet Send Status:	Delivery Fail
Robot state: 0
Robot x: -1
Robot y: -2
Weapon state: 0
Weapon speed: 1189
Joystick direction: NEUTRAL
Error sending the data

Last Packet Send Status:	Delivery Fail
Robot state: 0
Robot x: -1
Robot y: -2
Weapon state: 0
Weapon speed: 1187
Joystick direction: NEUTRAL
Error sending the data

Last Packet Send Status:	Delivery Fail
Robot state: 0
Robot x: -1
Robot y: -2
Weapon state: 0
Weapon speed: 1192
Joystick direction: NEUTRAL
Error sending the data

Last Packet Send Status:	Delivery Fail
Robot state: 0
Robot x: -1
Robot y: -2
Weapon state: 0
Weapon speed: 1189
Joystick direction: NEUTRAL
Error sending the data

Last Packet Send Status:	Delivery Fail
Robot state: 0
Robot x: -1
Robot y: -2
Weapon state: 0
Weapon speed: 1189
Joystick direction: NEUTRAL
Error sending the data

Last Packet Send Status:	Delivery Fail
Robot state: 0
Robot x: -1
Robot y: -2
Weapon state: 0
Weapon speed: 1187
Joystick direction: NEUTRAL
Error sending the data

Last Packet Send Status:	Delivery Fail
Robot state: 0
Robot x: -1
Robot y: -2
Weapon state: 0
Weapon speed: 1189
Joystick direction: NEUTRAL
Error sending the data

Last Packet Send Status:	Delivery Fail
Robot state: 0
Robot x: -1
Robot y: -2
Weapon state: 0
Weapon speed: 1188
Joystick direction: NEUTRAL
Error sending the data

Last Packet Send Status:	Delivery Fail
Robot state: 0
Robot x: -1
Robot y: -2
Weapon state: 0
Weapon speed: 1196
Joystick direction: NEUTRAL
Error sending the data

Last Packet Send Status:	Delivery Fail
Robot state: 0
Robot x: -1
Robot y: -2
Weapon state: 0
Weapon speed: 1191
Joystick direction: NEUTRAL
Error sending the data

Last Packet Send Status:	Delivery Fail
Robot state: 0
Robot x: -1
Robot y: -2
Weapon state: 0
Weapon speed: 1191
Joystick direction: NEUTRAL
Error sending the data

Last Packet Send Status:	Delivery Fail
Robot state: 0
Robot x: -1
Robot y: -2
Weapon state: 0
Weapon speed: 1187
Joystick direction: NEUTRAL
Error sending the data

Last Packet Send Status:	Delivery Fail
Robot state: 0
Robot x: -1
Robot y: -2
Weapon state: 0
Weapon speed: 1190
Joystick direction: NEUTRAL
Error sending the data

Last Packet Send Status:	Delivery Fail
Robot state: 0
Robot x: -1
Robot y: -2
Weapon state: 0
Weapon speed: 1190
Joystick direction: NEUTRAL
Error sending the data

Last Packet Send Status:	Delivery Fail
Robot state: 0
Robot x: -1
Robot y: -2
Weapon state: 0
Weapon speed: 1185
Joystick direction: NEUTRAL
Error sending the data

Last Packet Send Status:	Delivery Fail
Robot state: 0
Robot x: -1
Robot y: -2
Weapon state: 0
Weapon speed: 1186
Joystick direction: NEUTRAL
Error sending the data

Last Packet Send Status:	Delivery Fail
Robot state: 0
Robot x: -1
Robot y: -2
Weapon state: 0
Weapon speed: 1186
Joystick direction: NEUTRAL
Error sending the data

Last Packet Send Status:	Delivery Fail
Robot state: 0
Robot x: -1
Robot y: -2
Weapon state: 0
Weapon speed: 1188
Joystick direction: NEUTRAL
Error sending the data

Last Packet Send Status:	Delivery Fail
Robot state: 0
Robot x: -1
Robot y: -2
Weapon state: 0
Weapon speed: 1187
Joystick direction: NEUTRAL
Error sending the data

Last Packet Send Status:	Delivery Fail
Robot state: 0
Robot x: -1
Robot y: -2
Weapon state: 0
Weapon speed: 1189
Joystick direction: NEUTRAL
Error sending the data

Last Packet Send Status:	Delivery Fail
Robot state: 0
Robot x: -1
Robot y: -2
Weapon state: 0
Weapon speed: 1187
Joystick direction: NEUTRAL
Error sending the data

Last Packet Send Status:	Delivery Fail
Robot state: 0
Robot x: -1
Robot y: -2
Weapon state: 0
Weapon speed: 1190
Joystick direction: NEUTRAL
Error sending the data

Last Packet Send Status:	Delivery Fail
Robot state: 0
Robot x: -1
Robot y: -2
Weapon state: 0
Weapon speed: 1189
Joystick direction: NEUTRAL
Error sending the data

Last Packet Send Status:	Delivery Fail
Robot state: 0
Robot x: -1
Robot y: -2
Weapon state: 0
Weapon speed: 1188
Joystick direction: NEUTRAL
Error sending the data

Last Packet Send Status:	Delivery Fail
Robot state: 0
Robot x: -1
Robot y: -2
Weapon state: 0
Weapon speed: 1187
Joystick direction: NEUTRAL
Error sending the data

Last Packet Send Status:	Delivery Fail
Robot state: 0
Robot x: -1
Robot y: -2
Weapon state: 0
Weapon speed: 1189
Joystick direction: NEUTRAL
Error sending the data

Last Packet Send Status:	Delivery Fail
Robot state: 0
Robot x: 8
Robot y: 8
Weapon state: 0
Weapon speed: 1660
Joystick direction: NEUTRAL
Error sending the data

Last Packet Send Status:	Delivery Fail
Robot state: 0
Robot x: 10
Robot y: 9
Weapon state: 0
Weapon speed: 1175
Joystick direction: NEUTRAL
Error sending the data

Last Packet Send Status:	Delivery Fail
Robot state: 0
Robot x: 10
Robot y: 9
Weapon state: 0
Weapon speed: 1197
Joystick direction: NEUTRAL
Error sending the data

Last Packet Send Status:	Delivery Fail
Robot state: 0
Robot x: 10
Robot y: 9
Weapon state: 0
Weapon speed: 1185
Joystick direction: NEUTRAL
Error sending the data

Last Packet Send Status:	Delivery Fail
Robot state: 0
Robot x: 10
Robot y: 9
Weapon state: 0
Weapon speed: 1198
Joystick direction: NEUTRAL
Error sending the data

Last Packet Send Status:	Delivery Fail
Robot state: 0
Robot x: 10
Robot y: 9
Weapon state: 0
Weapon speed: 1187
Joystick direction: NEUTRAL
Error sending the data

Last Packet Send Status:	Delivery Fail
Robot state: 0
Robot x: 10
Robot y: 9
Weapon state: 0
Weapon speed: 1183
Joystick direction: NEUTRAL
Error sending the data

Last Packet Send Status:	Delivery Fail
Robot state: 0
Robot x: 10
Robot y: 9
Weapon state: 0
Weapon speed: 1184
Joystick direction: NEUTRAL
Error sending the data

Last Packet Send Status:	Delivery Fail
Robot state: 0
Robot x: 10
Robot y: 9
Weapon state: 0
Weapon speed: 1187
Joystick direction: NEUTRAL
Error sending the data

Last Packet Send Status:	Delivery Fail
Robot state: 0
Robot x: 10
Robot y: 9
Weapon state: 0
Weapon speed: 1198
Joystick direction: NEUTRAL
Error sending the data

Last Packet Send Status:	Delivery Fail
Robot state: 0
Robot x: 0
Robot y: 0
Weapon state: 0
Weapon speed: 1194
Joystick direction: NEUTRAL
Error sending the data

Last Packet Send Status:	Delivery Fail
Robot state: 0
Robot x: -1
Robot y: -2
Weapon state: 0
Weapon speed: 1191
Joystick direction: NEUTRAL
Error sending the data

Last Packet Send Status:	Delivery Fail
Robot state: 0
Robot x: -1
Robot y: -2
Weapon state: 0
Weapon speed: 1190
Joystick direction: NEUTRAL
Error sending the data

Last Packet Send Status:	Delivery Fail
Robot state: 0
Robot x: -1
Robot y: -2
Weapon state: 0
Weapon speed: 1180
Joystick direction: NEUTRAL
Error sending the data

Last Packet Send Status:	Delivery Fail
Robot state: 0
Robot x: -1
Robot y: -2
Weapon state: 0
Weapon speed: 1181
Joystick direction: NEUTRAL
Error sending the data

Last Packet Send Status:	Delivery Fail
Robot state: 0
Robot x: -1
Robot y: -2
Weapon state: 0
Weapon speed: 1178
Joystick direction: NEUTRAL
Error sending the data

Last Packet Send Status:	Delivery Fail
Robot state: 0
Robot x: -1
Robot y: -2
Weapon state: 0
Weapon speed: 1185
Joystick direction: NEUTRAL
Error sending the data

Last Packet Send Status:	Delivery Fail
Robot state: 0
Robot x: -1
Robot y: -2
Weapon state: 0
Weapon speed: 1185
Joystick direction: NEUTRAL
Error sending the data

Last Packet Send Status:	Delivery Fail
Robot state: 0
Robot x: -1
Robot y: -2
Weapon state: 0
Weapon speed: 1189
Joystick direction: NEUTRAL
Error sending the data

Last Packet Send Status:	Delivery Fail
Robot state: 0
Robot x: -1
Robot y: -2
Weapon state: 0
Weapon speed: 1200
Joystick direction: NEUTRAL
Error sending the data

Last Packet Send Status:	Delivery Fail
Robot state: 0
Robot x: -1
Robot y: -2
Weapon state: 0
Weapon speed: 1200
Joystick direction: NEUTRAL
Error sending the data

Last Packet Send Status:	Delivery Fail
Robot state: 0
Robot x: -1
Robot y: -2
Weapon state: 0
Weapon speed: 1200
Joystick direction: NEUTRAL
Error sending the data

Last Packet Send Status:	Delivery Fail
Robot state: 0
Robot x: -1
Robot y: -2
Weapon state: 0
Weapon speed: 1200
Joystick direction: NEUTRAL
Error sending the data

Last Packet Send Status:	Delivery Fail
Robot state: 0
Robot x: -1
Robot y: -2
Weapon state: 0
Weapon speed: 1200
Joystick direction: NEUTRAL
Error sending the data

Last Packet Send Status:	Delivery Fail
Robot state: 0
Robot x: -1
Robot y: -2
Weapon state: 0
Weapon speed: 1199
Joystick direction: NEUTRAL
Error sending the data

Last Packet Send Status:	Delivery Fail
Robot state: 0
Robot x: -1
Robot y: -1
Weapon state: 0
Weapon speed: 1200
Joystick direction: NEUTRAL
Error sending the data

Last Packet Send Status:	Delivery Fail
Robot state: 0
Robot x: 0
Robot y: -1
Weapon state: 0
Weapon speed: 1200
Joystick direction: NEUTRAL
Error sending the data

Last Packet Send Status:	Delivery Fail
Robot state: 0
Robot x: -1
Robot y: -1
Weapon state: 0
Weapon speed: 1197
Joystick direction: NEUTRAL
Error sending the data

Last Packet Send Status:	Delivery Fail
Robot state: 0
Robot x: -1
Robot y: -1
Weapon state: 0
Weapon speed: 1197
Joystick direction: NEUTRAL
Error sending the data

Last Packet Send Status:	Delivery Fail
Robot state: 0
Robot x: 0
Robot y: 0
Weapon state: 0
Weapon speed: 1183
Joystick direction: NEUTRAL
Error sending the data

Last Packet Send Status:	Delivery Fail
Robot state: 0
Robot x: 0
Robot y: 0
Weapon state: 0
Weapon speed: 1189
Joystick direction: NEUTRAL
Error sending the data

Last Packet Send Status:	Delivery Fail
Robot state: 0
Robot x: 0
Robot y: 0
Weapon state: 0
Weapon speed: 1188
Joystick direction: NEUTRAL
Error sending the data

Last Packet Send Status:	Delivery Fail
Robot state: 0
Robot x: 0
Robot y: 0
Weapon state: 0
Weapon speed: 1189
Joystick direction: NEUTRAL
Error sending the data

Last Packet Send Status:	Delivery Fail
Robot state: 0
Robot x: 0
Robot y: 0
Weapon state: 0
Weapon speed: 1189
Joystick direction: NEUTRAL
Error sending the data

Last Packet Send Status:	Delivery Fail
Robot state: 0
Robot x: 0
Robot y: 0
Weapon state: 0
Weapon speed: 1195
Joystick direction: NEUTRAL
Error sending the data

Last Packet Send Status:	Delivery Fail
Robot state: 0
Robot x: 0
Robot y: 4
Weapon state: 0
Weapon speed: 1199
Joystick direction: NEUTRAL
Error sending the data

Last Packet Send Status:	Delivery Fail
Robot state: 0
Robot x: 0
Robot y: 11
Weapon state: 0
Weapon speed: 1192
Joystick direction: NEUTRAL
Error sending the data

Last Packet Send Status:	Delivery Fail
Robot state: 0
Robot x: 0
Robot y: 20
Weapon state: 0
Weapon speed: 1194
Joystick direction: NEUTRAL
Error sending the data

Last Packet Send Status:	Delivery Fail
Robot state: 0
Robot x: 0
Robot y: 30
Weapon state: 0
Weapon speed: 1190
Joystick direction: BACKWARD
Error sending the data

Last Packet Send Status:	Delivery Fail
Robot state: 0
Robot x: -1
Robot y: 38
Weapon state: 0
Weapon speed: 1195
Joystick direction: BACKWARD
Error sending the data

Last Packet Send Status:	Delivery Fail
Robot state: 0
Robot x: -1
Robot y: 48
Weapon state: 0
Weapon speed: 1175
Joystick direction: BACKWARD
Error sending the data

Last Packet Send Status:	Delivery Fail
Robot state: 0
Robot x: -1
Robot y: 58
Weapon state: 0
Weapon speed: 1194
Joystick direction: BACKWARD
Error sending the data

Last Packet Send Status:	Delivery Fail
Robot state: 0
Robot x: -1
Robot y: 69
Weapon state: 0
Weapon speed: 1195
Joystick direction: BACKWARD
Error sending the data

Last Packet Send Status:	Delivery Fail
Robot state: 0
Robot x: -1
Robot y: 79
Weapon state: 0
Weapon speed: 1193
Joystick direction: BACKWARD
Error sending the data

Last Packet Send Status:	Delivery Fail
Robot state: 0
Robot x: -1
Robot y: 79
Weapon state: 0
Weapon speed: 1195
Joystick direction: BACKWARD
Error sending the data

Last Packet Send Status:	Delivery Fail
Robot state: 0
Robot x: -1
Robot y: 75
Weapon state: 0
Weapon speed: 1197
Joystick direction: BACKWARD
Error sending the data

Last Packet Send Status:	Delivery Fail
Robot state: 0
Robot x: -1
Robot y: 68
Weapon state: 0
Weapon speed: 1187
Joystick direction: BACKWARD
Error sending the data

Last Packet Send Status:	Delivery Fail
Robot state: 0
Robot x: -1
Robot y: 59
Weapon state: 0
Weapon speed: 1194
Joystick direction: BACKWARD
Error sending the data

Last Packet Send Status:	Delivery Fail
Robot state: 0
Robot x: -1
Robot y: 48
Weapon state: 0
Weapon speed: 1195
Joystick direction: BACKWARD
Error sending the data

Last Packet Send Status:	Delivery Fail
Robot state: 0
Robot x: -1
Robot y: 38
Weapon state: 0
Weapon speed: 1188
Joystick direction: BACKWARD
Error sending the data

Last Packet Send Status:	Delivery Fail
Robot state: 0
Robot x: -1
Robot y: 18
Weapon state: 0
Weapon speed: 1194
Joystick direction: NEUTRAL
Error sending the data

Last Packet Send Status:	Delivery Fail
Robot state: 0
Robot x: -1
Robot y: -1
Weapon state: 0
Weapon speed: 1194
Joystick direction: NEUTRAL
Error sending the data

Last Packet Send Status:	Delivery Fail
Robot state: 0
Robot x: -1
Robot y: -21
Weapon state: 0
Weapon speed: 1195
Joystick direction: NEUTRAL
Error sending the data

Last Packet Send Status:	Delivery Fail
Robot state: 0
Robot x: -1
Robot y: -41
Weapon state: 0
Weapon speed: 1195
Joystick direction: FORWARD
Error sending the data

Last Packet Send Status:	Delivery Fail
Robot state: 0
Robot x: -1
Robot y: -51
Weapon state: 0
Weapon speed: 1195
Joystick direction: FORWARD
Error sending the data

Last Packet Send Status:	Delivery Fail
Robot state: 0
Robot x: -1
Robot y: -60
Weapon state: 0
Weapon speed: 1196
Joystick direction: FORWARD
Error sending the data

Last Packet Send Status:	Delivery Fail
Robot state: 0
Robot x: -1
Robot y: -70
Weapon state: 0
Weapon speed: 1200
Joystick direction: FORWARD
Error sending the data

Last Packet Send Status:	Delivery Fail
Robot state: 0
Robot x: 0
Robot y: -80
Weapon state: 0
Weapon speed: 1204
Joystick direction: FORWARD
Error sending the data

Last Packet Send Status:	Delivery Fail
Robot state: 0
Robot x: 0
Robot y: -80
Weapon state: 0
Weapon speed: 1198
Joystick direction: FORWARD
Error sending the data

Last Packet Send Status:	Delivery Fail
Robot state: 0
Robot x: 0
Robot y: -80
Weapon state: 0
Weapon speed: 1198
Joystick direction: FORWARD
Error sending the data

Last Packet Send Status:	Delivery Fail
Robot state: 0
Robot x: 0
Robot y: -70
Weapon state: 0
Weapon speed: 1197
Joystick direction: FORWARD
Error sending the data

Last Packet Send Status:	Delivery Fail
Robot state: 0
Robot x: 0
Robot y: -60
Weapon state: 0
Weapon speed: 1190
Joystick direction: FORWARD
Error sending the data

Last Packet Send Status:	Delivery Fail
Robot state: 0
Robot x: -10
Robot y: -50
Weapon state: 0
Weapon speed: 1198
Joystick direction: FORWARD
Error sending the data

Last Packet Send Status:	Delivery Fail
Robot state: 0
Robot x: -20
Robot y: -40
Weapon state: 0
Weapon speed: 1196
Joystick direction: FORWARD
Error sending the data

Last Packet Send Status:	Delivery Fail
Robot state: 0
Robot x: -30
Robot y: -31
Weapon state: 0
Weapon speed: 1195
Joystick direction: FORWARD
Error sending the data

Last Packet Send Status:	Delivery Fail
Robot state: 0
Robot x: -40
Robot y: -21
Weapon state: 0
Weapon speed: 1194
Joystick direction: LEFT
Error sending the data

Last Packet Send Status:	Delivery Fail
Robot state: 0
Robot x: -50
Robot y: -11
Weapon state: 0
Weapon speed: 1191
Joystick direction: LEFT
Error sending the data

Last Packet Send Status:	Delivery Fail
Robot state: 0
Robot x: -60
Robot y: -1
Weapon state: 0
Weapon speed: 1195
Joystick direction: LEFT
Error sending the data

Last Packet Send Status:	Delivery Fail
Robot state: 0
Robot x: -70
Robot y: -1
Weapon state: 0
Weapon speed: 1194
Joystick direction: LEFT
Error sending the data

Last Packet Send Status:	Delivery Fail
Robot state: 0
Robot x: -80
Robot y: -1
Weapon state: 0
Weapon speed: 1194
Joystick direction: LEFT
Error sending the data

Last Packet Send Status:	Delivery Fail
Robot state: 0
Robot x: -80
Robot y: -1
Weapon state: 0
Weapon speed: 1187
Joystick direction: LEFT
Error sending the data

Last Packet Send Status:	Delivery Fail
Robot state: 0
Robot x: -80
Robot y: -1
Weapon state: 0
Weapon speed: 1185
Joystick direction: LEFT
Error sending the data

Last Packet Send Status:	Delivery Fail
Robot state: 0
Robot x: -70
Robot y: -1
Weapon state: 0
Weapon speed: 1189
Joystick direction: LEFT
Error sending the data

Last Packet Send Status:	Delivery Fail
Robot state: 0
Robot x: -52
Robot y: -1
Weapon state: 0
Weapon speed: 1187
Joystick direction: LEFT
Error sending the data

Last Packet Send Status:	Delivery Fail
Robot state: 0
Robot x: -32
Robot y: -2
Weapon state: 0
Weapon speed: 1187
Joystick direction: LEFT
Error sending the data

Last Packet Send Status:	Delivery Fail
Robot state: 0
Robot x: -12
Robot y: 1
Weapon state: 0
Weapon speed: 1338
Joystick direction: NEUTRAL
Error sending the data

Last Packet Send Status:	Delivery Fail
Robot state: 0
Robot x: 7
Robot y: 11
Weapon state: 0
Weapon speed: 2606
Joystick direction: NEUTRAL
Error sending the data

Last Packet Send Status:	Delivery Fail
Robot state: 0
Robot x: 27
Robot y: 22
Weapon state: 0
Weapon speed: 2655
Joystick direction: NEUTRAL
Error sending the data

Last Packet Send Status:	Delivery Fail
Robot state: 0
Robot x: 47
Robot y: 32
Weapon state: 0
Weapon speed: 2689
Joystick direction: RIGHT
Error sending the data

Last Packet Send Status:	Delivery Fail
Robot state: 0
Robot x: 67
Robot y: 42
Weapon state: 0
Weapon speed: 2685
Joystick direction: RIGHT
Error sending the data

Last Packet Send Status:	Delivery Fail
Robot state: 0
Robot x: 67
Robot y: 42
Weapon state: 0
Weapon speed: 1170
Joystick direction: RIGHT
Error sending the data

Last Packet Send Status:	Delivery Fail
Robot state: 0
Robot x: 66
Robot y: 42
Weapon state: 0
Weapon speed: 1171
Joystick direction: RIGHT
Error sending the data

Last Packet Send Status:	Delivery Fail
Robot state: 0
Robot x: 66
Robot y: 41
Weapon state: 0
Weapon speed: 1171
Joystick direction: RIGHT
Error sending the data

Last Packet Send Status:	Delivery Fail
Robot state: 0
Robot x: 58
Robot y: 41
Weapon state: 0
Weapon speed: 1170
Joystick direction: RIGHT
Error sending the data

Last Packet Send Status:	Delivery Fail
Robot state: 0
Robot x: 48
Robot y: 41
Weapon state: 0
Weapon speed: 1170
Joystick direction: RIGHT
Error sending the data

Last Packet Send Status:	Delivery Fail
Robot state: 0
Robot x: 40
Robot y: 38
Weapon state: 0
Weapon speed: 1167
Joystick direction: RIGHT
Error sending the data

Last Packet Send Status:	Delivery Fail
Robot state: 0
Robot x: 31
Robot y: 28
Weapon state: 0
Weapon speed: 1168
Joystick direction: RIGHT
Error sending the data

Last Packet Send Status:	Delivery Fail
Robot state: 0
Robot x: 21
Robot y: 17
Weapon state: 0
Weapon speed: 1168
Joystick direction: NEUTRAL
Error sending the data

Last Packet Send Status:	Delivery Fail
Robot state: 0
Robot x: 10
Robot y: 8
Weapon state: 0
Weapon speed: 1168
Joystick direction: NEUTRAL
Error sending the data

Last Packet Send Status:	Delivery Fail
Robot state: 0
Robot x: 0
Robot y: -2
Weapon state: 0
Weapon speed: 1168
Joystick direction: NEUTRAL
Error sending the data

Last Packet Send Status:	Delivery Fail
Robot state: 0
Robot x: 0
Robot y: -2
Weapon state: 0
Weapon speed: 1168
Joystick direction: NEUTRAL
Error sending the data

Last Packet Send Status:	Delivery Fail
Robot state: 0
Robot x: 0
Robot y: -2
Weapon state: 0
Weapon speed: 1169
Joystick direction: NEUTRAL
Error sending the data

Last Packet Send Status:	Delivery Fail
Robot state: 0
Robot x: 0
Robot y: -2
Weapon state: 0
Weapon speed: 1170
Joystick direction: NEUTRAL
Error sending the data

Last Packet Send Status:	Delivery Fail
Robot state: 0
Robot x: 0
Robot y: -2
Weapon state: 0
Weapon speed: 1170
Joystick direction: NEUTRAL
Error sending the data

Last Packet Send Status:	Delivery Fail
Robot state: 0
Robot x: 0
Robot y: -2
Weapon state: 0
Weapon speed: 1175
Joystick direction: NEUTRAL
Error sending the data

Last Packet Send Status:	Delivery Fail
Robot state: 0
Robot x: -1
Robot y: -2
Weapon state: 0
Weapon speed: 1173
Joystick direction: NEUTRAL
Error sending the data

Last Packet Send Status:	Delivery Fail
Robot state: 0
Robot x: -2
Robot y: -3
Weapon state: 0
Weapon speed: 1175
Joystick direction: NEUTRAL
Error sending the data

Last Packet Send Status:	Delivery Fail
Robot state: 0
Robot x: -2
Robot y: -3
Weapon state: 0
Weapon speed: 1174
Joystick direction: NEUTRAL
Error sending the data

Last Packet Send Status:	Delivery Fail
Robot state: 0
Robot x: -2
Robot y: -3
Weapon state: 0
Weapon speed: 1171
Joystick direction: NEUTRAL
Error sending the data

Last Packet Send Status:	Delivery Fail
Robot state: 0
Robot x: -2
Robot y: -3
Weapon state: 0
Weapon speed: 1173
Joystick direction: NEUTRAL
Error sending the data

Last Packet Send Status:	Delivery Fail
Robot state: 0
Robot x: -2
Robot y: -3
Weapon state: 0
Weapon speed: 1171
Joystick direction: NEUTRAL
Error sending the data

Last Packet Send Status:	Delivery Fail
Robot state: 0
Robot x: -2
Robot y: -3
Weapon state: 0
Weapon speed: 1169
Joystick direction: NEUTRAL
Error sending the data

Last Packet Send Status:	Delivery Fail
Robot state: 0
Robot x: -2
Robot y: -3
Weapon state: 0
Weapon speed: 1173
Joystick direction: NEUTRAL
Error sending the data

Last Packet Send Status:	Delivery Fail
Robot state: 0
Robot x: -2
Robot y: -3
Weapon state: 0
Weapon speed: 1171
Joystick direction: NEUTRAL
Error sending the data

Last Packet Send Status:	Delivery Fail
Robot state: 0
Robot x: -2
Robot y: -3
Weapon state: 0
Weapon speed: 1170
Joystick direction: NEUTRAL
Error sending the data

Last Packet Send Status:	Delivery Fail
Robot state: 0
Robot x: -2
Robot y: -3
Weapon state: 0
Weapon speed: 1175
Joystick direction: NEUTRAL
Error sending the data

Last Packet Send Status:	Delivery Fail
Robot state: 0
Robot x: -2
Robot y: -4
Weapon state: 0
Weapon speed: 1172
Joystick direction: NEUTRAL
Error sending the data

Last Packet Send Status:	Delivery Fail
Robot state: 0
Robot x: -2
Robot y: -4
Weapon state: 0
Weapon speed: 1154
Joystick direction: NEUTRAL
Error sending the data

Last Packet Send Status:	Delivery Fail
Robot state: 0
Robot x: -2
Robot y: -4
Weapon state: 0
Weapon speed: 1169
Joystick direction: NEUTRAL
Error sending the data

Last Packet Send Status:	Delivery Fail
Robot state: 0
Robot x: -2
Robot y: -4
Weapon state: 0
Weapon speed: 1171
Joystick direction: NEUTRAL
Error sending the data

Last Packet Send Status:	Delivery Fail
Robot state: 0
Robot x: -2
Robot y: -4
Weapon state: 0
Weapon speed: 1169
Joystick direction: NEUTRAL
Error sending the data

Last Packet Send Status:	Delivery Fail
Robot state: 0
Robot x: -2
Robot y: -4
Weapon state: 0
Weapon speed: 1173
Joystick direction: NEUTRAL
Error sending the data

Last Packet Send Status:	Delivery Fail
Robot state: 0
Robot x: -2
Robot y: -4
Weapon state: 0
Weapon speed: 1172
Joystick direction: NEUTRAL
Error sending the data

Last Packet Send Status:	Delivery Fail
Robot state: 0
Robot x: -2
Robot y: -4
Weapon state: 0
Weapon speed: 1171
Joystick direction: NEUTRAL
Error sending the data

Last Packet Send Status:	Delivery Fail
Robot state: 0
Robot x: -2
Robot y: -4
Weapon state: 0
Weapon speed: 1171
Joystick direction: NEUTRAL
Error sending the data

Last Packet Send Status:	Delivery Fail
Robot state: 0
Robot x: -2
Robot y: -4
Weapon state: 0
Weapon speed: 1172
Joystick direction: NEUTRAL
Error sending the data

Last Packet Send Status:	Delivery Fail
Robot state: 0
Robot x: -2
Robot y: -4
Weapon state: 0
Weapon speed: 1170
Joystick direction: NEUTRAL
Error sending the data

Last Packet Send Status:	Delivery Fail
Robot state: 0
Robot x: -2
Robot y: -4
Weapon state: 0
Weapon speed: 1174
Joystick direction: NEUTRAL
Error sending the data

Last Packet Send Status:	Delivery Fail
Robot state: 0
Robot x: -2
Robot y: -4
Weapon state: 0
Weapon speed: 1171
Joystick direction: NEUTRAL
Error sending the data

Last Packet Send Status:	Delivery Fail
Robot state: 0
Robot x: -2
Robot y: -3
Weapon state: 0
Weapon speed: 1171
Joystick direction: NEUTRAL
Error sending the data

Last Packet Send Status:	Delivery Fail
Robot state: 0
Robot x: -2
Robot y: -3
Weapon state: 0
Weapon speed: 1173
Joystick direction: NEUTRAL
Error sending the data

Last Packet Send Status:	Delivery Fail
Robot state: 0
Robot x: -2
Robot y: -3
Weapon state: 0
Weapon speed: 1173
Joystick direction: NEUTRAL
Error sending the data

Last Packet Send Status:	Delivery Fail
Robot state: 0
Robot x: -2
Robot y: -3
Weapon state: 0
Weapon speed: 1171
Joystick direction: NEUTRAL
Error sending the data

Last Packet Send Status:	Delivery Fail
Robot state: 0
Robot x: -2
Robot y: -3
Weapon state: 0
Weapon speed: 1172
Joystick direction: NEUTRAL
Error sending the data

Last Packet Send Status:	Delivery Fail
Robot state: 0
Robot x: -2
Robot y: -3
Weapon state: 0
Weapon speed: 1171
Joystick direction: NEUTRAL
Error sending the data

Last Packet Send Status:	Delivery Fail
Robot state: 0
Robot x: -3
Robot y: -3
Weapon state: 0
Weapon speed: 1171
Joystick direction: NEUTRAL
Error sending the data

Last Packet Send Status:	Delivery Fail
Robot state: 0
Robot x: -2
Robot y: -3
Weapon state: 0
Weapon speed: 1173
Joystick direction: NEUTRAL
Error sending the data

Last Packet Send Status:	Delivery Fail
Robot state: 0
Robot x: -2
Robot y: -3
Weapon state: 0
Weapon speed: 1169
Joystick direction: NEUTRAL
Error sending the data

Last Packet Send Status:	Delivery Fail
Robot state: 0
Robot x: -2
Robot y: -3
Weapon state: 0
Weapon speed: 1169
Joystick direction: NEUTRAL
Error sending the data

Last Packet Send Status:	Delivery Fail
Robot state: 0
Robot x: -3
Robot y: -3
Weapon state: 0
Weapon speed: 1171
Joystick direction: NEUTRAL
Error sending the data

Last Packet Send Status:	Delivery Fail
Robot state: 0
Robot x: -3
Robot y: -3
Weapon state: 0
Weapon speed: 1171
Joystick direction: NEUTRAL
Error sending the data

Last Packet Send Status:	Delivery Fail
Robot state: 0
Robot x: -3
Robot y: -3
Weapon state: 0
Weapon speed: 1170
Joystick direction: NEUTRAL
Error sending the data

Last Packet Send Status:	Delivery Fail
Robot state: 0
Robot x: -3
Robot y: -3
Weapon state: 0
Weapon speed: 1171
Joystick direction: NEUTRAL
Error sending the data

Last Packet Send Status:	Delivery Fail
Robot state: 0
Robot x: -3
Robot y: -3
Weapon state: 0
Weapon speed: 1170
Joystick direction: NEUTRAL
Error sending the data

Last Packet Send Status:	Delivery Fail
Robot state: 0
Robot x: -3
Robot y: -4
Weapon state: 0
Weapon speed: 1171
Joystick direction: NEUTRAL
Error sending the data

Last Packet Send Status:	Delivery Fail
Robot state: 0
Robot x: -3
Robot y: -4
Weapon state: 0
Weapon speed: 1171
Joystick direction: NEUTRAL
Error sending the data

Last Packet Send Status:	Delivery Fail
Robot state: 0
Robot x: -2
Robot y: -4
Weapon state: 0
Weapon speed: 1171
Joystick direction: NEUTRAL
Error sending the data

Last Packet Send Status:	Delivery Fail
Robot state: 0
Robot x: -2
Robot y: -4
Weapon state: 0
Weapon speed: 1171
Joystick direction: NEUTRAL
Error sending the data

Last Packet Send Status:	Delivery Fail
Robot state: 0
Robot x: -2
Robot y: -4
Weapon state: 0
Weapon speed: 1171
Joystick direction: NEUTRAL
Error sending the data

Last Packet Send Status:	Delivery Fail
Robot state: 0
Robot x: -2
Robot y: -4
Weapon state: 0
Weapon speed: 1173
Joystick direction: NEUTRAL
Error sending the data

Last Packet Send Status:	Delivery Fail
Robot state: 0
Robot x: -2
Robot y: -4
Weapon state: 0
Weapon speed: 1174
Joystick direction: NEUTRAL
Error sending the data

Last Packet Send Status:	Delivery Fail
Robot state: 0
Robot x: -2
Robot y: -4
Weapon state: 0
Weapon speed: 1171
Joystick direction: NEUTRAL
Error sending the data

Last Packet Send Status:	Delivery Fail
Robot state: 0
Robot x: -2
Robot y: -4
Weapon state: 0
Weapon speed: 1174
Joystick direction: NEUTRAL
Error sending the data

Last Packet Send Status:	Delivery Fail
Robot state: 0
Robot x: -2
Robot y: -4
Weapon state: 0
Weapon speed: 1171
Joystick direction: NEUTRAL
Error sending the data

Last Packet Send Status:	Delivery Fail
Robot state: 0
Robot x: -2
Robot y: -4
Weapon state: 0
Weapon speed: 1173
Joystick direction: NEUTRAL
Error sending the data

Last Packet Send Status:	Delivery Fail
Robot state: 0
Robot x: -2
Robot y: -3
Weapon state: 0
Weapon speed: 1172
Joystick direction: NEUTRAL
Error sending the data

Last Packet Send Status:	Delivery Fail
Robot state: 0
Robot x: -2
Robot y: -3
Weapon state: 0
Weapon speed: 1172
Joystick direction: NEUTRAL
Error sending the data

Last Packet Send Status:	Delivery Fail
Robot state: 0
Robot x: -2
Robot y: -3
Weapon state: 0
Weapon speed: 1176
Joystick direction: NEUTRAL
Error sending the data

Last Packet Send Status:	Delivery Fail
Robot state: 0
Robot x: -2
Robot y: -3
Weapon state: 0
Weapon speed: 1175
Joystick direction: NEUTRAL
Error sending the data

Last Packet Send Status:	Delivery Fail
Robot state: 0
Robot x: -2
Robot y: -3
Weapon state: 0
Weapon speed: 1174
Joystick direction: NEUTRAL
Error sending the data

Last Packet Send Status:	Delivery Fail
Robot state: 0
Robot x: -2
Robot y: -3
Weapon state: 0
Weapon speed: 1171
Joystick direction: NEUTRAL
Error sending the data

Last Packet Send Status:	Delivery Fail
Robot state: 0
Robot x: -2
Robot y: -3
Weapon state: 0
Weapon speed: 1174
Joystick direction: NEUTRAL
Error sending the data

Last Packet Send Status:	Delivery Fail
Robot state: 0
Robot x: -2
Robot y: -3
Weapon state: 0
Weapon speed: 1170
Joystick direction: NEUTRAL
Error sending the data

Last Packet Send Status:	Delivery Fail
Robot state: 0
Robot x: -2
Robot y: -3
Weapon state: 0
Weapon speed: 1172
Joystick direction: NEUTRAL
Error sending the data

Last Packet Send Status:	Delivery Fail
Robot state: 0
Robot x: -2
Robot y: -3
Weapon state: 0
Weapon speed: 1172
Joystick direction: NEUTRAL
Error sending the data

Last Packet Send Status:	Delivery Fail
Robot state: 0
Robot x: -2
Robot y: -3
Weapon state: 0
Weapon speed: 1173
Joystick direction: NEUTRAL
Error sending the data

Last Packet Send Status:	Delivery Fail
Robot state: 0
Robot x: -2
Robot y: -3
Weapon state: 0
Weapon speed: 1171
Joystick direction: NEUTRAL
Error sending the data

Last Packet Send Status:	Delivery Fail
Robot state: 0
Robot x: -2
Robot y: -3
Weapon state: 0
Weapon speed: 1171
Joystick direction: NEUTRAL
Error sending the data

Last Packet Send Status:	Delivery Fail
Robot state: 0
Robot x: -2
Robot y: -4
Weapon state: 0
Weapon speed: 1172
Joystick direction: NEUTRAL
Error sending the data

Last Packet Send Status:	Delivery Fail
Robot state: 0
Robot x: -2
Robot y: -4
Weapon state: 0
Weapon speed: 1183
Joystick direction: NEUTRAL
Error sending the data

Last Packet Send Status:	Delivery Fail
Robot state: 0
Robot x: -2
Robot y: -4
Weapon state: 0
Weapon speed: 1169
Joystick direction: NEUTRAL
Error sending the data

Last Packet Send Status:	Delivery Fail
Robot state: 0
Robot x: -2
Robot y: -4
Weapon state: 0
Weapon speed: 1173
Joystick direction: NEUTRAL
Error sending the data

Last Packet Send Status:	Delivery Fail
Robot state: 0
Robot x: -2
Robot y: -4
Weapon state: 0
Weapon speed: 1172
Joystick direction: NEUTRAL
Error sending the data

Last Packet Send Status:	Delivery Fail
Robot state: 0
Robot x: -2
Robot y: -4
Weapon state: 0
Weapon speed: 1172
Joystick direction: NEUTRAL
Error sending the data

Last Packet Send Status:	Delivery Fail
Robot state: 0
Robot x: -2
Robot y: -4
Weapon state: 0
Weapon speed: 1173
Joystick direction: NEUTRAL
Error sending the data

Last Packet Send Status:	Delivery Fail
Robot state: 0
Robot x: -2
Robot y: -4
Weapon state: 0
Weapon speed: 1170
Joystick direction: NEUTRAL
Error sending the data

Last Packet Send Status:	Delivery Fail
Robot state: 0
Robot x: -2
Robot y: -4
Weapon state: 0
Weapon speed: 1172
Joystick direction: NEUTRAL
Error sending the data

Last Packet Send Status:	Delivery Fail
Robot state: 0
Robot x: -2
Robot y: -4
Weapon state: 0
Weapon speed: 1173
Joystick direction: NEUTRAL
Error sending the data

Last Packet Send Status:	Delivery Fail
Robot state: 0
Robot x: -2
Robot y: -4
Weapon state: 0
Weapon speed: 1171
Joystick direction: NEUTRAL
Error sending the data

Last Packet Send Status:	Delivery Fail
Robot state: 0
Robot x: -2
Robot y: -4
Weapon state: 0
Weapon speed: 1172
Joystick direction: NEUTRAL
Error sending the data

Last Packet Send Status:	Delivery Fail
Robot state: 0
Robot x: -2
Robot y: -4
Weapon state: 0
Weapon speed: 1175
Joystick direction: NEUTRAL
Error sending the data

Last Packet Send Status:	Delivery Fail
Robot state: 0
Robot x: -2
Robot y: -4
Weapon state: 0
Weapon speed: 1171
Joystick direction: NEUTRAL
Error sending the data

Last Packet Send Status:	Delivery Fail
Robot state: 0
Robot x: -2
Robot y: -4
Weapon state: 0
Weapon speed: 1174
Joystick direction: NEUTRAL
Error sending the data

Last Packet Send Status:	Delivery Fail
Robot state: 0
Robot x: -2
Robot y: -4
Weapon state: 0
Weapon speed: 1171
Joystick direction: NEUTRAL
Error sending the data

Last Packet Send Status:	Delivery Fail
Robot state: 0
Robot x: -2
Robot y: -4
Weapon state: 0
Weapon speed: 1173
Joystick direction: NEUTRAL
Error sending the data

Last Packet Send Status:	Delivery Fail
Robot state: 0
Robot x: -2
Robot y: -4
Weapon state: 0
Weapon speed: 1171
Joystick direction: NEUTRAL
Error sending the data

Last Packet Send Status:	Delivery Fail
Robot state: 0
Robot x: -2
Robot y: -4
Weapon state: 0
Weapon speed: 1174
Joystick direction: NEUTRAL
Error sending the data

Last Packet Send Status:	Delivery Fail
Robot state: 0
Robot x: -2
Robot y: -4
Weapon state: 0
Weapon speed: 1173
Joystick direction: NEUTRAL
Error sending the data

Last Packet Send Status:	Delivery Fail
Robot state: 0
Robot x: -2
Robot y: -4
Weapon state: 0
Weapon speed: 1175
Joystick direction: NEUTRAL
Error sending the data

Last Packet Send Status:	Delivery Fail
Robot state: 0
Robot x: -2
Robot y: -4
Weapon state: 0
Weapon speed: 1176
Joystick direction: NEUTRAL
Error sending the data

Last Packet Send Status:	Delivery Fail
Robot state: 0
Robot x: -2
Robot y: -4
Weapon state: 0
Weapon speed: 1174
Joystick direction: NEUTRAL
Error sending the data

Last Packet Send Status:	Delivery Fail
Robot state: 0
Robot x: -2
Robot y: -4
Weapon state: 0
Weapon speed: 1170
Joystick direction: NEUTRAL
Error sending the data

Last Packet Send Status:	Delivery Fail
Robot state: 0
Robot x: -2
Robot y: -4
Weapon state: 0
Weapon speed: 1172
Joystick direction: NEUTRAL
Error sending the data

Last Packet Send Status:	Delivery Fail
Robot state: 0
Robot x: -2
Robot y: -4
Weapon state: 0
Weapon speed: 1173
Joystick direction: NEUTRAL
Error sending the data

Last Packet Send Status:	Delivery Fail
Robot state: 0
Robot x: -2
Robot y: -4
Weapon state: 0
Weapon speed: 1173
Joystick direction: NEUTRAL
Error sending the data

Last Packet Send Status:	Delivery Fail
Robot state: 0
Robot x: -2
Robot y: -3
Weapon state: 0
Weapon speed: 1170
Joystick direction: NEUTRAL
Error sending the data

Last Packet Send Status:	Delivery Fail
Robot state: 0
Robot x: -2
Robot y: -3
Weapon state: 0
Weapon speed: 1174
Joystick direction: NEUTRAL
Error sending the data

Last Packet Send Status:	Delivery Fail
Robot state: 0
Robot x: -2
Robot y: -3
Weapon state: 0
Weapon speed: 1171
Joystick direction: NEUTRAL
Error sending the data

Last Packet Send Status:	Delivery Fail
Robot state: 0
Robot x: -2
Robot y: -3
Weapon state: 0
Weapon speed: 1172
Joystick direction: NEUTRAL
Error sending the data

Last Packet Send Status:	Delivery Fail
Robot state: 0
Robot x: -2
Robot y: -3
Weapon state: 0
Weapon speed: 1173
Joystick direction: NEUTRAL
Error sending the data

Last Packet Send Status:	Delivery Fail
Robot state: 0
Robot x: -3
Robot y: -3
Weapon state: 0
Weapon speed: 1171
Joystick direction: NEUTRAL
Error sending the data

Last Packet Send Status:	Delivery Fail
Robot state: 0
Robot x: -3
Robot y: -3
Weapon state: 0
Weapon speed: 1171
Joystick direction: NEUTRAL
Error sending the data

Last Packet Send Status:	Delivery Fail
Robot state: 0
Robot x: -3
Robot y: -3
Weapon state: 0
Weapon speed: 1170
Joystick direction: NEUTRAL
Error sending the data

Last Packet Send Status:	Delivery Fail
Robot state: 0
Robot x: -3
Robot y: -3
Weapon state: 0
Weapon speed: 1171
Joystick direction: NEUTRAL
Error sending the data
