ets Jul 29 2019 12:21:46

rst:0x1 (POWERON_RESET),boot:0x13 (SPI_FAST_FLASH_BOOT)
configsip: 0, SPIWP:0xee
clk_drv:0x00,q_drv:0x00,d_drv:0x00,cs0_drv:0x00,hd_drv:0x00,wp_drv:0x00
mode:DIO, clock div:2
load:0x3fff0030,len:1184
load:0x40078000,len:13232
load:0x40080400,len:3028
entry 0x400805e4
JOYSTICK CALIBRATION!Rotate the joystick around...Robot state: 0
Robot x: 0
Robot y: 0
Weapon state: 0
Weapon speed: 0
Joystick direction: NEUTRAL
Error sending the data

Last Packet Send Status:	Delivery Fail
Robot state: 0
Robot x: 0
Robot y: 0
Weapon state: 0
Weapon speed: 0
Joystick direction: NEUTRAL
Error sending the data

Last Packet Send Status:	Delivery Fail
Robot state: 0
Robot x: -1
Robot y: -1
Weapon state: 0
Weapon speed: 0
Joystick direction: NEUTRAL
Error sending the data

Last Packet Send Status:	Delivery Fail
Robot state: 0
Robot x: -1
Robot y: -1
Weapon state: 0
Weapon speed: 0
Joystick direction: NEUTRAL
Error sending the data

Last Packet Send Status:	Delivery Fail
Robot state: 0
Robot x: -1
Robot y: -2
Weapon state: 0
Weapon speed: 0
Joystick direction: NEUTRAL
Error sending the data

Last Packet Send Status:	Delivery Fail
Robot state: 0
Robot x: -1
Robot y: -2
Weapon state: 0
Weapon speed: 0
Joystick direction: NEUTRAL
Error sending the data

Last Packet Send Status:	Delivery Fail
Robot state: 0
Robot x: -1
Robot y: -2
Weapon state: 0
Weapon speed: 0
Joystick direction: NEUTRAL
Error sending the data

Last Packet Send Status:	Delivery Fail
Robot state: 0
Robot x: -1
Robot y: -2
Weapon state: 0
Weapon speed: 0
Joystick direction: NEUTRAL
Error sending the data

Last Packet Send Status:	Delivery Fail
Robot state: 0
Robot x: -1
Robot y: -2
Weapon state: 0
Weapon speed: 0
Joystick direction: NEUTRAL
Error sending the data

Last Packet Send Status:	Delivery Fail
Robot state: 0
Robot x: -1
Robot y: -2
Weapon state: 0
Weapon speed: 0
Joystick direction: NEUTRAL
Error sending the data

Last Packet Send Status:	Delivery Fail
Robot state: 0
Robot x: -1
Robot y: -1
Weapon state: 0
Weapon speed: 0
Joystick direction: NEUTRAL
Error sending the data

Last Packet Send Status:	Delivery Fail
Robot state: 0
Robot x: -1
Robot y: -1
Weapon state: 0
Weapon speed: 0
Joystick direction: NEUTRAL
Error sending the data

Last Packet Send Status:	Delivery Fail
Robot state: 0
Robot x: -1
Robot y: -1
Weapon state: 0
Weapon speed: 0
Joystick direction: NEUTRAL
Error sending the data

Last Packet Send Status:	Delivery Fail
Robot state: 0
Robot x: -1
Robot y: -1
Weapon state: 0
Weapon speed: 0
Joystick direction: NEUTRAL
Error sending the data

Last Packet Send Status:	Delivery Fail
Robot state: 0
Robot x: -1
Robot y: -1
Weapon state: 0
Weapon speed: 0
Joystick direction: NEUTRAL
Error sending the data

Last Packet Send Status:	Delivery Fail
Robot state: 0
Robot x: -1
Robot y: -1
Weapon state: 0
Weapon speed: 0
Joystick direction: NEUTRAL
Error sending the data

Last Packet Send Status:	Delivery Fail
Robot state: 0
Robot x: -1
Robot y: -1
Weapon state: 0
Weapon speed: 0
Joystick direction: NEUTRAL
Error sending the data

Last Packet Send Status:	Delivery Fail
Robot state: 0
Robot x: -1
Robot y: -1
Weapon state: 0
Weapon speed: 0
Joystick direction: NEUTRAL
Error sending the data

Last Packet Send Status:	Delivery Fail
Robot state: 0
Robot x: -1
Robot y: -1
Weapon state: 0
Weapon speed: 0
Joystick direction: NEUTRAL
Error sending the data

Last Packet Send Status:	Delivery Fail
Robot state: 0
Robot x: -1
Robot y: -1
Weapon state: 0
Weapon speed: 0
Joystick direction: NEUTRAL
Error sending the data

Last Packet Send Status:	Delivery Fail
Robot state: 0
Robot x: -1
Robot y: -2
Weapon state: 0
Weapon speed: 0
Joystick direction: NEUTRAL
Error sending the data

Last Packet Send Status:	Delivery Fail
Robot state: 0
Robot x: -1
Robot y: -2
Weapon state: 0
Weapon speed: 0
Joystick direction: NEUTRAL
Error sending the data

Last Packet Send Status:	Delivery Fail
Robot state: 0
Robot x: -1
Robot y: -2
Weapon state: 0
Weapon speed: 0
Joystick direction: NEUTRAL
Error sending the data

Last Packet Send Status:	Delivery Fail
Robot state: 0
Robot x: 19
Robot y: 18
Weapon state: 0
Weapon speed: 94
Joystick direction: NEUTRAL
Error sending the data

Last Packet Send Status:	Delivery Fail
Robot state: 0
Robot x: 100232563
Robot y: 20
Weapon state: 0
Weapon speed: 0
Joystick direction: RIGHT
Error sending the data

Last Packet Send Status:	Delivery Fail
Robot state: 0
Robot x: 200465103
Robot y: 23
Weapon state: 0
Weapon speed: 0
Joystick direction: NEUTRAL
Error sending the data

Last Packet Send Status:	Delivery Fail
Robot state: 0
Robot x: 300697642
Robot y: 19
Weapon state: 0
Weapon speed: 0
Joystick direction: RIGHT
Error sending the data

Last Packet Send Status:	Delivery Fail
Robot state: 0
Robot x: 400930182
Robot y: 8
Weapon state: 0
Weapon speed: 0
Joystick direction: RIGHT
Error sending the data

Last Packet Send Status:	Delivery Fail
Robot state: 0
Robot x: -357830763
Robot y: 102996784
Weapon state: 0
Weapon speed: 0
Joystick direction: BACKWARD
Error sending the data

Last Packet Send Status:	Delivery Fail
Robot state: 0
Robot x: 400930171
Robot y: 102996802
Weapon state: 0
Weapon speed: 0
Joystick direction: BACKWARD
Error sending the data

Last Packet Send Status:	Delivery Fail
Robot state: 0
Robot x: 300697652
Robot y: 102996819
Weapon state: 0
Weapon speed: 0
Joystick direction: BACKWARD
Error sending the data

Last Packet Send Status:	Delivery Fail
Robot state: 0
Robot x: 200465133
Robot y: 102996844
Weapon state: 0
Weapon speed: 0
Joystick direction: BACKWARD
Error sending the data

Last Packet Send Status:	Delivery Fail
Robot state: 0
Robot x: 100232613
Robot y: 102996875
Weapon state: 0
Weapon speed: 0
Joystick direction: BACKWARD
Error sending the data

Last Packet Send Status:	Delivery Fail
Robot state: 0
Robot x: 100
Robot y: 100
Weapon state: 0
Weapon speed: 0
Joystick direction: NEUTRAL
Error sending the data

Last Packet Send Status:	Delivery Fail
Robot state: 0
Robot x: 100232613
Robot y: 102996871
Weapon state: 0
Weapon speed: 0
Joystick direction: BACKWARD
Error sending the data

Last Packet Send Status:	Delivery Fail
Robot state: 0
Robot x: 200465126
Robot y: 205993640
Weapon state: 0
Weapon speed: 0
Joystick direction: NEUTRAL
Error sending the data

Last Packet Send Status:	Delivery Fail
Robot state: 0
Robot x: 200465105
Robot y: 205993619
Weapon state: 0
Weapon speed: 0
Joystick direction: NEUTRAL
Error sending the data

Last Packet Send Status:	Delivery Fail
Robot state: 0
Robot x: 200465085
Robot y: 205993599
Weapon state: 0
Weapon speed: 0
Joystick direction: NEUTRAL
Error sending the data

Last Packet Send Status:	Delivery Fail
Robot state: 0
Robot x: 200465064
Robot y: 205993578
Weapon state: 0
Weapon speed: 0
Joystick direction: NEUTRAL
Error sending the data

Last Packet Send Status:	Delivery Fail
Robot state: 0
Robot x: 100232531
Robot y: 102996787
Weapon state: 0
Weapon speed: 0
Joystick direction: BACKWARD
Error sending the data

Last Packet Send Status:	Delivery Fail
Robot state: 0
Robot x: -2
Robot y: -2
Weapon state: 0
Weapon speed: 0
Joystick direction: NEUTRAL
Error sending the data

Last Packet Send Status:	Delivery Fail
Robot state: 0
Robot x: 18
Robot y: 18
Weapon state: 0
Weapon speed: 447
Joystick direction: NEUTRAL
Error sending the data

Last Packet Send Status:	Delivery Fail
Robot state: 0
Robot x: 38
Robot y: 39
Weapon state: 0
Weapon speed: 404
Joystick direction: NEUTRAL
Error sending the data

Last Packet Send Status:	Delivery Fail
Robot state: 0
Robot x: 59
Robot y: 59
Weapon state: 0
Weapon speed: 507
Joystick direction: NEUTRAL
Error sending the data

Last Packet Send Status:	Delivery Fail
Robot state: 0
Robot x: 79
Robot y: 79
Weapon state: 0
Weapon speed: 560
Joystick direction: NEUTRAL
Error sending the data

Last Packet Send Status:	Delivery Fail
Robot state: 0
Robot x: 100
Robot y: 100
Weapon state: 0
Weapon speed: 567
Joystick direction: NEUTRAL
Error sending the data

Last Packet Send Status:	Delivery Fail
Robot state: 0
Robot x: 100
Robot y: 100
Weapon state: 0
Weapon speed: 576
Joystick direction: NEUTRAL
Error sending the data

Last Packet Send Status:	Delivery Fail
Robot state: 0
Robot x: 100
Robot y: 100
Weapon state: 0
Weapon speed: 608
Joystick direction: NEUTRAL
Error sending the data

Last Packet Send Status:	Delivery Fail
Robot state: 0
Robot x: 100
Robot y: 100
Weapon state: 0
Weapon speed: 611
Joystick direction: NEUTRAL
Error sending the data

Last Packet Send Status:	Delivery Fail
Robot state: 0
Robot x: 100
Robot y: 100
Weapon state: 0
Weapon speed: 611
Joystick direction: NEUTRAL
Error sending the data

Last Packet Send Status:	Delivery Fail
Robot state: 0
Robot x: 100
Robot y: 100
Weapon state: 0
Weapon speed: 610
Joystick direction: NEUTRAL
Error sending the data

Last Packet Send Status:	Delivery Fail
Robot state: 0
Robot x: 82
Robot y: 83
Weapon state: 0
Weapon speed: 0
Joystick direction: NEUTRAL
Error sending the data

Last Packet Send Status:	Delivery Fail
Robot state: 0
Robot x: 61
Robot y: 62
Weapon state: 0
Weapon speed: 0
Joystick direction: NEUTRAL
Error sending the data

Last Packet Send Status:	Delivery Fail
Robot state: 0
Robot x: 41
Robot y: 41
Weapon state: 0
Weapon speed: 0
Joystick direction: NEUTRAL
Error sending the data

Last Packet Send Status:	Delivery Fail
Robot state: 0
Robot x: 20
Robot y: 21
Weapon state: 0
Weapon speed: 0
Joystick direction: NEUTRAL
Error sending the data

Last Packet Send Status:	Delivery Fail
Robot state: 0
Robot x: 0
Robot y: 0
Weapon state: 0
Weapon speed: 0
Joystick direction: NEUTRAL
Error sending the data

Last Packet Send Status:	Delivery Fail
Robot state: 0
Robot x: -1
Robot y: -3
Weapon state: 0
Weapon speed: 0
Joystick direction: NEUTRAL
Error sending the data

Last Packet Send Status:	Delivery Fail
Robot state: 0
Robot x: -1
Robot y: -2
Weapon state: 0
Weapon speed: 0
Joystick direction: NEUTRAL
Error sending the data

Last Packet Send Status:	Delivery Fail
Robot state: 0
Robot x: -1
Robot y: -3
Weapon state: 0
Weapon speed: 0
Joystick direction: NEUTRAL
Error sending the data

Last Packet Send Status:	Delivery Fail
Robot state: 0
Robot x: -1
Robot y: -3
Weapon state: 0
Weapon speed: 0
Joystick direction: NEUTRAL
Error sending the data

Last Packet Send Status:	Delivery Fail
Robot state: 0
Robot x: -1
Robot y: -2
Weapon state: 0
Weapon speed: 0
Joystick direction: NEUTRAL
Error sending the data

Last Packet Send Status:	Delivery Fail
Robot state: 0
Robot x: -1
Robot y: -2
Weapon state: 0
Weapon speed: 0
Joystick direction: NEUTRAL
Error sending the data

Last Packet Send Status:	Delivery Fail
Robot state: 0
Robot x: -1
Robot y: -2
Weapon state: 0
Weapon speed: 0
Joystick direction: NEUTRAL
Error sending the data

Last Packet Send Status:	Delivery Fail
Robot state: 0
Robot x: -1
Robot y: -2
Weapon state: 0
Weapon speed: 0
Joystick direction: NEUTRAL
Error sending the data

Last Packet Send Status:	Delivery Fail
Robot state: 0
Robot x: -1
Robot y: -3
Weapon state: 0
Weapon speed: 0
Joystick direction: NEUTRAL
Error sending the data

Last Packet Send Status:	Delivery Fail
Robot state: 0
Robot x: -1
Robot y: -3
Weapon state: 0
Weapon speed: 0
Joystick direction: NEUTRAL
Error sending the data

Last Packet Send Status:	Delivery Fail
Robot state: 0
Robot x: -1
Robot y: -4
Weapon state: 0
Weapon speed: 0
Joystick direction: NEUTRAL
Error sending the data

Last Packet Send Status:	Delivery Fail
Robot state: 0
Robot x: 0
Robot y: -3
Weapon state: 0
Weapon speed: 0
Joystick direction: NEUTRAL
Error sending the data

Last Packet Send Status:	Delivery Fail
Robot state: 0
Robot x: 0
Robot y: -2
Weapon state: 0
Weapon speed: 0
Joystick direction: NEUTRAL
Error sending the data

Last Packet Send Status:	Delivery Fail
Robot state: 0
Robot x: 0
Robot y: -2
Weapon state: 0
Weapon speed: 0
Joystick direction: NEUTRAL
Error sending the data

Last Packet Send Status:	Delivery Fail
Robot state: 0
Robot x: 19
Robot y: 17
Weapon state: 0
Weapon speed: 103
Joystick direction: NEUTRAL
Error sending the data

Last Packet Send Status:	Delivery Fail
Robot state: 0
Robot x: 40
Robot y: 39
Weapon state: 0
Weapon speed: 102
Joystick direction: NEUTRAL
Error sending the data

Last Packet Send Status:	Delivery Fail
Robot state: 0
Robot x: 59
Robot y: 58
Weapon state: 0
Weapon speed: 82
Joystick direction: NEUTRAL
Error sending the data

Last Packet Send Status:	Delivery Fail
Robot state: 0
Robot x: 80
Robot y: 79
Weapon state: 0
Weapon speed: 76
Joystick direction: NEUTRAL
Error sending the data

Last Packet Send Status:	Delivery Fail
Robot state: 0
Robot x: 100
Robot y: 100
Weapon state: 0
Weapon speed: 64
Joystick direction: NEUTRAL
Error sending the data

Last Packet Send Status:	Delivery Fail
Robot state: 0
Robot x: 100
Robot y: 100
Weapon state: 0
Weapon speed: 64
Joystick direction: NEUTRAL
Error sending the data

Last Packet Send Status:	Delivery Fail
Robot state: 0
Robot x: 100
Robot y: 100
Weapon state: 0
Weapon speed: 56
Joystick direction: NEUTRAL
Error sending the data

Last Packet Send Status:	Delivery Fail
Robot state: 0
Robot x: 100
Robot y: 100
Weapon state: 0
Weapon speed: 15
Joystick direction: NEUTRAL
Error sending the data

Last Packet Send Status:	Delivery Fail
Robot state: 0
Robot x: 100
Robot y: 100
Weapon state: 0
Weapon speed: 54
Joystick direction: NEUTRAL
Error sending the data

Last Packet Send Status:	Delivery Fail
Robot state: 0
Robot x: 100
Robot y: 100
Weapon state: 0
Weapon speed: 43
Joystick direction: NEUTRAL
Error sending the data

Last Packet Send Status:	Delivery Fail
Robot state: 0
Robot x: 100232657
Robot y: 85
Weapon state: 0
Weapon speed: 0
Joystick direction: RIGHT
Error sending the data

Last Packet Send Status:	Delivery Fail
Robot state: 0
Robot x: 100232657
Robot y: 85
Weapon state: 0
Weapon speed: 13
Joystick direction: RIGHT
Error sending the data

Last Packet Send Status:	Delivery Fail
Robot state: 0
Robot x: 100232657
Robot y: 85
Weapon state: 0
Weapon speed: 19
Joystick direction: RIGHT
Error sending the data

Last Packet Send Status:	Delivery Fail
Robot state: 0
Robot x: 100232657
Robot y: 85
Weapon state: 0
Weapon speed: 6
Joystick direction: RIGHT
Error sending the data

Last Packet Send Status:	Delivery Fail
Robot state: 0
Robot x: 100232657
Robot y: 85
Weapon state: 0
Weapon speed: 13
Joystick direction: RIGHT
Error sending the data

Last Packet Send Status:	Delivery Fail
Robot state: 0
Robot x: 100
Robot y: 100
Weapon state: 0
Weapon speed: 4
Joystick direction: NEUTRAL
Error sending the data

Last Packet Send Status:	Delivery Fail
Robot state: 0
Robot x: 100
Robot y: 100
Weapon state: 0
Weapon speed: 18
Joystick direction: NEUTRAL
Error sending the data

Last Packet Send Status:	Delivery Fail
Robot state: 0
Robot x: 100
Robot y: 100
Weapon state: 0
Weapon speed: 16
Joystick direction: NEUTRAL
Error sending the data

Last Packet Send Status:	Delivery Fail
Robot state: 0
Robot x: 100
Robot y: 100
Weapon state: 0
Weapon speed: 15
Joystick direction: NEUTRAL
Error sending the data

Last Packet Send Status:	Delivery Fail
Robot state: 0
Robot x: 100
Robot y: 100
Weapon state: 0
Weapon speed: 53
Joystick direction: NEUTRAL
Error sending the data

Last Packet Send Status:	Delivery Fail
Robot state: 0
Robot x: 100
Robot y: 100
Weapon state: 0
Weapon speed: 0
Joystick direction: NEUTRAL
Error sending the data

Last Packet Send Status:	Delivery Fail
Robot state: 0
Robot x: 100
Robot y: 100
Weapon state: 0
Weapon speed: 17
Joystick direction: NEUTRAL
Error sending the data

Last Packet Send Status:	Delivery Fail
Robot state: 0
Robot x: 100
Robot y: 100
Weapon state: 0
Weapon speed: 15
Joystick direction: NEUTRAL
Error sending the data

Last Packet Send Status:	Delivery Fail
Robot state: 0
Robot x: 100
Robot y: 100
Weapon state: 0
Weapon speed: 0
Joystick direction: NEUTRAL
Error sending the data

Last Packet Send Status:	Delivery Fail
Robot state: 0
Robot x: 100
Robot y: 100
Weapon state: 0
Weapon speed: 63
Joystick direction: NEUTRAL
Error sending the data

Last Packet Send Status:	Delivery Fail
Robot state: 0
Robot x: 100
Robot y: 100
Weapon state: 0
Weapon speed: 29
Joystick direction: NEUTRAL
Error sending the data

Last Packet Send Status:	Delivery Fail
Robot state: 0
Robot x: 100
Robot y: 100
Weapon state: 0
Weapon speed: 8
Joystick direction: NEUTRAL
Error sending the data

Last Packet Send Status:	Delivery Fail
Robot state: 0
Robot x: 100
Robot y: 100
Weapon state: 0
Weapon speed: 0
Joystick direction: NEUTRAL
Error sending the data

Last Packet Send Status:	Delivery Fail
Robot state: 0
Robot x: 100
Robot y: 100
Weapon state: 0
Weapon speed: 0
Joystick direction: NEUTRAL
Error sending the data

Last Packet Send Status:	Delivery Fail
Robot state: 0
Robot x: 100
Robot y: 100
Weapon state: 0
Weapon speed: 19
Joystick direction: NEUTRAL
Error sending the data

Last Packet Send Status:	Delivery Fail
Robot state: 0
Robot x: 100
Robot y: 100
Weapon state: 0
Weapon speed: 8
Joystick direction: NEUTRAL
Error sending the data

Last Packet Send Status:	Delivery Fail
Robot state: 0
Robot x: 100232613
Robot y: 79
Weapon state: 0
Weapon speed: 0
Joystick direction: RIGHT
Error sending the data

Last Packet Send Status:	Delivery Fail
Robot state: 0
Robot x: 200465126
Robot y: 59
Weapon state: 0
Weapon speed: 0
Joystick direction: NEUTRAL
Error sending the data

Last Packet Send Status:	Delivery Fail
Robot state: 0
Robot x: 300697640
Robot y: 39
Weapon state: 0
Weapon speed: 0
Joystick direction: RIGHT
Error sending the data

Last Packet Send Status:	Delivery Fail
Robot state: 0
Robot x: 400930153
Robot y: 19
Weapon state: 0
Weapon speed: 0
Joystick direction: RIGHT
Error sending the data

Last Packet Send Status:	Delivery Fail
Robot state: 0
Robot x: -357830792
Robot y: -1
Weapon state: 0
Weapon speed: 0
Joystick direction: LEFT
Error sending the data

Last Packet Send Status:	Delivery Fail
Robot state: 0
Robot x: -357830792
Robot y: 0
Weapon state: 0
Weapon speed: 0
Joystick direction: LEFT
Error sending the data

Last Packet Send Status:	Delivery Fail
Robot state: 0
Robot x: -357830792
Robot y: 0
Weapon state: 0
Weapon speed: 0
Joystick direction: LEFT
Error sending the data

Last Packet Send Status:	Delivery Fail
Robot state: 0
Robot x: 400930153
Robot y: 19
Weapon state: 0
Weapon speed: 33
Joystick direction: RIGHT
Error sending the data

Last Packet Send Status:	Delivery Fail
Robot state: 0
Robot x: 300697640
Robot y: 40
Weapon state: 0
Weapon speed: 27
Joystick direction: RIGHT
Error sending the data

Last Packet Send Status:	Delivery Fail
Robot state: 0
Robot x: 200465126
Robot y: 60
Weapon state: 0
Weapon speed: 34
Joystick direction: NEUTRAL
Error sending the data

Last Packet Send Status:	Delivery Fail
Robot state: 0
Robot x: 100232613
Robot y: 80
Weapon state: 0
Weapon speed: 29
Joystick direction: RIGHT
Error sending the data

Last Packet Send Status:	Delivery Fail
Robot state: 0
Robot x: 100
Robot y: 100
Weapon state: 0
Weapon speed: 26
Joystick direction: NEUTRAL
Error sending the data

Last Packet Send Status:	Delivery Fail
Robot state: 0
Robot x: 100232613
Robot y: 79
Weapon state: 0
Weapon speed: 0
Joystick direction: RIGHT
Error sending the data

Last Packet Send Status:	Delivery Fail
Robot state: 0
Robot x: 200465126
Robot y: 59
Weapon state: 0
Weapon speed: 0
Joystick direction: NEUTRAL
Error sending the data

Last Packet Send Status:	Delivery Fail
Robot state: 0
Robot x: 200465126
Robot y: 59
Weapon state: 0
Weapon speed: 61
Joystick direction: NEUTRAL
Error sending the data

Last Packet Send Status:	Delivery Fail
Robot state: 0
Robot x: 200465126
Robot y: 59
Weapon state: 0
Weapon speed: 90
Joystick direction: NEUTRAL
Error sending the data

Last Packet Send Status:	Delivery Fail
Robot state: 0
Robot x: 200465106
Robot y: 38
Weapon state: 0
Weapon speed: 0
Joystick direction: NEUTRAL
Error sending the data

Last Packet Send Status:	Delivery Fail
Robot state: 0
Robot x: 100232572
Robot y: 38
Weapon state: 0
Weapon speed: 0
Joystick direction: RIGHT
Error sending the data

Last Packet Send Status:	Delivery Fail
Robot state: 0
Robot x: 38
Robot y: 39
Weapon state: 0
Weapon speed: 0
Joystick direction: NEUTRAL
Error sending the data

Last Packet Send Status:	Delivery Fail
Robot state: 0
Robot x: 18
Robot y: 19
Weapon state: 0
Weapon speed: 0
Joystick direction: NEUTRAL
Error sending the data

Last Packet Send Status:	Delivery Fail
Robot state: 0
Robot x: -2
Robot y: -1
Weapon state: 0
Weapon speed: 0
Joystick direction: NEUTRAL
Error sending the data

Last Packet Send Status:	Delivery Fail
Robot state: 0
Robot x: -1
Robot y: -1
Weapon state: 0
Weapon speed: 0
Joystick direction: NEUTRAL
Error sending the data

Last Packet Send Status:	Delivery Fail
Robot state: 0
Robot x: -2
Robot y: -1
Weapon state: 0
Weapon speed: 0
Joystick direction: NEUTRAL
Error sending the data

Last Packet Send Status:	Delivery Fail
Robot state: 0
Robot x: -2
Robot y: -2
Weapon state: 0
Weapon speed: 0
Joystick direction: NEUTRAL
Error sending the data

Last Packet Send Status:	Delivery Fail
Robot state: 0
Robot x: -2
Robot y: -2
Weapon state: 0
Weapon speed: 0
Joystick direction: NEUTRAL
Error sending the data

Last Packet Send Status:	Delivery Fail
Robot state: 0
Robot x: -2
Robot y: -2
Weapon state: 0
Weapon speed: 0
Joystick direction: NEUTRAL
Error sending the data

Last Packet Send Status:	Delivery Fail
Robot state: 0
Robot x: -2
Robot y: -2
Weapon state: 0
Weapon speed: 0
Joystick direction: NEUTRAL
Error sending the data

Last Packet Send Status:	Delivery Fail
Robot state: 0
Robot x: -2
Robot y: -2
Weapon state: 0
Weapon speed: 0
Joystick direction: NEUTRAL
Error sending the data

Last Packet Send Status:	Delivery Fail
Robot state: 0
Robot x: -1
Robot y: -2
Weapon state: 0
Weapon speed: 0
Joystick direction: NEUTRAL
Error sending the data

Last Packet Send Status:	Delivery Fail
Robot state: 0
Robot x: -2
Robot y: 14
Weapon state: 0
Weapon speed: 0
Joystick direction: NEUTRAL
Error sending the data

Last Packet Send Status:	Delivery Fail
Robot state: 0
Robot x: 18
Robot y: 34
Weapon state: 0
Weapon speed: 546
Joystick direction: NEUTRAL
Error sending the data

Last Packet Send Status:	Delivery Fail
Robot state: 0
Robot x: 38
Robot y: 55
Weapon state: 0
Weapon speed: 546
Joystick direction: NEUTRAL
Error sending the data

Last Packet Send Status:	Delivery Fail
Robot state: 0
Robot x: 59
Robot y: 76
Weapon state: 0
Weapon speed: 509
Joystick direction: NEUTRAL
Error sending the data

Last Packet Send Status:	Delivery Fail
Robot state: 0
Robot x: 79
Robot y: 96
Weapon state: 0
Weapon speed: 606
Joystick direction: NEUTRAL
Error sending the data

Last Packet Send Status:	Delivery Fail
Robot state: 0
Robot x: 100
Robot y: 100
Weapon state: 0
Weapon speed: 608
Joystick direction: NEUTRAL
Error sending the data

Last Packet Send Status:	Delivery Fail
Robot state: 0
Robot x: 100
Robot y: 100
Weapon state: 0
Weapon speed: 611
Joystick direction: NEUTRAL
Error sending the data

Last Packet Send Status:	Delivery Fail
Robot state: 0
Robot x: 100
Robot y: 100
Weapon state: 0
Weapon speed: 608
Joystick direction: NEUTRAL
Error sending the data

Last Packet Send Status:	Delivery Fail
Robot state: 0
Robot x: 100
Robot y: 100
Weapon state: 0
Weapon speed: 608
Joystick direction: NEUTRAL
Error sending the data

Last Packet Send Status:	Delivery Fail
Robot state: 0
Robot x: 100
Robot y: 100
Weapon state: 0
Weapon speed: 608
Joystick direction: NEUTRAL
Error sending the data

Last Packet Send Status:	Delivery Fail
Robot state: 0
Robot x: 100
Robot y: 100
Weapon state: 0
Weapon speed: 612
Joystick direction: NEUTRAL
Error sending the data

Last Packet Send Status:	Delivery Fail
Robot state: 0
Robot x: 100
Robot y: 100
Weapon state: 0
Weapon speed: 609
Joystick direction: NEUTRAL
Error sending the data

Last Packet Send Status:	Delivery Fail
Robot state: 0
Robot x: 100
Robot y: 100
Weapon state: 0
Weapon speed: 573
Joystick direction: NEUTRAL
Error sending the data

Last Packet Send Status:	Delivery Fail
Robot state: 0
Robot x: 79
Robot y: 79
Weapon state: 0
Weapon speed: 0
Joystick direction: NEUTRAL
Error sending the data

Last Packet Send Status:	Delivery Fail
Robot state: 0
Robot x: 59
Robot y: 59
Weapon state: 0
Weapon speed: 0
Joystick direction: NEUTRAL
Error sending the data

Last Packet Send Status:	Delivery Fail
Robot state: 0
Robot x: 59
Robot y: 59
Weapon state: 0
Weapon speed: 88
Joystick direction: NEUTRAL
Error sending the data

Last Packet Send Status:	Delivery Fail
Robot state: 0
Robot x: 46
Robot y: 47
Weapon state: 0
Weapon speed: 0
Joystick direction: NEUTRAL
Error sending the data

Last Packet Send Status:	Delivery Fail
Robot state: 0
Robot x: 33
Robot y: 102996767
Weapon state: 0
Weapon speed: 0
Joystick direction: BACKWARD
Error sending the data

Last Packet Send Status:	Delivery Fail
Robot state: 0
Robot x: 54
Robot y: 205993515
Weapon state: 0
Weapon speed: 0
Joystick direction: NEUTRAL
Error sending the data

Last Packet Send Status:	Delivery Fail
Robot state: 0
Robot x: 60
Robot y: 308990255
Weapon state: 0
Weapon speed: 0
Joystick direction: BACKWARD
Error sending the data

Last Packet Send Status:	Delivery Fail
Robot state: 0
Robot x: 40
Robot y: 411986974
Weapon state: 0
Weapon speed: 0
Joystick direction: NEUTRAL
Error sending the data

Last Packet Send Status:	Delivery Fail
Robot state: 0
Robot x: 33
Robot y: -344009753
Weapon state: 0
Weapon speed: 0
Joystick direction: FORWARD
Error sending the data

Last Packet Send Status:	Delivery Fail
Robot state: 0
Robot x: 25
Robot y: -344009753
Weapon state: 0
Weapon speed: 0
Joystick direction: FORWARD
Error sending the data

Last Packet Send Status:	Delivery Fail
Robot state: 0
Robot x: 4
Robot y: -344009762
Weapon state: 0
Weapon speed: 0
Joystick direction: FORWARD
Error sending the data

Last Packet Send Status:	Delivery Fail
Robot state: 0
Robot x: -1
Robot y: -344009762
Weapon state: 0
Weapon speed: 0
Joystick direction: FORWARD
Error sending the data

Last Packet Send Status:	Delivery Fail
Robot state: 0
Robot x: -1
Robot y: -344009762
Weapon state: 0
Weapon speed: 0
Joystick direction: FORWARD
Error sending the data

Last Packet Send Status:	Delivery Fail
Robot state: 0
Robot x: -1
Robot y: -344009762
Weapon state: 0
Weapon speed: 0
Joystick direction: FORWARD
Error sending the data

Last Packet Send Status:	Delivery Fail
Robot state: 0
Robot x: -1
Robot y: -344009762
Weapon state: 0
Weapon speed: 0
Joystick direction: FORWARD
Error sending the data

Last Packet Send Status:	Delivery Fail
Robot state: 0
Robot x: 9
Robot y: -344009747
Weapon state: 0
Weapon speed: 0
Joystick direction: FORWARD
Error sending the data

Last Packet Send Status:	Delivery Fail
Robot state: 0
Robot x: 9
Robot y: 411986971
Weapon state: 0
Weapon speed: 0
Joystick direction: NEUTRAL
Error sending the data

Last Packet Send Status:	Delivery Fail
Robot state: 0
Robot x: 9
Robot y: 308990231
Weapon state: 0
Weapon speed: 0
Joystick direction: BACKWARD
Error sending the data

Last Packet Send Status:	Delivery Fail
Robot state: 0
Robot x: 9
Robot y: 205993491
Weapon state: 0
Weapon speed: 0
Joystick direction: NEUTRAL
Error sending the data

Last Packet Send Status:	Delivery Fail
Robot state: 0
Robot x: 9
Robot y: 102996751
Weapon state: 0
Weapon speed: 0
Joystick direction: BACKWARD
Error sending the data

Last Packet Send Status:	Delivery Fail
Robot state: 0
Robot x: -1
Robot y: -3
Weapon state: 0
Weapon speed: 0
Joystick direction: NEUTRAL
Error sending the data

Last Packet Send Status:	Delivery Fail
Robot state: 0
Robot x: -1
Robot y: -3
Weapon state: 0
Weapon speed: 0
Joystick direction: NEUTRAL
Error sending the data

Last Packet Send Status:	Delivery Fail
Robot state: 0
Robot x: -1
Robot y: -2
Weapon state: 0
Weapon speed: 0
Joystick direction: NEUTRAL
Error sending the data

Last Packet Send Status:	Delivery Fail
Robot state: 0
Robot x: -1
Robot y: -2
Weapon state: 0
Weapon speed: 0
Joystick direction: NEUTRAL
Error sending the data

Last Packet Send Status:	Delivery Fail
Robot state: 0
Robot x: -1
Robot y: -2
Weapon state: 0
Weapon speed: 0
Joystick direction: NEUTRAL
Error sending the data

Last Packet Send Status:	Delivery Fail
Robot state: 0
Robot x: -1
Robot y: -2
Weapon state: 0
Weapon speed: 0
Joystick direction: NEUTRAL
Error sending the data

Last Packet Send Status:	Delivery Fail
Robot state: 0
Robot x: -1
Robot y: -2
Weapon state: 0
Weapon speed: 0
Joystick direction: NEUTRAL
Error sending the data

Last Packet Send Status:	Delivery Fail
Robot state: 0
Robot x: -2
Robot y: -2
Weapon state: 0
Weapon speed: 0
Joystick direction: NEUTRAL
Error sending the data

Last Packet Send Status:	Delivery Fail
Robot state: 0
Robot x: -1
Robot y: 0
Weapon state: 0
Weapon speed: 0
Joystick direction: NEUTRAL
Error sending the data

Last Packet Send Status:	Delivery Fail
Robot state: 0
Robot x: 19
Robot y: 20
Weapon state: 0
Weapon speed: 93
Joystick direction: NEUTRAL
Error sending the data

Last Packet Send Status:	Delivery Fail
Robot state: 0
Robot x: 39
Robot y: 41
Weapon state: 0
Weapon speed: 97
Joystick direction: NEUTRAL
Error sending the data

Last Packet Send Status:	Delivery Fail
Robot state: 0
Robot x: 59
Robot y: 61
Weapon state: 0
Weapon speed: 97
Joystick direction: NEUTRAL
Error sending the data

Last Packet Send Status:	Delivery Fail
Robot state: 0
Robot x: 80
Robot y: 82
Weapon state: 0
Weapon speed: 96
Joystick direction: NEUTRAL
Error sending the data

Last Packet Send Status:	Delivery Fail
Robot state: 0
Robot x: 100
Robot y: 100
Weapon state: 0
Weapon speed: 37
Joystick direction: NEUTRAL
Error sending the data

Last Packet Send Status:	Delivery Fail
Robot state: 0
Robot x: 100
Robot y: 100
Weapon state: 0
Weapon speed: 102
Joystick direction: NEUTRAL
Error sending the data

Last Packet Send Status:	Delivery Fail
Robot state: 0
Robot x: 100
Robot y: 100
Weapon state: 0
Weapon speed: 105
Joystick direction: NEUTRAL
Error sending the data

Last Packet Send Status:	Delivery Fail
Robot state: 0
Robot x: 100
Robot y: 100
Weapon state: 0
Weapon speed: 107
Joystick direction: NEUTRAL
Error sending the data

Last Packet Send Status:	Delivery Fail
Robot state: 0
Robot x: 100
Robot y: 100
Weapon state: 0
Weapon speed: 98
Joystick direction: NEUTRAL
Error sending the data

Last Packet Send Status:	Delivery Fail
Robot state: 0
Robot x: 100
Robot y: 100
Weapon state: 0
Weapon speed: 96
Joystick direction: NEUTRAL
Error sending the data

Last Packet Send Status:	Delivery Fail
Robot state: 0
Robot x: 100
Robot y: 100
Weapon state: 0
Weapon speed: 102
Joystick direction: NEUTRAL
Error sending the data

Last Packet Send Status:	Delivery Fail
Robot state: 0
Robot x: 82
Robot y: 82
Weapon state: 0
Weapon speed: 0
Joystick direction: NEUTRAL
Error sending the data

Last Packet Send Status:	Delivery Fail
Robot state: 0
Robot x: 67
Robot y: 67
Weapon state: 0
Weapon speed: 0
Joystick direction: NEUTRAL
Error sending the data

Last Packet Send Status:	Delivery Fail
Robot state: 0
Robot x: 52
Robot y: 52
Weapon state: 0
Weapon speed: 0
Joystick direction: NEUTRAL
Error sending the data

Last Packet Send Status:	Delivery Fail
Robot state: 0
Robot x: 34
Robot y: 34
Weapon state: 0
Weapon speed: 0
Joystick direction: NEUTRAL
Error sending the data

Last Packet Send Status:	Delivery Fail
Robot state: 0
Robot x: 14
Robot y: 14
Weapon state: 0
Weapon speed: 0
Joystick direction: NEUTRAL
Error sending the data

Last Packet Send Status:	Delivery Fail
Robot state: 0
Robot x: 15
Robot y: 15
Weapon state: 0
Weapon speed: 0
Joystick direction: NEUTRAL
Error sending the data

Last Packet Send Status:	Delivery Fail
Robot state: 0
Robot x: 10
Robot y: 11
Weapon state: 0
Weapon speed: 0
Joystick direction: NEUTRAL
Error sending the data

Last Packet Send Status:	Delivery Fail
Robot state: 0
Robot x: 25
Robot y: 25
Weapon state: 0
Weapon speed: 99
Joystick direction: NEUTRAL
Error sending the data

Last Packet Send Status:	Delivery Fail
Robot state: 0
Robot x: 43
Robot y: 43
Weapon state: 0
Weapon speed: 97
Joystick direction: NEUTRAL
Error sending the data

Last Packet Send Status:	Delivery Fail
Robot state: 0
Robot x: 63
Robot y: 63
Weapon state: 0
Weapon speed: 105
Joystick direction: NEUTRAL
Error sending the data

Last Packet Send Status:	Delivery Fail
Robot state: 0
Robot x: 80
Robot y: 80
Weapon state: 0
Weapon speed: 101
Joystick direction: NEUTRAL
Error sending the data

Last Packet Send Status:	Delivery Fail
Robot state: 0
Robot x: 100
Robot y: 100
Weapon state: 0
Weapon speed: 101
Joystick direction: NEUTRAL
Error sending the data

Last Packet Send Status:	Delivery Fail
Robot state: 0
Robot x: 100
Robot y: 100
Weapon state: 0
Weapon speed: 107
Joystick direction: NEUTRAL
Error sending the data

Last Packet Send Status:	Delivery Fail
Robot state: 0
Robot x: 100
Robot y: 100
Weapon state: 0
Weapon speed: 104
Joystick direction: NEUTRAL
Error sending the data

Last Packet Send Status:	Delivery Fail
Robot state: 0
Robot x: 100
Robot y: 100
Weapon state: 0
Weapon speed: 102
Joystick direction: NEUTRAL
Error sending the data

Last Packet Send Status:	Delivery Fail
Robot state: 0
Robot x: 100
Robot y: 100
Weapon state: 0
Weapon speed: 97
Joystick direction: NEUTRAL
Error sending the data

Last Packet Send Status:	Delivery Fail
Robot state: 0
Robot x: 100
Robot y: 100
Weapon state: 0
Weapon speed: 106
Joystick direction: NEUTRAL
Error sending the data

Last Packet Send Status:	Delivery Fail
Robot state: 0
Robot x: 100
Robot y: 100
Weapon state: 0
Weapon speed: 106
Joystick direction: NEUTRAL
Error sending the data

Last Packet Send Status:	Delivery Fail
Robot state: 0
Robot x: 100
Robot y: 100
Weapon state: 0
Weapon speed: 96
Joystick direction: NEUTRAL
Error sending the data

Last Packet Send Status:	Delivery Fail
Robot state: 0
Robot x: 100
Robot y: 100
Weapon state: 0
Weapon speed: 103
Joystick direction: NEUTRAL
Error sending the data

Last Packet Send Status:	Delivery Fail
Robot state: 0
Robot x: 100
Robot y: 100
Weapon state: 0
Weapon speed: 99
Joystick direction: NEUTRAL
Error sending the data

Last Packet Send Status:	Delivery Fail
Robot state: 0
Robot x: 100
Robot y: 100
Weapon state: 0
Weapon speed: 101
Joystick direction: NEUTRAL
Error sending the data

Last Packet Send Status:	Delivery Fail
Robot state: 0
Robot x: 100
Robot y: 100
Weapon state: 0
Weapon speed: 99
Joystick direction: NEUTRAL
Error sending the data

Last Packet Send Status:	Delivery Fail
Robot state: 0
Robot x: 100
Robot y: 100
Weapon state: 0
Weapon speed: 99
Joystick direction: NEUTRAL
Error sending the data

Last Packet Send Status:	Delivery Fail
Robot state: 0
Robot x: 100
Robot y: 100
Weapon state: 0
Weapon speed: 99
Joystick direction: NEUTRAL
Error sending the data

Last Packet Send Status:	Delivery Fail
Robot state: 0
Robot x: 100
Robot y: 100
Weapon state: 0
Weapon speed: 129
Joystick direction: NEUTRAL
Error sending the data

Last Packet Send Status:	Delivery Fail
Robot state: 0
Robot x: 100
Robot y: 100
Weapon state: 0
Weapon speed: 104
Joystick direction: NEUTRAL
Error sending the data

Last Packet Send Status:	Delivery Fail
Robot state: 0
Robot x: 100
Robot y: 100
Weapon state: 0
Weapon speed: 100
Joystick direction: NEUTRAL
Error sending the data

Last Packet Send Status:	Delivery Fail
Robot state: 0
Robot x: 100
Robot y: 100
Weapon state: 0
Weapon speed: 99
Joystick direction: NEUTRAL
Error sending the data

Last Packet Send Status:	Delivery Fail
Robot state: 0
Robot x: 100
Robot y: 100
Weapon state: 0
Weapon speed: 97
Joystick direction: NEUTRAL
Error sending the data

Last Packet Send Status:	Delivery Fail
Robot state: 0
Robot x: 100
Robot y: 100
Weapon state: 0
Weapon speed: 109
Joystick direction: NEUTRAL
Error sending the data

Last Packet Send Status:	Delivery Fail
Robot state: 0
Robot x: 100
Robot y: 100
Weapon state: 0
Weapon speed: 97
Joystick direction: NEUTRAL
Error sending the data

Last Packet Send Status:	Delivery Fail
Robot state: 0
Robot x: 100
Robot y: 100
Weapon state: 0
Weapon speed: 100
Joystick direction: NEUTRAL
Error sending the data

Last Packet Send Status:	Delivery Fail
Robot state: 0
Robot x: 100
Robot y: 100
Weapon state: 0
Weapon speed: 103
Joystick direction: NEUTRAL
Error sending the data

Last Packet Send Status:	Delivery Fail
Robot state: 0
Robot x: 100
Robot y: 100
Weapon state: 0
Weapon speed: 100
Joystick direction: NEUTRAL
Error sending the data

Last Packet Send Status:	Delivery Fail
Robot state: 0
Robot x: 100
Robot y: 100
Weapon state: 0
Weapon speed: 103
Joystick direction: NEUTRAL
Error sending the data

Last Packet Send Status:	Delivery Fail
Robot state: 0
Robot x: 100
Robot y: 100
Weapon state: 0
Weapon speed: 101
Joystick direction: NEUTRAL
Error sending the data

Last Packet Send Status:	Delivery Fail
Robot state: 0
Robot x: 100
Robot y: 100
Weapon state: 0
Weapon speed: 105
Joystick direction: NEUTRAL
Error sending the data

Last Packet Send Status:	Delivery Fail
Robot state: 0
Robot x: 100
Robot y: 100
Weapon state: 0
Weapon speed: 50
Joystick direction: NEUTRAL
Error sending the data

Last Packet Send Status:	Delivery Fail
Robot state: 0
Robot x: 100
Robot y: 100
Weapon state: 0
Weapon speed: 101
Joystick direction: NEUTRAL
Error sending the data

Last Packet Send Status:	Delivery Fail
Robot state: 0
Robot x: 100
Robot y: 100
Weapon state: 0
Weapon speed: 102
Joystick direction: NEUTRAL
Error sending the data

Last Packet Send Status:	Delivery Fail
Robot state: 0
Robot x: 100
Robot y: 100
Weapon state: 0
Weapon speed: 107
Joystick direction: NEUTRAL
Error sending the data

Last Packet Send Status:	Delivery Fail
Robot state: 0
Robot x: 100
Robot y: 100
Weapon state: 0
Weapon speed: 99
Joystick direction: NEUTRAL
Error sending the data

Last Packet Send Status:	Delivery Fail
Robot state: 0
Robot x: 100
Robot y: 100
Weapon state: 0
Weapon speed: 101
Joystick direction: NEUTRAL
Error sending the data

Last Packet Send Status:	Delivery Fail
Robot state: 0
Robot x: 100
Robot y: 100
Weapon state: 0
Weapon speed: 103
Joystick direction: NEUTRAL
Error sending the data

Last Packet Send Status:	Delivery Fail
Robot state: 0
Robot x: 100
Robot y: 100
Weapon state: 0
Weapon speed: 100
Joystick direction: NEUTRAL
Error sending the data

Last Packet Send Status:	Delivery Fail
Robot state: 0
Robot x: 100
Robot y: 100
Weapon state: 0
Weapon speed: 99
Joystick direction: NEUTRAL
Error sending the data

Last Packet Send Status:	Delivery Fail
Robot state: 0
Robot x: 100
Robot y: 100
Weapon state: 0
Weapon speed: 98
Joystick direction: NEUTRAL
Error sending the data

Last Packet Send Status:	Delivery Fail
Robot state: 0
Robot x: 100
Robot y: 100
Weapon state: 0
Weapon speed: 101
Joystick direction: NEUTRAL
Error sending the data

Last Packet Send Status:	Delivery Fail
Robot state: 0
Robot x: 100
Robot y: 100
Weapon state: 0
Weapon speed: 103
Joystick direction: NEUTRAL
Error sending the data

Last Packet Send Status:	Delivery Fail
Robot state: 0
Robot x: 100
Robot y: 100
Weapon state: 0
Weapon speed: 112
Joystick direction: NEUTRAL
Error sending the data

Last Packet Send Status:	Delivery Fail
Robot state: 0
Robot x: 100
Robot y: 100
Weapon state: 0
Weapon speed: 101
Joystick direction: NEUTRAL
Error sending the data

Last Packet Send Status:	Delivery Fail
Robot state: 0
Robot x: 100
Robot y: 100
Weapon state: 0
Weapon speed: 99
Joystick direction: NEUTRAL
Error sending the data

Last Packet Send Status:	Delivery Fail
Robot state: 0
Robot x: 100
Robot y: 100
Weapon state: 0
Weapon speed: 100
Joystick direction: NEUTRAL
Error sending the data

Last Packet Send Status:	Delivery Fail
Robot state: 0
Robot x: 100
Robot y: 100
Weapon state: 0
Weapon speed: 102
Joystick direction: NEUTRAL
Error sending the data

Last Packet Send Status:	Delivery Fail
Robot state: 0
Robot x: 100
Robot y: 100
Weapon state: 0
Weapon speed: 99
Joystick direction: NEUTRAL
Error sending the data

Last Packet Send Status:	Delivery Fail
Robot state: 0
Robot x: 100
Robot y: 100
Weapon state: 0
Weapon speed: 108
Joystick direction: NEUTRAL
Error sending the data

Last Packet Send Status:	Delivery Fail
Robot state: 0
Robot x: 100
Robot y: 100
Weapon state: 0
Weapon speed: 99
Joystick direction: NEUTRAL
Error sending the data

Last Packet Send Status:	Delivery Fail
Robot state: 0
Robot x: 100
Robot y: 100
Weapon state: 0
Weapon speed: 98
Joystick direction: NEUTRAL
Error sending the data

Last Packet Send Status:	Delivery Fail
Robot state: 0
Robot x: 100
Robot y: 100
Weapon state: 0
Weapon speed: 101
Joystick direction: NEUTRAL
Error sending the data

Last Packet Send Status:	Delivery Fail
Robot state: 0
Robot x: 100
Robot y: 100
Weapon state: 0
Weapon speed: 99
Joystick direction: NEUTRAL
Error sending the data

Last Packet Send Status:	Delivery Fail
Robot state: 0
Robot x: 100
Robot y: 100
Weapon state: 0
Weapon speed: 105
Joystick direction: NEUTRAL
Error sending the data

Last Packet Send Status:	Delivery Fail
Robot state: 0
Robot x: 100
Robot y: 100
Weapon state: 0
Weapon speed: 100
Joystick direction: NEUTRAL
Error sending the data

Last Packet Send Status:	Delivery Fail
Robot state: 0
Robot x: 100
Robot y: 100
Weapon state: 0
Weapon speed: 99
Joystick direction: NEUTRAL
Error sending the data

Last Packet Send Status:	Delivery Fail
Robot state: 0
Robot x: 100
Robot y: 100
Weapon state: 0
Weapon speed: 106
Joystick direction: NEUTRAL
Error sending the data

Last Packet Send Status:	Delivery Fail
Robot state: 0
Robot x: 100
Robot y: 100
Weapon state: 0
Weapon speed: 107
Joystick direction: NEUTRAL
Error sending the data

Last Packet Send Status:	Delivery Fail
Robot state: 0
Robot x: 100
Robot y: 100
Weapon state: 0
Weapon speed: 101
Joystick direction: NEUTRAL
Error sending the data

Last Packet Send Status:	Delivery Fail
Robot state: 0
Robot x: 100
Robot y: 100
Weapon state: 0
Weapon speed: 103
Joystick direction: NEUTRAL
Error sending the data

Last Packet Send Status:	Delivery Fail
Robot state: 0
Robot x: 100
Robot y: 100
Weapon state: 0
Weapon speed: 99
Joystick direction: NEUTRAL
Error sending the data

Last Packet Send Status:	Delivery Fail
Robot state: 0
Robot x: 100
Robot y: 100
Weapon state: 0
Weapon speed: 99
Joystick direction: NEUTRAL
Error sending the data

Last Packet Send Status:	Delivery Fail
Robot state: 0
Robot x: 100
Robot y: 100
Weapon state: 0
Weapon speed: 103
Joystick direction: NEUTRAL
Error sending the data

Last Packet Send Status:	Delivery Fail
Robot state: 0
Robot x: 100
Robot y: 100
Weapon state: 0
Weapon speed: 103
Joystick direction: NEUTRAL
Error sending the data

Last Packet Send Status:	Delivery Fail
Robot state: 0
Robot x: 100
Robot y: 100
Weapon state: 0
Weapon speed: 102
Joystick direction: NEUTRAL
Error sending the data

Last Packet Send Status:	Delivery Fail
Robot state: 0
Robot x: 100
Robot y: 100
Weapon state: 0
Weapon speed: 105
Joystick direction: NEUTRAL
Error sending the data

Last Packet Send Status:	Delivery Fail
Robot state: 0
Robot x: 100
Robot y: 100
Weapon state: 0
Weapon speed: 100
Joystick direction: NEUTRAL
Error sending the data

Last Packet Send Status:	Delivery Fail
Robot state: 0
Robot x: 100
Robot y: 100
Weapon state: 0
Weapon speed: 103
Joystick direction: NEUTRAL
Error sending the data

Last Packet Send Status:	Delivery Fail
Robot state: 0
Robot x: 100
Robot y: 100
Weapon state: 0
Weapon speed: 97
Joystick direction: NEUTRAL
Error sending the data

Last Packet Send Status:	Delivery Fail
Robot state: 0
Robot x: 100
Robot y: 100
Weapon state: 0
Weapon speed: 105
Joystick direction: NEUTRAL
Error sending the data

Last Packet Send Status:	Delivery Fail
Robot state: 0
Robot x: 100
Robot y: 100
Weapon state: 0
Weapon speed: 97
Joystick direction: NEUTRAL
Error sending the data

Last Packet Send Status:	Delivery Fail
Robot state: 0
Robot x: 100
Robot y: 100
Weapon state: 0
Weapon speed: 102
Joystick direction: NEUTRAL
Error sending the data

Last Packet Send Status:	Delivery Fail
Robot state: 0
Robot x: 100
Robot y: 100
Weapon state: 0
Weapon speed: 98
Joystick direction: NEUTRAL
Error sending the data

Last Packet Send Status:	Delivery Fail
Robot state: 0
Robot x: 100
Robot y: 100
Weapon state: 0
Weapon speed: 105
Joystick direction: NEUTRAL
Error sending the data

Last Packet Send Status:	Delivery Fail
Robot state: 0
Robot x: 100
Robot y: 100
Weapon state: 0
Weapon speed: 101
Joystick direction: NEUTRAL
Error sending the data

Last Packet Send Status:	Delivery Fail
Robot state: 0
Robot x: 100
Robot y: 100
Weapon state: 0
Weapon speed: 102
Joystick direction: NEUTRAL
Error sending the data

Last Packet Send Status:	Delivery Fail
Robot state: 0
Robot x: 100
Robot y: 100
Weapon state: 0
Weapon speed: 98
Joystick direction: NEUTRAL
Error sending the data

Last Packet Send Status:	Delivery Fail
Robot state: 0
Robot x: 100
Robot y: 100
Weapon state: 0
Weapon speed: 99
Joystick direction: NEUTRAL
Error sending the data

Last Packet Send Status:	Delivery Fail
Robot state: 0
Robot x: 100
Robot y: 100
Weapon state: 0
Weapon speed: 101
Joystick direction: NEUTRAL
Error sending the data

Last Packet Send Status:	Delivery Fail
Robot state: 0
Robot x: 100
Robot y: 100
Weapon state: 0
Weapon speed: 103
Joystick direction: NEUTRAL
Error sending the data

Last Packet Send Status:	Delivery Fail
Robot state: 0
Robot x: 100
Robot y: 100
Weapon state: 0
Weapon speed: 97
Joystick direction: NEUTRAL
Error sending the data

Last Packet Send Status:	Delivery Fail
Robot state: 0
Robot x: 100
Robot y: 100
Weapon state: 0
Weapon speed: 112
Joystick direction: NEUTRAL
Error sending the data

Last Packet Send Status:	Delivery Fail
Robot state: 0
Robot x: 100
Robot y: 100
Weapon state: 0
Weapon speed: 97
Joystick direction: NEUTRAL
Error sending the data

Last Packet Send Status:	Delivery Fail
Robot state: 0
Robot x: 100
Robot y: 100
Weapon state: 0
Weapon speed: 98
Joystick direction: NEUTRAL
Error sending the data

Last Packet Send Status:	Delivery Fail
Robot state: 0
Robot x: 100
Robot y: 100
Weapon state: 0
Weapon speed: 99
Joystick direction: NEUTRAL
Error sending the data

Last Packet Send Status:	Delivery Fail
Robot state: 0
Robot x: 100
Robot y: 100
Weapon state: 0
Weapon speed: 99
Joystick direction: NEUTRAL
Error sending the data

Last Packet Send Status:	Delivery Fail
Robot state: 0
Robot x: 100
Robot y: 100
Weapon state: 0
Weapon speed: 104
Joystick direction: NEUTRAL
Error sending the data

Last Packet Send Status:	Delivery Fail
Robot state: 0
Robot x: 100
Robot y: 100
Weapon state: 0
Weapon speed: 101
Joystick direction: NEUTRAL
Error sending the data

Last Packet Send Status:	Delivery Fail
Robot state: 0
Robot x: 100
Robot y: 100
Weapon state: 0
Weapon speed: 97
Joystick direction: NEUTRAL
Error sending the data

Last Packet Send Status:	Delivery Fail
Robot state: 0
Robot x: 100
Robot y: 100
Weapon state: 0
Weapon speed: 98
Joystick direction: NEUTRAL
Error sending the data

Last Packet Send Status:	Delivery Fail
Robot state: 0
Robot x: 100
Robot y: 100
Weapon state: 0
Weapon speed: 110
Joystick direction: NEUTRAL
Error sending the data

Last Packet Send Status:	Delivery Fail
Robot state: 0
Robot x: 100
Robot y: 100
Weapon state: 0
Weapon speed: 104
Joystick direction: NEUTRAL
Error sending the data

Last Packet Send Status:	Delivery Fail
Robot state: 0
Robot x: 100
Robot y: 100
Weapon state: 0
Weapon speed: 98
Joystick direction: NEUTRAL
Error sending the data

Last Packet Send Status:	Delivery Fail
Robot state: 0
Robot x: 100
Robot y: 100
Weapon state: 0
Weapon speed: 97
Joystick direction: NEUTRAL
Error sending the data

Last Packet Send Status:	Delivery Fail
Robot state: 0
Robot x: 100
Robot y: 100
Weapon state: 0
Weapon speed: 63
Joystick direction: NEUTRAL
Error sending the data

Last Packet Send Status:	Delivery Fail
Robot state: 0
Robot x: 100
Robot y: 100
Weapon state: 0
Weapon speed: 101
Joystick direction: NEUTRAL
Error sending the data

Last Packet Send Status:	Delivery Fail
Robot state: 0
Robot x: 100
Robot y: 100
Weapon state: 0
Weapon speed: 105
Joystick direction: NEUTRAL
Error sending the data

Last Packet Send Status:	Delivery Fail
Robot state: 0
Robot x: 100
Robot y: 100
Weapon state: 0
Weapon speed: 106
Joystick direction: NEUTRAL
Error sending the data

Last Packet Send Status:	Delivery Fail
Robot state: 0
Robot x: 100
Robot y: 100
Weapon state: 0
Weapon speed: 103
Joystick direction: NEUTRAL
Error sending the data

Last Packet Send Status:	Delivery Fail
Robot state: 0
Robot x: 100
Robot y: 100
Weapon state: 0
Weapon speed: 98
Joystick direction: NEUTRAL
Error sending the data

Last Packet Send Status:	Delivery Fail
Robot state: 0
Robot x: 100
Robot y: 100
Weapon state: 0
Weapon speed: 101
Joystick direction: NEUTRAL
Error sending the data

Last Packet Send Status:	Delivery Fail
Robot state: 0
Robot x: 100
Robot y: 100
Weapon state: 0
Weapon speed: 100
Joystick direction: NEUTRAL
Error sending the data

Last Packet Send Status:	Delivery Fail
Robot state: 0
Robot x: 100
Robot y: 100
Weapon state: 0
Weapon speed: 103
Joystick direction: NEUTRAL
Error sending the data

Last Packet Send Status:	Delivery Fail
Robot state: 0
Robot x: 100
Robot y: 100
Weapon state: 0
Weapon speed: 105
Joystick direction: NEUTRAL
Error sending the data

Last Packet Send Status:	Delivery Fail
Robot state: 0
Robot x: 100
Robot y: 100
Weapon state: 0
Weapon speed: 99
Joystick direction: NEUTRAL
Error sending the data

Last Packet Send Status:	Delivery Fail
Robot state: 0
Robot x: 100
Robot y: 100
Weapon state: 0
Weapon speed: 103
Joystick direction: NEUTRAL
Error sending the data

Last Packet Send Status:	Delivery Fail
Robot state: 0
Robot x: 100
Robot y: 100
Weapon state: 0
Weapon speed: 102
Joystick direction: NEUTRAL
Error sending the data

Last Packet Send Status:	Delivery Fail
Robot state: 0
Robot x: 100
Robot y: 100
Weapon state: 0
Weapon speed: 111
Joystick direction: NEUTRAL
Error sending the data

Last Packet Send Status:	Delivery Fail
Robot state: 0
Robot x: 100
Robot y: 100
Weapon state: 0
Weapon speed: 100
Joystick direction: NEUTRAL
Error sending the data

Last Packet Send Status:	Delivery Fail
Robot state: 0
Robot x: 100
Robot y: 100
Weapon state: 0
Weapon speed: 102
Joystick direction: NEUTRAL
Error sending the data

Last Packet Send Status:	Delivery Fail
Robot state: 0
Robot x: 100
Robot y: 100
Weapon state: 0
Weapon speed: 103
Joystick direction: NEUTRAL
Error sending the data

Last Packet Send Status:	Delivery Fail
Robot state: 0
Robot x: 100
Robot y: 100
Weapon state: 0
Weapon speed: 107
Joystick direction: NEUTRAL
Error sending the data

Last Packet Send Status:	Delivery Fail
Robot state: 0
Robot x: 100
Robot y: 100
Weapon state: 0
Weapon speed: 105
Joystick direction: NEUTRAL
Error sending the data

Last Packet Send Status:	Delivery Fail
Robot state: 0
Robot x: 100
Robot y: 100
Weapon state: 0
Weapon speed: 103
Joystick direction: NEUTRAL
Error sending the data

Last Packet Send Status:	Delivery Fail
Robot state: 0
Robot x: 100
Robot y: 100
Weapon state: 0
Weapon speed: 99
Joystick direction: NEUTRAL
Error sending the data

Last Packet Send Status:	Delivery Fail
Robot state: 0
Robot x: 100
Robot y: 100
Weapon state: 0
Weapon speed: 105
Joystick direction: NEUTRAL
Error sending the data

Last Packet Send Status:	Delivery Fail
Robot state: 0
Robot x: 100
Robot y: 100
Weapon state: 0
Weapon speed: 112
Joystick direction: NEUTRAL
Error sending the data

Last Packet Send Status:	Delivery Fail
Robot state: 0
Robot x: 100
Robot y: 100
Weapon state: 0
Weapon speed: 107
Joystick direction: NEUTRAL
Error sending the data

Last Packet Send Status:	Delivery Fail
Robot state: 0
Robot x: 100
Robot y: 100
Weapon state: 0
Weapon speed: 106
Joystick direction: NEUTRAL
Error sending the data

Last Packet Send Status:	Delivery Fail
Robot state: 0
Robot x: 100
Robot y: 100
Weapon state: 0
Weapon speed: 101
Joystick direction: NEUTRAL
Error sending the data

Last Packet Send Status:	Delivery Fail
Robot state: 0
Robot x: 100
Robot y: 100
Weapon state: 0
Weapon speed: 103
Joystick direction: NEUTRAL
Error sending the data

Last Packet Send Status:	Delivery Fail
Robot state: 0
Robot x: 100
Robot y: 100
Weapon state: 0
Weapon speed: 105
Joystick direction: NEUTRAL
Error sending the data

Last Packet Send Status:	Delivery Fail
Robot state: 0
Robot x: 100
Robot y: 100
Weapon state: 0
Weapon speed: 100
Joystick direction: NEUTRAL
Error sending the data

Last Packet Send Status:	Delivery Fail
Robot state: 0
Robot x: 100
Robot y: 100
Weapon state: 0
Weapon speed: 101
Joystick direction: NEUTRAL
Error sending the data

Last Packet Send Status:	Delivery Fail
Robot state: 0
Robot x: 100
Robot y: 100
Weapon state: 0
Weapon speed: 106
Joystick direction: NEUTRAL
Error sending the data

Last Packet Send Status:	Delivery Fail
Robot state: 0
Robot x: 100
Robot y: 100
Weapon state: 0
Weapon speed: 98
Joystick direction: NEUTRAL
Error sending the data

Last Packet Send Status:	Delivery Fail
Robot state: 0
Robot x: 100
Robot y: 100
Weapon state: 0
Weapon speed: 106
Joystick direction: NEUTRAL
Error sending the data

Last Packet Send Status:	Delivery Fail
Robot state: 0
Robot x: 100
Robot y: 100
Weapon state: 0
Weapon speed: 111
Joystick direction: NEUTRAL
Error sending the data

Last Packet Send Status:	Delivery Fail
Robot state: 0
Robot x: 100
Robot y: 100
Weapon state: 0
Weapon speed: 111
Joystick direction: NEUTRAL
Error sending the data

Last Packet Send Status:	Delivery Fail
Robot state: 0
Robot x: 100
Robot y: 100
Weapon state: 0
Weapon speed: 102
Joystick direction: NEUTRAL
Error sending the data

Last Packet Send Status:	Delivery Fail
Robot state: 0
Robot x: 100
Robot y: 100
Weapon state: 0
Weapon speed: 101
Joystick direction: NEUTRAL
Error sending the data

Last Packet Send Status:	Delivery Fail
Robot state: 0
Robot x: 100
Robot y: 100
Weapon state: 0
Weapon speed: 102
Joystick direction: NEUTRAL
Error sending the data

Last Packet Send Status:	Delivery Fail
Robot state: 0
Robot x: 100
Robot y: 100
Weapon state: 0
Weapon speed: 102
Joystick direction: NEUTRAL
Error sending the data

Last Packet Send Status:	Delivery Fail
Robot state: 0
Robot x: 100
Robot y: 100
Weapon state: 0
Weapon speed: 102
Joystick direction: NEUTRAL
Error sending the data

Last Packet Send Status:	Delivery Fail
Robot state: 0
Robot x: 100
Robot y: 100
Weapon state: 0
Weapon speed: 102
Joystick direction: NEUTRAL
Error sending the data

Last Packet Send Status:	Delivery Fail
Robot state: 0
Robot x: 100
Robot y: 100
Weapon state: 0
Weapon speed: 101
Joystick direction: NEUTRAL
Error sending the data

Last Packet Send Status:	Delivery Fail
Robot state: 0
Robot x: 100
Robot y: 100
Weapon state: 0
Weapon speed: 102
Joystick direction: NEUTRAL
Error sending the data

Last Packet Send Status:	Delivery Fail
Robot state: 0
Robot x: 100
Robot y: 100
Weapon state: 0
Weapon speed: 106
Joystick direction: NEUTRAL
Error sending the data

Last Packet Send Status:	Delivery Fail
Robot state: 0
Robot x: 100
Robot y: 100
Weapon state: 0
Weapon speed: 103
Joystick direction: NEUTRAL
Error sending the data

Last Packet Send Status:	Delivery Fail
Robot state: 0
Robot x: 100
Robot y: 100
Weapon state: 0
Weapon speed: 103
Joystick direction: NEUTRAL
Error sending the data

Last Packet Send Status:	Delivery Fail
Robot state: 0
Robot x: 100
Robot y: 100
Weapon state: 0
Weapon speed: 109
Joystick direction: NEUTRAL
Error sending the data

Last Packet Send Status:	Delivery Fail
Robot state: 0
Robot x: 100
Robot y: 100
Weapon state: 0
Weapon speed: 129
Joystick direction: NEUTRAL
Error sending the data

Last Packet Send Status:	Delivery Fail
Robot state: 0
Robot x: 100
Robot y: 100
Weapon state: 0
Weapon speed: 98
Joystick direction: NEUTRAL
Error sending the data

Last Packet Send Status:	Delivery Fail
Robot state: 0
Robot x: 100
Robot y: 100
Weapon state: 0
Weapon speed: 101
Joystick direction: NEUTRAL
Error sending the data

Last Packet Send Status:	Delivery Fail
Robot state: 0
Robot x: 100
Robot y: 100
Weapon state: 0
Weapon speed: 101
Joystick direction: NEUTRAL
Error sending the data

Last Packet Send Status:	Delivery Fail
Robot state: 0
Robot x: 100
Robot y: 100
Weapon state: 0
Weapon speed: 102
Joystick direction: NEUTRAL
Error sending the data

Last Packet Send Status:	Delivery Fail
Robot state: 0
Robot x: 100
Robot y: 100
Weapon state: 0
Weapon speed: 105
Joystick direction: NEUTRAL
Error sending the data

Last Packet Send Status:	Delivery Fail
Robot state: 0
Robot x: 100
Robot y: 100
Weapon state: 0
Weapon speed: 105
Joystick direction: NEUTRAL
Error sending the data

Last Packet Send Status:	Delivery Fail
Robot state: 0
Robot x: 100
Robot y: 100
Weapon state: 0
Weapon speed: 108
Joystick direction: NEUTRAL
Error sending the data

Last Packet Send Status:	Delivery Fail
Robot state: 0
Robot x: 100
Robot y: 100
Weapon state: 0
Weapon speed: 103
Joystick direction: NEUTRAL
Error sending the data

Last Packet Send Status:	Delivery Fail
Robot state: 0
Robot x: 100
Robot y: 100
Weapon state: 0
Weapon speed: 101
Joystick direction: NEUTRAL
Error sending the data

Last Packet Send Status:	Delivery Fail
Robot state: 0
Robot x: 100
Robot y: 100
Weapon state: 0
Weapon speed: 101
Joystick direction: NEUTRAL
Error sending the data

Last Packet Send Status:	Delivery Fail
Robot state: 0
Robot x: 100
Robot y: 100
Weapon state: 0
Weapon speed: 102
Joystick direction: NEUTRAL
Error sending the data

Last Packet Send Status:	Delivery Fail
Robot state: 0
Robot x: 100
Robot y: 100
Weapon state: 0
Weapon speed: 109
Joystick direction: NEUTRAL
Error sending the data

Last Packet Send Status:	Delivery Fail
Robot state: 0
Robot x: 100
Robot y: 100
Weapon state: 0
Weapon speed: 106
Joystick direction: NEUTRAL
Error sending the data

Last Packet Send Status:	Delivery Fail
Robot state: 0
Robot x: 100
Robot y: 100
Weapon state: 0
Weapon speed: 107
Joystick direction: NEUTRAL
Error sending the data

Last Packet Send Status:	Delivery Fail
Robot state: 0
Robot x: 100
Robot y: 100
Weapon state: 0
Weapon speed: 106
Joystick direction: NEUTRAL
Error sending the data

Last Packet Send Status:	Delivery Fail
Robot state: 0
Robot x: 100
Robot y: 100
Weapon state: 0
Weapon speed: 102
Joystick direction: NEUTRAL
Error sending the data

Last Packet Send Status:	Delivery Fail
Robot state: 0
Robot x: 100
Robot y: 100
Weapon state: 0
Weapon speed: 107
Joystick direction: NEUTRAL
Error sending the data

Last Packet Send Status:	Delivery Fail
Robot state: 0
Robot x: 100
Robot y: 100
Weapon state: 0
Weapon speed: 107
Joystick direction: NEUTRAL
Error sending the data

Last Packet Send Status:	Delivery Fail
Robot state: 0
Robot x: 100
Robot y: 100
Weapon state: 0
Weapon speed: 110
Joystick direction: NEUTRAL
Error sending the data

Last Packet Send Status:	Delivery Fail
Robot state: 0
Robot x: 100
Robot y: 100
Weapon state: 0
Weapon speed: 104
Joystick direction: NEUTRAL
Error sending the data

Last Packet Send Status:	Delivery Fail
Robot state: 0
Robot x: 100
Robot y: 100
Weapon state: 0
Weapon speed: 101
Joystick direction: NEUTRAL
Error sending the data

Last Packet Send Status:	Delivery Fail
Robot state: 0
Robot x: 100
Robot y: 100
Weapon state: 0
Weapon speed: 100
Joystick direction: NEUTRAL
Error sending the data

Last Packet Send Status:	Delivery Fail
Robot state: 0
Robot x: 100
Robot y: 100
Weapon state: 0
Weapon speed: 107
Joystick direction: NEUTRAL
Error sending the data

Last Packet Send Status:	Delivery Fail
Robot state: 0
Robot x: 100
Robot y: 100
Weapon state: 0
Weapon speed: 103
Joystick direction: NEUTRAL
Error sending the data

Last Packet Send Status:	Delivery Fail
Robot state: 0
Robot x: 100
Robot y: 100
Weapon state: 0
Weapon speed: 99
Joystick direction: NEUTRAL
Error sending the data

Last Packet Send Status:	Delivery Fail
Robot state: 0
Robot x: 100
Robot y: 100
Weapon state: 0
Weapon speed: 105
Joystick direction: NEUTRAL
Error sending the data

Last Packet Send Status:	Delivery Fail
Robot state: 0
Robot x: 100
Robot y: 100
Weapon state: 0
Weapon speed: 103
Joystick direction: NEUTRAL
Error sending the data

Last Packet Send Status:	Delivery Fail
Robot state: 0
Robot x: 100
Robot y: 100
Weapon state: 0
Weapon speed: 112
Joystick direction: NEUTRAL
Error sending the data

Last Packet Send Status:	Delivery Fail
Robot state: 0
Robot x: 100
Robot y: 100
Weapon state: 0
Weapon speed: 109
Joystick direction: NEUTRAL
Error sending the data

Last Packet Send Status:	Delivery Fail
Robot state: 0
Robot x: 100
Robot y: 100
Weapon state: 0
Weapon speed: 102
Joystick direction: NEUTRAL
Error sending the data

Last Packet Send Status:	Delivery Fail
Robot state: 0
Robot x: 100
Robot y: 100
Weapon state: 0
Weapon speed: 106
Joystick direction: NEUTRAL
Error sending the data

Last Packet Send Status:	Delivery Fail
Robot state: 0
Robot x: 100
Robot y: 100
Weapon state: 0
Weapon speed: 105
Joystick direction: NEUTRAL
Error sending the data

Last Packet Send Status:	Delivery Fail
Robot state: 0
Robot x: 100
Robot y: 100
Weapon state: 0
Weapon speed: 105
Joystick direction: NEUTRAL
Error sending the data

Last Packet Send Status:	Delivery Fail
Robot state: 0
Robot x: 100
Robot y: 100
Weapon state: 0
Weapon speed: 107
Joystick direction: NEUTRAL
Error sending the data

Last Packet Send Status:	Delivery Fail
Robot state: 0
Robot x: 100
Robot y: 100
Weapon state: 0
Weapon speed: 106
Joystick direction: NEUTRAL
Error sending the data

Last Packet Send Status:	Delivery Fail
Robot state: 0
Robot x: 100
Robot y: 100
Weapon state: 0
Weapon speed: 105
Joystick direction: NEUTRAL
Error sending the data

Last Packet Send Status:	Delivery Fail
Robot state: 0
Robot x: 100
Robot y: 100
Weapon state: 0
Weapon speed: 112
Joystick direction: NEUTRAL
Error sending the data

Last Packet Send Status:	Delivery Fail
Robot state: 0
Robot x: 100
Robot y: 100
Weapon state: 0
Weapon speed: 102
Joystick direction: NEUTRAL
Error sending the data

Last Packet Send Status:	Delivery Fail
Robot state: 0
Robot x: 100
Robot y: 100
Weapon state: 0
Weapon speed: 106
Joystick direction: NEUTRAL
Error sending the data

Last Packet Send Status:	Delivery Fail
Robot state: 0
Robot x: 100
Robot y: 100
Weapon state: 0
Weapon speed: 103
Joystick direction: NEUTRAL
Error sending the data

Last Packet Send Status:	Delivery Fail
Robot state: 0
Robot x: 100
Robot y: 100
Weapon state: 0
Weapon speed: 108
Joystick direction: NEUTRAL
Error sending the data

Last Packet Send Status:	Delivery Fail
Robot state: 0
Robot x: 100
Robot y: 100
Weapon state: 0
Weapon speed: 112
Joystick direction: NEUTRAL
Error sending the data

Last Packet Send Status:	Delivery Fail
Robot state: 0
Robot x: 100
Robot y: 100
Weapon state: 0
Weapon speed: 103
Joystick direction: NEUTRAL
Error sending the data

Last Packet Send Status:	Delivery Fail
Robot state: 0
Robot x: 100
Robot y: 100
Weapon state: 0
Weapon speed: 106
Joystick direction: NEUTRAL
Error sending the data

Last Packet Send Status:	Delivery Fail
Robot state: 0
Robot x: 100
Robot y: 100
Weapon state: 0
Weapon speed: 101
Joystick direction: NEUTRAL
Error sending the data

Last Packet Send Status:	Delivery Fail
Robot state: 0
Robot x: 100
Robot y: 100
Weapon state: 0
Weapon speed: 107
Joystick direction: NEUTRAL
Error sending the data

Last Packet Send Status:	Delivery Fail
Robot state: 0
Robot x: 100
Robot y: 100
Weapon state: 0
Weapon speed: 100
Joystick direction: NEUTRAL
Error sending the data

Last Packet Send Status:	Delivery Fail
Robot state: 0
Robot x: 100
Robot y: 100
Weapon state: 0
Weapon speed: 103
Joystick direction: NEUTRAL
Error sending the data

Last Packet Send Status:	Delivery Fail
Robot state: 0
Robot x: 100
Robot y: 100
Weapon state: 0
Weapon speed: 103
Joystick direction: NEUTRAL
Error sending the data

Last Packet Send Status:	Delivery Fail
Robot state: 0
Robot x: 100
Robot y: 100
Weapon state: 0
Weapon speed: 105
Joystick direction: NEUTRAL
Error sending the data

Last Packet Send Status:	Delivery Fail
Robot state: 0
Robot x: 100
Robot y: 100
Weapon state: 0
Weapon speed: 102
Joystick direction: NEUTRAL
Error sending the data

Last Packet Send Status:	Delivery Fail
Robot state: 0
Robot x: 100
Robot y: 100
Weapon state: 0
Weapon speed: 99
Joystick direction: NEUTRAL
Error sending the data

Last Packet Send Status:	Delivery Fail
Robot state: 0
Robot x: 100
Robot y: 100
Weapon state: 0
Weapon speed: 102
Joystick direction: NEUTRAL
Error sending the data

Last Packet Send Status:	Delivery Fail
Robot state: 0
Robot x: 100
Robot y: 100
Weapon state: 0
Weapon speed: 104
Joystick direction: NEUTRAL
Error sending the data

Last Packet Send Status:	Delivery Fail
Robot state: 0
Robot x: 100
Robot y: 100
Weapon state: 0
Weapon speed: 99
Joystick direction: NEUTRAL
Error sending the data

Last Packet Send Status:	Delivery Fail
Robot state: 0
Robot x: 100
Robot y: 100
Weapon state: 0
Weapon speed: 108
Joystick direction: NEUTRAL
Error sending the data

Last Packet Send Status:	Delivery Fail
Robot state: 0
Robot x: 100
Robot y: 100
Weapon state: 0
Weapon speed: 105
Joystick direction: NEUTRAL
Error sending the data

Last Packet Send Status:	Delivery Fail
Robot state: 0
Robot x: 100
Robot y: 100
Weapon state: 0
Weapon speed: 102
Joystick direction: NEUTRAL
Error sending the data

Last Packet Send Status:	Delivery Fail
Robot state: 0
Robot x: 100
Robot y: 100
Weapon state: 0
Weapon speed: 104
Joystick direction: NEUTRAL
Error sending the data

Last Packet Send Status:	Delivery Fail
Robot state: 0
Robot x: 100
Robot y: 100
Weapon state: 0
Weapon speed: 103
Joystick direction: NEUTRAL
Error sending the data

Last Packet Send Status:	Delivery Fail
Robot state: 0
Robot x: 100
Robot y: 100
Weapon state: 0
Weapon speed: 103
Joystick direction: NEUTRAL
Error sending the data

Last Packet Send Status:	Delivery Fail
Robot state: 0
Robot x: 100
Robot y: 100
Weapon state: 0
Weapon speed: 100
Joystick direction: NEUTRAL
Error sending the data

Last Packet Send Status:	Delivery Fail
Robot state: 0
Robot x: 100
Robot y: 100
Weapon state: 0
Weapon speed: 106
Joystick direction: NEUTRAL
Error sending the data

Last Packet Send Status:	Delivery Fail
Robot state: 0
Robot x: 100
Robot y: 100
Weapon state: 0
Weapon speed: 130
Joystick direction: NEUTRAL
Error sending the data

Last Packet Send Status:	Delivery Fail
Robot state: 0
Robot x: 100
Robot y: 100
Weapon state: 0
Weapon speed: 103
Joystick direction: NEUTRAL
Error sending the data

Last Packet Send Status:	Delivery Fail
Robot state: 0
Robot x: 100
Robot y: 100
Weapon state: 0
Weapon speed: 103
Joystick direction: NEUTRAL
Error sending the data

Last Packet Send Status:	Delivery Fail
Robot state: 0
Robot x: 100
Robot y: 100
Weapon state: 0
Weapon speed: 106
Joystick direction: NEUTRAL
Error sending the data

Last Packet Send Status:	Delivery Fail
Robot state: 0
Robot x: 100
Robot y: 100
Weapon state: 0
Weapon speed: 109
Joystick direction: NEUTRAL
Error sending the data

Last Packet Send Status:	Delivery Fail
Robot state: 0
Robot x: 100
Robot y: 100
Weapon state: 0
Weapon speed: 103
Joystick direction: NEUTRAL
Error sending the data

Last Packet Send Status:	Delivery Fail
Robot state: 0
Robot x: 100
Robot y: 100
Weapon state: 0
Weapon speed: 103
Joystick direction: NEUTRAL
Error sending the data

Last Packet Send Status:	Delivery Fail
Robot state: 0
Robot x: 100
Robot y: 100
Weapon state: 0
Weapon speed: 111
Joystick direction: NEUTRAL
Error sending the data

Last Packet Send Status:	Delivery Fail
Robot state: 0
Robot x: 100
Robot y: 100
Weapon state: 0
Weapon speed: 103
Joystick direction: NEUTRAL
Error sending the data

Last Packet Send Status:	Delivery Fail
Robot state: 0
Robot x: 100
Robot y: 100
Weapon state: 0
Weapon speed: 99
Joystick direction: NEUTRAL
Error sending the data

Last Packet Send Status:	Delivery Fail
Robot state: 0
Robot x: 100
Robot y: 100
Weapon state: 0
Weapon speed: 99
Joystick direction: NEUTRAL
Error sending the data

Last Packet Send Status:	Delivery Fail
Robot state: 0
Robot x: 100
Robot y: 100
Weapon state: 0
Weapon speed: 103
Joystick direction: NEUTRAL
Error sending the data

Last Packet Send Status:	Delivery Fail
Robot state: 0
Robot x: 100
Robot y: 100
Weapon state: 0
Weapon speed: 102
Joystick direction: NEUTRAL
Error sending the data

Last Packet Send Status:	Delivery Fail
Robot state: 0
Robot x: 100
Robot y: 100
Weapon state: 0
Weapon speed: 102
Joystick direction: NEUTRAL
Error sending the data

Last Packet Send Status:	Delivery Fail
Robot state: 0
Robot x: 100
Robot y: 100
Weapon state: 0
Weapon speed: 101
Joystick direction: NEUTRAL
Error sending the data

Last Packet Send Status:	Delivery Fail
Robot state: 0
Robot x: 100
Robot y: 100
Weapon state: 0
Weapon speed: 112
Joystick direction: NEUTRAL
Error sending the data

Last Packet Send Status:	Delivery Fail
Robot state: 0
Robot x: 100
Robot y: 100
Weapon state: 0
Weapon speed: 103
Joystick direction: NEUTRAL
Error sending the data

Last Packet Send Status:	Delivery Fail
Robot state: 0
Robot x: 100
Robot y: 100
Weapon state: 0
Weapon speed: 106
Joystick direction: NEUTRAL
Error sending the data

Last Packet Send Status:	Delivery Fail
Robot state: 0
Robot x: 100
Robot y: 100
Weapon state: 0
Weapon speed: 106
Joystick direction: NEUTRAL
Error sending the data

Last Packet Send Status:	Delivery Fail
Robot state: 0
Robot x: 100
Robot y: 100
Weapon state: 0
Weapon speed: 111
Joystick direction: NEUTRAL
Error sending the data

Last Packet Send Status:	Delivery Fail
Robot state: 0
Robot x: 100
Robot y: 100
Weapon state: 0
Weapon speed: 105
Joystick direction: NEUTRAL
Error sending the data

Last Packet Send Status:	Delivery Fail
Robot state: 0
Robot x: 100
Robot y: 100
Weapon state: 0
Weapon speed: 110
Joystick direction: NEUTRAL
Error sending the data

Last Packet Send Status:	Delivery Fail
Robot state: 0
Robot x: 100
Robot y: 100
Weapon state: 0
Weapon speed: 105
Joystick direction: NEUTRAL
Error sending the data

Last Packet Send Status:	Delivery Fail
Robot state: 0
Robot x: 100
Robot y: 100
Weapon state: 0
Weapon speed: 105
Joystick direction: NEUTRAL
Error sending the data

Last Packet Send Status:	Delivery Fail
Robot state: 0
Robot x: 100
Robot y: 100
Weapon state: 0
Weapon speed: 103
Joystick direction: NEUTRAL
Error sending the data

Last Packet Send Status:	Delivery Fail
Robot state: 0
Robot x: 100
Robot y: 100
Weapon state: 0
Weapon speed: 109
Joystick direction: NEUTRAL
Error sending the data

Last Packet Send Status:	Delivery Fail
Robot state: 0
Robot x: 100
Robot y: 100
Weapon state: 0
Weapon speed: 113
Joystick direction: NEUTRAL
Error sending the data

Last Packet Send Status:	Delivery Fail
Robot state: 0
Robot x: 100
Robot y: 100
Weapon state: 0
Weapon speed: 101
Joystick direction: NEUTRAL
Error sending the data

Last Packet Send Status:	Delivery Fail
Robot state: 0
Robot x: 100
Robot y: 100
Weapon state: 0
Weapon speed: 111
Joystick direction: NEUTRAL
Error sending the data

Last Packet Send Status:	Delivery Fail
Robot state: 0
Robot x: 100
Robot y: 100
Weapon state: 0
Weapon speed: 102
Joystick direction: NEUTRAL
Error sending the data

Last Packet Send Status:	Delivery Fail
Robot state: 0
Robot x: 100
Robot y: 100
Weapon state: 0
Weapon speed: 103
Joystick direction: NEUTRAL
Error sending the data

Last Packet Send Status:	Delivery Fail
Robot state: 0
Robot x: 100
Robot y: 100
Weapon state: 0
Weapon speed: 109
Joystick direction: NEUTRAL
Error sending the data

Last Packet Send Status:	Delivery Fail
Robot state: 0
Robot x: 100
Robot y: 100
Weapon state: 0
Weapon speed: 106
Joystick direction: NEUTRAL
Error sending the data

Last Packet Send Status:	Delivery Fail
Robot state: 0
Robot x: 100
Robot y: 100
Weapon state: 0
Weapon speed: 112
Joystick direction: NEUTRAL
Error sending the data

Last Packet Send Status:	Delivery Fail
Robot state: 0
Robot x: 100
Robot y: 100
Weapon state: 0
Weapon speed: 104
Joystick direction: NEUTRAL
Error sending the data

Last Packet Send Status:	Delivery Fail
Robot state: 0
Robot x: 100
Robot y: 100
Weapon state: 0
Weapon speed: 106
Joystick direction: NEUTRAL
Error sending the data

Last Packet Send Status:	Delivery Fail
Robot state: 0
Robot x: 100
Robot y: 100
Weapon state: 0
Weapon speed: 106
Joystick direction: NEUTRAL
Error sending the data

Last Packet Send Status:	Delivery Fail
Robot state: 0
Robot x: 100
Robot y: 100
Weapon state: 0
Weapon speed: 96
Joystick direction: NEUTRAL
Error sending the data

Last Packet Send Status:	Delivery Fail
Robot state: 0
Robot x: 100
Robot y: 100
Weapon state: 0
Weapon speed: 99
Joystick direction: NEUTRAL
Error sending the data

Last Packet Send Status:	Delivery Fail
Robot state: 0
Robot x: 100
Robot y: 100
Weapon state: 0
Weapon speed: 105
Joystick direction: NEUTRAL
Error sending the data

Last Packet Send Status:	Delivery Fail
Robot state: 0
Robot x: 100
Robot y: 100
Weapon state: 0
Weapon speed: 103
Joystick direction: NEUTRAL
Error sending the data

Last Packet Send Status:	Delivery Fail
Robot state: 0
Robot x: 100
Robot y: 100
Weapon state: 0
Weapon speed: 100
Joystick direction: NEUTRAL
Error sending the data

Last Packet Send Status:	Delivery Fail
Robot state: 0
Robot x: 100
Robot y: 100
Weapon state: 0
Weapon speed: 102
Joystick direction: NEUTRAL
Error sending the data

Last Packet Send Status:	Delivery Fail
Robot state: 0
Robot x: 100
Robot y: 100
Weapon state: 0
Weapon speed: 106
Joystick direction: NEUTRAL
Error sending the data

Last Packet Send Status:	Delivery Fail
Robot state: 0
Robot x: 100
Robot y: 100
Weapon state: 0
Weapon speed: 102
Joystick direction: NEUTRAL
Error sending the data

Last Packet Send Status:	Delivery Fail
Robot state: 0
Robot x: 100
Robot y: 100
Weapon state: 0
Weapon speed: 102
Joystick direction: NEUTRAL
Error sending the data

Last Packet Send Status:	Delivery Fail
Robot state: 0
Robot x: 100
Robot y: 100
Weapon state: 0
Weapon speed: 112
Joystick direction: NEUTRAL
Error sending the data

Last Packet Send Status:	Delivery Fail
Robot state: 0
Robot x: 100
Robot y: 100
Weapon state: 0
Weapon speed: 111
Joystick direction: NEUTRAL
Error sending the data

Last Packet Send Status:	Delivery Fail
Robot state: 0
Robot x: 79
Robot y: 79
Weapon state: 0
Weapon speed: 0
Joystick direction: NEUTRAL
Error sending the data

Last Packet Send Status:	Delivery Fail
Robot state: 0
Robot x: 59
Robot y: 59
Weapon state: 0
Weapon speed: 0
Joystick direction: NEUTRAL
Error sending the data

Last Packet Send Status:	Delivery Fail
Robot state: 0
Robot x: 38
Robot y: 38
Weapon state: 0
Weapon speed: 0
Joystick direction: NEUTRAL
Error sending the data

Last Packet Send Status:	Delivery Fail
Robot state: 0
Robot x: 18
Robot y: 18
Weapon state: 0
Weapon speed: 0
Joystick direction: NEUTRAL
Error sending the data

Last Packet Send Status:	Delivery Fail
Robot state: 0
Robot x: -2
Robot y: -2
Weapon state: 0
Weapon speed: 0
Joystick direction: NEUTRAL
Error sending the data

Last Packet Send Status:	Delivery Fail
Robot state: 0
Robot x: -1
Robot y: -2
Weapon state: 0
Weapon speed: 0
Joystick direction: NEUTRAL
Error sending the data

Last Packet Send Status:	Delivery Fail
Robot state: 0
Robot x: -1
Robot y: -2
Weapon state: 0
Weapon speed: 0
Joystick direction: NEUTRAL
Error sending the data

Last Packet Send Status:	Delivery Fail
Robot state: 0
Robot x: -1
Robot y: -2
Weapon state: 0
Weapon speed: 0
Joystick direction: NEUTRAL
Error sending the data

Last Packet Send Status:	Delivery Fail
Robot state: 0
Robot x: -1
Robot y: -2
Weapon state: 0
Weapon speed: 0
Joystick direction: NEUTRAL
Error sending the data

Last Packet Send Status:	Delivery Fail
Robot state: 0
Robot x: 9
Robot y: 2
Weapon state: 0
Weapon speed: 0
Joystick direction: NEUTRAL
Error sending the data

Last Packet Send Status:	Delivery Fail
Robot state: 0
Robot x: 29
Robot y: 23
Weapon state: 0
Weapon speed: 98
Joystick direction: NEUTRAL
Error sending the data

Last Packet Send Status:	Delivery Fail
Robot state: 0
Robot x: 29
Robot y: 23
Weapon state: 0
Weapon speed: 0
Joystick direction: NEUTRAL
Error sending the data

Last Packet Send Status:	Delivery Fail
Robot state: 0
Robot x: 29
Robot y: 22
Weapon state: 0
Weapon speed: 0
Joystick direction: NEUTRAL
Error sending the data

Last Packet Send Status:	Delivery Fail
Robot state: 0
Robot x: 50
Robot y: 43
Weapon state: 0
Weapon speed: 105
Joystick direction: NEUTRAL
Error sending the data

Last Packet Send Status:	Delivery Fail
Robot state: 0
Robot x: 39
Robot y: 37
Weapon state: 0
Weapon speed: 0
Joystick direction: NEUTRAL
Error sending the data

Last Packet Send Status:	Delivery Fail
Robot state: 0
Robot x: 23
Robot y: 17
Weapon state: 0
Weapon speed: 0
Joystick direction: NEUTRAL
Error 